Executing with arguments:  {
  printFrameHierarchy: true,
  debugLevel: 'verbose',
  headless: false,
  profilePath: undefined,
  secs: 30,
  links: undefined,
  url: 'https://exchange.loopring.io/swap',
  walletPath: 'metamask-chrome-10.22.2',
  destination: '../results/whats_in_your_wallet/crawl',
  force: false,
  executablePath: '/Users/christof/.cache/puppeteer/chrome/mac-1056772/chrome-mac/Chromium.app/Contents/MacOS/Chromium'
}
Completed configuring new page. (about:blank)
Completed configuring new page. (chrome-extension://glepecflakcnfpeedbnclfdcabngidkh/home.html)
Request 1: [94mchrome-extension://glepecflakcnfpeedbnclfdcabngidkh/react-gallery/carousel.min.css[0m
Request 2: [94mhttps://sentry.io/api/273505/envelope/[0m
[94mTrying to import MetaMask connect...[0m
Request 3: [94mchrome-extension://glepecflakcnfpeedbnclfdcabngidkh/_locales/en/messages.json[0m
Request 4: [94mchrome-extension://glepecflakcnfpeedbnclfdcabngidkh/_locales/en/messages.json[0m
Request 5: [94mhttps://sentry.io/api/273505/envelope/[0m
Request 6: [94mhttps://sentry.io/api/273505/envelope/[0m
Request 7: [94mchrome-extension://glepecflakcnfpeedbnclfdcabngidkh/fonts/Euclid/EuclidCircularB-Regular-WebXL.ttf[0m
Request 8: [94mchrome-extension://glepecflakcnfpeedbnclfdcabngidkh/fonts/Euclid/EuclidCircularB-Medium.ttf[0m
Request 9: [94mchrome-extension://glepecflakcnfpeedbnclfdcabngidkh/images/logo/metamask-fox.svg[0m
Request 10: [94mhttps://sentry.io/api/273505/envelope/[0m
Request 11: [94mhttps://sentry.io/api/273505/envelope/[0m
Request 12: [94mchrome-extension://glepecflakcnfpeedbnclfdcabngidkh/images/metrics-chart.svg[0m
Request 13: [94mchrome-extension://glepecflakcnfpeedbnclfdcabngidkh/fonts/fontawesome/fa-solid-900.woff2[0m
Request 14: [94mchrome-extension://glepecflakcnfpeedbnclfdcabngidkh/fonts/Euclid/EuclidCircularB-Bold-WebXL.ttf[0m
Request 15: [94mhttps://sentry.io/api/273505/envelope/[0m
Request 16: [94mhttps://sentry.io/api/273505/envelope/[0m
Request 17: [94mhttps://sentry.io/api/273505/envelope/[0m
Request 18: [94mhttps://sentry.io/api/273505/envelope/[0m
Request 19: [94mchrome-extension://glepecflakcnfpeedbnclfdcabngidkh/fonts/Roboto/Roboto-Regular.ttf[0m
Request 20: [94mchrome-extension://glepecflakcnfpeedbnclfdcabngidkh/fonts/fontawesome/fa-regular-400.woff2[0m
Request 21: [94mhttps://sentry.io/api/273505/envelope/[0m
Request 22: [94mhttps://sentry.io/api/273505/envelope/[0m
[92mImporting MetaMask wallet was successful![0m
Visiting https://exchange.loopring.io/swap
Request 23: [94mhttps://exchange.loopring.io/swap[0m
Request 24: [94mhttps://sentry.io/api/273505/envelope/[0m
Request 25: [94mhttps://sentry.io/api/273505/envelope/[0m
Request 26: [94mchrome-extension://glepecflakcnfpeedbnclfdcabngidkh/images/eth_logo.svg[0m
Request 27: [94mhttps://exchange.loopring.io/static/css/main~a2e6a083.3a301c57.chunk.css[0m
Request 28: [94mhttps://exchange.loopring.io/static/css/main~06837ae4.77ac8e4e.chunk.css[0m
Request 29: [94mhttps://exchange.loopring.io/static/css/main~970f9218.832e23a4.chunk.css[0m
Request 30: [94mhttps://exchange.loopring.io/static/js/main~748942c6.201b9b69.chunk.js[0m
Request 31: [94mhttps://exchange.loopring.io/static/js/main~253ae210.98d14e64.chunk.js[0m
Request 32: [94mhttps://exchange.loopring.io/static/js/main~7c08659b.d2c6afb6.chunk.js[0m
Request 33: [94mhttps://exchange.loopring.io/static/js/main~3622465b.89023c5f.chunk.js[0m
Request 34: [94mhttps://exchange.loopring.io/static/js/main~14b916ce.6a9b7e2e.chunk.js[0m
Request 35: [94mhttps://exchange.loopring.io/static/js/main~3ad4a2f2.1154ae4e.chunk.js[0m
Request 36: [94mhttps://exchange.loopring.io/static/js/main~38de4f5b.dbc2e411.chunk.js[0m
Request 37: [94mhttps://exchange.loopring.io/static/js/main~df4dfc99.1ccd4cc6.chunk.js[0m
Request 38: [94mhttps://exchange.loopring.io/static/js/main~2a42e354.a4000a09.chunk.js[0m
Request 39: [94mhttps://exchange.loopring.io/static/js/main~a2e6a083.37317e36.chunk.js[0m
Request 40: [94mhttps://exchange.loopring.io/static/js/main~e811fd70.b695e609.chunk.js[0m
Request 41: [94mhttps://exchange.loopring.io/static/js/main~7274e1de.a07df49a.chunk.js[0m
Request 42: [94mhttps://exchange.loopring.io/static/js/main~62ab6885.75c940d2.chunk.js[0m
Request 43: [94mhttps://exchange.loopring.io/static/js/main~8adeac4a.e63c72dd.chunk.js[0m
Request 44: [94mhttps://exchange.loopring.io/static/js/main~b5906859.5b74a2af.chunk.js[0m
Request 45: [94mhttps://exchange.loopring.io/static/js/main~73914085.c9d2ada5.chunk.js[0m
Request 46: [94mhttps://exchange.loopring.io/static/js/main~9c5b28f6.9f1a1698.chunk.js[0m
Request 47: [94mhttps://exchange.loopring.io/static/js/main~1c3a2c3f.b4f5e280.chunk.js[0m
Request 48: [94mhttps://exchange.loopring.io/static/js/main~2900d54e.111bf99a.chunk.js[0m
Request 49: [94mhttps://exchange.loopring.io/static/js/main~06837ae4.a60f4bf0.chunk.js[0m
Request 50: [94mhttps://exchange.loopring.io/static/js/main~970f9218.18622efd.chunk.js[0m
Request 51: [94mhttps://api.loopring.network/api/v2/exchange/info[0m
Request 52: [94mhttps://api.loopring.network/api/v2/amm/markets[0m
Request 53: [94mhttps://exchange.loopring.io/assets/i18n/translations/en.json[0m
Request 54: [94mhttps://exchange.loopring.io/assets/images/logo.svg[0m
Request 55: [94mhttps://api.loopring.network/api/v2/exchange/info[0m
Request 56: [94mhttps://api.loopring.network/api/wallet/v3/latestTokenPrices[0m
Request 57: [94mhttps://api.ipdata.co/[0m
Request 58: [94mhttps://api.loopring.network/api/v2/amm/markets[0m
Request 59: [94mblob:https://exchange.loopring.io/899474df-ca0c-4f2f-98ac-cc055e120086[0m
Request 60: [94mhttps://exchange.loopring.io/favicon.png[0m
Request 61: [94mhttps://exchange.loopring.io/assets/images/default_logo.png[0m
Request 62: [94mhttps://exchange.loopring.io/manifest.json[0m
Request 63: [94mhttps://exchange.loopring.io/favicon.png[0m
Request 64: [94mhttps://api.loopring.network/api/v2/amm/snapshots[0m
Request 65: [94mhttps://api.loopring.network/api/v2/amm/snapshots[0m
Request 66: [94mhttps://api.loopring.network/api/v2/exchange/markets[0m
Request 67: [94mhttps://api.loopring.network/api/v2/exchange/tokens[0m
Request 68: [94mhttps://api.loopring.network/api/v2/exchange/tokens[0m
Request 69: [94mhttps://api.loopring.network/v2/ws/key[0m
Request 70: [94mhttps://api.loopring.network/api/v2/amm/snapshot[0m
Request 71: [94mhttps://exchange.loopring.io/assets/images/LRC.png[0m
Request 72: [94mhttps://exchange.loopring.io/assets/images/ethereum/info/logo.png[0m
Identified connect buttons: 
[ 'Connect Wallet', 'Connect', 'Wallet', 'Account' ]
Found connect button: Connect Wallet
Identified MetaMask buttons:
[]
No checkbox found!
Request 73: [94mhttps://exchange.loopring.io/assets/images/MetaMask.svg[0m
Request 74: [94mhttps://exchange.loopring.io/assets/images/mewconnect.svg[0m
Request 75: [94mhttps://exchange.loopring.io/assets/images/WalletConnect.svg[0m
Identified MetaMask buttons:
[]
No checkbox found!
Identified MetaMask buttons:
[ 'MetaMask' ]
Found MetaMask button: MetaMask
Completed configuring new page. (chrome-extension://glepecflakcnfpeedbnclfdcabngidkh/notification.html)
Request 76: [94mchrome-extension://glepecflakcnfpeedbnclfdcabngidkh/react-gallery/carousel.min.css[0m
Request 77: [94mhttps://sentry.io/api/273505/envelope/[0m
Request 78: [94mchrome-extension://glepecflakcnfpeedbnclfdcabngidkh/_locales/en/messages.json[0m
Request 79: [94mchrome-extension://glepecflakcnfpeedbnclfdcabngidkh/_locales/en/messages.json[0m
Request 80: [94mchrome-extension://glepecflakcnfpeedbnclfdcabngidkh/fonts/Euclid/EuclidCircularB-Bold-WebXL.ttf[0m
Request 81: [94mchrome-extension://glepecflakcnfpeedbnclfdcabngidkh/fonts/Euclid/EuclidCircularB-Regular-WebXL.ttf[0m
Request 82: [94mchrome-extension://glepecflakcnfpeedbnclfdcabngidkh/fonts/fontawesome/fa-solid-900.woff2[0m
Request 83: [94mchrome-extension://glepecflakcnfpeedbnclfdcabngidkh/fonts/Euclid/EuclidCircularB-Medium.ttf[0m
Request 84: [94mhttps://exchange.loopring.io/favicon.png[0m
No checkbox found!
Exiting while loop: MetaMask popup open!
End of while loop: popup
Request 85: [94mhttps://api.loopring.network/api/v2/amm/snapshot[0m
Request 86: [94mwss://ws.api.loopring.network/v2/ws[0m
Request 87: [94mhttps://sentry.io/api/273505/envelope/[0m
Request 88: [94mhttps://sentry.io/api/273505/envelope/[0m
Clicked next button!
Clicked continue button!
[92mSuccessfully connected MetaMask wallet![0m
Request 89: [94mhttps://api.loopring.network/api/v2/amm/snapshot[0m
Request 90: [94mhttps://api.loopring.network/api/v2/amm/snapshot[0m
Request 91: [94mhttps://api.loopring.network/api/v2/account[0m
Request 92: [94mhttps://api.loopring.network/api/v2/ethNonce[0m
Request 93: [94mhttps://api.loopring.network/api/v2/recommendedGasPrice[0m
Request 94: [94mhttps://sentry.io/api/273505/envelope/[0m
Request 95: [94mhttps://sentry.io/api/273505/envelope/[0m
Page closed: [94mchrome-extension://glepecflakcnfpeedbnclfdcabngidkh/notification.html#[0m
Request 96: [94mhttps://api.loopring.network/api/v2/amm/snapshot[0m
Request 97: [94mwss://ws.api.loopring.network/v2/ws[0m
No sign or approve button found!
Request 98: [94mhttps://exchange.loopring.io/swap[0m
Request 99: [94mhttps://exchange.loopring.io/static/css/main~a2e6a083.3a301c57.chunk.css[0m
Request 100: [94mhttps://exchange.loopring.io/static/css/main~06837ae4.77ac8e4e.chunk.css[0m
Request 101: [94mhttps://exchange.loopring.io/static/css/main~970f9218.832e23a4.chunk.css[0m
Request 102: [94mhttps://exchange.loopring.io/static/js/main~748942c6.201b9b69.chunk.js[0m
Request 103: [94mhttps://exchange.loopring.io/static/js/main~253ae210.98d14e64.chunk.js[0m
Request 104: [94mhttps://exchange.loopring.io/static/js/main~7c08659b.d2c6afb6.chunk.js[0m
Request 105: [94mhttps://exchange.loopring.io/static/js/main~3622465b.89023c5f.chunk.js[0m
Request 106: [94mhttps://exchange.loopring.io/static/js/main~14b916ce.6a9b7e2e.chunk.js[0m
Request 107: [94mhttps://exchange.loopring.io/static/js/main~3ad4a2f2.1154ae4e.chunk.js[0m
Request 108: [94mhttps://exchange.loopring.io/static/js/main~38de4f5b.dbc2e411.chunk.js[0m
Request 109: [94mhttps://exchange.loopring.io/static/js/main~df4dfc99.1ccd4cc6.chunk.js[0m
Request 110: [94mhttps://exchange.loopring.io/static/js/main~2a42e354.a4000a09.chunk.js[0m
Request 111: [94mhttps://exchange.loopring.io/static/js/main~a2e6a083.37317e36.chunk.js[0m
Request 112: [94mhttps://exchange.loopring.io/static/js/main~e811fd70.b695e609.chunk.js[0m
Request 113: [94mhttps://exchange.loopring.io/static/js/main~7274e1de.a07df49a.chunk.js[0m
Request 114: [94mhttps://exchange.loopring.io/static/js/main~62ab6885.75c940d2.chunk.js[0m
Request 115: [94mhttps://exchange.loopring.io/static/js/main~8adeac4a.e63c72dd.chunk.js[0m
Request 116: [94mhttps://exchange.loopring.io/static/js/main~b5906859.5b74a2af.chunk.js[0m
Request 117: [94mhttps://exchange.loopring.io/static/js/main~73914085.c9d2ada5.chunk.js[0m
Request 118: [94mhttps://exchange.loopring.io/static/js/main~9c5b28f6.9f1a1698.chunk.js[0m
Request 119: [94mhttps://exchange.loopring.io/static/js/main~1c3a2c3f.b4f5e280.chunk.js[0m
Request 120: [94mhttps://exchange.loopring.io/static/js/main~2900d54e.111bf99a.chunk.js[0m
Request 121: [94mhttps://exchange.loopring.io/static/js/main~06837ae4.a60f4bf0.chunk.js[0m
Request 122: [94mhttps://exchange.loopring.io/static/js/main~970f9218.18622efd.chunk.js[0m
Request 123: [94mhttps://exchange.loopring.io/assets/images/logo.svg[0m
Request 124: [94mhttps://api.loopring.network/api/v2/exchange/info[0m
Request 125: [94mhttps://api.loopring.network/api/wallet/v3/latestTokenPrices[0m
Request 126: [94mhttps://api.ipdata.co/[0m
Request 127: [94mhttps://api.loopring.network/api/v2/amm/markets[0m
Request 128: [94mblob:https://exchange.loopring.io/48b19ebe-a745-4991-8ec0-ddb46ae7797f[0m
Request 129: [94mhttps://exchange.loopring.io/assets/images/default_logo.png[0m
Request 130: [94mhttps://exchange.loopring.io/favicon.png[0m
Waiting for 30000ms
Request 131: [94mhttps://api.loopring.network/api/v2/account[0m
Request 132: [94mhttps://api.loopring.network/api/v2/ethNonce[0m
Request 133: [94mhttps://api.loopring.network/api/v2/recommendedGasPrice[0m
Request 134: [94mhttps://exchange.loopring.io/favicon.png[0m
Request 135: [94mhttps://api.loopring.network/api/v2/amm/snapshots[0m
Request 136: [94mhttps://exchange.loopring.io/manifest.json[0m
Request 137: [94mhttps://api.loopring.network/api/v2/exchange/markets[0m
Request 138: [94mhttps://api.loopring.network/api/v2/exchange/tokens[0m
Request 139: [94mhttps://api.loopring.network/v2/ws/key[0m
Request 140: [94mhttps://api.loopring.network/api/v2/amm/snapshot[0m
Request 141: [94mhttps://exchange.loopring.io/assets/images/LRC.png[0m
Request 142: [94mhttps://exchange.loopring.io/assets/images/ethereum/info/logo.png[0m
Page closed: [94mhttps://exchange.loopring.io/swap[0m
Trying to shutdown
Page closed: [94mchrome-extension://glepecflakcnfpeedbnclfdcabngidkh/home.html#[0m
