Executing with arguments:  {
  printFrameHierarchy: true,
  debugLevel: 'verbose',
  headless: false,
  profilePath: undefined,
  secs: 30,
  links: undefined,
  url: 'https://1xbit1.com/',
  walletPath: 'metamask-chrome-10.22.2',
  destination: '../results/dapps/crawl',
  force: false,
  executablePath: '/Users/christof/.cache/puppeteer/chrome/mac-1056772/chrome-mac/Chromium.app/Contents/MacOS/Chromium'
}
Completed configuring new page. (about:blank)
Completed configuring new page. (chrome-extension://glepecflakcnfpeedbnclfdcabngidkh/home.html)
Request 1: [94mchrome-extension://glepecflakcnfpeedbnclfdcabngidkh/react-gallery/carousel.min.css[0m
Request 2: [94mhttps://sentry.io/api/273505/envelope/[0m
[94mTrying to import MetaMask connect...[0m
Request 3: [94mchrome-extension://glepecflakcnfpeedbnclfdcabngidkh/_locales/en/messages.json[0m
Request 4: [94mchrome-extension://glepecflakcnfpeedbnclfdcabngidkh/_locales/en/messages.json[0m
Request 5: [94mhttps://sentry.io/api/273505/envelope/[0m
Request 6: [94mhttps://sentry.io/api/273505/envelope/[0m
Request 7: [94mchrome-extension://glepecflakcnfpeedbnclfdcabngidkh/fonts/Euclid/EuclidCircularB-Regular-WebXL.ttf[0m
Request 8: [94mchrome-extension://glepecflakcnfpeedbnclfdcabngidkh/fonts/Euclid/EuclidCircularB-Medium.ttf[0m
Request 9: [94mchrome-extension://glepecflakcnfpeedbnclfdcabngidkh/images/logo/metamask-fox.svg[0m
Request 10: [94mhttps://sentry.io/api/273505/envelope/[0m
Request 11: [94mhttps://sentry.io/api/273505/envelope/[0m
Request 12: [94mchrome-extension://glepecflakcnfpeedbnclfdcabngidkh/images/metrics-chart.svg[0m
Request 13: [94mchrome-extension://glepecflakcnfpeedbnclfdcabngidkh/fonts/fontawesome/fa-solid-900.woff2[0m
Request 14: [94mchrome-extension://glepecflakcnfpeedbnclfdcabngidkh/fonts/Euclid/EuclidCircularB-Bold-WebXL.ttf[0m
Request 15: [94mhttps://sentry.io/api/273505/envelope/[0m
Request 16: [94mhttps://sentry.io/api/273505/envelope/[0m
Request 17: [94mhttps://sentry.io/api/273505/envelope/[0m
Request 18: [94mhttps://sentry.io/api/273505/envelope/[0m
Request 19: [94mchrome-extension://glepecflakcnfpeedbnclfdcabngidkh/fonts/Roboto/Roboto-Regular.ttf[0m
Request 20: [94mchrome-extension://glepecflakcnfpeedbnclfdcabngidkh/fonts/fontawesome/fa-regular-400.woff2[0m
Request 21: [94mhttps://sentry.io/api/273505/envelope/[0m
Request 22: [94mhttps://sentry.io/api/273505/envelope/[0m
[92mImporting MetaMask wallet was successful![0m
Visiting https://1xbit1.com/
Request 23: [94mhttps://1xbit1.com/[0m
Request 24: [94mhttps://sentry.io/api/273505/envelope/[0m
Request 25: [94mhttps://sentry.io/api/273505/envelope/[0m
Request 26: [94mchrome-extension://glepecflakcnfpeedbnclfdcabngidkh/images/eth_logo.svg[0m
Request 27: [94mhttps://1xbit1.com/default/legacy/min_js/jquery_pack.js[0m
Request 28: [94mhttps://1xbit1.com/styles/css/result/partners/crypto/main.f3242903dbe2b7aab882a61732ff42f8.css[0m
Request 29: [94mhttps://1xbit1.com/default/css/keyboard.css[0m
Request 30: [94mhttps://fonts.googleapis.com/css[0m
Request 31: [94mhttps://1xbit1.com/default/css/modal-g.css[0m
Request 32: [94mhttps://1xbit1.com/genfiles/web-app-v2/dictionary/prod/main/en/dictionary_c7e35cbf5f2993efd99f8fa1afa35219.js[0m
Request 33: [94mhttps://1xbit1.com/default/js/core/cookie.js[0m
Request 34: [94mhttps://1xbit1.com/default/js/popup.js[0m
Request 35: [94mhttps://1xbit1.com/default/js/core/crypt.js[0m
Request 36: [94mhttps://1xbit1.com/styles/css/notify/partners/crypto/main.161abba1752974dbf1d637deeaa91789.css[0m
Request 37: [94mhttps://1xbit1.com/styles/css/registration/partners/crypto/main.d8f89ff92ef64ba04e486340cfa7d641.css[0m
Request 38: [94mhttps://1xbit1.com/styles/css/c-bottom-msg/main.0ba88101f1114ec114cb46bfd59edf87.css[0m
Request 39: [94mhttps://1xbit1.com/styles/css/favorite/partners/crypto/main.a2891908c6c7d06e722af492b421ee59.css[0m
Request 40: [94mhttps://1xbit1.com/bundle/app/Default/Desktop/webpack_vue.fbbc76db1cf8ae7759e7.css[0m
Request 41: [94mhttps://1xbit1.com/styles/css/arctic-modal/partners/crypto/main.eff1a73e113c19d5007dcc3e288e2a44.css[0m
Request 42: [94mhttps://1xbit1.com/styles/css/popups/modal-phone/partners/crypto/main.11cb69871b29c13b4a2ce81afd458d4b.css[0m
Request 43: [94mhttps://1xbit1.com/styles/css/forgot-password/partners/crypto/main.b9e17b593b05111e2ca1b73961736858.css[0m
Request 44: [94mhttps://1xbit1.com/default/legacy/min_css/jquery_pack.css[0m
Request 45: [94mhttps://1xbit1.com/styles/css/new1x2/partners/crypto/main.82fcd2a2d9a66a69a6a624768384f718.css[0m
Request 46: [94mhttps://1xbit1.com/styles/css/coefs-dashboard/partners/crypto/main.9b859a0aa06dde52cba64ea84e24967c.css[0m
Request 47: [94mhttps://1xbit1.com/styles/css/sportstream/main.61b01f94a27b1b46ec69cbe71afcbbfb.css[0m
Request 48: [94mhttps://1xbit1.com/styles/css/old_styles/scoreboard_game.80ef915e1b2aeb42871527a28a718121.css[0m
Request 49: [94mhttps://1xbit1.com/styles/css/scoreboard-cs/partners/crypto/main.d2a6ffdbd96e737d1e0039dde9d68edc.css[0m
Request 50: [94mhttps://1xbit1.com/styles/css/scoreboard-battleship/main.9c135540b3863b090eb4c2af1f1527f2.css[0m
Request 51: [94mhttps://1xbit1.com/styles/css/tablo/partners/crypto/main.1dd496ef9b48b300d1f0d734040996b6.css[0m
Request 52: [94mhttps://1xbit1.com/styles/css/menu-left/partners/crypto/main.7ce3400abb5126abace4920c769c3ab0.css[0m
Request 53: [94mhttps://1xbit1.com/default/css/cards-common.css[0m
Request 54: [94mhttps://1xbit1.com/default/css/video_content.css[0m
Request 55: [94mhttps://1xbit1.com/styles/css/penalty_new/partners/crypto/main.0b47b0af831787efe29183d23a125b7e.css[0m
Request 56: [94mhttps://1xbit1.com/styles/css/game/partners/crypto/main.04b4ed8b3574fdcd1785e11a9a41fd26.css[0m
Request 57: [94mhttps://1xbit1.com/styles/css/scoreboard/partners/crypto/main.75f3870556ab1758e1b1343a5d565534.css[0m
Request 58: [94mhttps://1xbit1.com/styles/css/scoreboard-21/main.77d9d1c43b5f03ee04240bf85fc0de27.css[0m
Request 59: [94mhttps://1xbit1.com/styles/css/scoreboard-loto/main.1523ea62833c106830770ad16bfe4317.css[0m
Request 60: [94mhttps://1xbit1.com/styles/css/scoreboard-killer-joker/main.87201069d513d3520fb78df05e8168e5.css[0m
Request 61: [94mhttps://1xbit1.com/styles/css/scoreboard-sette-e-mezzo/main.c098b7486987314b233584bdfeb29cc5.css[0m
Request 62: [94mhttps://1xbit1.com/styles/css/event-actions/partners/crypto/main.def244ddc60d92410707d35122ccd8ab.css[0m
Request 63: [94mhttps://1xbit1.com/styles/css/next-match-banner/main.ef90462b5b475073bb771a8c6ef35ea2.css[0m
Request 64: [94mhttps://1xbit1.com/styles/css/crystal-game/main.3aad8745adc00b42bed2767cba4694f1.css[0m
Request 65: [94mhttps://1xbit1.com/styles/css/alert/main.21606725fa710bc71ac1a03a5995c93a.css[0m
Request 66: [94mhttps://1xbit1.com/styles/css/top-champs-modal/partners/crypto/main.14c891cfedf4419ad10ce1f961885ea2.css[0m
Request 67: [94mhttps://1xbit1.com/styles/css/banners/event-banner/main.8986bf2ccd6744676045c822273ed3fa.css[0m
Request 68: [94mhttps://1xbit1.com/vendor/selectize/dist/css/selectize.css[0m
Request 69: [94mhttps://1xbit1.com/vendor/select2/select2.css[0m
Request 70: [94mhttps://1xbit1.com/styles/sprites/css/top-dropdowns-icons-a2fe725604.min.css[0m
Request 71: [94mhttps://1xbit1.com/styles/sprites/css/top-dropdowns-icons_casino-1e42272c9a.min.css[0m
Request 72: [94mhttps://1xbit1.com/vendor/font-awesome/css/font-awesome.min.css[0m
Request 73: [94mhttps://1xbit1.com/styles/css/header/partners/crypto/main.358297a4443171935b9a9d628acf2ca6.css[0m
Request 74: [94mhttps://1xbit1.com/styles/css/main-preloader/partners/crypto/main.134d713ccffd6be7f32ea50b1d548960.css[0m
Request 75: [94mhttps://1xbit1.com/styles/css/global/main.a68b87fcefbd611065ced6bdfe771f78.css[0m
Request 76: [94mhttps://1xbit1.com/styles/css/footer/partners/crypto/main.bdb7561333265a49330370c80d2b2d3c.css[0m
Request 77: [94mhttps://1xbit1.com/styles/css/popup/partners/crypto/main.81e5e8a73ccfb62330832880eede9cbe.css[0m
Request 78: [94mhttps://1xbit1.com/styles/css/column-right/partners/crypto/main.25ab8015bcafd55a89fa5dfc278943d5.css[0m
Request 79: [94mhttps://1xbit1.com/styles/css/filters/partners/crypto/main.c77b9f1345c141b8ef37958fb58c9fd6.css[0m
Request 80: [94mhttps://fonts.googleapis.com/css[0m
Request 81: [94mhttps://fonts.googleapis.com/css[0m
Request 82: [94mhttps://1xbit1.com/styles/css/fonts/fallback_fonts.06073f53675cb22cbef2c1e851d066e2.css[0m
Request 83: [94mhttps://1xbit1.com/styles/css/override/partners/crypto/main.c9ebd1a674d6f500181fb9d8a036a627.css[0m
Request 84: [94mhttps://1xbit1.com/styles/css/messages/partners/crypto/main.194b9fd69639873d21d50dd56456df75.css[0m
Request 85: [94mhttps://1xbit1.com/styles/css/multiaccount/main.e88fd659c36ece6eba7b5c513dd5efda.css[0m
Request 86: [94mhttps://1xbit1.com/bundle/library/vendor.e56fd011222274497557.js[0m
Request 87: [94mhttps://1xbit1.com/bundle/app/Default/Desktop/polyfill.92a7920232b688547748.bundle.js[0m
Request 88: [94mhttps://1xbit1.com/bundle/app/Default/Desktop/webpack_vue.87dc857d7b4c468838d8.bundle.js[0m
Request 89: [94mhttps://1xbit1.com/bundle/app/Default/Desktop/global_alerts.a5aa5871930d1acade0a.bundle.js[0m
Request 90: [94mhttps://1xbit1.com/genfiles/cms/betstemplates/betsNames_full_en.js[0m
Request 91: [94mhttps://1xbit1.com/default/min_js/localforage.min.fab9d204056a1a0194a072585a3f1d0e.js[0m
Request 92: [94mhttps://1xbit1.com/default/min_js/redlCount.de5825b3ae171202ffb6e134b8abbf66.js[0m
Request 93: [94mhttps://1xbit1.com/vendor/selectize/dist/js/standalone/selectize.min.js[0m
Request 94: [94mhttps://1xbit1.com/vendor/select2/select2.min.js[0m
Request 95: [94mhttps://1xbit1.com/vendor/select2/select2_locale_ru.js[0m
Request 96: [94mhttps://1xbit1.com/default/min_js/promise-es6.dec6eb84c783b0dd20044852a19f43d0.js[0m
Request 97: [94mhttps://1xbit1.com/default/min_js/vue-plugins/user_balance.8da22f1c04daf926375875c8c2d9f13e.js[0m
Request 98: [94mhttps://1xbit1.com/default/min_js/my-perfect-scrollbar.7145dd01404a07d1a07e39ff2a9c8106.js[0m
Request 99: [94mhttps://1xbit1.com/default/min_js/polyfill.7687c517a241de6e490bd1dc769a038c.js[0m
Request 100: [94mhttps://1xbit1.com/default/min_js/connect.c1fb42a5bc7386476c00d7d6f79b54c2.js[0m
Request 101: [94mhttps://1xbit1.com/default/min_js/connect_light.573474bc213995458bc98ed52a3b9d92.js[0m
Request 102: [94mhttps://1xbit1.com/default/min_js/common_socket.e65b3f5588387b3a331d838c7f5bbe36.js[0m
Request 103: [94mhttps://1xbit1.com/default/min_js/common_socket_light.002dae4ae188651f2ee8e48faf9ea1cb.js[0m
Request 104: [94mhttps://1xbit1.com/genfiles/cms/pg/29/images/622f360b043b4e609c409941fcabb4c1.svg[0m
Request 105: [94mhttps://zz.connextra.com/dcs/tagController/tag/959cd90d5fa0/homepage[0m
Request 106: [94mhttps://1xbit1.com/bundle/app/Default/Desktop/pushfree_integrate.9a1f2b0e6801b7590698.css[0m
Request 107: [94mhttps://1xbit1.com/styles/css/bet-roulette/partners/crypto/main.ea58d55184892a11e02fc1b04f9643ad.css[0m
Request 108: [94mhttps://1xbit1.com/styles/css/calculator/partners/crypto/main.59f805cc86b07a5b45aab5462bf40dc2.css[0m
Request 109: [94mhttps://1xbit1.com/bundle/app/Default/Desktop/registration.be479db122b817911727.css[0m
Request 110: [94mhttps://1xbit1.com/styles/sprites/css/sports-icons-561208a1f9.min.css[0m
Request 111: [94mhttps://1xbit1.com/default/css/rollbar_custom.css[0m
Request 112: [94mhttps://1xbit1.com/bundle/app/Default/Desktop/auth.5ae046b0d524266398a9.css[0m
Request 113: [94mhttps://1xbit1.com/styles/css/auth/partners/crypto/main.e4494941f7eed839f1855bfcf608c922.css[0m
Request 114: [94mhttps://1xbit1.com/styles/css/popup-doublewin/main.de2c9f04b8cf4e99a931bee40959c190.css[0m
Request 115: [94mhttps://1xbit1.com/bundle/app/Default/Desktop/pushfree_integrate.36a999893bd7d33b4473.bundle.js[0m
Request 116: [94mhttps://1xbit1.com/bundle/app/Default/Desktop/vendorF.e0be794d41df4c04a3e5.bundle.js[0m
Request 117: [94mhttps://1xbit1.com/bundle/app/Default/Desktop/registration_common.1f8af12bda27794d70b8.bundle.js[0m
Request 118: [94mhttps://1xbit1.com/bundle/app/Default/Desktop/connection_alert.bca04dd06dc0117b1928.bundle.js[0m
Request 119: [94mhttps://1xbit1.com/bundle/app/Default/Desktop/legacy_head.6262f1590813836f90cc.bundle.js[0m
Request 120: [94mhttps://1xbit1.com/bundle/app/Default/Desktop/new_store_bootstrap.8b0ea6e3b329e86edf8b.bundle.js[0m
Request 121: [94mhttps://1xbit1.com/bundle/app/Default/Desktop/video_token.5445b5f1a11b2b2ccb1d.bundle.js[0m
Request 122: [94mhttps://1xbit1.com/bundle/app/Default/Desktop/tryItalianViewTooltip.a620d2c9b786b472931e.bundle.js[0m
Request 123: [94mhttps://1xbit1.com/bundle/app/Default/Desktop/modalInformation.4e1247b2398a35ea3b9e.bundle.js[0m
Request 124: [94mhttps://1xbit1.com/bundle/app/Default/Desktop/betting_class.a1d0dc71e5ecde2b03cc.bundle.js[0m
Request 125: [94mhttps://1xbit1.com/bundle/app/Default/Desktop/datepicker.5df8a9fff349a41aa2c3.bundle.js[0m
Request 126: [94mhttps://1xbit1.com/default/min_js/slider.82cad208e3e64448de47885e40e4bfa1.js[0m
Request 127: [94mhttps://1xbit1.com/default/min_js/slider_top.e30583174013fea14c22de22174f20ec.js[0m
Request 128: [94mhttps://1xbit1.com/vendor/carouFredSel/jquery.carouFredSel-6.2.1-packed.js[0m
Request 129: [94mhttps://1xbit1.com/bundle/app/Default/Desktop/totoJackpotTile.d106f3bbda0272b1f857.bundle.js[0m
Request 130: [94mhttps://1xbit1.com/bundle/app/Default/Desktop/registration.18c732ebef44bdc36da3.bundle.js[0m
Request 131: [94mhttps://1xbit1.com/bundle/app/Default/Desktop/user_messages.2fa37eea5bb02048c0aa.bundle.js[0m
Request 132: [94mhttps://1xbit1.com/bundle/app/Default/Desktop/auth.864563c291f6556dfd40.bundle.js[0m
Request 133: [94mhttps://1xbit1.com/default/img/toto/icons.svg[0m
Request 134: [94mhttps://1xbit1.com/default/img/registration/icons.svg[0m
Request 135: [94mhttps://1xbit1.com/popup/ajax[0m
Request 136: [94mhttps://1xbit1.com/user/gettoken[0m
Request 137: [94mhttps://www.google.com/recaptcha/api.js[0m
Request 138: [94mhttps://1xbit1.com/default/img/header/icon-giftbox.svg[0m
Request 139: [94mhttps://1xbit1.com/default/img/flags-sprite.png[0m
Request 140: [94mhttps://1xbit1.com/default/img/tvgames/livecasino/livecasino_pro/1xbit_background.jpg[0m
Request 141: [94mhttps://1xbit1.com/genfiles/cms/designed_banners/65/image/bfbf4bf551d13ece91dc6c769398460e.jpg[0m
Request 142: [94mhttps://fonts.gstatic.com/s/roboto/v30/KFOmCnqEu92Fr1Mu4mxKKTU1Kg.woff2[0m
Request 143: [94mhttps://1xbit1.com/default/img/crypto/cryptocur-sprite.png[0m
Request 144: [94mhttps://1xbit1.com/genfiles/cms/pg/29/images/47762b29a3b4e21b53c2c34061666a9e.jpg[0m
Request 145: [94mhttps://1xbit1.com/genfiles/cms/pg/29/images/6e74cde29e1975824937245362d3613c.jpg[0m
Request 146: [94mhttps://1xbit1.com/genfiles/cms/pg/29/images/8ee0776a381c591bb1114cf23f05f3e0.jpg[0m
Request 147: [94mhttps://1xbit1.com/genfiles/cms/pg/29/images/64cca600d9d7544da38075ffc643f6e1.jpg[0m
Request 148: [94mhttps://1xbit1.com/genfiles/cms/pg/29/images/eb3f6848773e88a34a805820bbd8fabc.jpg[0m
Request 149: [94mhttps://1xbit1.com/genfiles/cms/pg/29/images/a1147b429fa9855d473de1a93a9dd538.jpg[0m
Request 150: [94mhttps://1xbit1.com/default/img/crypto/f-bg.jpg[0m
Request 151: [94mhttps://1xbit1.com/default/img/gifBanners/koleso_250x160_eng.jpg[0m
Request 152: [94mhttps://1xbit1.com/default/img/gifBanners/koleso_250x160_eng.gif[0m
Request 153: [94mhttps://1xbit1.com/default/img/gifBanners/apple_of_fortune.jpg[0m
Request 154: [94mhttps://fonts.gstatic.com/s/roboto/v30/KFOlCnqEu92Fr1MmWUlfBBc4AMP6lQ.woff2[0m
Request 155: [94mhttps://fonts.gstatic.com/s/roboto/v30/KFOlCnqEu92Fr1MmEU9fBBc4AMP6lQ.woff2[0m
Request 156: [94mhttps://1xbit1.com/vendor/font-awesome/fonts/fontawesome-webfont.woff2[0m
Request 157: [94mhttps://fonts.gstatic.com/s/robotocondensed/v25/ieVi2ZhZI2eCN5jzbjEETS9weq8-32meGCQYb9lecyU.woff2[0m
Request 158: [94mhttps://1xbit1.com/default/img/icons/pixels2.svg[0m
Request 159: [94mhttps://1xbit1.com/toto-api/Web/v1/jackpots[0m
Request 160: [94mhttps://1xbit1.com/push/domain[0m
Request 161: [94mhttps://cookconfig.net/user/config/[0m
Request 162: [94mhttps://1xbit1.com/genfiles/cms/designed_banners/65/image/3a0c575331bef8c37e355ebc97cdca52.jpg[0m
Request 163: [94mhttps://1xbit1.com/genfiles/cms/designed_banners/65/image/3328e054cc8c55a7dd41aeaf30b6e543.jpg[0m
Request 164: [94mhttps://1xbit1.com/genfiles/cms/designed_banners/65/image/6753895ab300854c05e1bb3b43fca84f.jpg[0m
Request 165: [94mhttps://1xbit1.com/genfiles/cms/designed_banners/65/image/577d585163833a0a904e6ed6c7420a3c.jpg[0m
Request 166: [94mhttps://1xbit1.com/genfiles/cms/designed_banners/65/image/2f0ea7ae38a057af7815c66e7d549926.jpg[0m
Request 167: [94mhttps://1xbit1.com/genfiles/cms/designed_banners/65/image/ddc2bf16250a7e867e6e95563f4bd637.jpg[0m
Request 168: [94mhttps://1xbit1.com/genfiles/cms/designed_banners/65/image/755125b3e5290829efafce6351ed17ae.jpg[0m
Request 169: [94mhttps://1xbit1.com/genfiles/cms/designed_banners/65/image/23bb90625946f195c2c5fba29b3425b6.jpg[0m
Request 170: [94mhttps://1xbit1.com/site/getbanners[0m
Request 171: [94mhttps://1xbit1.com/genfiles/cms/pg/29/images/a9a3e5df60b2840cb1f5fe2c5981daff.png[0m
Request 172: [94mhttps://1xbit1.com/default/img/icon-warning.svg[0m
Request 173: [94mhttps://1xbit1.com/genfiles/cms/pg/29/images/c43d51af3ac7b84beef05c38a667d938.jpg[0m
Request 174: [94mhttps://1xbit1.com/push/language[0m
Request 175: [94mhttps://1xbit1.com/genfiles/cms/designed_banners/65/image/50f9799d6bf4237a030a90d71677c6bd.jpg[0m
Request 176: [94mhttps://1xbit1.com/genfiles/cms/designed_banners/65/image/4e764e707032934274935d0ba44d3806.jpg[0m
Request 177: [94mhttps://1xbit1.com/genfiles/cms/designed_banners/65/image/ca46d291ebd5a9b975f271de90fb6873.jpg[0m
Request 178: [94mhttps://1xbit1.com/genfiles/cms/designed_banners/65/image/c2408ddff929c45c2471fa865f656faa.jpg[0m
Request 179: [94mhttps://1xbit1.com/genfiles/cms/designed_banners/65/image/16504032a6cabc8fb01bea15d70f265b.jpg[0m
Request 180: [94mhttps://1xbit1.com/genfiles/cms/designed_banners/65/image/0e28b6b977739c6da48043c19b510ee5.jpg[0m
Request 181: [94mhttps://1xbit1.com/genfiles/cms/designed_banners/65/image/f358ca2e1ebc3e73e7bb9a3f227d60bd.jpg[0m
Request 182: [94mhttps://1xbit1.com/genfiles/cms/designed_banners/65/image/037a671cfeb04edc7c6aa26af0fbc080.jpg[0m
Request 183: [94mhttps://1xbit1.com/genfiles/cms/designed_banners/65/image/6ac5427fff8e8b4f2dd2bba682da0c43.jpg[0m
Request 184: [94mhttps://1xbit1.com/genfiles/cms/designed_banners/65/image/dae17816fcf56836ab816f4edcf8663e.jpg[0m
Request 185: [94mhttps://1xbit1.com/genfiles/cms/designed_banners/65/image/a368b90c3b02c7bfb49e88a60f660005.jpg[0m
Request 186: [94mhttps://1xbit1.com/genfiles/cms/designed_banners/65/image/6e0836601a1ce88f261f2456c5563f42.jpg[0m
Request 187: [94mhttps://www.gstatic.com/recaptcha/releases/Gg72x2_SHmxi8X0BLo33HMpr/recaptcha__en.js[0m
Request 188: [94mhttps://www.google.com/recaptcha/api2/anchor[0m
Request 189: [94mhttps://www.gstatic.com/recaptcha/releases/Gg72x2_SHmxi8X0BLo33HMpr/styles__ltr.css[0m
Request 190: [94mhttps://www.gstatic.com/recaptcha/releases/Gg72x2_SHmxi8X0BLo33HMpr/recaptcha__en.js[0m
Request 191: [94mhttps://www.google.com/recaptcha/api2/webworker.js[0m
Request 192: [94mhttps://www.googletagmanager.com/gtm.js[0m
Request 193: [94mhttps://mc.yandex.ru/metrika/tag.js[0m
Request 194: [94mhttps://1xbit1.com/api/converslon/load[0m
Request 195: [94mhttps://zz.connextra.com/1xBit/dcs/tagController/tagData/959cd90d5fa0[0m
Request 196: [94mhttps://www.google.com/recaptcha/api2/bframe[0m
Request 197: [94mhttps://1xbit1.com/genfiles/cms/pg/29/images/a9a3e5df60b2840cb1f5fe2c5981daff.png[0m
Request 198: [94mhttps://www.gstatic.com/recaptcha/releases/Gg72x2_SHmxi8X0BLo33HMpr/styles__ltr.css[0m
Request 199: [94mhttps://www.gstatic.com/recaptcha/releases/Gg72x2_SHmxi8X0BLo33HMpr/recaptcha__en.js[0m
Request 200: [94mhttps://1xbit1.com/genfiles/cms/pg/29/images/a9a3e5df60b2840cb1f5fe2c5981daff.png[0m
Request 201: [94mhttps://www.google.com/recaptcha/api2/reload[0m
Request 202: [94mhttps://1xbit1.com/bundle/app/Default/Desktop/vendors~conversion.f558e5a54119e42d1fd5.chunk.js[0m
Request 203: [94mhttps://www.gstatic.com/recaptcha/api2/canonical_car.png[0m
Request 204: [94mhttps://www.gstatic.com/recaptcha/api2/refresh_2x.png[0m
Request 205: [94mhttps://www.gstatic.com/recaptcha/api2/audio_2x.png[0m
Request 206: [94mhttps://www.gstatic.com/recaptcha/api2/info_2x.png[0m
Request 207: [94mhttps://fonts.gstatic.com/s/roboto/v18/KFOmCnqEu92Fr1Mu4mxKKTU1Kg.woff2[0m
Request 208: [94mhttps://fonts.gstatic.com/s/roboto/v18/KFOlCnqEu92Fr1MmYUtfBBc4AMP6lQ.woff2[0m
Request 209: [94mhttps://fonts.gstatic.com/s/roboto/v18/KFOlCnqEu92Fr1MmEU9fBBc4AMP6lQ.woff2[0m
Request 210: [94mhttps://www.google.com/recaptcha/api2/payload[0m
Request 211: [94mhttps://mc.yandex.ru/watch/70558060[0m
Request 212: [94mhttps://mc.yandex.ru/metrika/advert.gif[0m
Request 213: [94mhttps://1xbit1.com/q/5f4017658d988cf7a7f4e916a2fb0eacc08c034a3[0m
Request 214: [94mhttps://mc.yandex.ru/watch/70558060/1[0m
Request 215: [94mhttps://suphelper.com/widget/injector.js[0m
Request 216: [94mhttps://suphelper.com/widget/[0m
Request 217: [94mhttps://suphelper.com/widget/api/i18n-source/en-GB.js[0m
Request 218: [94mhttps://suphelper.com/widget/public/chunk.0e784b6d22ea4f47c4cb.js[0m
Request 219: [94mhttps://suphelper.com/widget/public/bundle.c7b8b65c246801981786.js[0m
Request 220: [94mhttps://suphelper.com/widget/assets/talk.16399b00c482d1e1e4c80e076c333cb6.svg[0m
Request 221: [94mhttps://suphelper.com/widget/assets/roll_up.b7a1632bea7ba7d1c4a667e88144a7db.svg[0m
Request 222: [94mhttps://mc.yandex.ru/webvisor/70558060[0m
Request 223: [94mhttps://suphelper.com/widget/assets/sounds/new-message.mp3[0m
Request 224: [94mhttps://mc.yandex.ru/webvisor/70558060[0m
Request 225: [94mhttps://mc.yandex.ru/webvisor/70558060[0m
Request 226: [94mhttps://mc.yandex.ru/webvisor/70558060[0m
Request 227: [94mhttps://mc.yandex.ru/webvisor/70558060[0m
Identified connect buttons: 
[ 'CONNECT', 'sign', 'connect', 'account', 'Account' ]
Request 228: [94mhttps://mc.yandex.ru/webvisor/70558060[0m
Request 229: [94mhttps://mc.yandex.ru/webvisor/70558060[0m
Identified MetaMask buttons:
[]
Request 230: [94mhttps://mc.yandex.ru/webvisor/70558060[0m
Request 231: [94mhttps://mc.yandex.ru/watch/70558060[0m
Found checkbox!
Checkbox clicked! Trying option 1...
Request 232: [94mhttps://mc.yandex.ru/clmap/70558060[0m
Request 233: [94mhttps://mc.yandex.ru/webvisor/70558060[0m
Request 234: [94mhttps://mc.yandex.ru/webvisor/70558060[0m
Request 235: [94mhttps://mc.yandex.ru/webvisor/70558060[0m
Identified MetaMask buttons:
[]
Request 236: [94mhttps://mc.yandex.ru/webvisor/70558060[0m
Found checkbox!
Request 237: [94mhttps://mc.yandex.ru/clmap/70558060[0m
Checkbox clicked! Trying option 2...
Request 238: [94mhttps://mc.yandex.ru/webvisor/70558060[0m
Request 239: [94mhttps://mc.yandex.ru/webvisor/70558060[0m
Request 240: [94mhttps://mc.yandex.ru/webvisor/70558060[0m
Identified MetaMask buttons:
[]
Request 241: [94mhttps://mc.yandex.ru/webvisor/70558060[0m
Found checkbox!
Request 242: [94mhttps://mc.yandex.ru/clmap/70558060[0m
Checkbox clicked! Trying option 2...
Request 243: [94mhttps://mc.yandex.ru/webvisor/70558060[0m
Request 244: [94mhttps://mc.yandex.ru/webvisor/70558060[0m
Request 245: [94mhttps://mc.yandex.ru/webvisor/70558060[0m
Request 246: [94mhttps://mc.yandex.ru/webvisor/70558060[0m
Identified MetaMask buttons:
[]
Request 247: [94mhttps://mc.yandex.ru/webvisor/70558060[0m
Found checkbox!
Request 248: [94mhttps://mc.yandex.ru/clmap/70558060[0m
Checkbox clicked! Trying option 2...
Request 249: [94mhttps://mc.yandex.ru/webvisor/70558060[0m
Request 250: [94mhttps://mc.yandex.ru/webvisor/70558060[0m
Request 251: [94mhttps://mc.yandex.ru/webvisor/70558060[0m
Identified MetaMask buttons:
[]
Request 252: [94mhttps://mc.yandex.ru/webvisor/70558060[0m
Found checkbox!
Request 253: [94mhttps://mc.yandex.ru/clmap/70558060[0m
Checkbox clicked! Trying option 2...
Request 254: [94mhttps://mc.yandex.ru/webvisor/70558060[0m
Request 255: [94mhttps://mc.yandex.ru/webvisor/70558060[0m
Exiting while loop: Timeout!
End of while loop: timeout
Trying random clicks...
Screen dimensions:
{ width: 3440, height: 1206 }
Random click at: 1720 603
Request 256: [94mhttps://mc.yandex.ru/clmap/70558060[0m
Random click at: 1720 553
Random click at: 1720 503
Random click at: 1720 453
Request 257: [94mhttps://mc.yandex.ru/clmap/70558060[0m
Random click at: 1870 678
Random click at: 1620 503
Random click at: 1720 703
Request 258: [94mhttps://mc.yandex.ru/webvisor/70558060[0m
Request 259: [94mhttps://mc.yandex.ru/webvisor/70558060[0m
Request 260: [94mhttps://mc.yandex.ru/webvisor/70558060[0m
Request 261: [94mhttps://1xbit1.com/genfiles/cms/designed_banners/65/image/2c2c489fcbf77a4f9771fc99d5a88abe.jpg[0m
Request 262: [94mhttps://1xbit1.com/genfiles/cms/designed_banners/65/image/508349e3a9c145839f483367afc41e33.jpg[0m
Request 263: [94mhttps://1xbit1.com/genfiles/cms/designed_banners/65/image/219e0a9d86aad0833d8b357b23e5f6ca.jpg[0m
Request 264: [94mhttps://1xbit1.com/genfiles/cms/designed_banners/65/image/aaccf9587627cb05f99aa0389711a3dd.jpg[0m
Request 265: [94mhttps://1xbit1.com/genfiles/cms/designed_banners/65/image/79142e0417eeccf5fa5b426ec8885107.jpg[0m
Request 266: [94mhttps://1xbit1.com/genfiles/cms/designed_banners/65/image/47820100f9ce02abf1edfc4008d1db3c.jpg[0m
Request 267: [94mhttps://1xbit1.com/genfiles/cms/designed_banners/65/image/157242f735180b39239600abd1f6ce78.jpg[0m
Request 268: [94mhttps://mc.yandex.ru/webvisor/70558060[0m
Request 269: [94mhttps://mc.yandex.ru/webvisor/70558060[0m
Request 270: [94mchrome-extension://glepecflakcnfpeedbnclfdcabngidkh/notification.html[0m
Request 271: [94mchrome-extension://glepecflakcnfpeedbnclfdcabngidkh/index.css[0m
Request 272: [94mchrome-extension://glepecflakcnfpeedbnclfdcabngidkh/index-rtl.css[0m
Request 273: [94mchrome-extension://glepecflakcnfpeedbnclfdcabngidkh/images/logo/metamask-fox.svg[0m
Request 274: [94mchrome-extension://glepecflakcnfpeedbnclfdcabngidkh/images/spinner.gif[0m
Request 275: [94mchrome-extension://glepecflakcnfpeedbnclfdcabngidkh/globalthis.js[0m
Request 276: [94mchrome-extension://glepecflakcnfpeedbnclfdcabngidkh/sentry-install.js[0m
Request 277: [94mchrome-extension://glepecflakcnfpeedbnclfdcabngidkh/runtime-lavamoat.js[0m
Request 278: [94mchrome-extension://glepecflakcnfpeedbnclfdcabngidkh/lockdown-more.js[0m
Request 279: [94mchrome-extension://glepecflakcnfpeedbnclfdcabngidkh/policy-load.js[0m
Request 280: [94mchrome-extension://glepecflakcnfpeedbnclfdcabngidkh/common-0.js[0m
Request 281: [94mchrome-extension://glepecflakcnfpeedbnclfdcabngidkh/common-1.js[0m
Request 282: [94mchrome-extension://glepecflakcnfpeedbnclfdcabngidkh/common-2.js[0m
Request 283: [94mchrome-extension://glepecflakcnfpeedbnclfdcabngidkh/common-3.js[0m
Request 284: [94mchrome-extension://glepecflakcnfpeedbnclfdcabngidkh/common-4.js[0m
Request 285: [94mchrome-extension://glepecflakcnfpeedbnclfdcabngidkh/common-5.js[0m
Request 286: [94mchrome-extension://glepecflakcnfpeedbnclfdcabngidkh/common-6.js[0m
Request 287: [94mchrome-extension://glepecflakcnfpeedbnclfdcabngidkh/common-7.js[0m
Request 288: [94mchrome-extension://glepecflakcnfpeedbnclfdcabngidkh/common-8.js[0m
Request 289: [94mchrome-extension://glepecflakcnfpeedbnclfdcabngidkh/common-9.js[0m
Request 290: [94mchrome-extension://glepecflakcnfpeedbnclfdcabngidkh/ui-0.js[0m
Request 291: [94mchrome-extension://glepecflakcnfpeedbnclfdcabngidkh/ui-1.js[0m
Request 292: [94mchrome-extension://glepecflakcnfpeedbnclfdcabngidkh/ui-2.js[0m
Request 293: [94mchrome-extension://glepecflakcnfpeedbnclfdcabngidkh/ui-3.js[0m
Request 294: [94mchrome-extension://glepecflakcnfpeedbnclfdcabngidkh/ui-4.js[0m
Request 295: [94mchrome-extension://glepecflakcnfpeedbnclfdcabngidkh/ui-5.js[0m
Request 296: [94mchrome-extension://glepecflakcnfpeedbnclfdcabngidkh/ui-6.js[0m
Request 297: [94mchrome-extension://glepecflakcnfpeedbnclfdcabngidkh/ui-7.js[0m
Request 298: [94mchrome-extension://glepecflakcnfpeedbnclfdcabngidkh/ui-8.js[0m
Request 299: [94mchrome-extension://glepecflakcnfpeedbnclfdcabngidkh/ui-9.js[0m
Request 300: [94mchrome-extension://glepecflakcnfpeedbnclfdcabngidkh/react-gallery/carousel.min.css[0m
Request 301: [94mhttps://sentry.io/api/273505/envelope/[0m
Request 302: [94mhttps://mc.yandex.ru/webvisor/70558060[0m
Request 303: [94mchrome-extension://glepecflakcnfpeedbnclfdcabngidkh/_locales/en/messages.json[0m
Request 304: [94mchrome-extension://glepecflakcnfpeedbnclfdcabngidkh/_locales/en/messages.json[0m
Request 305: [94mhttps://mc.yandex.ru/webvisor/70558060[0m
Request 306: [94mhttps://mc.yandex.ru/webvisor/70558060[0m
Request 307: [94mhttps://mc.yandex.ru/webvisor/70558060[0m
Page closed: [94mchrome-extension://glepecflakcnfpeedbnclfdcabngidkh/notification.html[0m
No metamask popup found!
Page closed: [94mhttps://1xbit1.com/[0m
No sign or approve button found!
Waiting for 30000ms
Trying to shutdown
