Executing with arguments:  {
  printFrameHierarchy: true,
  debugLevel: 'verbose',
  headless: false,
  profilePath: undefined,
  secs: 30,
  links: undefined,
  url: 'https://all-for-one.club/play/',
  walletPath: 'metamask-chrome-10.22.2',
  destination: '../results/dapps/crawl',
  force: false,
  executablePath: '/Users/christof/.cache/puppeteer/chrome/mac-1056772/chrome-mac/Chromium.app/Contents/MacOS/Chromium'
}
Completed configuring new page. (about:blank)
Completed configuring new page. (chrome-extension://glepecflakcnfpeedbnclfdcabngidkh/home.html)
Request 1: [94mchrome-extension://glepecflakcnfpeedbnclfdcabngidkh/react-gallery/carousel.min.css[0m
Request 2: [94mhttps://sentry.io/api/273505/envelope/[0m
[94mTrying to import MetaMask connect...[0m
Request 3: [94mchrome-extension://glepecflakcnfpeedbnclfdcabngidkh/_locales/en/messages.json[0m
Request 4: [94mchrome-extension://glepecflakcnfpeedbnclfdcabngidkh/_locales/en/messages.json[0m
Request 5: [94mhttps://sentry.io/api/273505/envelope/[0m
Request 6: [94mhttps://sentry.io/api/273505/envelope/[0m
Request 7: [94mchrome-extension://glepecflakcnfpeedbnclfdcabngidkh/fonts/Euclid/EuclidCircularB-Regular-WebXL.ttf[0m
Request 8: [94mchrome-extension://glepecflakcnfpeedbnclfdcabngidkh/fonts/Euclid/EuclidCircularB-Medium.ttf[0m
Request 9: [94mchrome-extension://glepecflakcnfpeedbnclfdcabngidkh/images/logo/metamask-fox.svg[0m
Request 10: [94mhttps://sentry.io/api/273505/envelope/[0m
Request 11: [94mhttps://sentry.io/api/273505/envelope/[0m
Request 12: [94mchrome-extension://glepecflakcnfpeedbnclfdcabngidkh/images/metrics-chart.svg[0m
Request 13: [94mchrome-extension://glepecflakcnfpeedbnclfdcabngidkh/fonts/fontawesome/fa-solid-900.woff2[0m
Request 14: [94mchrome-extension://glepecflakcnfpeedbnclfdcabngidkh/fonts/Euclid/EuclidCircularB-Bold-WebXL.ttf[0m
Request 15: [94mhttps://sentry.io/api/273505/envelope/[0m
Request 16: [94mhttps://sentry.io/api/273505/envelope/[0m
Request 17: [94mhttps://sentry.io/api/273505/envelope/[0m
Request 18: [94mhttps://sentry.io/api/273505/envelope/[0m
Request 19: [94mchrome-extension://glepecflakcnfpeedbnclfdcabngidkh/fonts/Roboto/Roboto-Regular.ttf[0m
Request 20: [94mchrome-extension://glepecflakcnfpeedbnclfdcabngidkh/fonts/fontawesome/fa-regular-400.woff2[0m
Request 21: [94mhttps://sentry.io/api/273505/envelope/[0m
Request 22: [94mhttps://sentry.io/api/273505/envelope/[0m
[92mImporting MetaMask wallet was successful![0m
Visiting https://all-for-one.club/play/
Request 23: [94mhttps://all-for-one.club/play/[0m
Request 24: [94mhttps://sentry.io/api/273505/envelope/[0m
Request 25: [94mhttps://sentry.io/api/273505/envelope/[0m
Request 26: [94mchrome-extension://glepecflakcnfpeedbnclfdcabngidkh/images/eth_logo.svg[0m
Request 27: [94mhttps://all-for-one.club/wp-content/uploads/fusion-styles/60e5163115fda7fcf4613ad23d7da5b1.min.css[0m
Request 28: [94mhttps://all-for-one.club/wp-includes/js/jquery/jquery.min.js[0m
Request 29: [94mhttps://all-for-one.club/wp-includes/js/jquery/jquery-migrate.min.js[0m
Request 30: [94mhttps://www.googletagmanager.com/gtag/js[0m
Request 31: [94mhttps://all-for-one.club/wp-content/uploads/2018/04/logo.png[0m
Request 32: [94mhttps://all-for-one.club/wp-includes/js/dapp/web3.js[0m
Request 33: [94mhttps://all-for-one.club/wp-includes/js/dapp/jquery-3.2.1.slim.min.js[0m
Request 34: [94mhttps://all-for-one.club/wp-includes/js/dapp/getmetamask.js[0m
Request 35: [94mhttps://all-for-one.club/wp-includes/js/dapp/dapp.js[0m
Request 36: [94mhttps://all-for-one.club/wp-includes/js/dapp/displayPlayers.js[0m
Request 37: [94mhttps://all-for-one.club/wp-includes/js/dapp/displayWinners.js[0m
Request 38: [94mhttps://all-for-one.club/wp-content/uploads/2018/08/dapps.png[0m
Request 39: [94mhttps://all-for-one.club/wp-content/uploads/2018/04/telegram.png[0m
Request 40: [94mhttps://all-for-one.club/wp-content/uploads/2018/04/all-for-one-club-logo.png[0m
Request 41: [94mhttps://all-for-one.club/wp-includes/css/dist/block-library/style.min.css[0m
Request 42: [94mhttps://all-for-one.club/wp-includes/css/dist/block-library/theme.min.css[0m
Request 43: [94mhttps://all-for-one.club/wp-includes/js/dist/vendor/wp-polyfill.min.js[0m
Request 44: [94mhttps://all-for-one.club/wp-content/plugins/contact-form-7/includes/js/index.js[0m
Request 45: [94mhttps://www.google.com/recaptcha/api.js[0m
Request 46: [94mhttps://all-for-one.club/wp-content/plugins/contact-form-7/modules/recaptcha/index.js[0m
Request 47: [94mhttps://all-for-one.club/wp-includes/js/wp-embed.min.js[0m
Request 48: [94mhttps://all-for-one.club/wp-content/uploads/fusion-scripts/c8899dabd2078f863aa3a1bca1d6847a.min.js[0m
Request 49: [94mhttps://all-for-one.club/wp-includes/js/wp-emoji-release.min.js[0m
Request 50: [94mhttps://connect.facebook.net/en_US/fbevents.js[0m
Request 51: [94mhttps://fonts.gstatic.com/s/roboto/v30/KFOmCnqEu92Fr1Mu4mxK.woff2[0m
Request 52: [94mhttps://fonts.gstatic.com/s/teko/v15/LYjNdG7kmE0gfaN9pQ.woff2[0m
Request 53: [94mhttps://fonts.gstatic.com/s/roboto/v30/KFOlCnqEu92Fr1MmYUtfBBc4.woff2[0m
Request 54: [94mhttps://all-for-one.club/wp-content/themes/Avada/includes/lib/assets/fonts/icomoon/icomoon.woff[0m
Request 55: [94mhttps://www.google-analytics.com/analytics.js[0m
Request 56: [94mhttps://www.gstatic.com/recaptcha/releases/Gg72x2_SHmxi8X0BLo33HMpr/recaptcha__en.js[0m
Request 57: [94mhttps://fonts.gstatic.com/s/roboto/v30/KFOmCnqEu92Fr1Mu5mxKOzY.woff2[0m
Request 58: [94mhttps://all-for-one.club/wp-content/uploads/2018/04/all-for-one-club-logo-violet.png[0m
Request 59: [94mhttps://connect.facebook.net/signals/config/492042354647969[0m
Request 60: [94mhttps://www.google-analytics.com/j/collect[0m
Request 61: [94mhttps://www.google.com/recaptcha/api2/anchor[0m
Request 62: [94mhttps://www.gstatic.com/recaptcha/releases/Gg72x2_SHmxi8X0BLo33HMpr/styles__ltr.css[0m
Request 63: [94mhttps://www.gstatic.com/recaptcha/releases/Gg72x2_SHmxi8X0BLo33HMpr/recaptcha__en.js[0m
Request 64: [94mhttps://www.facebook.com/tr/[0m
Request 65: [94mhttps://www.facebook.com/tr/[0m
Request 66: [94mhttps://www.gstatic.com/recaptcha/api2/logo_48.png[0m
Request 67: [94mhttps://fonts.gstatic.com/s/roboto/v18/KFOmCnqEu92Fr1Mu4mxKKTU1Kg.woff2[0m
Request 68: [94mhttps://fonts.gstatic.com/s/roboto/v18/KFOlCnqEu92Fr1MmEU9fBBc4AMP6lQ.woff2[0m
Request 69: [94mhttps://www.google.com/recaptcha/api2/webworker.js[0m
Request 70: [94mhttps://all-for-one.club/wp-content/uploads/2018/04/all-for-one-club-logo-violet.png[0m
Request 71: [94mhttps://www.google.com/recaptcha/api2/reload[0m
Completed configuring new page. (chrome-extension://glepecflakcnfpeedbnclfdcabngidkh/notification.html)
Request 72: [94mchrome-extension://glepecflakcnfpeedbnclfdcabngidkh/react-gallery/carousel.min.css[0m
Request 73: [94mhttps://sentry.io/api/273505/envelope/[0m
Request 74: [94mchrome-extension://glepecflakcnfpeedbnclfdcabngidkh/_locales/en/messages.json[0m
Request 75: [94mchrome-extension://glepecflakcnfpeedbnclfdcabngidkh/_locales/en/messages.json[0m
Request 76: [94mchrome-extension://glepecflakcnfpeedbnclfdcabngidkh/fonts/Euclid/EuclidCircularB-Bold-WebXL.ttf[0m
Request 77: [94mchrome-extension://glepecflakcnfpeedbnclfdcabngidkh/fonts/Euclid/EuclidCircularB-Regular-WebXL.ttf[0m
Request 78: [94mchrome-extension://glepecflakcnfpeedbnclfdcabngidkh/fonts/fontawesome/fa-solid-900.woff2[0m
Request 79: [94mchrome-extension://glepecflakcnfpeedbnclfdcabngidkh/fonts/Euclid/EuclidCircularB-Medium.ttf[0m
Request 80: [94mhttps://all-for-one.club/wp-content/uploads/2018/04/all-for-one-club-logo-violet.png[0m
Identified connect buttons: 
[ 'sign', 'connect', 'wallet' ]
Exiting while loop: MetaMask popup open!
End of while loop: popup
Request 81: [94mhttps://sentry.io/api/273505/envelope/[0m
Request 82: [94mhttps://sentry.io/api/273505/envelope/[0m
Clicked next button!
Clicked continue button!
[92mSuccessfully connected MetaMask wallet![0m
Request 83: [94mhttps://sentry.io/api/273505/envelope/[0m
Request 84: [94mhttps://sentry.io/api/273505/envelope/[0m
Page closed: [94mchrome-extension://glepecflakcnfpeedbnclfdcabngidkh/notification.html#[0m
No sign or approve button found!
Request 85: [94mhttps://all-for-one.club/play/[0m
Request 86: [94mhttps://all-for-one.club/wp-content/uploads/fusion-styles/60e5163115fda7fcf4613ad23d7da5b1.min.css[0m
Request 87: [94mhttps://all-for-one.club/wp-includes/js/jquery/jquery.min.js[0m
Request 88: [94mhttps://all-for-one.club/wp-includes/js/jquery/jquery-migrate.min.js[0m
Request 89: [94mhttps://www.googletagmanager.com/gtag/js[0m
Request 90: [94mhttps://all-for-one.club/wp-content/uploads/2018/04/logo.png[0m
Request 91: [94mhttps://all-for-one.club/wp-includes/js/dapp/web3.js[0m
Request 92: [94mhttps://all-for-one.club/wp-includes/js/dapp/jquery-3.2.1.slim.min.js[0m
Request 93: [94mhttps://all-for-one.club/wp-includes/js/dapp/getmetamask.js[0m
Request 94: [94mhttps://all-for-one.club/wp-includes/js/dapp/dapp.js[0m
Request 95: [94mhttps://all-for-one.club/wp-includes/js/dapp/displayPlayers.js[0m
Request 96: [94mhttps://all-for-one.club/wp-includes/js/dapp/displayWinners.js[0m
Request 97: [94mhttps://all-for-one.club/wp-content/uploads/2018/08/dapps.png[0m
Request 98: [94mhttps://all-for-one.club/wp-content/uploads/2018/04/telegram.png[0m
Request 99: [94mhttps://all-for-one.club/wp-content/uploads/2018/04/all-for-one-club-logo.png[0m
Request 100: [94mhttps://all-for-one.club/wp-includes/css/dist/block-library/style.min.css[0m
Request 101: [94mhttps://all-for-one.club/wp-includes/css/dist/block-library/theme.min.css[0m
Request 102: [94mhttps://all-for-one.club/wp-includes/js/dist/vendor/wp-polyfill.min.js[0m
Request 103: [94mhttps://all-for-one.club/wp-content/plugins/contact-form-7/includes/js/index.js[0m
Request 104: [94mhttps://www.google.com/recaptcha/api.js[0m
Request 105: [94mhttps://all-for-one.club/wp-content/plugins/contact-form-7/modules/recaptcha/index.js[0m
Request 106: [94mhttps://all-for-one.club/wp-includes/js/wp-embed.min.js[0m
Request 107: [94mhttps://all-for-one.club/wp-content/uploads/fusion-scripts/c8899dabd2078f863aa3a1bca1d6847a.min.js[0m
Request 108: [94mhttps://all-for-one.club/wp-includes/js/wp-emoji-release.min.js[0m
Request 109: [94mhttps://connect.facebook.net/en_US/fbevents.js[0m
Request 110: [94mhttps://fonts.gstatic.com/s/roboto/v30/KFOmCnqEu92Fr1Mu5mxKOzY.woff2[0m
Request 111: [94mhttps://fonts.gstatic.com/s/roboto/v30/KFOmCnqEu92Fr1Mu4mxK.woff2[0m
Request 112: [94mhttps://fonts.gstatic.com/s/roboto/v30/KFOlCnqEu92Fr1MmYUtfBBc4.woff2[0m
Request 113: [94mhttps://fonts.gstatic.com/s/teko/v15/LYjNdG7kmE0gfaN9pQ.woff2[0m
Request 114: [94mhttps://all-for-one.club/wp-content/themes/Avada/includes/lib/assets/fonts/icomoon/icomoon.woff[0m
Request 115: [94mhttps://www.google-analytics.com/analytics.js[0m
Request 116: [94mhttps://www.gstatic.com/recaptcha/releases/Gg72x2_SHmxi8X0BLo33HMpr/recaptcha__en.js[0m
Request 117: [94mhttps://connect.facebook.net/signals/config/492042354647969[0m
Request 118: [94mhttps://all-for-one.club/wp-content/uploads/2018/04/all-for-one-club-logo-violet.png[0m
Waiting for 30000ms
Request 119: [94mhttps://www.google-analytics.com/j/collect[0m
Request 120: [94mhttps://www.google.com/recaptcha/api2/anchor[0m
Request 121: [94mhttps://www.facebook.com/tr/[0m
Request 122: [94mhttps://www.gstatic.com/recaptcha/releases/Gg72x2_SHmxi8X0BLo33HMpr/styles__ltr.css[0m
Request 123: [94mhttps://www.gstatic.com/recaptcha/releases/Gg72x2_SHmxi8X0BLo33HMpr/recaptcha__en.js[0m
Request 124: [94mhttps://fonts.gstatic.com/s/roboto/v18/KFOmCnqEu92Fr1Mu4mxKKTU1Kg.woff2[0m
Request 125: [94mhttps://fonts.gstatic.com/s/roboto/v18/KFOlCnqEu92Fr1MmEU9fBBc4AMP6lQ.woff2[0m
Request 126: [94mhttps://www.gstatic.com/recaptcha/api2/logo_48.png[0m
Request 127: [94mhttps://www.google.com/recaptcha/api2/webworker.js[0m
Request 128: [94mhttps://all-for-one.club/wp-content/uploads/2018/04/all-for-one-club-logo-violet.png[0m
Request 129: [94mhttps://www.google.com/recaptcha/api2/reload[0m
Request 130: [94mhttps://www.facebook.com/tr/[0m
Page closed: [94mhttps://all-for-one.club/play/[0m
Trying to shutdown
Page closed: [94mchrome-extension://glepecflakcnfpeedbnclfdcabngidkh/home.html#[0m
