Executing with arguments:  {
  printFrameHierarchy: true,
  debugLevel: 'verbose',
  headless: false,
  profilePath: undefined,
  secs: 30,
  links: undefined,
  url: 'https://app.scaleswap.io/',
  walletPath: 'metamask-chrome-10.22.2',
  destination: '../results/dapps/crawl',
  force: false,
  executablePath: '/Users/christof/.cache/puppeteer/chrome/mac-1056772/chrome-mac/Chromium.app/Contents/MacOS/Chromium'
}
Completed configuring new page. (about:blank)
Completed configuring new page. (chrome-extension://glepecflakcnfpeedbnclfdcabngidkh/home.html)
Request 1: [94mchrome-extension://glepecflakcnfpeedbnclfdcabngidkh/react-gallery/carousel.min.css[0m
Request 2: [94mhttps://sentry.io/api/273505/envelope/[0m
[94mTrying to import MetaMask connect...[0m
Request 3: [94mchrome-extension://glepecflakcnfpeedbnclfdcabngidkh/_locales/en/messages.json[0m
Request 4: [94mchrome-extension://glepecflakcnfpeedbnclfdcabngidkh/_locales/en/messages.json[0m
Request 5: [94mhttps://sentry.io/api/273505/envelope/[0m
Request 6: [94mhttps://sentry.io/api/273505/envelope/[0m
Request 7: [94mchrome-extension://glepecflakcnfpeedbnclfdcabngidkh/fonts/Euclid/EuclidCircularB-Regular-WebXL.ttf[0m
Request 8: [94mchrome-extension://glepecflakcnfpeedbnclfdcabngidkh/fonts/Euclid/EuclidCircularB-Medium.ttf[0m
Request 9: [94mchrome-extension://glepecflakcnfpeedbnclfdcabngidkh/images/logo/metamask-fox.svg[0m
Request 10: [94mhttps://sentry.io/api/273505/envelope/[0m
Request 11: [94mhttps://sentry.io/api/273505/envelope/[0m
Request 12: [94mchrome-extension://glepecflakcnfpeedbnclfdcabngidkh/images/metrics-chart.svg[0m
Request 13: [94mchrome-extension://glepecflakcnfpeedbnclfdcabngidkh/fonts/fontawesome/fa-solid-900.woff2[0m
Request 14: [94mchrome-extension://glepecflakcnfpeedbnclfdcabngidkh/fonts/Euclid/EuclidCircularB-Bold-WebXL.ttf[0m
Request 15: [94mhttps://sentry.io/api/273505/envelope/[0m
Request 16: [94mhttps://sentry.io/api/273505/envelope/[0m
Request 17: [94mhttps://sentry.io/api/273505/envelope/[0m
Request 18: [94mhttps://sentry.io/api/273505/envelope/[0m
Request 19: [94mchrome-extension://glepecflakcnfpeedbnclfdcabngidkh/fonts/Roboto/Roboto-Regular.ttf[0m
Request 20: [94mchrome-extension://glepecflakcnfpeedbnclfdcabngidkh/fonts/fontawesome/fa-regular-400.woff2[0m
Request 21: [94mhttps://sentry.io/api/273505/envelope/[0m
Request 22: [94mhttps://sentry.io/api/273505/envelope/[0m
[92mImporting MetaMask wallet was successful![0m
Visiting https://app.scaleswap.io/
Request 23: [94mhttps://app.scaleswap.io/[0m
Request 24: [94mhttps://sentry.io/api/273505/envelope/[0m
Request 25: [94mhttps://sentry.io/api/273505/envelope/[0m
Request 26: [94mchrome-extension://glepecflakcnfpeedbnclfdcabngidkh/images/eth_logo.svg[0m
Request 27: [94mhttps://stackpath.bootstrapcdn.com/font-awesome/4.7.0/css/font-awesome.min.css[0m
Request 28: [94mhttps://fonts.googleapis.com/css2[0m
Request 29: [94mhttps://stackpath.bootstrapcdn.com/bootstrap/4.3.1/css/bootstrap.min.css[0m
Request 30: [94mhttps://code.jquery.com/jquery-2.2.4.min.js[0m
Request 31: [94mhttps://maxcdn.bootstrapcdn.com/bootstrap/4.3.1/js/bootstrap.min.js[0m
Request 32: [94mhttps://cdnjs.cloudflare.com/ajax/libs/jquery-easing/1.3/jquery.easing.min.js[0m
Request 33: [94mhttps://app.scaleswap.io/js/jquery.cookie.js[0m
Request 34: [94mhttps://unpkg.com/isotope-layout@3/dist/isotope.pkgd.min.js[0m
Request 35: [94mhttps://www.google.com/recaptcha/api.js[0m
Request 36: [94mhttps://app.scaleswap.io/js/script.js[0m
Request 37: [94mhttps://app.scaleswap.io/_next/static/css/86bc6af5cee120978710.css[0m
Request 38: [94mhttps://app.scaleswap.io/_next/static/css/c2c82efcfa7aae1305ea.css[0m
Request 39: [94mhttps://app.scaleswap.io/_next/static/chunks/webpack-f1c1414562a9911eb3e3.js[0m
Request 40: [94mhttps://app.scaleswap.io/_next/static/chunks/framework.3105c3e333ee10fd9558.js[0m
Request 41: [94mhttps://app.scaleswap.io/_next/static/chunks/commons.a1eb28a7ac6082684a7f.js[0m
Request 42: [94mhttps://app.scaleswap.io/_next/static/chunks/main-5a837ffcbb2ebe1e914e.js[0m
Request 43: [94mhttps://app.scaleswap.io/_next/static/chunks/898467a070c6c56570af70238cd1226b541db980.5d9f5f66c33ef39649c3.js[0m
Request 44: [94mhttps://app.scaleswap.io/_next/static/chunks/pages/_app-c3e02577efa2172f7566.js[0m
Request 45: [94mhttps://app.scaleswap.io/_next/static/chunks/75fc9c18.daa6e841d2cb4900e052.js[0m
Request 46: [94mhttps://app.scaleswap.io/_next/static/chunks/9c884030650b708a30a94d66af25b176765b9531.66335a71a7bddd14540d.js[0m
Request 47: [94mhttps://app.scaleswap.io/_next/static/chunks/954193aa80c0d0d1defc4c422614198942533470.3a77db08834600938360.js[0m
Request 48: [94mhttps://app.scaleswap.io/_next/static/chunks/pages/index-7074f97e75d386af22d0.js[0m
Request 49: [94mhttps://app.scaleswap.io/img/logo_web_scaleswap.svg[0m
Request 50: [94mhttps://app.scaleswap.io/img/logo_mobile.svg[0m
Request 51: [94mhttps://app.scaleswap.io/img/icons/burger.svg[0m
Request 52: [94mhttps://app.scaleswap.io/img/icons/wallet-connect.svg[0m
Request 53: [94mhttps://app.scaleswap.io/img/arrow_welcome.svg[0m
Request 54: [94mhttps://app.scaleswap.io/img/twitter.svg[0m
Request 55: [94mhttps://app.scaleswap.io/img/medium.svg[0m
Request 56: [94mhttps://app.scaleswap.io/img/telegram.svg[0m
Request 57: [94mhttps://app.scaleswap.io/_next/static/04XQBLZKEC_HKGHrtK3WT/_buildManifest.js[0m
Request 58: [94mhttps://app.scaleswap.io/_next/static/04XQBLZKEC_HKGHrtK3WT/_ssgManifest.js[0m
Request 59: [94mhttps://fonts.gstatic.com/s/montserrat/v25/JTUSjIg1_i6t8kCHKm459WlhyyTh89Y.woff2[0m
Request 60: [94mhttps://app.scaleswap.io/cdn-cgi/challenge-platform/h/g/scripts/alpha/invisible.js[0m
Request 61: [94mhttps://app.scaleswap.io/img/favicon.ico[0m
Request 62: [94mhttps://app.scaleswap.io/cdn-cgi/challenge-platform/h/g/scripts/pica.js[0m
Request 63: [94mhttps://www.gstatic.com/recaptcha/releases/Gg72x2_SHmxi8X0BLo33HMpr/recaptcha__en.js[0m
Request 64: [94mhttps://unpkg.com/isotope-layout@3.0.6/dist/isotope.pkgd.min.js[0m
Request 65: [94mhttps://app.scaleswap.io/cdn-cgi/challenge-platform/h/g/cv/result/78e3d2de29513b64[0m
Request 66: [94mhttps://app.scaleswap.io/[0m
Request 67: [94mhttps://static.klaviyo.com/onsite/js/klaviyo.js[0m
Request 68: [94mhttps://edge.marker.io/latest/shim.js[0m
Request 69: [94mhttps://app.scaleswap.io/api/pools[0m
Request 70: [94mhttps://www.googletagmanager.com/gtm.js[0m
Request 71: [94mhttps://app.scaleswap.io/api/networks[0m
Request 72: [94mhttps://app.scaleswap.io/api/v2/payment-tokens[0m
Request 73: [94mhttps://app.scaleswap.io/api/v2/tokens[0m
Request 74: [94mhttps://app.scaleswap.io/api/pools[0m
Request 75: [94mhttps://app.scaleswap.io/img/loading.gif[0m
Request 76: [94mhttps://app.scaleswap.io/img/icons/wallet-connect-white.svg[0m
Request 77: [94mhttps://app.scaleswap.io/_next/data/04XQBLZKEC_HKGHrtK3WT/en.json[0m
Request 78: [94mhttps://app.scaleswap.io/_next/static/chunks/75fc9c18.daa6e841d2cb4900e052.js[0m
Request 79: [94mhttps://app.scaleswap.io/_next/static/chunks/9c884030650b708a30a94d66af25b176765b9531.66335a71a7bddd14540d.js[0m
Request 80: [94mhttps://app.scaleswap.io/_next/static/chunks/954193aa80c0d0d1defc4c422614198942533470.3a77db08834600938360.js[0m
Request 81: [94mhttps://app.scaleswap.io/_next/static/chunks/pages/index-7074f97e75d386af22d0.js[0m
Request 82: [94mhttps://app.scaleswap.io/_next/static/css/c2c82efcfa7aae1305ea.css[0m
Request 83: [94mhttps://static-tracking.klaviyo.com/onsite/js/build-preview/commit-f9eceb6471d41db1c66c77e934ef6ddeb765a2fb/fender_analytics.42a910303762129b987c.js[0m
Request 84: [94mhttps://static-tracking.klaviyo.com/onsite/js/build-preview/commit-f9eceb6471d41db1c66c77e934ef6ddeb765a2fb/static.afc80bee31dc9e622dc1.js[0m
Request 85: [94mhttps://static.klaviyo.com/onsite/js/build-preview/commit-f9eceb6471d41db1c66c77e934ef6ddeb765a2fb/runtime.eabc8a1e9ab7aa93b3ae.js[0m
Request 86: [94mhttps://static.klaviyo.com/onsite/js/build-preview/commit-f9eceb6471d41db1c66c77e934ef6ddeb765a2fb/sharedUtils.3de4f7002f4cb2b9833f.js[0m
Request 87: [94mhttps://static.klaviyo.com/onsite/js/build-preview/commit-f9eceb6471d41db1c66c77e934ef6ddeb765a2fb/vendors~signup_forms.a31dd14a1ce62f91235b.js[0m
Request 88: [94mhttps://static.klaviyo.com/onsite/js/build-preview/commit-f9eceb6471d41db1c66c77e934ef6ddeb765a2fb/signup_forms.d045c8bc2b9bd27bff08.js[0m
Request 89: [94mhttps://static.hotjar.com/c/hotjar-2422668.js[0m
Request 90: [94mhttps://www.google-analytics.com/analytics.js[0m
Request 91: [94mhttps://www.googletagmanager.com/gtag/js[0m
Request 92: [94mhttps://www.googletagmanager.com/gtag/js[0m
Request 93: [94mhttps://fast.a.klaviyo.com/custom-fonts/api/v1/company-fonts/onsite[0m
Request 94: [94mhttps://static-forms.klaviyo.com/forms/api/v6/XCmAFV/full-forms[0m
Request 95: [94mhttps://www.google-analytics.com/j/collect[0m
Request 96: [94mhttps://script.hotjar.com/modules.ea0a6d6a741d5de8308e.js[0m
Request 97: [94mhttps://static.klaviyo.com/onsite/js/build-preview/commit-f9eceb6471d41db1c66c77e934ef6ddeb765a2fb/vendors~ClientStore.2e3aa6941a04805c58f8.js[0m
Request 98: [94mhttps://static.klaviyo.com/onsite/js/build-preview/commit-f9eceb6471d41db1c66c77e934ef6ddeb765a2fb/ClientStore.ef066b870ad49bfb8952.js[0m
Request 99: [94mhttps://vars.hotjar.com/box-ff00c703c3bbdf54ae44ee858d64f69e.html[0m
Request 100: [94mhttps://app.scaleswap.io/api/projects-all[0m
Request 101: [94mhttps://app.scaleswap.io/api/projects-all[0m
Request 102: [94mhttps://stackpath.bootstrapcdn.com/font-awesome/4.7.0/css/font-awesome.min.css[0m
Request 103: [94mhttps://fonts.googleapis.com/css2[0m
Request 104: [94mhttps://stackpath.bootstrapcdn.com/bootstrap/4.3.1/css/bootstrap.min.css[0m
Request 105: [94mhttps://code.jquery.com/jquery-2.2.4.min.js[0m
Request 106: [94mhttps://maxcdn.bootstrapcdn.com/bootstrap/4.3.1/js/bootstrap.min.js[0m
Request 107: [94mhttps://cdnjs.cloudflare.com/ajax/libs/jquery-easing/1.3/jquery.easing.min.js[0m
Request 108: [94mhttps://app.scaleswap.io/js/jquery.cookie.js[0m
Request 109: [94mhttps://unpkg.com/isotope-layout@3/dist/isotope.pkgd.min.js[0m
Request 110: [94mhttps://www.google.com/recaptcha/api.js[0m
Request 111: [94mhttps://app.scaleswap.io/js/script.js[0m
Request 112: [94mhttps://app.scaleswap.io/_next/static/css/86bc6af5cee120978710.css[0m
Request 113: [94mhttps://app.scaleswap.io/_next/static/css/c2c82efcfa7aae1305ea.css[0m
Request 114: [94mhttps://app.scaleswap.io/_next/static/chunks/webpack-f1c1414562a9911eb3e3.js[0m
Request 115: [94mhttps://app.scaleswap.io/_next/static/chunks/framework.3105c3e333ee10fd9558.js[0m
Request 116: [94mhttps://app.scaleswap.io/_next/static/chunks/commons.a1eb28a7ac6082684a7f.js[0m
Request 117: [94mhttps://app.scaleswap.io/_next/static/chunks/main-5a837ffcbb2ebe1e914e.js[0m
Request 118: [94mhttps://app.scaleswap.io/_next/static/chunks/898467a070c6c56570af70238cd1226b541db980.5d9f5f66c33ef39649c3.js[0m
Request 119: [94mhttps://app.scaleswap.io/_next/static/chunks/pages/_app-c3e02577efa2172f7566.js[0m
Request 120: [94mhttps://app.scaleswap.io/_next/static/chunks/75fc9c18.daa6e841d2cb4900e052.js[0m
Request 121: [94mhttps://app.scaleswap.io/_next/static/chunks/9c884030650b708a30a94d66af25b176765b9531.66335a71a7bddd14540d.js[0m
Request 122: [94mhttps://app.scaleswap.io/_next/static/chunks/954193aa80c0d0d1defc4c422614198942533470.3a77db08834600938360.js[0m
Request 123: [94mhttps://app.scaleswap.io/_next/static/chunks/pages/index-7074f97e75d386af22d0.js[0m
Request 124: [94mhttps://app.scaleswap.io/img/logo_web_scaleswap.svg[0m
Request 125: [94mhttps://app.scaleswap.io/img/logo_mobile.svg[0m
Request 126: [94mhttps://app.scaleswap.io/img/icons/burger.svg[0m
Request 127: [94mhttps://app.scaleswap.io/img/icons/wallet-connect.svg[0m
Request 128: [94mhttps://app.scaleswap.io/img/arrow_welcome.svg[0m
Request 129: [94mhttps://app.scaleswap.io/img/twitter.svg[0m
Request 130: [94mhttps://app.scaleswap.io/img/medium.svg[0m
Request 131: [94mhttps://app.scaleswap.io/img/telegram.svg[0m
Request 132: [94mhttps://app.scaleswap.io/_next/static/04XQBLZKEC_HKGHrtK3WT/_buildManifest.js[0m
Request 133: [94mhttps://app.scaleswap.io/_next/static/04XQBLZKEC_HKGHrtK3WT/_ssgManifest.js[0m
Request 134: [94mhttps://fonts.gstatic.com/s/montserrat/v25/JTUSjIg1_i6t8kCHKm459WlhyyTh89Y.woff2[0m
Request 135: [94mhttps://fonts.gstatic.com/s/montserrat/v25/JTUSjIg1_i6t8kCHKm459WlhyyTh89Y.woff2[0m
Request 136: [94mhttps://fonts.gstatic.com/s/montserrat/v25/JTUSjIg1_i6t8kCHKm459WlhyyTh89Y.woff2[0m
Request 137: [94mhttps://fonts.gstatic.com/s/montserrat/v25/JTUSjIg1_i6t8kCHKm459WlhyyTh89Y.woff2[0m
Request 138: [94mhttps://fonts.gstatic.com/s/montserrat/v25/JTUSjIg1_i6t8kCHKm459WlhyyTh89Y.woff2[0m
Request 139: [94mhttps://fonts.gstatic.com/s/montserrat/v25/JTUSjIg1_i6t8kCHKm459WlhyyTh89Y.woff2[0m
Request 140: [94mhttps://fonts.gstatic.com/s/montserrat/v25/JTUSjIg1_i6t8kCHKm459WlhyyTh89Y.woff2[0m
Request 141: [94mhttps://www.gstatic.com/recaptcha/releases/Gg72x2_SHmxi8X0BLo33HMpr/recaptcha__en.js[0m
Request 142: [94mhttps://fonts.gstatic.com/s/montserrat/v25/JTUSjIg1_i6t8kCHKm459WlhyyTh89Y.woff2[0m
Request 143: [94mhttps://fonts.gstatic.com/s/montserrat/v25/JTUSjIg1_i6t8kCHKm459WlhyyTh89Y.woff2[0m
Request 144: [94mhttps://fonts.gstatic.com/s/montserrat/v25/JTUSjIg1_i6t8kCHKm459WlhyyTh89Y.woff2[0m
Request 145: [94mhttps://fonts.gstatic.com/s/montserrat/v25/JTUSjIg1_i6t8kCHKm459WlhyyTh89Y.woff2[0m
Request 146: [94mhttps://fonts.gstatic.com/s/montserrat/v25/JTUSjIg1_i6t8kCHKm459WlhyyTh89Y.woff2[0m
Request 147: [94mhttps://fonts.gstatic.com/s/montserrat/v25/JTUSjIg1_i6t8kCHKm459WlhyyTh89Y.woff2[0m
Request 148: [94mhttps://fonts.gstatic.com/s/montserrat/v25/JTUSjIg1_i6t8kCHKm459WlhyyTh89Y.woff2[0m
Request 149: [94mhttps://unpkg.com/isotope-layout@3.0.6/dist/isotope.pkgd.min.js[0m
Request 150: [94mhttps://static.klaviyo.com/onsite/js/klaviyo.js[0m
Request 151: [94mhttps://edge.marker.io/latest/shim.js[0m
Request 152: [94mhttps://app.scaleswap.io/api/pools[0m
Request 153: [94mhttps://www.googletagmanager.com/gtm.js[0m
Request 154: [94mhttps://app.scaleswap.io/api/networks[0m
Request 155: [94mhttps://app.scaleswap.io/api/v2/payment-tokens[0m
Request 156: [94mhttps://app.scaleswap.io/api/v2/tokens[0m
Request 157: [94mhttps://app.scaleswap.io/api/pools[0m
Request 158: [94mhttps://app.scaleswap.io/img/loading.gif[0m
Request 159: [94mhttps://app.scaleswap.io/img/icons/wallet-connect-white.svg[0m
Request 160: [94mhttps://app.scaleswap.io/img/favicon.ico[0m
Request 161: [94mhttps://fonts.gstatic.com/s/montserrat/v25/JTUSjIg1_i6t8kCHKm459WlhyyTh89Y.woff2[0m
Request 162: [94mhttps://fonts.gstatic.com/s/montserrat/v25/JTUSjIg1_i6t8kCHKm459WlhyyTh89Y.woff2[0m
Request 163: [94mhttps://fonts.gstatic.com/s/montserrat/v25/JTUSjIg1_i6t8kCHKm459WlhyyTh89Y.woff2[0m
Request 164: [94mhttps://fonts.gstatic.com/s/montserrat/v25/JTUSjIg1_i6t8kCHKm459WlhyyTh89Y.woff2[0m
Request 165: [94mhttps://fonts.gstatic.com/s/montserrat/v25/JTUSjIg1_i6t8kCHKm459WlhyyTh89Y.woff2[0m
Request 166: [94mhttps://fonts.gstatic.com/s/montserrat/v25/JTUSjIg1_i6t8kCHKm459WlhyyTh89Y.woff2[0m
Request 167: [94mhttps://fonts.gstatic.com/s/montserrat/v25/JTUSjIg1_i6t8kCHKm459WlhyyTh89Y.woff2[0m
Request 168: [94mhttps://static.klaviyo.com/onsite/js/klaviyo.js[0m
Request 169: [94mhttps://static-tracking.klaviyo.com/onsite/js/build-preview/commit-f9eceb6471d41db1c66c77e934ef6ddeb765a2fb/fender_analytics.42a910303762129b987c.js[0m
Request 170: [94mhttps://static-tracking.klaviyo.com/onsite/js/build-preview/commit-f9eceb6471d41db1c66c77e934ef6ddeb765a2fb/static.afc80bee31dc9e622dc1.js[0m
Request 171: [94mhttps://static.klaviyo.com/onsite/js/build-preview/commit-f9eceb6471d41db1c66c77e934ef6ddeb765a2fb/runtime.eabc8a1e9ab7aa93b3ae.js[0m
Request 172: [94mhttps://static.klaviyo.com/onsite/js/build-preview/commit-f9eceb6471d41db1c66c77e934ef6ddeb765a2fb/sharedUtils.3de4f7002f4cb2b9833f.js[0m
Request 173: [94mhttps://static.klaviyo.com/onsite/js/build-preview/commit-f9eceb6471d41db1c66c77e934ef6ddeb765a2fb/vendors~signup_forms.a31dd14a1ce62f91235b.js[0m
Request 174: [94mhttps://static.klaviyo.com/onsite/js/build-preview/commit-f9eceb6471d41db1c66c77e934ef6ddeb765a2fb/signup_forms.d045c8bc2b9bd27bff08.js[0m
Request 175: [94mhttps://app.scaleswap.io/_next/data/04XQBLZKEC_HKGHrtK3WT/en.json[0m
Request 176: [94mhttps://app.scaleswap.io/_next/static/chunks/75fc9c18.daa6e841d2cb4900e052.js[0m
Request 177: [94mhttps://app.scaleswap.io/_next/static/chunks/9c884030650b708a30a94d66af25b176765b9531.66335a71a7bddd14540d.js[0m
Request 178: [94mhttps://app.scaleswap.io/_next/static/chunks/954193aa80c0d0d1defc4c422614198942533470.3a77db08834600938360.js[0m
Request 179: [94mhttps://app.scaleswap.io/_next/static/chunks/pages/index-7074f97e75d386af22d0.js[0m
Request 180: [94mhttps://fast.a.klaviyo.com/custom-fonts/api/v1/company-fonts/onsite[0m
Request 181: [94mhttps://static-forms.klaviyo.com/forms/api/v6/XCmAFV/full-forms[0m
Request 182: [94mhttps://static.hotjar.com/c/hotjar-2422668.js[0m
Request 183: [94mhttps://www.google-analytics.com/analytics.js[0m
Request 184: [94mhttps://www.googletagmanager.com/gtag/js[0m
Request 185: [94mhttps://www.googletagmanager.com/gtag/js[0m
Request 186: [94mhttps://script.hotjar.com/modules.ea0a6d6a741d5de8308e.js[0m
Request 187: [94mhttps://fonts.gstatic.com/s/montserrat/v25/JTUSjIg1_i6t8kCHKm459WlhyyTh89Y.woff2[0m
Request 188: [94mhttps://fonts.gstatic.com/s/montserrat/v25/JTUSjIg1_i6t8kCHKm459WlhyyTh89Y.woff2[0m
Request 189: [94mhttps://fonts.gstatic.com/s/montserrat/v25/JTUSjIg1_i6t8kCHKm459WlhyyTh89Y.woff2[0m
Request 190: [94mhttps://fonts.gstatic.com/s/montserrat/v25/JTUSjIg1_i6t8kCHKm459WlhyyTh89Y.woff2[0m
Request 191: [94mhttps://fonts.gstatic.com/s/montserrat/v25/JTUSjIg1_i6t8kCHKm459WlhyyTh89Y.woff2[0m
Request 192: [94mhttps://fonts.gstatic.com/s/montserrat/v25/JTUSjIg1_i6t8kCHKm459WlhyyTh89Y.woff2[0m
Request 193: [94mhttps://fonts.gstatic.com/s/montserrat/v25/JTUSjIg1_i6t8kCHKm459WlhyyTh89Y.woff2[0m
Request 194: [94mhttps://www.google-analytics.com/j/collect[0m
Request 195: [94mhttps://static.klaviyo.com/onsite/js/build-preview/commit-f9eceb6471d41db1c66c77e934ef6ddeb765a2fb/vendors~ClientStore.2e3aa6941a04805c58f8.js[0m
Request 196: [94mhttps://static.klaviyo.com/onsite/js/build-preview/commit-f9eceb6471d41db1c66c77e934ef6ddeb765a2fb/ClientStore.ef066b870ad49bfb8952.js[0m
Request 197: [94mhttps://vars.hotjar.com/box-ff00c703c3bbdf54ae44ee858d64f69e.html[0m
Request 198: [94mhttps://region1.google-analytics.com/g/collect[0m
Request 199: [94mhttps://region1.google-analytics.com/g/collect[0m
Request 200: [94mhttps://static.klaviyo.com/onsite/js/build-preview/commit-f9eceb6471d41db1c66c77e934ef6ddeb765a2fb/532.dd9a1df84d96cf83ca19.css[0m
Request 201: [94mhttps://static.klaviyo.com/onsite/js/build-preview/commit-f9eceb6471d41db1c66c77e934ef6ddeb765a2fb/styles.22c2b11c5e8fc57b054a.js[0m
Request 202: [94mhttps://static.klaviyo.com/onsite/js/build-preview/commit-f9eceb6471d41db1c66c77e934ef6ddeb765a2fb/vendors~Render.bb03d19e0b7d2674d1c6.js[0m
Request 203: [94mhttps://static.klaviyo.com/onsite/js/build-preview/commit-f9eceb6471d41db1c66c77e934ef6ddeb765a2fb/Render.30fd618113ce2021892f.js[0m
Request 204: [94mhttps://edge.marker.io/latest/3.v1.60.2.884f375d40e4a362599e.js[0m
Request 205: [94mhttps://edge.marker.io/latest/4.v1.60.2.55c8fa5dccd368814946.js[0m
Request 206: [94mhttps://app.scaleswap.io/api/projects-all[0m
Request 207: [94mhttps://in.hotjar.com/api/v2/client/sites/2422668/visit-data[0m
Request 208: [94mhttps://fonts.gstatic.com/s/montserrat/v25/JTUSjIg1_i6t8kCHKm459WlhyyTh89Y.woff2[0m
Request 209: [94mhttps://fonts.gstatic.com/s/montserrat/v25/JTUSjIg1_i6t8kCHKm459WlhyyTh89Y.woff2[0m
Request 210: [94mhttps://fonts.gstatic.com/s/montserrat/v25/JTUSjIg1_i6t8kCHKm459WlhyyTh89Y.woff2[0m
Request 211: [94mhttps://fonts.gstatic.com/s/montserrat/v25/JTUSjIg1_i6t8kCHKm459WlhyyTh89Y.woff2[0m
Request 212: [94mhttps://fonts.gstatic.com/s/montserrat/v25/JTUSjIg1_i6t8kCHKm459WlhyyTh89Y.woff2[0m
Request 213: [94mhttps://fonts.gstatic.com/s/montserrat/v25/JTUSjIg1_i6t8kCHKm459WlhyyTh89Y.woff2[0m
Request 214: [94mhttps://fonts.gstatic.com/s/montserrat/v25/JTUSjIg1_i6t8kCHKm459WlhyyTh89Y.woff2[0m
Request 215: [94mhttps://telemetrics.klaviyo.com/v1/metric[0m
Request 216: [94mhttps://fonts.gstatic.com/s/montserrat/v25/JTUSjIg1_i6t8kCHKm459WlhyyTh89Y.woff2[0m
Request 217: [94mhttps://fonts.gstatic.com/s/montserrat/v25/JTUSjIg1_i6t8kCHKm459WlhyyTh89Y.woff2[0m
Request 218: [94mhttps://fonts.gstatic.com/s/montserrat/v25/JTUSjIg1_i6t8kCHKm459WlhyyTh89Y.woff2[0m
Request 219: [94mhttps://fonts.gstatic.com/s/montserrat/v25/JTUSjIg1_i6t8kCHKm459WlhyyTh89Y.woff2[0m
Request 220: [94mhttps://fonts.gstatic.com/s/montserrat/v25/JTUSjIg1_i6t8kCHKm459WlhyyTh89Y.woff2[0m
Request 221: [94mhttps://fonts.gstatic.com/s/montserrat/v25/JTUSjIg1_i6t8kCHKm459WlhyyTh89Y.woff2[0m
Request 222: [94mhttps://fonts.gstatic.com/s/montserrat/v25/JTUSjIg1_i6t8kCHKm459WlhyyTh89Y.woff2[0m
Request 223: [94mhttps://fonts.gstatic.com/s/montserrat/v25/JTUSjIg1_i6t8kCHKm459WlhyyTh89Y.woff2[0m
Request 224: [94mhttps://fonts.gstatic.com/s/montserrat/v25/JTUSjIg1_i6t8kCHKm459WlhyyTh89Y.woff2[0m
Request 225: [94mhttps://fonts.gstatic.com/s/montserrat/v25/JTUSjIg1_i6t8kCHKm459WlhyyTh89Y.woff2[0m
Request 226: [94mhttps://fonts.gstatic.com/s/montserrat/v25/JTUSjIg1_i6t8kCHKm459WlhyyTh89Y.woff2[0m
Request 227: [94mhttps://fonts.gstatic.com/s/montserrat/v25/JTUSjIg1_i6t8kCHKm459WlhyyTh89Y.woff2[0m
Request 228: [94mhttps://fonts.gstatic.com/s/montserrat/v25/JTUSjIg1_i6t8kCHKm459WlhyyTh89Y.woff2[0m
Request 229: [94mhttps://fonts.gstatic.com/s/montserrat/v25/JTUSjIg1_i6t8kCHKm459WlhyyTh89Y.woff2[0m
Request 230: [94mhttps://fonts.gstatic.com/s/montserrat/v25/JTUSjIg1_i6t8kCHKm459WlhyyTh89Y.woff2[0m
Request 231: [94mhttps://fonts.gstatic.com/s/montserrat/v25/JTUSjIg1_i6t8kCHKm459WlhyyTh89Y.woff2[0m
Request 232: [94mhttps://fonts.gstatic.com/s/montserrat/v25/JTUSjIg1_i6t8kCHKm459WlhyyTh89Y.woff2[0m
Request 233: [94mhttps://fonts.gstatic.com/s/montserrat/v25/JTUSjIg1_i6t8kCHKm459WlhyyTh89Y.woff2[0m
Request 234: [94mhttps://fonts.gstatic.com/s/montserrat/v25/JTUSjIg1_i6t8kCHKm459WlhyyTh89Y.woff2[0m
Request 235: [94mhttps://fonts.gstatic.com/s/montserrat/v25/JTUSjIg1_i6t8kCHKm459WlhyyTh89Y.woff2[0m
Request 236: [94mhttps://fonts.gstatic.com/s/montserrat/v25/JTUSjIg1_i6t8kCHKm459WlhyyTh89Y.woff2[0m
Request 237: [94mhttps://api.marker.io/widget/ping[0m
Request 238: [94mhttps://api.marker.io/widget/ping[0m
Request 239: [94mhttps://content.hotjar.io/[0m
Request 240: [94mhttps://www.google-analytics.com/collect[0m
Request 241: [94mhttps://scaleswap.io/wp-content/uploads/2022/09/pos_ukiss_logo-150x150.png[0m
Request 242: [94mhttps://scaleswap.io/wp-content/uploads/2022/09/logo_bossfighters-150x150.png[0m
Request 243: [94mhttps://landing.nonprod.scaleswap.io/wp-content/uploads/2022/09/logo_haunted_space.png[0m
Request 244: [94mhttps://scaleswap.io/idos/logo_eywa.png[0m
Request 245: [94mhttps://scaleswap.io/idos/dehealth_logo_app.png[0m
Request 246: [94mhttps://scaleswap.io/idos/metarun_logo_ido.png[0m
Request 247: [94mhttps://scaleswap.io/idos/logo_ido_metaprints.png[0m
Request 248: [94mhttps://scaleswap.io/idos/arcadenetwork_logo.png[0m
Request 249: [94mhttps://scaleswap.io/idos/anomus_logo.png[0m
Request 250: [94mhttps://scaleswap.io/idos/artwallet_logo.png[0m
Request 251: [94mhttps://scaleswap.io/idos/icon-envelop.svg[0m
Request 252: [94mhttps://miro.medium.com/fit/c/262/262/1*m2GDkMldpjmOtIflXyHt_Q.png[0m
Request 253: [94mhttps://scaleswap.io/images/rocket/logo_torum.png[0m
Request 254: [94mhttps://cirusfoundation.com/wp-content/themes/cirus-oracle-wp/assets/img/cirus-logo-ball.svg[0m
Request 255: [94mhttps://scaleswap.io/images/icon_top.svg[0m
Request 256: [94mhttps://app.scaleswap.io/img/favicon.ico[0m
Request 257: [94mhttps://app.scaleswap.io/api/pools[0m
Request 258: [94mhttps://app.scaleswap.io/api/projects-all[0m
Request 259: [94mhttps://app.scaleswap.io/_next/static/css/c2c82efcfa7aae1305ea.css[0m
Request 260: [94mwss://ws35.hotjar.com/api/v2/client/ws[0m
Request 261: [94mwss://ws35.hotjar.com/api/v2/client/ws[0m
Request 262: [94mwss://ws35.hotjar.com/api/v2/client/ws[0m
Request 263: [94mwss://ws35.hotjar.com/api/v2/client/ws[0m
Request 264: [94mwss://ws35.hotjar.com/api/v2/client/ws[0m
Request 265: [94mhttps://app.scaleswap.io/api/projects-all[0m
Request 266: [94mhttps://app.scaleswap.io/api/pools[0m
Request 267: [94mhttps://app.scaleswap.io/api/projects-all[0m
Request 268: [94mwss://ws35.hotjar.com/api/v2/client/ws[0m
Identified connect buttons: 
[
  'connect wallet',
  'Connect',
  'sign',
  'Sign Up',
  'Wallet',
  'connect',
  'wallet',
  'account',
  'Account'
]
Request 269: [94mhttps://www.google-analytics.com/collect[0m
Found connect button: Connect
Exiting while loop: MetaMask popup open!
End of while loop: popup
Completed configuring new page. (chrome-extension://glepecflakcnfpeedbnclfdcabngidkh/notification.html)
Request 270: [94mchrome-extension://glepecflakcnfpeedbnclfdcabngidkh/react-gallery/carousel.min.css[0m
Request 271: [94mhttps://sentry.io/api/273505/envelope/[0m
Request 272: [94mchrome-extension://glepecflakcnfpeedbnclfdcabngidkh/_locales/en/messages.json[0m
Request 273: [94mchrome-extension://glepecflakcnfpeedbnclfdcabngidkh/_locales/en/messages.json[0m
Request 274: [94mchrome-extension://glepecflakcnfpeedbnclfdcabngidkh/fonts/Euclid/EuclidCircularB-Bold-WebXL.ttf[0m
Request 275: [94mchrome-extension://glepecflakcnfpeedbnclfdcabngidkh/fonts/Euclid/EuclidCircularB-Regular-WebXL.ttf[0m
Request 276: [94mchrome-extension://glepecflakcnfpeedbnclfdcabngidkh/fonts/fontawesome/fa-solid-900.woff2[0m
Request 277: [94mchrome-extension://glepecflakcnfpeedbnclfdcabngidkh/fonts/Euclid/EuclidCircularB-Medium.ttf[0m
Request 278: [94mhttps://app.scaleswap.io/img/favicon.ico[0m
Request 279: [94mhttps://sentry.io/api/273505/envelope/[0m
Request 280: [94mhttps://sentry.io/api/273505/envelope/[0m
Clicked next button!
Clicked continue button!
[92mSuccessfully connected MetaMask wallet![0m
Request 281: [94mhttps://app.scaleswap.io/img/diamond_white.svg[0m
Request 282: [94mhttps://app.scaleswap.io/img/alert.svg[0m
Request 283: [94mhttps://app.scaleswap.io/img/bridge.svg[0m
Request 284: [94mhttps://app.scaleswap.io/img/arrowright-white.svg[0m
Request 285: [94mhttps://app.scaleswap.io/img/icons/weth.svg[0m
Request 286: [94mhttps://app.scaleswap.io/img/icons/arrow-menu.svg[0m
Request 287: [94mhttps://app.scaleswap.io/img/icons/fantom.svg[0m
Request 288: [94mhttps://app.scaleswap.io/img/icons/harmony.svg[0m
Request 289: [94mhttps://app.scaleswap.io/img/icons/binance.svg[0m
Request 290: [94mhttps://app.scaleswap.io/img/wallet.svg[0m
Request 291: [94mhttps://app.scaleswap.io/img/arrowright-orange.svg[0m
Request 292: [94mhttps://app.scaleswap.io/img/icons/copy-white.svg[0m
Request 293: [94mhttps://app.scaleswap.io/img/icons/profile.svg[0m
Request 294: [94mhttps://app.scaleswap.io/img/diamond_empty.svg[0m
Request 295: [94mhttps://app.scaleswap.io/img/diamond_full.svg[0m
Request 296: [94mhttps://app.scaleswap.io/img/icons/copy-grey.svg[0m
Request 297: [94mhttps://app.scaleswap.io/img/icons/eth-grey1.svg[0m
Request 298: [94mhttps://app.scaleswap.io/img/icons/profile-grey.svg[0m
Request 299: [94mhttps://app.scaleswap.io/img/bridge-grey.svg[0m
Request 300: [94mhttps://app.scaleswap.io/img/icons/disconnect.svg[0m
Request 301: [94mhttps://app.scaleswap.io/api/scalescore[0m
Request 302: [94mwss://ws35.hotjar.com/api/v2/client/ws[0m
Request 303: [94mhttps://app.scaleswap.io/_next/data/04XQBLZKEC_HKGHrtK3WT/en/scalescore.json[0m
Request 304: [94mhttps://app.scaleswap.io/_next/static/chunks/pages/scalescore-fab7f7433f54e909f8a8.js[0m
Request 305: [94mhttps://app.scaleswap.io/_next/data/04XQBLZKEC_HKGHrtK3WT/en/investor-dashboard.json[0m
Request 306: [94mhttps://app.scaleswap.io/_next/static/chunks/pages/investor-dashboard-042794e5a7b4ec54a1e9.js[0m
Request 307: [94mhttps://region1.google-analytics.com/g/collect[0m
Request 308: [94mhttps://region1.google-analytics.com/g/collect[0m
Request 309: [94mhttps://www.google-analytics.com/collect[0m
Request 310: [94mhttps://app.scaleswap.io/_next/static/chunks/pages/investor-dashboard-042794e5a7b4ec54a1e9.js[0m
Request 311: [94mhttps://app.scaleswap.io/_next/static/css/61533fd3d84e5f788778.css[0m
Request 312: [94mhttps://app.scaleswap.io/_next/static/chunks/pages/scalescore-fab7f7433f54e909f8a8.js[0m
Request 313: [94mhttps://app.scaleswap.io/_next/static/css/c7e40199b0bbf3ae0e64.css[0m
Request 314: [94mhttps://region1.google-analytics.com/g/collect[0m
Request 315: [94mwss://ws35.hotjar.com/api/v2/client/ws[0m
Request 316: [94mhttps://sentry.io/api/273505/envelope/[0m
Request 317: [94mhttps://sentry.io/api/273505/envelope/[0m
Page closed: [94mchrome-extension://glepecflakcnfpeedbnclfdcabngidkh/notification.html#[0m
Request 318: [94mwss://ws35.hotjar.com/api/v2/client/ws[0m
Request 319: [94mhttps://app.scaleswap.io/api/pools[0m
Request 320: [94mwss://ws35.hotjar.com/api/v2/client/ws[0m
Request 321: [94mhttps://app.scaleswap.io/api/projects-all[0m
Request 322: [94mwss://ws35.hotjar.com/api/v2/client/ws[0m
No sign or approve button found!
Request 323: [94mhttps://app.scaleswap.io/[0m
Request 324: [94mhttps://region1.google-analytics.com/g/collect[0m
Request 325: [94mhttps://region1.google-analytics.com/g/collect[0m
Request 326: [94mwss://ws35.hotjar.com/api/v2/client/ws[0m
Request 327: [94mhttps://stackpath.bootstrapcdn.com/font-awesome/4.7.0/css/font-awesome.min.css[0m
Request 328: [94mhttps://fonts.googleapis.com/css2[0m
Request 329: [94mhttps://stackpath.bootstrapcdn.com/bootstrap/4.3.1/css/bootstrap.min.css[0m
Request 330: [94mhttps://code.jquery.com/jquery-2.2.4.min.js[0m
Request 331: [94mhttps://maxcdn.bootstrapcdn.com/bootstrap/4.3.1/js/bootstrap.min.js[0m
Request 332: [94mhttps://cdnjs.cloudflare.com/ajax/libs/jquery-easing/1.3/jquery.easing.min.js[0m
Request 333: [94mhttps://app.scaleswap.io/js/jquery.cookie.js[0m
Request 334: [94mhttps://unpkg.com/isotope-layout@3/dist/isotope.pkgd.min.js[0m
Request 335: [94mhttps://www.google.com/recaptcha/api.js[0m
Request 336: [94mhttps://app.scaleswap.io/js/script.js[0m
Request 337: [94mhttps://app.scaleswap.io/_next/static/css/86bc6af5cee120978710.css[0m
Request 338: [94mhttps://app.scaleswap.io/_next/static/css/c2c82efcfa7aae1305ea.css[0m
Request 339: [94mhttps://app.scaleswap.io/_next/static/chunks/webpack-f1c1414562a9911eb3e3.js[0m
Request 340: [94mhttps://app.scaleswap.io/_next/static/chunks/framework.3105c3e333ee10fd9558.js[0m
Request 341: [94mhttps://app.scaleswap.io/_next/static/chunks/commons.a1eb28a7ac6082684a7f.js[0m
Request 342: [94mhttps://app.scaleswap.io/_next/static/chunks/main-5a837ffcbb2ebe1e914e.js[0m
Request 343: [94mhttps://app.scaleswap.io/_next/static/chunks/898467a070c6c56570af70238cd1226b541db980.5d9f5f66c33ef39649c3.js[0m
Request 344: [94mhttps://app.scaleswap.io/_next/static/chunks/pages/_app-c3e02577efa2172f7566.js[0m
Request 345: [94mhttps://app.scaleswap.io/_next/static/chunks/75fc9c18.daa6e841d2cb4900e052.js[0m
Request 346: [94mhttps://app.scaleswap.io/_next/static/chunks/9c884030650b708a30a94d66af25b176765b9531.66335a71a7bddd14540d.js[0m
Request 347: [94mhttps://app.scaleswap.io/_next/static/chunks/954193aa80c0d0d1defc4c422614198942533470.3a77db08834600938360.js[0m
Request 348: [94mhttps://app.scaleswap.io/_next/static/chunks/pages/index-7074f97e75d386af22d0.js[0m
Request 349: [94mhttps://app.scaleswap.io/img/logo_web_scaleswap.svg[0m
Request 350: [94mhttps://app.scaleswap.io/img/logo_mobile.svg[0m
Request 351: [94mhttps://app.scaleswap.io/img/icons/burger.svg[0m
Request 352: [94mhttps://app.scaleswap.io/img/icons/wallet-connect.svg[0m
Request 353: [94mhttps://app.scaleswap.io/img/arrow_welcome.svg[0m
Request 354: [94mhttps://app.scaleswap.io/img/twitter.svg[0m
Request 355: [94mhttps://app.scaleswap.io/img/medium.svg[0m
Request 356: [94mhttps://app.scaleswap.io/img/telegram.svg[0m
Request 357: [94mhttps://app.scaleswap.io/_next/static/04XQBLZKEC_HKGHrtK3WT/_buildManifest.js[0m
Request 358: [94mhttps://app.scaleswap.io/_next/static/04XQBLZKEC_HKGHrtK3WT/_ssgManifest.js[0m
Request 359: [94mhttps://unpkg.com/isotope-layout@3.0.6/dist/isotope.pkgd.min.js[0m
Request 360: [94mhttps://fonts.gstatic.com/s/montserrat/v25/JTUSjIg1_i6t8kCHKm459WlhyyTh89Y.woff2[0m
Request 361: [94mhttps://fonts.gstatic.com/s/montserrat/v25/JTUSjIg1_i6t8kCHKm459WlhyyTh89Y.woff2[0m
Request 362: [94mhttps://fonts.gstatic.com/s/montserrat/v25/JTUSjIg1_i6t8kCHKm459WlhyyTh89Y.woff2[0m
Request 363: [94mhttps://fonts.gstatic.com/s/montserrat/v25/JTUSjIg1_i6t8kCHKm459WlhyyTh89Y.woff2[0m
Request 364: [94mhttps://fonts.gstatic.com/s/montserrat/v25/JTUSjIg1_i6t8kCHKm459WlhyyTh89Y.woff2[0m
Request 365: [94mhttps://fonts.gstatic.com/s/montserrat/v25/JTUSjIg1_i6t8kCHKm459WlhyyTh89Y.woff2[0m
Request 366: [94mhttps://fonts.gstatic.com/s/montserrat/v25/JTUSjIg1_i6t8kCHKm459WlhyyTh89Y.woff2[0m
Request 367: [94mhttps://www.gstatic.com/recaptcha/releases/Gg72x2_SHmxi8X0BLo33HMpr/recaptcha__en.js[0m
Request 368: [94mhttps://app.scaleswap.io/img/favicon.ico[0m
Request 369: [94mhttps://fonts.gstatic.com/s/montserrat/v25/JTUSjIg1_i6t8kCHKm459WlhyyTh89Y.woff2[0m
Request 370: [94mhttps://fonts.gstatic.com/s/montserrat/v25/JTUSjIg1_i6t8kCHKm459WlhyyTh89Y.woff2[0m
Request 371: [94mhttps://fonts.gstatic.com/s/montserrat/v25/JTUSjIg1_i6t8kCHKm459WlhyyTh89Y.woff2[0m
Request 372: [94mhttps://fonts.gstatic.com/s/montserrat/v25/JTUSjIg1_i6t8kCHKm459WlhyyTh89Y.woff2[0m
Request 373: [94mhttps://fonts.gstatic.com/s/montserrat/v25/JTUSjIg1_i6t8kCHKm459WlhyyTh89Y.woff2[0m
Request 374: [94mhttps://fonts.gstatic.com/s/montserrat/v25/JTUSjIg1_i6t8kCHKm459WlhyyTh89Y.woff2[0m
Request 375: [94mhttps://fonts.gstatic.com/s/montserrat/v25/JTUSjIg1_i6t8kCHKm459WlhyyTh89Y.woff2[0m
Waiting for 30000ms
Request 376: [94mhttps://static.klaviyo.com/onsite/js/klaviyo.js[0m
Request 377: [94mhttps://edge.marker.io/latest/shim.js[0m
Request 378: [94mhttps://app.scaleswap.io/api/pools[0m
Request 379: [94mhttps://www.googletagmanager.com/gtm.js[0m
Request 380: [94mhttps://app.scaleswap.io/api/networks[0m
Request 381: [94mhttps://app.scaleswap.io/api/v2/payment-tokens[0m
Request 382: [94mhttps://app.scaleswap.io/api/v2/tokens[0m
Request 383: [94mhttps://app.scaleswap.io/api/pools[0m
Request 384: [94mhttps://app.scaleswap.io/img/loading.gif[0m
Request 385: [94mhttps://app.scaleswap.io/_next/static/chunks/75fc9c18.daa6e841d2cb4900e052.js[0m
Request 386: [94mhttps://app.scaleswap.io/_next/static/chunks/9c884030650b708a30a94d66af25b176765b9531.66335a71a7bddd14540d.js[0m
Request 387: [94mhttps://app.scaleswap.io/_next/static/chunks/954193aa80c0d0d1defc4c422614198942533470.3a77db08834600938360.js[0m
Request 388: [94mhttps://app.scaleswap.io/_next/static/chunks/pages/index-7074f97e75d386af22d0.js[0m
Request 389: [94mhttps://app.scaleswap.io/_next/data/04XQBLZKEC_HKGHrtK3WT/en.json[0m
Request 390: [94mhttps://static-tracking.klaviyo.com/onsite/js/build-preview/commit-f9eceb6471d41db1c66c77e934ef6ddeb765a2fb/fender_analytics.42a910303762129b987c.js[0m
Request 391: [94mhttps://static-tracking.klaviyo.com/onsite/js/build-preview/commit-f9eceb6471d41db1c66c77e934ef6ddeb765a2fb/static.afc80bee31dc9e622dc1.js[0m
Request 392: [94mhttps://static.klaviyo.com/onsite/js/build-preview/commit-f9eceb6471d41db1c66c77e934ef6ddeb765a2fb/runtime.eabc8a1e9ab7aa93b3ae.js[0m
Request 393: [94mhttps://static.klaviyo.com/onsite/js/build-preview/commit-f9eceb6471d41db1c66c77e934ef6ddeb765a2fb/sharedUtils.3de4f7002f4cb2b9833f.js[0m
Request 394: [94mhttps://static.klaviyo.com/onsite/js/build-preview/commit-f9eceb6471d41db1c66c77e934ef6ddeb765a2fb/vendors~signup_forms.a31dd14a1ce62f91235b.js[0m
Request 395: [94mhttps://static.klaviyo.com/onsite/js/build-preview/commit-f9eceb6471d41db1c66c77e934ef6ddeb765a2fb/signup_forms.d045c8bc2b9bd27bff08.js[0m
Request 396: [94mhttps://static.klaviyo.com/onsite/js/klaviyo.js[0m
Request 397: [94mhttps://app.scaleswap.io/img/diamond_white.svg[0m
Request 398: [94mhttps://app.scaleswap.io/img/alert.svg[0m
Request 399: [94mhttps://app.scaleswap.io/img/diamond_empty.svg[0m
Request 400: [94mhttps://app.scaleswap.io/img/diamond_full.svg[0m
Request 401: [94mhttps://app.scaleswap.io/img/icons/copy-grey.svg[0m
Request 402: [94mhttps://app.scaleswap.io/img/icons/eth-grey1.svg[0m
Request 403: [94mhttps://app.scaleswap.io/img/icons/profile-grey.svg[0m
Request 404: [94mhttps://app.scaleswap.io/img/bridge-grey.svg[0m
Request 405: [94mhttps://app.scaleswap.io/img/icons/disconnect.svg[0m
Request 406: [94mhttps://static.hotjar.com/c/hotjar-2422668.js[0m
Request 407: [94mhttps://www.google-analytics.com/analytics.js[0m
Request 408: [94mhttps://www.googletagmanager.com/gtag/js[0m
Request 409: [94mhttps://www.googletagmanager.com/gtag/js[0m
Request 410: [94mhttps://app.scaleswap.io/api/scalescore[0m
Request 411: [94mhttps://fast.a.klaviyo.com/custom-fonts/api/v1/company-fonts/onsite[0m
Request 412: [94mhttps://static-forms.klaviyo.com/forms/api/v6/XCmAFV/full-forms[0m
Request 413: [94mhttps://script.hotjar.com/modules.ea0a6d6a741d5de8308e.js[0m
Request 414: [94mhttps://fonts.gstatic.com/s/montserrat/v25/JTUSjIg1_i6t8kCHKm459WlhyyTh89Y.woff2[0m
Request 415: [94mhttps://fonts.gstatic.com/s/montserrat/v25/JTUSjIg1_i6t8kCHKm459WlhyyTh89Y.woff2[0m
Request 416: [94mhttps://fonts.gstatic.com/s/montserrat/v25/JTUSjIg1_i6t8kCHKm459WlhyyTh89Y.woff2[0m
Request 417: [94mhttps://fonts.gstatic.com/s/montserrat/v25/JTUSjIg1_i6t8kCHKm459WlhyyTh89Y.woff2[0m
Request 418: [94mhttps://fonts.gstatic.com/s/montserrat/v25/JTUSjIg1_i6t8kCHKm459WlhyyTh89Y.woff2[0m
Request 419: [94mhttps://fonts.gstatic.com/s/montserrat/v25/JTUSjIg1_i6t8kCHKm459WlhyyTh89Y.woff2[0m
Request 420: [94mhttps://fonts.gstatic.com/s/montserrat/v25/JTUSjIg1_i6t8kCHKm459WlhyyTh89Y.woff2[0m
Request 421: [94mhttps://app.scaleswap.io/img/bridge.svg[0m
Request 422: [94mhttps://app.scaleswap.io/img/arrowright-white.svg[0m
Request 423: [94mhttps://app.scaleswap.io/img/icons/weth.svg[0m
Request 424: [94mhttps://app.scaleswap.io/img/icons/arrow-menu.svg[0m
Request 425: [94mhttps://app.scaleswap.io/img/icons/fantom.svg[0m
Request 426: [94mhttps://app.scaleswap.io/img/icons/harmony.svg[0m
Request 427: [94mhttps://app.scaleswap.io/img/icons/binance.svg[0m
Request 428: [94mhttps://app.scaleswap.io/img/wallet.svg[0m
Request 429: [94mhttps://app.scaleswap.io/img/arrowright-orange.svg[0m
Request 430: [94mhttps://app.scaleswap.io/img/icons/copy-white.svg[0m
Request 431: [94mhttps://app.scaleswap.io/img/icons/wallet-connect-white.svg[0m
Request 432: [94mhttps://app.scaleswap.io/img/icons/profile.svg[0m
Request 433: [94mhttps://fonts.gstatic.com/s/montserrat/v25/JTUSjIg1_i6t8kCHKm459WlhyyTh89Y.woff2[0m
Request 434: [94mhttps://fonts.gstatic.com/s/montserrat/v25/JTUSjIg1_i6t8kCHKm459WlhyyTh89Y.woff2[0m
Request 435: [94mhttps://fonts.gstatic.com/s/montserrat/v25/JTUSjIg1_i6t8kCHKm459WlhyyTh89Y.woff2[0m
Request 436: [94mhttps://fonts.gstatic.com/s/montserrat/v25/JTUSjIg1_i6t8kCHKm459WlhyyTh89Y.woff2[0m
Request 437: [94mhttps://fonts.gstatic.com/s/montserrat/v25/JTUSjIg1_i6t8kCHKm459WlhyyTh89Y.woff2[0m
Request 438: [94mhttps://fonts.gstatic.com/s/montserrat/v25/JTUSjIg1_i6t8kCHKm459WlhyyTh89Y.woff2[0m
Request 439: [94mhttps://fonts.gstatic.com/s/montserrat/v25/JTUSjIg1_i6t8kCHKm459WlhyyTh89Y.woff2[0m
Request 440: [94mhttps://www.google-analytics.com/j/collect[0m
Request 441: [94mhttps://www.google-analytics.com/collect[0m
Request 442: [94mhttps://static.klaviyo.com/onsite/js/build-preview/commit-f9eceb6471d41db1c66c77e934ef6ddeb765a2fb/vendors~ClientStore.2e3aa6941a04805c58f8.js[0m
Request 443: [94mhttps://static.klaviyo.com/onsite/js/build-preview/commit-f9eceb6471d41db1c66c77e934ef6ddeb765a2fb/ClientStore.ef066b870ad49bfb8952.js[0m
Request 444: [94mhttps://region1.google-analytics.com/g/collect[0m
Request 445: [94mhttps://region1.google-analytics.com/g/collect[0m
Request 446: [94mhttps://app.scaleswap.io/_next/data/04XQBLZKEC_HKGHrtK3WT/en/scalescore.json[0m
Request 447: [94mhttps://app.scaleswap.io/_next/static/chunks/pages/scalescore-fab7f7433f54e909f8a8.js[0m
Request 448: [94mhttps://vars.hotjar.com/box-ff00c703c3bbdf54ae44ee858d64f69e.html[0m
Request 449: [94mhttps://edge.marker.io/latest/3.v1.60.2.884f375d40e4a362599e.js[0m
Request 450: [94mhttps://edge.marker.io/latest/4.v1.60.2.55c8fa5dccd368814946.js[0m
Request 451: [94mhttps://app.scaleswap.io/_next/data/04XQBLZKEC_HKGHrtK3WT/en/investor-dashboard.json[0m
Request 452: [94mhttps://app.scaleswap.io/_next/static/chunks/pages/investor-dashboard-042794e5a7b4ec54a1e9.js[0m
Request 453: [94mhttps://static.klaviyo.com/onsite/js/build-preview/commit-f9eceb6471d41db1c66c77e934ef6ddeb765a2fb/532.dd9a1df84d96cf83ca19.css[0m
Request 454: [94mhttps://static.klaviyo.com/onsite/js/build-preview/commit-f9eceb6471d41db1c66c77e934ef6ddeb765a2fb/styles.22c2b11c5e8fc57b054a.js[0m
Request 455: [94mhttps://static.klaviyo.com/onsite/js/build-preview/commit-f9eceb6471d41db1c66c77e934ef6ddeb765a2fb/vendors~Render.bb03d19e0b7d2674d1c6.js[0m
Request 456: [94mhttps://static.klaviyo.com/onsite/js/build-preview/commit-f9eceb6471d41db1c66c77e934ef6ddeb765a2fb/Render.30fd618113ce2021892f.js[0m
Request 457: [94mhttps://fonts.gstatic.com/s/montserrat/v25/JTUSjIg1_i6t8kCHKm459WlhyyTh89Y.woff2[0m
Request 458: [94mhttps://fonts.gstatic.com/s/montserrat/v25/JTUSjIg1_i6t8kCHKm459WlhyyTh89Y.woff2[0m
Request 459: [94mhttps://fonts.gstatic.com/s/montserrat/v25/JTUSjIg1_i6t8kCHKm459WlhyyTh89Y.woff2[0m
Request 460: [94mhttps://fonts.gstatic.com/s/montserrat/v25/JTUSjIg1_i6t8kCHKm459WlhyyTh89Y.woff2[0m
Request 461: [94mhttps://fonts.gstatic.com/s/montserrat/v25/JTUSjIg1_i6t8kCHKm459WlhyyTh89Y.woff2[0m
Request 462: [94mhttps://fonts.gstatic.com/s/montserrat/v25/JTUSjIg1_i6t8kCHKm459WlhyyTh89Y.woff2[0m
Request 463: [94mhttps://fonts.gstatic.com/s/montserrat/v25/JTUSjIg1_i6t8kCHKm459WlhyyTh89Y.woff2[0m
Request 464: [94mhttps://api.marker.io/widget/ping[0m
Request 465: [94mhttps://in.hotjar.com/api/v2/client/sites/2422668/visit-data[0m
Request 466: [94mhttps://fonts.gstatic.com/s/montserrat/v25/JTUSjIg1_i6t8kCHKm459WlhyyTh89Y.woff2[0m
Request 467: [94mhttps://fonts.gstatic.com/s/montserrat/v25/JTUSjIg1_i6t8kCHKm459WlhyyTh89Y.woff2[0m
Request 468: [94mhttps://fonts.gstatic.com/s/montserrat/v25/JTUSjIg1_i6t8kCHKm459WlhyyTh89Y.woff2[0m
Request 469: [94mhttps://fonts.gstatic.com/s/montserrat/v25/JTUSjIg1_i6t8kCHKm459WlhyyTh89Y.woff2[0m
Request 470: [94mhttps://fonts.gstatic.com/s/montserrat/v25/JTUSjIg1_i6t8kCHKm459WlhyyTh89Y.woff2[0m
Request 471: [94mhttps://fonts.gstatic.com/s/montserrat/v25/JTUSjIg1_i6t8kCHKm459WlhyyTh89Y.woff2[0m
Request 472: [94mhttps://fonts.gstatic.com/s/montserrat/v25/JTUSjIg1_i6t8kCHKm459WlhyyTh89Y.woff2[0m
Request 473: [94mhttps://app.scaleswap.io/api/pools[0m
Request 474: [94mhttps://telemetrics.klaviyo.com/v1/metric[0m
Request 475: [94mhttps://fonts.gstatic.com/s/montserrat/v25/JTUSjIg1_i6t8kCHKm459WlhyyTh89Y.woff2[0m
Request 476: [94mhttps://fonts.gstatic.com/s/montserrat/v25/JTUSjIg1_i6t8kCHKm459WlhyyTh89Y.woff2[0m
Request 477: [94mhttps://fonts.gstatic.com/s/montserrat/v25/JTUSjIg1_i6t8kCHKm459WlhyyTh89Y.woff2[0m
Request 478: [94mhttps://fonts.gstatic.com/s/montserrat/v25/JTUSjIg1_i6t8kCHKm459WlhyyTh89Y.woff2[0m
Request 479: [94mhttps://fonts.gstatic.com/s/montserrat/v25/JTUSjIg1_i6t8kCHKm459WlhyyTh89Y.woff2[0m
Request 480: [94mhttps://fonts.gstatic.com/s/montserrat/v25/JTUSjIg1_i6t8kCHKm459WlhyyTh89Y.woff2[0m
Request 481: [94mhttps://fonts.gstatic.com/s/montserrat/v25/JTUSjIg1_i6t8kCHKm459WlhyyTh89Y.woff2[0m
Request 482: [94mhttps://fonts.gstatic.com/s/montserrat/v25/JTUSjIg1_i6t8kCHKm459WlhyyTh89Y.woff2[0m
Request 483: [94mhttps://fonts.gstatic.com/s/montserrat/v25/JTUSjIg1_i6t8kCHKm459WlhyyTh89Y.woff2[0m
Request 484: [94mhttps://fonts.gstatic.com/s/montserrat/v25/JTUSjIg1_i6t8kCHKm459WlhyyTh89Y.woff2[0m
Request 485: [94mhttps://fonts.gstatic.com/s/montserrat/v25/JTUSjIg1_i6t8kCHKm459WlhyyTh89Y.woff2[0m
Request 486: [94mhttps://fonts.gstatic.com/s/montserrat/v25/JTUSjIg1_i6t8kCHKm459WlhyyTh89Y.woff2[0m
Request 487: [94mhttps://fonts.gstatic.com/s/montserrat/v25/JTUSjIg1_i6t8kCHKm459WlhyyTh89Y.woff2[0m
Request 488: [94mhttps://fonts.gstatic.com/s/montserrat/v25/JTUSjIg1_i6t8kCHKm459WlhyyTh89Y.woff2[0m
Request 489: [94mhttps://app.scaleswap.io/_next/static/css/c2c82efcfa7aae1305ea.css[0m
Request 490: [94mhttps://app.scaleswap.io/_next/static/chunks/pages/scalescore-fab7f7433f54e909f8a8.js[0m
Request 491: [94mhttps://app.scaleswap.io/_next/static/css/c7e40199b0bbf3ae0e64.css[0m
Request 492: [94mhttps://app.scaleswap.io/_next/static/chunks/pages/investor-dashboard-042794e5a7b4ec54a1e9.js[0m
Request 493: [94mhttps://app.scaleswap.io/_next/static/css/61533fd3d84e5f788778.css[0m
Request 494: [94mhttps://content.hotjar.io/[0m
Request 495: [94mhttps://app.scaleswap.io/img/favicon.ico[0m
Request 496: [94mhttps://www.google-analytics.com/collect[0m
Request 497: [94mhttps://app.scaleswap.io/api/projects-all[0m
Request 498: [94mwss://ws35.hotjar.com/api/v2/client/ws[0m
Request 499: [94mwss://ws35.hotjar.com/api/v2/client/ws[0m
Request 500: [94mwss://ws35.hotjar.com/api/v2/client/ws[0m
Request 501: [94mwss://ws35.hotjar.com/api/v2/client/ws[0m
Request 502: [94mhttps://scaleswap.io/wp-content/uploads/2022/09/pos_ukiss_logo-150x150.png[0m
Request 503: [94mhttps://scaleswap.io/wp-content/uploads/2022/09/logo_bossfighters-150x150.png[0m
Request 504: [94mhttps://landing.nonprod.scaleswap.io/wp-content/uploads/2022/09/logo_haunted_space.png[0m
Request 505: [94mhttps://scaleswap.io/idos/logo_eywa.png[0m
Request 506: [94mhttps://scaleswap.io/idos/dehealth_logo_app.png[0m
Request 507: [94mhttps://scaleswap.io/idos/metarun_logo_ido.png[0m
Request 508: [94mhttps://scaleswap.io/idos/logo_ido_metaprints.png[0m
Request 509: [94mhttps://scaleswap.io/idos/arcadenetwork_logo.png[0m
Request 510: [94mhttps://scaleswap.io/idos/anomus_logo.png[0m
Request 511: [94mhttps://scaleswap.io/idos/artwallet_logo.png[0m
Request 512: [94mhttps://scaleswap.io/idos/icon-envelop.svg[0m
Request 513: [94mhttps://miro.medium.com/fit/c/262/262/1*m2GDkMldpjmOtIflXyHt_Q.png[0m
Request 514: [94mhttps://scaleswap.io/images/rocket/logo_torum.png[0m
Request 515: [94mhttps://cirusfoundation.com/wp-content/themes/cirus-oracle-wp/assets/img/cirus-logo-ball.svg[0m
Request 516: [94mhttps://scaleswap.io/images/icon_top.svg[0m
Request 517: [94mhttps://app.scaleswap.io/api/projects-all[0m
Request 518: [94mhttps://app.scaleswap.io/api/projects-all[0m
Request 519: [94mhttps://app.scaleswap.io/api/pools[0m
Request 520: [94mhttps://app.scaleswap.io/img/loading.gif[0m
Request 521: [94mhttps://app.scaleswap.io/api/projects-all[0m
Request 522: [94mwss://ws35.hotjar.com/api/v2/client/ws[0m
Request 523: [94mhttps://region1.google-analytics.com/g/collect[0m
Page closed: [94mhttps://app.scaleswap.io/[0m
Trying to shutdown
Page closed: [94mchrome-extension://glepecflakcnfpeedbnclfdcabngidkh/home.html#[0m
