Executing with arguments:  {
  printFrameHierarchy: true,
  debugLevel: 'verbose',
  headless: false,
  profilePath: undefined,
  secs: 30,
  links: undefined,
  url: 'https://app.saffron.finance/#home',
  walletPath: 'metamask-chrome-10.22.2',
  destination: '../results/dapps/crawl',
  force: false,
  executablePath: '/Users/christof/.cache/puppeteer/chrome/mac-1056772/chrome-mac/Chromium.app/Contents/MacOS/Chromium'
}
Completed configuring new page. (about:blank)
Completed configuring new page. (chrome-extension://glepecflakcnfpeedbnclfdcabngidkh/home.html)
Request 1: [94mchrome-extension://glepecflakcnfpeedbnclfdcabngidkh/react-gallery/carousel.min.css[0m
Request 2: [94mhttps://sentry.io/api/273505/envelope/[0m
[94mTrying to import MetaMask connect...[0m
Request 3: [94mchrome-extension://glepecflakcnfpeedbnclfdcabngidkh/_locales/en/messages.json[0m
Request 4: [94mchrome-extension://glepecflakcnfpeedbnclfdcabngidkh/_locales/en/messages.json[0m
Request 5: [94mhttps://sentry.io/api/273505/envelope/[0m
Request 6: [94mhttps://sentry.io/api/273505/envelope/[0m
Request 7: [94mchrome-extension://glepecflakcnfpeedbnclfdcabngidkh/fonts/Euclid/EuclidCircularB-Regular-WebXL.ttf[0m
Request 8: [94mchrome-extension://glepecflakcnfpeedbnclfdcabngidkh/fonts/Euclid/EuclidCircularB-Medium.ttf[0m
Request 9: [94mchrome-extension://glepecflakcnfpeedbnclfdcabngidkh/images/logo/metamask-fox.svg[0m
Request 10: [94mhttps://sentry.io/api/273505/envelope/[0m
Request 11: [94mhttps://sentry.io/api/273505/envelope/[0m
Request 12: [94mchrome-extension://glepecflakcnfpeedbnclfdcabngidkh/images/metrics-chart.svg[0m
Request 13: [94mchrome-extension://glepecflakcnfpeedbnclfdcabngidkh/fonts/fontawesome/fa-solid-900.woff2[0m
Request 14: [94mchrome-extension://glepecflakcnfpeedbnclfdcabngidkh/fonts/Euclid/EuclidCircularB-Bold-WebXL.ttf[0m
Request 15: [94mhttps://sentry.io/api/273505/envelope/[0m
Request 16: [94mhttps://sentry.io/api/273505/envelope/[0m
Request 17: [94mhttps://sentry.io/api/273505/envelope/[0m
Request 18: [94mhttps://sentry.io/api/273505/envelope/[0m
Request 19: [94mchrome-extension://glepecflakcnfpeedbnclfdcabngidkh/fonts/Roboto/Roboto-Regular.ttf[0m
Request 20: [94mchrome-extension://glepecflakcnfpeedbnclfdcabngidkh/fonts/fontawesome/fa-regular-400.woff2[0m
Request 21: [94mhttps://sentry.io/api/273505/envelope/[0m
Request 22: [94mhttps://sentry.io/api/273505/envelope/[0m
[92mImporting MetaMask wallet was successful![0m
Visiting https://app.saffron.finance/#home
Request 23: [94mhttps://app.saffron.finance/[0m
Request 24: [94mhttps://sentry.io/api/273505/envelope/[0m
Request 25: [94mhttps://sentry.io/api/273505/envelope/[0m
Request 26: [94mchrome-extension://glepecflakcnfpeedbnclfdcabngidkh/images/eth_logo.svg[0m
Request 27: [94mhttps://app.saffron.finance/static/css/3.9d7c97d4.chunk.css[0m
Request 28: [94mhttps://app.saffron.finance/static/css/main.7b3e7218.chunk.css[0m
Request 29: [94mhttps://app.saffron.finance/static/js/3.b75277cb.chunk.js[0m
Request 30: [94mhttps://app.saffron.finance/static/js/main.74bd0b72.chunk.js[0m
Request 31: [94mhttps://app.saffron.finance/static/media/kebab.dd5b7a38.svg[0m
Request 32: [94mhttps://app.saffron.finance/static/media/navlogo.4357c863.svg[0m
Request 33: [94mhttps://app.saffron.finance/static/media/ellipsisLoader.1bd5c51d.svg[0m
Request 34: [94mhttps://mainnet-api.saffron.finance/v2/protocol-info[0m
Request 35: [94mhttps://mainnet-api.saffron.finance/v2/pools[0m
Request 36: [94mhttps://app.saffron.finance/favicon/favicon-32x32.png[0m
Request 37: [94mhttps://app.saffron.finance/static/media/WorkSans-VariableFont_wght.e7663f1a.ttf[0m
Request 38: [94mhttps://app.saffron.finance/favicon/site.webmanifest[0m
Request 39: [94mhttps://app.saffron.finance/favicon/favicon.ico[0m
Request 40: [94mhttps://app.saffron.finance/static/media/openlink.7e7c8ae0.svg[0m
Request 41: [94mhttps://app.saffron.finance/static/media/sfiblue.f1f2faee.svg[0m
Request 42: [94mhttps://app.saffron.finance/static/media/sfired.8cb478a2.svg[0m
Request 43: [94mhttps://app.saffron.finance/static/media/eth.050279d1.svg[0m
Request 44: [94mhttps://app.saffron.finance/static/media/notice.983e995e.svg[0m
Request 45: [94mhttps://app.saffron.finance/static/media/search.ec9b6a69.svg[0m
Request 46: [94mhttps://app.saffron.finance/static/media/downarrow.27b4c024.svg[0m
Request 47: [94mhttps://app.saffron.finance/static/media/btse.3e61be90.svg[0m
Request 48: [94mhttps://app.saffron.finance/static/media/alpha.5f792a8e.svg[0m
Request 49: [94mhttps://app.saffron.finance/static/media/prt.11eed0e0.svg[0m
Identified connect buttons: 
[ 'Connect Wallet', 'Connect', 'Wallet' ]
Request 50: [94mhttps://app.saffron.finance/static/media/close-x.ff61c2ef.svg[0m
Request 51: [94mhttps://app.saffron.finance/static/media/metamask.56c96b65.svg[0m
Request 52: [94mhttps://app.saffron.finance/static/media/coinbase-wallet.d7a339b3.svg[0m
Request 53: [94mhttps://app.saffron.finance/static/media/wallet-connect.f1e940e2.svg[0m
Request 54: [94mhttps://app.saffron.finance/static/media/fortmatic.8ed3c803.svg[0m
Found connect button: Connect Wallet
Identified MetaMask buttons:
[ 'MetaMask', 'metamask' ]
Found MetaMask button: MetaMask
Completed configuring new page. (chrome-extension://glepecflakcnfpeedbnclfdcabngidkh/notification.html)
Request 55: [94mchrome-extension://glepecflakcnfpeedbnclfdcabngidkh/react-gallery/carousel.min.css[0m
Request 56: [94mhttps://sentry.io/api/273505/envelope/[0m
Request 57: [94mchrome-extension://glepecflakcnfpeedbnclfdcabngidkh/_locales/en/messages.json[0m
Request 58: [94mchrome-extension://glepecflakcnfpeedbnclfdcabngidkh/_locales/en/messages.json[0m
Request 59: [94mchrome-extension://glepecflakcnfpeedbnclfdcabngidkh/fonts/Euclid/EuclidCircularB-Bold-WebXL.ttf[0m
Request 60: [94mchrome-extension://glepecflakcnfpeedbnclfdcabngidkh/fonts/Euclid/EuclidCircularB-Regular-WebXL.ttf[0m
Request 61: [94mchrome-extension://glepecflakcnfpeedbnclfdcabngidkh/fonts/fontawesome/fa-solid-900.woff2[0m
Request 62: [94mchrome-extension://glepecflakcnfpeedbnclfdcabngidkh/fonts/Euclid/EuclidCircularB-Medium.ttf[0m
Request 63: [94mhttps://app.saffron.finance/favicon/favicon-32x32.png[0m
No checkbox found!
Exiting while loop: MetaMask popup open!
End of while loop: popup
Request 64: [94mhttps://sentry.io/api/273505/envelope/[0m
Request 65: [94mhttps://sentry.io/api/273505/envelope/[0m
Clicked next button!
Clicked continue button!
[92mSuccessfully connected MetaMask wallet![0m
Request 66: [94mhttps://mainnet-api.saffron.finance/v2/pools[0m
Request 67: [94mhttps://sentry.io/api/273505/envelope/[0m
Request 68: [94mhttps://sentry.io/api/273505/envelope/[0m
Page closed: [94mchrome-extension://glepecflakcnfpeedbnclfdcabngidkh/notification.html#[0m
Request 69: [94mhttps://mainnet-api.saffron.finance/v2/pools[0m
No sign or approve button found!
Request 70: [94mhttps://app.saffron.finance/[0m
Request 71: [94mhttps://app.saffron.finance/static/css/3.9d7c97d4.chunk.css[0m
Request 72: [94mhttps://app.saffron.finance/static/css/main.7b3e7218.chunk.css[0m
Request 73: [94mhttps://app.saffron.finance/static/js/3.b75277cb.chunk.js[0m
Request 74: [94mhttps://app.saffron.finance/static/js/main.74bd0b72.chunk.js[0m
Request 75: [94mhttps://app.saffron.finance/static/media/WorkSans-VariableFont_wght.e7663f1a.ttf[0m
Request 76: [94mhttps://app.saffron.finance/static/media/kebab.dd5b7a38.svg[0m
Request 77: [94mhttps://app.saffron.finance/static/media/navlogo.4357c863.svg[0m
Request 78: [94mhttps://app.saffron.finance/static/media/ellipsisLoader.1bd5c51d.svg[0m
Request 79: [94mhttps://mainnet-api.saffron.finance/v2/protocol-info[0m
Request 80: [94mhttps://mainnet-api.saffron.finance/v2/pools[0m
Request 81: [94mhttps://app.saffron.finance/favicon/favicon-32x32.png[0m
Waiting for 30000ms
Request 82: [94mhttps://app.saffron.finance/favicon/favicon.ico[0m
Request 83: [94mhttps://app.saffron.finance/favicon/site.webmanifest[0m
Request 84: [94mhttps://app.saffron.finance/static/media/sfiblue.f1f2faee.svg[0m
Request 85: [94mhttps://app.saffron.finance/static/media/sfired.8cb478a2.svg[0m
Request 86: [94mhttps://app.saffron.finance/static/media/eth.050279d1.svg[0m
Request 87: [94mhttps://app.saffron.finance/static/media/notice.983e995e.svg[0m
Request 88: [94mhttps://app.saffron.finance/static/media/search.ec9b6a69.svg[0m
Request 89: [94mhttps://app.saffron.finance/static/media/downarrow.27b4c024.svg[0m
Request 90: [94mhttps://app.saffron.finance/static/media/btse.3e61be90.svg[0m
Request 91: [94mhttps://app.saffron.finance/static/media/alpha.5f792a8e.svg[0m
Request 92: [94mhttps://app.saffron.finance/static/media/prt.11eed0e0.svg[0m
Request 93: [94mhttps://app.saffron.finance/static/media/openlink.7e7c8ae0.svg[0m
Request 94: [94mhttps://mainnet-api.saffron.finance/v2/pools[0m
Page closed: [94mhttps://app.saffron.finance/#home[0m
Trying to shutdown
Page closed: [94mchrome-extension://glepecflakcnfpeedbnclfdcabngidkh/home.html#[0m
