Executing with arguments:  {
  printFrameHierarchy: true,
  debugLevel: 'verbose',
  headless: false,
  profilePath: undefined,
  secs: 30,
  links: undefined,
  url: 'https://app.resource.finance/#/',
  walletPath: 'metamask-chrome-10.22.2',
  destination: '../results/dapps/crawl',
  force: false,
  executablePath: '/Users/christof/.cache/puppeteer/chrome/mac-1056772/chrome-mac/Chromium.app/Contents/MacOS/Chromium'
}
Completed configuring new page. (about:blank)
Completed configuring new page. (chrome-extension://glepecflakcnfpeedbnclfdcabngidkh/home.html)
Request 1: [94mchrome-extension://glepecflakcnfpeedbnclfdcabngidkh/react-gallery/carousel.min.css[0m
Request 2: [94mhttps://sentry.io/api/273505/envelope/[0m
[94mTrying to import MetaMask connect...[0m
Request 3: [94mchrome-extension://glepecflakcnfpeedbnclfdcabngidkh/_locales/en/messages.json[0m
Request 4: [94mchrome-extension://glepecflakcnfpeedbnclfdcabngidkh/_locales/en/messages.json[0m
Request 5: [94mhttps://sentry.io/api/273505/envelope/[0m
Request 6: [94mhttps://sentry.io/api/273505/envelope/[0m
Request 7: [94mchrome-extension://glepecflakcnfpeedbnclfdcabngidkh/fonts/Euclid/EuclidCircularB-Regular-WebXL.ttf[0m
Request 8: [94mchrome-extension://glepecflakcnfpeedbnclfdcabngidkh/fonts/Euclid/EuclidCircularB-Medium.ttf[0m
Request 9: [94mchrome-extension://glepecflakcnfpeedbnclfdcabngidkh/images/logo/metamask-fox.svg[0m
Request 10: [94mhttps://sentry.io/api/273505/envelope/[0m
Request 11: [94mhttps://sentry.io/api/273505/envelope/[0m
Request 12: [94mchrome-extension://glepecflakcnfpeedbnclfdcabngidkh/images/metrics-chart.svg[0m
Request 13: [94mchrome-extension://glepecflakcnfpeedbnclfdcabngidkh/fonts/fontawesome/fa-solid-900.woff2[0m
Request 14: [94mchrome-extension://glepecflakcnfpeedbnclfdcabngidkh/fonts/Euclid/EuclidCircularB-Bold-WebXL.ttf[0m
Request 15: [94mhttps://sentry.io/api/273505/envelope/[0m
Request 16: [94mhttps://sentry.io/api/273505/envelope/[0m
Request 17: [94mhttps://sentry.io/api/273505/envelope/[0m
Request 18: [94mhttps://sentry.io/api/273505/envelope/[0m
Request 19: [94mchrome-extension://glepecflakcnfpeedbnclfdcabngidkh/fonts/Roboto/Roboto-Regular.ttf[0m
Request 20: [94mchrome-extension://glepecflakcnfpeedbnclfdcabngidkh/fonts/fontawesome/fa-regular-400.woff2[0m
Request 21: [94mhttps://sentry.io/api/273505/envelope/[0m
Request 22: [94mhttps://sentry.io/api/273505/envelope/[0m
[92mImporting MetaMask wallet was successful![0m
Visiting https://app.resource.finance/#/
Request 23: [94mhttps://app.resource.finance/[0m
Request 24: [94mhttps://sentry.io/api/273505/envelope/[0m
Request 25: [94mhttps://sentry.io/api/273505/envelope/[0m
Request 26: [94mchrome-extension://glepecflakcnfpeedbnclfdcabngidkh/images/eth_logo.svg[0m
Request 27: [94mhttps://app.resource.finance/_next/static/css/833de74b6bfe14e9.css[0m
Request 28: [94mhttps://app.resource.finance/_next/static/chunks/webpack-b97ab6ddbe6dbf36.js[0m
Request 29: [94mhttps://app.resource.finance/_next/static/chunks/framework-348f86d225132ea3.js[0m
Request 30: [94mhttps://app.resource.finance/_next/static/chunks/main-07bbfca05808b03d.js[0m
Request 31: [94mhttps://app.resource.finance/_next/static/chunks/pages/_app-5c98f23594ddf89b.js[0m
Request 32: [94mhttps://app.resource.finance/_next/static/chunks/pages/index-59b376ff5ce4ac50.js[0m
Request 33: [94mhttps://app.resource.finance/_next/static/GLRF1zxNsnC5A5V1hA3-I/_buildManifest.js[0m
Request 34: [94mhttps://app.resource.finance/_next/static/GLRF1zxNsnC5A5V1hA3-I/_ssgManifest.js[0m
Request 35: [94mhttps://app.resource.finance/_next/static/GLRF1zxNsnC5A5V1hA3-I/_middlewareManifest.js[0m
Request 36: [94mhttps://res.cloudinary.com/resource-network/image/upload/v1640210548/resource-protocol/brand/resource-logotype-white_osat1c.svg[0m
Request 37: [94mhttps://res.cloudinary.com/resource-network/image/upload/v1640210548/resource-protocol/sushi_ztktca.png[0m
Request 38: [94mhttps://app.resource.finance/exchanges/uniswap.png[0m
Request 39: [94mhttps://app.resource.finance/exchanges/pancakeswap.png[0m
Request 40: [94mhttps://res.cloudinary.com/resource-network/image/upload/v1640210548/resource-protocol/matcha_sch4ny.png[0m
Request 41: [94mhttps://app.resource.finance/exchanges/ubeswap.png[0m
Request 42: [94mhttps://app.resource.finance/exchanges/gate-io.png[0m
Request 43: [94mhttps://res.cloudinary.com/resource-network/image/upload/v1640210548/resource-protocol/logos/shapeshift-l_iipu4f.png[0m
Request 44: [94mhttps://app.resource.finance/cdn-cgi/scripts/5c5dd728/cloudflare-static/email-decode.min.js[0m
Request 45: [94mhttps://o535113.ingest.sentry.io/api/6434934/envelope/[0m
Request 46: [94mhttps://api.thegraph.com/subgraphs/name/ubeswap/ubeswap[0m
Request 47: [94mhttps://api.thegraph.com/subgraphs/name/ubeswap/ubeswap[0m
Request 48: [94mhttps://res.cloudinary.com/resource-network/image/upload/v1649997299/resource-protocol/nibera/rglobe_rg6fao.png[0m
Request 49: [94mhttps://res.cloudinary.com/resource-network/image/upload/v1640210548/resource-protocol/nibera/stars-bg-L_oiuvo3.png[0m
Request 50: [94mhttps://res.cloudinary.com/resource-network/image/upload/v1651186746/resource-protocol/nibera/3_xrl3sh.jpg[0m
Request 51: [94mhttps://forno.celo.org/[0m
Request 52: [94mhttps://forno.celo.org/[0m
Request 53: [94mhttps://forno.celo.org/[0m
Request 54: [94mhttps://forno.celo.org/[0m
Request 55: [94mhttps://forno.celo.org/[0m
Request 56: [94mhttps://forno.celo.org/[0m
Request 57: [94mhttps://forno.celo.org/[0m
Request 58: [94mhttps://forno.celo.org/[0m
Request 59: [94mhttps://forno.celo.org/[0m
Request 60: [94mhttps://forno.celo.org/[0m
Request 61: [94mhttps://forno.celo.org/[0m
Request 62: [94mhttps://forno.celo.org/[0m
Request 63: [94mhttps://forno.celo.org/[0m
Request 64: [94mhttps://forno.celo.org/[0m
Request 65: [94mhttps://forno.celo.org/[0m
Request 66: [94mhttps://forno.celo.org/[0m
Request 67: [94mhttps://forno.celo.org/[0m
Request 68: [94mhttps://forno.celo.org/[0m
Request 69: [94mhttps://forno.celo.org/[0m
Request 70: [94mhttps://forno.celo.org/[0m
Request 71: [94mhttps://forno.celo.org/[0m
Request 72: [94mhttps://forno.celo.org/[0m
Request 73: [94mhttps://forno.celo.org/[0m
Request 74: [94mhttps://forno.celo.org/[0m
Request 75: [94mhttps://app.resource.finance/_next/static/media/museomoderno-latin-400-normal.bdae1016.woff2[0m
Request 76: [94mhttps://forno.celo.org/[0m
Request 77: [94mhttps://forno.celo.org/[0m
Request 78: [94mhttps://forno.celo.org/[0m
Request 79: [94mhttps://forno.celo.org/[0m
Request 80: [94mhttps://forno.celo.org/[0m
Request 81: [94mhttps://forno.celo.org/[0m
Request 82: [94mhttps://forno.celo.org/[0m
Request 83: [94mhttps://forno.celo.org/[0m
Request 84: [94mhttps://forno.celo.org/[0m
Request 85: [94mhttps://forno.celo.org/[0m
Request 86: [94mhttps://forno.celo.org/[0m
Request 87: [94mhttps://forno.celo.org/[0m
Request 88: [94mhttps://forno.celo.org/[0m
Request 89: [94mhttps://forno.celo.org/[0m
Request 90: [94mhttps://api.thegraph.com/subgraphs/name/ubeswap/ubeswap[0m
Request 91: [94mhttps://app.resource.finance/favicon.ico[0m
Request 92: [94mhttps://o535113.ingest.sentry.io/api/6434934/envelope/[0m
Request 93: [94mhttps://forno.celo.org/[0m
Request 94: [94mhttps://forno.celo.org/[0m
Request 95: [94mhttps://forno.celo.org/[0m
Request 96: [94mhttps://forno.celo.org/[0m
Request 97: [94mhttps://forno.celo.org/[0m
Request 98: [94mhttps://forno.celo.org/[0m
Request 99: [94mhttps://forno.celo.org/[0m
Request 100: [94mhttps://forno.celo.org/[0m
Request 101: [94mhttps://forno.celo.org/[0m
Request 102: [94mhttps://forno.celo.org/[0m
Identified connect buttons: 
[ 'Connect wallet', 'Connect', 'wallet' ]
Request 103: [94mhttps://res.cloudinary.com/helpkit/image/upload/v1637141229/steakwallet_logo_dark_6703a6b026.png[0m
Found connect button: Connect wallet
Identified MetaMask buttons:
[ 'MetaMask' ]
Found MetaMask button: MetaMask
Completed configuring new page. (chrome-extension://glepecflakcnfpeedbnclfdcabngidkh/notification.html)
Request 104: [94mchrome-extension://glepecflakcnfpeedbnclfdcabngidkh/react-gallery/carousel.min.css[0m
Request 105: [94mhttps://sentry.io/api/273505/envelope/[0m
Request 106: [94mhttps://forno.celo.org/[0m
Request 107: [94mhttps://forno.celo.org/[0m
Request 108: [94mhttps://forno.celo.org/[0m
Request 109: [94mhttps://forno.celo.org/[0m
Request 110: [94mhttps://forno.celo.org/[0m
Request 111: [94mhttps://forno.celo.org/[0m
Request 112: [94mchrome-extension://glepecflakcnfpeedbnclfdcabngidkh/_locales/en/messages.json[0m
Request 113: [94mchrome-extension://glepecflakcnfpeedbnclfdcabngidkh/_locales/en/messages.json[0m
Request 114: [94mchrome-extension://glepecflakcnfpeedbnclfdcabngidkh/fonts/Euclid/EuclidCircularB-Bold-WebXL.ttf[0m
Request 115: [94mchrome-extension://glepecflakcnfpeedbnclfdcabngidkh/fonts/Euclid/EuclidCircularB-Regular-WebXL.ttf[0m
Request 116: [94mchrome-extension://glepecflakcnfpeedbnclfdcabngidkh/fonts/fontawesome/fa-solid-900.woff2[0m
Request 117: [94mchrome-extension://glepecflakcnfpeedbnclfdcabngidkh/fonts/Euclid/EuclidCircularB-Medium.ttf[0m
No checkbox found!
Exiting while loop: MetaMask popup open!
End of while loop: popup
Request 118: [94mhttps://forno.celo.org/[0m
Request 119: [94mhttps://forno.celo.org/[0m
Request 120: [94mhttps://forno.celo.org/[0m
Request 121: [94mhttps://forno.celo.org/[0m
Request 122: [94mhttps://sentry.io/api/273505/envelope/[0m
Request 123: [94mhttps://sentry.io/api/273505/envelope/[0m
Clicked next button!
Clicked continue button!
[92mSuccessfully connected MetaMask wallet![0m
Request 124: [94mhttps://api.thegraph.com/subgraphs/name/ubeswap/ubeswap[0m
Request 125: [94mhttps://api.thegraph.com/subgraphs/name/ubeswap/ubeswap[0m
Request 126: [94mhttps://api.thegraph.com/subgraphs/name/ubeswap/ubeswap[0m
Request 127: [94mhttps://api.thegraph.com/subgraphs/name/ubeswap/ubeswap[0m
Request 128: [94mhttps://forno.celo.org/[0m
Request 129: [94mhttps://forno.celo.org/[0m
Request 130: [94mhttps://forno.celo.org/[0m
Request 131: [94mhttps://forno.celo.org/[0m
Request 132: [94mhttps://forno.celo.org/[0m
Request 133: [94mhttps://forno.celo.org/[0m
Request 134: [94mhttps://forno.celo.org/[0m
Request 135: [94mhttps://forno.celo.org/[0m
Request 136: [94mhttps://forno.celo.org/[0m
Request 137: [94mhttps://forno.celo.org/[0m
Request 138: [94mhttps://forno.celo.org/[0m
Request 139: [94mhttps://forno.celo.org/[0m
Request 140: [94mhttps://forno.celo.org/[0m
Request 141: [94mhttps://forno.celo.org/[0m
Request 142: [94mhttps://forno.celo.org/[0m
Request 143: [94mhttps://forno.celo.org/[0m
Request 144: [94mhttps://forno.celo.org/[0m
Request 145: [94mhttps://forno.celo.org/[0m
Request 146: [94mhttps://forno.celo.org/[0m
Request 147: [94mhttps://forno.celo.org/[0m
Request 148: [94mhttps://forno.celo.org/[0m
Request 149: [94mhttps://forno.celo.org/[0m
Request 150: [94mhttps://forno.celo.org/[0m
Request 151: [94mhttps://forno.celo.org/[0m
Request 152: [94mhttps://forno.celo.org/[0m
Request 153: [94mhttps://forno.celo.org/[0m
Request 154: [94mhttps://forno.celo.org/[0m
Request 155: [94mhttps://forno.celo.org/[0m
Request 156: [94mhttps://forno.celo.org/[0m
Request 157: [94mhttps://forno.celo.org/[0m
Request 158: [94mhttps://forno.celo.org/[0m
Request 159: [94mhttps://forno.celo.org/[0m
Request 160: [94mhttps://forno.celo.org/[0m
Request 161: [94mhttps://forno.celo.org/[0m
Request 162: [94mhttps://forno.celo.org/[0m
Request 163: [94mhttps://forno.celo.org/[0m
Request 164: [94mhttps://forno.celo.org/[0m
Request 165: [94mhttps://forno.celo.org/[0m
Request 166: [94mhttps://forno.celo.org/[0m
Request 167: [94mhttps://forno.celo.org/[0m
Request 168: [94mhttps://forno.celo.org/[0m
Request 169: [94mhttps://forno.celo.org/[0m
Request 170: [94mhttps://forno.celo.org/[0m
Request 171: [94mhttps://forno.celo.org/[0m
Request 172: [94mhttps://forno.celo.org/[0m
Request 173: [94mhttps://forno.celo.org/[0m
Request 174: [94mhttps://forno.celo.org/[0m
Request 175: [94mhttps://forno.celo.org/[0m
Request 176: [94mhttps://sentry.io/api/273505/envelope/[0m
Request 177: [94mhttps://sentry.io/api/273505/envelope/[0m
Request 178: [94mchrome-extension://glepecflakcnfpeedbnclfdcabngidkh/images/eth_logo.svg[0m
Request 179: [94mhttps://sentry.io/api/273505/envelope/[0m
Request 180: [94mhttps://sentry.io/api/273505/envelope/[0m
Request 181: [94mhttps://chainid.network/chains.json[0m
Request 182: [94mhttps://forno.celo.org/[0m
Request 183: [94mhttps://forno.celo.org/[0m
Request 184: [94mhttps://forno.celo.org/[0m
Request 185: [94mhttps://forno.celo.org/[0m
Request 186: [94mhttps://forno.celo.org/[0m
Request 187: [94mhttps://forno.celo.org/[0m
Request 188: [94mhttps://forno.celo.org/[0m
Request 189: [94mhttps://forno.celo.org/[0m
Request 190: [94mhttps://forno.celo.org/[0m
Request 191: [94mhttps://forno.celo.org/[0m
Request 192: [94mhttps://forno.celo.org/[0m
Request 193: [94mhttps://forno.celo.org/[0m
Request 194: [94mhttps://forno.celo.org/[0m
Request 195: [94mhttps://forno.celo.org/[0m
Request 196: [94mhttps://forno.celo.org/[0m
Request 197: [94mhttps://forno.celo.org/[0m
Request 198: [94mhttps://forno.celo.org/[0m
Request 199: [94mhttps://forno.celo.org/[0m
Request 200: [94mhttps://forno.celo.org/[0m
Request 201: [94mhttps://forno.celo.org/[0m
Request 202: [94mhttps://forno.celo.org/[0m
Request 203: [94mhttps://forno.celo.org/[0m
Request 204: [94mhttps://forno.celo.org/[0m
Request 205: [94mhttps://forno.celo.org/[0m
Request 206: [94mhttps://forno.celo.org/[0m
Request 207: [94mhttps://forno.celo.org/[0m
Request 208: [94mhttps://forno.celo.org/[0m
Request 209: [94mhttps://forno.celo.org/[0m
Request 210: [94mhttps://forno.celo.org/[0m
Request 211: [94mhttps://forno.celo.org/[0m
Request 212: [94mhttps://forno.celo.org/[0m
Request 213: [94mhttps://forno.celo.org/[0m
Request 214: [94mhttps://forno.celo.org/[0m
Request 215: [94mhttps://forno.celo.org/[0m
Request 216: [94mhttps://forno.celo.org/[0m
Request 217: [94mhttps://forno.celo.org/[0m
Clicked on approve and switch network button!
No sign or approve button found!
Request 218: [94mhttps://app.resource.finance/[0m
Request 219: [94mhttps://forno.celo.org/[0m
Request 220: [94mhttps://forno.celo.org/[0m
Request 221: [94mhttps://forno.celo.org/[0m
Request 222: [94mhttps://forno.celo.org/[0m
Request 223: [94mhttps://forno.celo.org/[0m
Request 224: [94mhttps://forno.celo.org/[0m
Request 225: [94mhttps://forno.celo.org/[0m
Request 226: [94mhttps://forno.celo.org/[0m
Request 227: [94mhttps://forno.celo.org/[0m
Request 228: [94mhttps://sentry.io/api/273505/envelope/[0m
Request 229: [94mhttps://sentry.io/api/273505/envelope/[0m
Request 230: [94mhttps://token-api.metaswap.codefi.network/tokens/0xa4ec[0m
Request 231: [94mhttps://token-api.metaswap.codefi.network/tokens/0xa4ec[0m
Request 232: [94mhttps://token-api.metaswap.codefi.network/tokens/0xa4ec[0m
Page closed: [94mchrome-extension://glepecflakcnfpeedbnclfdcabngidkh/notification.html#[0m
Request 233: [94mhttps://api.thegraph.com/subgraphs/name/ubeswap/ubeswap[0m
Request 234: [94mhttps://api.thegraph.com/subgraphs/name/ubeswap/ubeswap[0m
Request 235: [94mhttps://forno.celo.org/[0m
Request 236: [94mhttps://forno.celo.org/[0m
Request 237: [94mhttps://forno.celo.org/[0m
Request 238: [94mhttps://forno.celo.org/[0m
Request 239: [94mhttps://forno.celo.org/[0m
Request 240: [94mhttps://forno.celo.org/[0m
Request 241: [94mhttps://forno.celo.org/[0m
Request 242: [94mhttps://forno.celo.org/[0m
Request 243: [94mhttps://forno.celo.org/[0m
Request 244: [94mhttps://forno.celo.org/[0m
Request 245: [94mhttps://forno.celo.org/[0m
Request 246: [94mhttps://forno.celo.org/[0m
Request 247: [94mhttps://api.thegraph.com/subgraphs/name/ubeswap/ubeswap[0m
Request 248: [94mhttps://api.thegraph.com/subgraphs/name/ubeswap/ubeswap[0m
Request 249: [94mhttps://forno.celo.org/[0m
Request 250: [94mhttps://forno.celo.org/[0m
Request 251: [94mhttps://forno.celo.org/[0m
Request 252: [94mhttps://forno.celo.org/[0m
Request 253: [94mhttps://forno.celo.org/[0m
Request 254: [94mhttps://forno.celo.org/[0m
Request 255: [94mhttps://forno.celo.org/[0m
Request 256: [94mhttps://forno.celo.org/[0m
Request 257: [94mhttps://forno.celo.org/[0m
Request 258: [94mhttps://forno.celo.org/[0m
Request 259: [94mhttps://forno.celo.org/[0m
Request 260: [94mhttps://forno.celo.org/[0m
Request 261: [94mhttps://forno.celo.org/[0m
Request 262: [94mhttps://forno.celo.org/[0m
Request 263: [94mhttps://app.resource.finance/_next/static/css/833de74b6bfe14e9.css[0m
Request 264: [94mhttps://app.resource.finance/_next/static/chunks/webpack-b97ab6ddbe6dbf36.js[0m
Request 265: [94mhttps://app.resource.finance/_next/static/chunks/framework-348f86d225132ea3.js[0m
Request 266: [94mhttps://app.resource.finance/_next/static/chunks/main-07bbfca05808b03d.js[0m
Request 267: [94mhttps://app.resource.finance/_next/static/chunks/pages/_app-5c98f23594ddf89b.js[0m
Request 268: [94mhttps://app.resource.finance/_next/static/chunks/pages/index-59b376ff5ce4ac50.js[0m
Request 269: [94mhttps://app.resource.finance/_next/static/GLRF1zxNsnC5A5V1hA3-I/_buildManifest.js[0m
Request 270: [94mhttps://app.resource.finance/_next/static/GLRF1zxNsnC5A5V1hA3-I/_ssgManifest.js[0m
Request 271: [94mhttps://app.resource.finance/_next/static/GLRF1zxNsnC5A5V1hA3-I/_middlewareManifest.js[0m
Request 272: [94mhttps://res.cloudinary.com/resource-network/image/upload/v1640210548/resource-protocol/brand/resource-logotype-white_osat1c.svg[0m
Request 273: [94mhttps://res.cloudinary.com/resource-network/image/upload/v1640210548/resource-protocol/sushi_ztktca.png[0m
Request 274: [94mhttps://app.resource.finance/exchanges/uniswap.png[0m
Request 275: [94mhttps://app.resource.finance/exchanges/pancakeswap.png[0m
Request 276: [94mhttps://res.cloudinary.com/resource-network/image/upload/v1640210548/resource-protocol/matcha_sch4ny.png[0m
Request 277: [94mhttps://app.resource.finance/exchanges/ubeswap.png[0m
Request 278: [94mhttps://app.resource.finance/exchanges/gate-io.png[0m
Request 279: [94mhttps://res.cloudinary.com/resource-network/image/upload/v1640210548/resource-protocol/logos/shapeshift-l_iipu4f.png[0m
Request 280: [94mhttps://app.resource.finance/cdn-cgi/scripts/5c5dd728/cloudflare-static/email-decode.min.js[0m
Request 281: [94mchrome-extension://glepecflakcnfpeedbnclfdcabngidkh/react-gallery/carousel.min.css[0m
Completed configuring new page. (chrome-extension://glepecflakcnfpeedbnclfdcabngidkh/notification.html)
Request 282: [94mhttps://app.resource.finance/_next/static/media/museomoderno-latin-400-normal.bdae1016.woff2[0m
Request 283: [94mhttps://sentry.io/api/273505/envelope/[0m
Request 284: [94mhttps://o535113.ingest.sentry.io/api/6434934/envelope/[0m
Request 285: [94mhttps://token-api.metaswap.codefi.network/tokens/0xa4ec[0m
Request 286: [94mhttps://api.thegraph.com/subgraphs/name/ubeswap/ubeswap[0m
Request 287: [94mhttps://res.cloudinary.com/resource-network/image/upload/v1649997299/resource-protocol/nibera/rglobe_rg6fao.png[0m
Request 288: [94mhttps://res.cloudinary.com/resource-network/image/upload/v1640210548/resource-protocol/nibera/stars-bg-L_oiuvo3.png[0m
Request 289: [94mhttps://res.cloudinary.com/resource-network/image/upload/v1651186746/resource-protocol/nibera/3_xrl3sh.jpg[0m
Waiting for 30000ms
Request 290: [94mhttps://forno.celo.org/[0m
Request 291: [94mhttps://forno.celo.org/[0m
Request 292: [94mhttps://forno.celo.org/[0m
Request 293: [94mhttps://forno.celo.org/[0m
Request 294: [94mhttps://forno.celo.org/[0m
Request 295: [94mhttps://forno.celo.org/[0m
Request 296: [94mhttps://forno.celo.org/[0m
Request 297: [94mhttps://forno.celo.org/[0m
Request 298: [94mhttps://forno.celo.org/[0m
Request 299: [94mhttps://forno.celo.org/[0m
Request 300: [94mhttps://forno.celo.org/[0m
Request 301: [94mhttps://app.resource.finance/favicon.ico[0m
Request 302: [94mhttps://forno.celo.org/[0m
Request 303: [94mhttps://forno.celo.org/[0m
Request 304: [94mhttps://forno.celo.org/[0m
Request 305: [94mhttps://forno.celo.org/[0m
Request 306: [94mhttps://forno.celo.org/[0m
Request 307: [94mhttps://forno.celo.org/[0m
Request 308: [94mhttps://forno.celo.org/[0m
Request 309: [94mhttps://forno.celo.org/[0m
Request 310: [94mhttps://forno.celo.org/[0m
Request 311: [94mhttps://forno.celo.org/[0m
Request 312: [94mhttps://forno.celo.org/[0m
Request 313: [94mhttps://forno.celo.org/[0m
Request 314: [94mhttps://forno.celo.org/[0m
Request 315: [94mhttps://api.thegraph.com/subgraphs/name/ubeswap/ubeswap[0m
Request 316: [94mhttps://o535113.ingest.sentry.io/api/6434934/envelope/[0m
Request 317: [94mchrome-extension://glepecflakcnfpeedbnclfdcabngidkh/_locales/en/messages.json[0m
Request 318: [94mchrome-extension://glepecflakcnfpeedbnclfdcabngidkh/_locales/en/messages.json[0m
Request 319: [94mhttps://celoreserve.org/assets/tokens/cUSD.svg[0m
Request 320: [94mhttps://celoreserve.org/assets/tokens/cEUR.svg[0m
Request 321: [94mhttps://celoreserve.org/assets/tokens/cREAL.svg[0m
Request 322: [94mchrome-extension://glepecflakcnfpeedbnclfdcabngidkh/fonts/fontawesome/fa-solid-900.woff2[0m
Request 323: [94mchrome-extension://glepecflakcnfpeedbnclfdcabngidkh/fonts/Euclid/EuclidCircularB-Bold-WebXL.ttf[0m
Request 324: [94mchrome-extension://glepecflakcnfpeedbnclfdcabngidkh/fonts/Euclid/EuclidCircularB-Regular-WebXL.ttf[0m
Request 325: [94mchrome-extension://glepecflakcnfpeedbnclfdcabngidkh/fonts/Euclid/EuclidCircularB-Medium.ttf[0m
Request 326: [94mhttps://reserve.mento.org/[0m
Request 327: [94mhttps://reserve.mento.org/[0m
Request 328: [94mhttps://reserve.mento.org/[0m
Request 329: [94mhttps://forno.celo.org/[0m
Request 330: [94mhttps://forno.celo.org/[0m
Request 331: [94mhttps://forno.celo.org/[0m
Request 332: [94mhttps://forno.celo.org/[0m
Request 333: [94mhttps://forno.celo.org/[0m
Request 334: [94mhttps://forno.celo.org/[0m
Request 335: [94mhttps://forno.celo.org/[0m
Request 336: [94mhttps://forno.celo.org/[0m
Request 337: [94mhttps://forno.celo.org/[0m
Request 338: [94mhttps://forno.celo.org/[0m
Request 339: [94mhttps://forno.celo.org/[0m
Request 340: [94mhttps://forno.celo.org/[0m
Request 341: [94mhttps://forno.celo.org/[0m
Request 342: [94mhttps://forno.celo.org/[0m
Request 343: [94mhttps://forno.celo.org/[0m
Request 344: [94mhttps://forno.celo.org/[0m
Request 345: [94mhttps://forno.celo.org/[0m
Request 346: [94mhttps://forno.celo.org/[0m
Request 347: [94mhttps://forno.celo.org/[0m
Request 348: [94mhttps://forno.celo.org/[0m
Request 349: [94mhttps://forno.celo.org/[0m
Request 350: [94mhttps://forno.celo.org/[0m
Request 351: [94mhttps://forno.celo.org/[0m
Request 352: [94mhttps://forno.celo.org/[0m
Request 353: [94mhttps://forno.celo.org/[0m
Request 354: [94mhttps://forno.celo.org/[0m
Request 355: [94mhttps://forno.celo.org/[0m
Request 356: [94mhttps://forno.celo.org/[0m
Request 357: [94mhttps://forno.celo.org/[0m
Request 358: [94mhttps://forno.celo.org/[0m
Page closed: [94mhttps://app.resource.finance/#/[0m
Trying to shutdown
Page closed: [94mchrome-extension://glepecflakcnfpeedbnclfdcabngidkh/home.html#[0m
Page closed: [94mchrome-extension://glepecflakcnfpeedbnclfdcabngidkh/notification.html#confirm-add-suggested-token[0m
