Executing with arguments:  {
  printFrameHierarchy: true,
  debugLevel: 'verbose',
  headless: false,
  profilePath: undefined,
  secs: 30,
  links: undefined,
  url: 'https://app.swing.xyz/',
  walletPath: 'metamask-chrome-10.22.2',
  destination: '../results/dapps/crawl',
  force: false,
  executablePath: '/Users/christof/.cache/puppeteer/chrome/mac-1056772/chrome-mac/Chromium.app/Contents/MacOS/Chromium'
}
Completed configuring new page. (about:blank)
Completed configuring new page. (chrome-extension://glepecflakcnfpeedbnclfdcabngidkh/home.html)
Request 1: [94mchrome-extension://glepecflakcnfpeedbnclfdcabngidkh/react-gallery/carousel.min.css[0m
Request 2: [94mhttps://sentry.io/api/273505/envelope/[0m
[94mTrying to import MetaMask connect...[0m
Request 3: [94mchrome-extension://glepecflakcnfpeedbnclfdcabngidkh/_locales/en/messages.json[0m
Request 4: [94mchrome-extension://glepecflakcnfpeedbnclfdcabngidkh/_locales/en/messages.json[0m
Request 5: [94mhttps://sentry.io/api/273505/envelope/[0m
Request 6: [94mhttps://sentry.io/api/273505/envelope/[0m
Request 7: [94mchrome-extension://glepecflakcnfpeedbnclfdcabngidkh/fonts/Euclid/EuclidCircularB-Regular-WebXL.ttf[0m
Request 8: [94mchrome-extension://glepecflakcnfpeedbnclfdcabngidkh/fonts/Euclid/EuclidCircularB-Medium.ttf[0m
Request 9: [94mchrome-extension://glepecflakcnfpeedbnclfdcabngidkh/images/logo/metamask-fox.svg[0m
Request 10: [94mhttps://sentry.io/api/273505/envelope/[0m
Request 11: [94mhttps://sentry.io/api/273505/envelope/[0m
Request 12: [94mchrome-extension://glepecflakcnfpeedbnclfdcabngidkh/images/metrics-chart.svg[0m
Request 13: [94mchrome-extension://glepecflakcnfpeedbnclfdcabngidkh/fonts/fontawesome/fa-solid-900.woff2[0m
Request 14: [94mchrome-extension://glepecflakcnfpeedbnclfdcabngidkh/fonts/Euclid/EuclidCircularB-Bold-WebXL.ttf[0m
Request 15: [94mhttps://sentry.io/api/273505/envelope/[0m
Request 16: [94mhttps://sentry.io/api/273505/envelope/[0m
Request 17: [94mhttps://sentry.io/api/273505/envelope/[0m
Request 18: [94mhttps://sentry.io/api/273505/envelope/[0m
Request 19: [94mchrome-extension://glepecflakcnfpeedbnclfdcabngidkh/fonts/Roboto/Roboto-Regular.ttf[0m
Request 20: [94mchrome-extension://glepecflakcnfpeedbnclfdcabngidkh/fonts/fontawesome/fa-regular-400.woff2[0m
Request 21: [94mhttps://sentry.io/api/273505/envelope/[0m
Request 22: [94mhttps://sentry.io/api/273505/envelope/[0m
[92mImporting MetaMask wallet was successful![0m
Visiting https://app.swing.xyz/
Request 23: [94mhttps://app.swing.xyz/[0m
Request 24: [94mhttps://sentry.io/api/273505/envelope/[0m
Request 25: [94mhttps://sentry.io/api/273505/envelope/[0m
Request 26: [94mchrome-extension://glepecflakcnfpeedbnclfdcabngidkh/images/eth_logo.svg[0m
Request 27: [94mhttps://app.swing.xyz/_next/static/media/swing_logo.f79db024.svg[0m
Request 28: [94mhttps://app.swing.xyz/_next/static/css/507336322b9deb0d.css[0m
Request 29: [94mhttps://app.swing.xyz/_next/static/chunks/38804702.2404d607e2c52e3c.js[0m
Request 30: [94mhttps://app.swing.xyz/_next/static/chunks/8c469d57.6a3fcebae4dc6d72.js[0m
Request 31: [94mhttps://app.swing.xyz/_next/static/chunks/741af68d.249e7b946915bc2e.js[0m
Request 32: [94mhttps://app.swing.xyz/_next/static/chunks/e893f787.44428e771b2cbe3d.js[0m
Request 33: [94mhttps://app.swing.xyz/_next/static/chunks/084bda8b.ba446e8eec3888c4.js[0m
Request 34: [94mhttps://app.swing.xyz/_next/static/chunks/f3c66533.258e2de584d91355.js[0m
Request 35: [94mhttps://app.swing.xyz/_next/static/chunks/0a894e51.66994bf9cc93bb25.js[0m
Request 36: [94mhttps://app.swing.xyz/_next/static/chunks/191.06fc830ad5858691.js[0m
Request 37: [94mhttps://app.swing.xyz/_next/static/chunks/622.52fc697bce1f7f5b.js[0m
Request 38: [94mhttps://app.swing.xyz/_next/static/chunks/webpack-1c95d079e558194b.js[0m
Request 39: [94mhttps://app.swing.xyz/_next/static/chunks/framework-49f1e091cbf6b261.js[0m
Request 40: [94mhttps://app.swing.xyz/_next/static/chunks/main-9197a6d6f42cfbda.js[0m
Request 41: [94mhttps://app.swing.xyz/_next/static/chunks/pages/_app-5e47444a73de7b06.js[0m
Request 42: [94mhttps://app.swing.xyz/_next/static/chunks/28455a0b-76aaa9739f171ea7.js[0m
Request 43: [94mhttps://app.swing.xyz/_next/static/chunks/688-aab83ce93ff07f33.js[0m
Request 44: [94mhttps://app.swing.xyz/_next/static/chunks/pages/index-8bdf6f7c3320d0fb.js[0m
Request 45: [94mhttps://app.swing.xyz/_next/static/1bW_HwEGvQw5c26nvNeGT/_buildManifest.js[0m
Request 46: [94mhttps://app.swing.xyz/_next/static/1bW_HwEGvQw5c26nvNeGT/_ssgManifest.js[0m
Request 47: [94mhttps://raw.githubusercontent.com/sushiswap/list/master/logos/token-logos/token/usdc.jpg[0m
Request 48: [94mhttps://raw.githubusercontent.com/sushiswap/list/master/logos/token-logos/token/eth.jpg[0m
Request 49: [94mhttps://raw.githubusercontent.com/sushiswap/list/master/logos/token-logos/token/polygon.jpg[0m
Request 50: [94mhttps://app.swing.xyz/api/reporter[0m
Request 51: [94mhttps://axelar-mainnet.s3.us-east-2.amazonaws.com/mainnet-asset-config.json[0m
Request 52: [94mdata:application/octet-stream[0m
Request 53: [94mhttps://axelar-mainnet.s3.us-east-2.amazonaws.com/mainnet-asset-config.json[0m
Request 54: [94mhttps://o577869.ingest.sentry.io/api/6503567/envelope/[0m
Request 55: [94mhttps://o577869.ingest.sentry.io/api/6503567/envelope/[0m
Request 56: [94mhttps://app.swing.xyz/_vercel/insights/script.js[0m
Request 57: [94mhttps://static.tildacdn.com/tild3933-3931-4139-a266-666138353163/favicon.ico[0m
Request 58: [94mdata:font/woff[0m
Request 59: [94mdata:font/woff[0m
Request 60: [94mhttps://app.swing.xyz/_vercel/insights/view[0m
Request 61: [94mhttps://swap.prod.swing.xyz/v0/transfer/config[0m
Request 62: [94mhttps://swap.prod.swing.xyz/v0/transfer/config[0m
Request 63: [94mhttps://static.tildacdn.com/tild3933-3931-4139-a266-666138353163/favicon.ico[0m
Identified connect buttons: 
[ 'Connect Wallet', 'Connect', 'Wallet', 'connect', 'wallet' ]
Found connect button: Connect Wallet
Request 64: [94mhttps://user-images.githubusercontent.com/7423098/206677683-a349fd35-8cd3-4847-81eb-de5bec1ee788.png[0m
Request 65: [94mhttps://user-images.githubusercontent.com/7423098/206677688-19fc6c2f-b7aa-490a-9f47-aa77a43d7e03.png[0m
Request 66: [94mhttps://user-images.githubusercontent.com/7423098/206677692-4df1365c-fdec-4945-87f8-3f94f69205ff.png[0m
Request 67: [94mhttps://user-images.githubusercontent.com/7423098/206677687-f9538303-09af-4d27-b84c-39305d77d989.png[0m
Request 68: [94mhttps://user-images.githubusercontent.com/7423098/206677694-148b7302-935b-4494-a470-0bd87a063e53.png[0m
Identified MetaMask buttons:
[ 'MetaMask' ]
Found MetaMask button: MetaMask
Completed configuring new page. (chrome-extension://glepecflakcnfpeedbnclfdcabngidkh/notification.html)
Request 69: [94mchrome-extension://glepecflakcnfpeedbnclfdcabngidkh/react-gallery/carousel.min.css[0m
Request 70: [94mhttps://sentry.io/api/273505/envelope/[0m
Request 71: [94mchrome-extension://glepecflakcnfpeedbnclfdcabngidkh/_locales/en/messages.json[0m
Request 72: [94mchrome-extension://glepecflakcnfpeedbnclfdcabngidkh/_locales/en/messages.json[0m
Request 73: [94mchrome-extension://glepecflakcnfpeedbnclfdcabngidkh/fonts/Euclid/EuclidCircularB-Bold-WebXL.ttf[0m
Request 74: [94mchrome-extension://glepecflakcnfpeedbnclfdcabngidkh/fonts/Euclid/EuclidCircularB-Regular-WebXL.ttf[0m
Request 75: [94mchrome-extension://glepecflakcnfpeedbnclfdcabngidkh/fonts/fontawesome/fa-solid-900.woff2[0m
Request 76: [94mchrome-extension://glepecflakcnfpeedbnclfdcabngidkh/fonts/Euclid/EuclidCircularB-Medium.ttf[0m
Request 77: [94mhttps://static.tildacdn.com/tild3933-3931-4139-a266-666138353163/favicon.ico[0m
No checkbox found!
Exiting while loop: MetaMask popup open!
End of while loop: popup
Request 78: [94mhttps://sentry.io/api/273505/envelope/[0m
Request 79: [94mhttps://sentry.io/api/273505/envelope/[0m
Clicked next button!
Clicked continue button!
[92mSuccessfully connected MetaMask wallet![0m
Request 80: [94mhttps://sentry.io/api/273505/envelope/[0m
Request 81: [94mhttps://sentry.io/api/273505/envelope/[0m
Page closed: [94mchrome-extension://glepecflakcnfpeedbnclfdcabngidkh/notification.html#[0m
No sign or approve button found!
Request 82: [94mhttps://app.swing.xyz/[0m
Request 83: [94mhttps://o577869.ingest.sentry.io/api/6503567/envelope/[0m
Request 84: [94mhttps://app.swing.xyz/_next/static/media/swing_logo.f79db024.svg[0m
Request 85: [94mhttps://app.swing.xyz/_next/static/css/507336322b9deb0d.css[0m
Request 86: [94mhttps://app.swing.xyz/_next/static/chunks/38804702.2404d607e2c52e3c.js[0m
Request 87: [94mhttps://app.swing.xyz/_next/static/chunks/8c469d57.6a3fcebae4dc6d72.js[0m
Request 88: [94mhttps://app.swing.xyz/_next/static/chunks/741af68d.249e7b946915bc2e.js[0m
Request 89: [94mhttps://app.swing.xyz/_next/static/chunks/e893f787.44428e771b2cbe3d.js[0m
Request 90: [94mhttps://app.swing.xyz/_next/static/chunks/084bda8b.ba446e8eec3888c4.js[0m
Request 91: [94mhttps://app.swing.xyz/_next/static/chunks/f3c66533.258e2de584d91355.js[0m
Request 92: [94mhttps://app.swing.xyz/_next/static/chunks/0a894e51.66994bf9cc93bb25.js[0m
Request 93: [94mhttps://app.swing.xyz/_next/static/chunks/191.06fc830ad5858691.js[0m
Request 94: [94mhttps://app.swing.xyz/_next/static/chunks/622.52fc697bce1f7f5b.js[0m
Request 95: [94mhttps://app.swing.xyz/_next/static/chunks/webpack-1c95d079e558194b.js[0m
Request 96: [94mhttps://app.swing.xyz/_next/static/chunks/framework-49f1e091cbf6b261.js[0m
Request 97: [94mhttps://app.swing.xyz/_next/static/chunks/main-9197a6d6f42cfbda.js[0m
Request 98: [94mhttps://app.swing.xyz/_next/static/chunks/pages/_app-5e47444a73de7b06.js[0m
Request 99: [94mhttps://app.swing.xyz/_next/static/chunks/28455a0b-76aaa9739f171ea7.js[0m
Request 100: [94mhttps://app.swing.xyz/_next/static/chunks/688-aab83ce93ff07f33.js[0m
Request 101: [94mhttps://app.swing.xyz/_next/static/chunks/pages/index-8bdf6f7c3320d0fb.js[0m
Request 102: [94mhttps://app.swing.xyz/_next/static/1bW_HwEGvQw5c26nvNeGT/_buildManifest.js[0m
Request 103: [94mhttps://app.swing.xyz/_next/static/1bW_HwEGvQw5c26nvNeGT/_ssgManifest.js[0m
Request 104: [94mhttps://raw.githubusercontent.com/sushiswap/list/master/logos/token-logos/token/usdc.jpg[0m
Request 105: [94mhttps://raw.githubusercontent.com/sushiswap/list/master/logos/token-logos/token/eth.jpg[0m
Request 106: [94mhttps://raw.githubusercontent.com/sushiswap/list/master/logos/token-logos/token/polygon.jpg[0m
Request 107: [94mdata:font/woff[0m
Request 108: [94mdata:font/woff[0m
Request 109: [94mhttps://axelar-mainnet.s3.us-east-2.amazonaws.com/mainnet-asset-config.json[0m
Request 110: [94mhttps://app.swing.xyz/api/reporter[0m
Request 111: [94mdata:application/octet-stream[0m
Request 112: [94mhttps://axelar-mainnet.s3.us-east-2.amazonaws.com/mainnet-asset-config.json[0m
Request 113: [94mhttps://o577869.ingest.sentry.io/api/6503567/envelope/[0m
Request 114: [94mhttps://o577869.ingest.sentry.io/api/6503567/envelope/[0m
Request 115: [94mhttps://static.tildacdn.com/tild3933-3931-4139-a266-666138353163/favicon.ico[0m
Waiting for 30000ms
Request 116: [94mhttps://app.swing.xyz/_vercel/insights/script.js[0m
Request 117: [94mhttps://app.swing.xyz/_vercel/insights/view[0m
Request 118: [94mhttps://static.tildacdn.com/tild3933-3931-4139-a266-666138353163/favicon.ico[0m
Request 119: [94mhttps://swap.prod.swing.xyz/v0/transfer/config[0m
Request 120: [94mhttps://swap.prod.swing.xyz/v0/transfer/config[0m
Request 121: [94mhttps://user-images.githubusercontent.com/7423098/206677683-a349fd35-8cd3-4847-81eb-de5bec1ee788.png[0m
Page closed: [94mhttps://app.swing.xyz/[0m
Trying to shutdown
Page closed: [94mchrome-extension://glepecflakcnfpeedbnclfdcabngidkh/home.html#[0m
