Executing with arguments:  {
  printFrameHierarchy: true,
  debugLevel: 'verbose',
  headless: false,
  profilePath: undefined,
  secs: 30,
  links: undefined,
  url: 'https://app.ether-lottery.com/',
  walletPath: 'metamask-chrome-10.22.2',
  destination: '../results/dapps/crawl',
  force: false,
  executablePath: '/Users/christof/.cache/puppeteer/chrome/mac-1056772/chrome-mac/Chromium.app/Contents/MacOS/Chromium'
}
Completed configuring new page. (about:blank)
Completed configuring new page. (:)
Request 1: [94mchrome-extension://glepecflakcnfpeedbnclfdcabngidkh/index.css[0m
Request 2: [94mchrome-extension://glepecflakcnfpeedbnclfdcabngidkh/index-rtl.css[0m
Request 3: [94mchrome-extension://glepecflakcnfpeedbnclfdcabngidkh/images/logo/metamask-fox.svg[0m
Request 4: [94mchrome-extension://glepecflakcnfpeedbnclfdcabngidkh/images/spinner.gif[0m
Request 5: [94mchrome-extension://glepecflakcnfpeedbnclfdcabngidkh/globalthis.js[0m
Request 6: [94mchrome-extension://glepecflakcnfpeedbnclfdcabngidkh/sentry-install.js[0m
Request 7: [94mchrome-extension://glepecflakcnfpeedbnclfdcabngidkh/runtime-lavamoat.js[0m
Request 8: [94mchrome-extension://glepecflakcnfpeedbnclfdcabngidkh/lockdown-more.js[0m
Request 9: [94mchrome-extension://glepecflakcnfpeedbnclfdcabngidkh/policy-load.js[0m
Request 10: [94mchrome-extension://glepecflakcnfpeedbnclfdcabngidkh/common-0.js[0m
Request 11: [94mchrome-extension://glepecflakcnfpeedbnclfdcabngidkh/common-1.js[0m
Request 12: [94mchrome-extension://glepecflakcnfpeedbnclfdcabngidkh/common-2.js[0m
Request 13: [94mchrome-extension://glepecflakcnfpeedbnclfdcabngidkh/common-3.js[0m
Request 14: [94mchrome-extension://glepecflakcnfpeedbnclfdcabngidkh/common-4.js[0m
Request 15: [94mchrome-extension://glepecflakcnfpeedbnclfdcabngidkh/common-5.js[0m
Request 16: [94mchrome-extension://glepecflakcnfpeedbnclfdcabngidkh/common-6.js[0m
Request 17: [94mchrome-extension://glepecflakcnfpeedbnclfdcabngidkh/common-7.js[0m
Request 18: [94mchrome-extension://glepecflakcnfpeedbnclfdcabngidkh/common-8.js[0m
Request 19: [94mchrome-extension://glepecflakcnfpeedbnclfdcabngidkh/common-9.js[0m
Request 20: [94mchrome-extension://glepecflakcnfpeedbnclfdcabngidkh/ui-0.js[0m
Request 21: [94mchrome-extension://glepecflakcnfpeedbnclfdcabngidkh/ui-1.js[0m
Request 22: [94mchrome-extension://glepecflakcnfpeedbnclfdcabngidkh/ui-2.js[0m
Request 23: [94mchrome-extension://glepecflakcnfpeedbnclfdcabngidkh/ui-3.js[0m
Request 24: [94mchrome-extension://glepecflakcnfpeedbnclfdcabngidkh/ui-4.js[0m
Request 25: [94mchrome-extension://glepecflakcnfpeedbnclfdcabngidkh/ui-5.js[0m
Request 26: [94mchrome-extension://glepecflakcnfpeedbnclfdcabngidkh/ui-6.js[0m
Request 27: [94mchrome-extension://glepecflakcnfpeedbnclfdcabngidkh/ui-7.js[0m
Request 28: [94mchrome-extension://glepecflakcnfpeedbnclfdcabngidkh/ui-8.js[0m
Request 29: [94mchrome-extension://glepecflakcnfpeedbnclfdcabngidkh/ui-9.js[0m
Request 30: [94mchrome-extension://glepecflakcnfpeedbnclfdcabngidkh/react-gallery/carousel.min.css[0m
Request 31: [94mhttps://sentry.io/api/273505/envelope/[0m
[94mTrying to import MetaMask connect...[0m
Request 32: [94mchrome-extension://glepecflakcnfpeedbnclfdcabngidkh/_locales/en/messages.json[0m
Request 33: [94mchrome-extension://glepecflakcnfpeedbnclfdcabngidkh/_locales/en/messages.json[0m
Request 34: [94mhttps://sentry.io/api/273505/envelope/[0m
Request 35: [94mhttps://sentry.io/api/273505/envelope/[0m
Request 36: [94mchrome-extension://glepecflakcnfpeedbnclfdcabngidkh/fonts/Euclid/EuclidCircularB-Regular-WebXL.ttf[0m
Request 37: [94mchrome-extension://glepecflakcnfpeedbnclfdcabngidkh/fonts/Euclid/EuclidCircularB-Medium.ttf[0m
Request 38: [94mchrome-extension://glepecflakcnfpeedbnclfdcabngidkh/images/logo/metamask-fox.svg[0m
Request 39: [94mhttps://sentry.io/api/273505/envelope/[0m
Request 40: [94mhttps://sentry.io/api/273505/envelope/[0m
Request 41: [94mchrome-extension://glepecflakcnfpeedbnclfdcabngidkh/images/metrics-chart.svg[0m
Request 42: [94mchrome-extension://glepecflakcnfpeedbnclfdcabngidkh/fonts/fontawesome/fa-solid-900.woff2[0m
Request 43: [94mchrome-extension://glepecflakcnfpeedbnclfdcabngidkh/fonts/Euclid/EuclidCircularB-Bold-WebXL.ttf[0m
Request 44: [94mhttps://sentry.io/api/273505/envelope/[0m
Request 45: [94mhttps://sentry.io/api/273505/envelope/[0m
Request 46: [94mhttps://sentry.io/api/273505/envelope/[0m
Request 47: [94mhttps://sentry.io/api/273505/envelope/[0m
Request 48: [94mchrome-extension://glepecflakcnfpeedbnclfdcabngidkh/fonts/Roboto/Roboto-Regular.ttf[0m
Request 49: [94mchrome-extension://glepecflakcnfpeedbnclfdcabngidkh/fonts/fontawesome/fa-regular-400.woff2[0m
Request 50: [94mhttps://sentry.io/api/273505/envelope/[0m
Request 51: [94mhttps://sentry.io/api/273505/envelope/[0m
[92mImporting MetaMask wallet was successful![0m
Visiting https://app.ether-lottery.com/
Request 52: [94mhttps://app.ether-lottery.com/[0m
Request 53: [94mhttps://sentry.io/api/273505/envelope/[0m
Request 54: [94mhttps://sentry.io/api/273505/envelope/[0m
Request 55: [94mchrome-extension://glepecflakcnfpeedbnclfdcabngidkh/images/eth_logo.svg[0m
Request 56: [94mhttps://app.ether-lottery.com/_next/static/css/51d8bca8214580cc.css[0m
Request 57: [94mhttps://app.ether-lottery.com/_next/static/css/0de6f3d7089795f1.css[0m
Request 58: [94mhttps://app.ether-lottery.com/_next/static/chunks/webpack-f9a9a24bf6cd9a1b.js[0m
Request 59: [94mhttps://app.ether-lottery.com/_next/static/chunks/framework-45405dbdcddf505d.js[0m
Request 60: [94mhttps://app.ether-lottery.com/_next/static/chunks/main-0b5ca67ceaea1686.js[0m
Request 61: [94mhttps://app.ether-lottery.com/_next/static/chunks/pages/_app-8027895d08fe9881.js[0m
Request 62: [94mhttps://app.ether-lottery.com/_next/static/chunks/061e6b60-28bd444bb64e34ae.js[0m
Request 63: [94mhttps://app.ether-lottery.com/_next/static/chunks/fec483df-fd013576d56c4663.js[0m
Request 64: [94mhttps://app.ether-lottery.com/_next/static/chunks/506-78c6569498928281.js[0m
Request 65: [94mhttps://app.ether-lottery.com/_next/static/chunks/338-1d5d7045f1071cb2.js[0m
Request 66: [94mhttps://app.ether-lottery.com/_next/static/chunks/pages/index-2e79a67d8fbd1b94.js[0m
Request 67: [94mhttps://app.ether-lottery.com/_next/static/Em1nEWlz0ykMslJmYd_K_/_buildManifest.js[0m
Request 68: [94mhttps://app.ether-lottery.com/_next/static/Em1nEWlz0ykMslJmYd_K_/_ssgManifest.js[0m
Request 69: [94mhttps://app.ether-lottery.com/logo.png[0m
Request 70: [94mhttps://app.ether-lottery.com/icon-04.png[0m
Request 71: [94mhttps://app.ether-lottery.com/icon-03.png[0m
Request 72: [94mhttps://app.ether-lottery.com/imge9.jpg[0m
Request 73: [94mhttps://app.ether-lottery.com/metamask.png[0m
Request 74: [94mhttps://app.ether-lottery.com/favicon.ico[0m
Request 75: [94mhttps://app.ether-lottery.com/favicon.ico[0m
Identified connect buttons: 
[ 'Connect', 'Wallet' ]
Found connect button: Connect
Exiting while loop: MetaMask popup open!
End of while loop: popup
Completed configuring new page. (chrome-extension://glepecflakcnfpeedbnclfdcabngidkh/notification.html)
Request 76: [94mchrome-extension://glepecflakcnfpeedbnclfdcabngidkh/react-gallery/carousel.min.css[0m
Request 77: [94mhttps://sentry.io/api/273505/envelope/[0m
Request 78: [94mchrome-extension://glepecflakcnfpeedbnclfdcabngidkh/_locales/en/messages.json[0m
Request 79: [94mchrome-extension://glepecflakcnfpeedbnclfdcabngidkh/_locales/en/messages.json[0m
Request 80: [94mchrome-extension://glepecflakcnfpeedbnclfdcabngidkh/fonts/Euclid/EuclidCircularB-Bold-WebXL.ttf[0m
Request 81: [94mchrome-extension://glepecflakcnfpeedbnclfdcabngidkh/fonts/Euclid/EuclidCircularB-Regular-WebXL.ttf[0m
Request 82: [94mchrome-extension://glepecflakcnfpeedbnclfdcabngidkh/fonts/fontawesome/fa-solid-900.woff2[0m
Request 83: [94mchrome-extension://glepecflakcnfpeedbnclfdcabngidkh/fonts/Euclid/EuclidCircularB-Medium.ttf[0m
Request 84: [94mhttps://app.ether-lottery.com/favicon.ico[0m
Request 85: [94mhttps://sentry.io/api/273505/envelope/[0m
Request 86: [94mhttps://sentry.io/api/273505/envelope/[0m
Clicked next button!
Clicked continue button!
[92mSuccessfully connected MetaMask wallet![0m
Request 87: [94mhttps://sentry.io/api/273505/envelope/[0m
Request 88: [94mhttps://sentry.io/api/273505/envelope/[0m
Page closed: [94mchrome-extension://glepecflakcnfpeedbnclfdcabngidkh/notification.html#[0m
No sign or approve button found!
Request 89: [94mhttps://app.ether-lottery.com/[0m
Request 90: [94mhttps://app.ether-lottery.com/_next/static/css/51d8bca8214580cc.css[0m
Request 91: [94mhttps://app.ether-lottery.com/_next/static/css/0de6f3d7089795f1.css[0m
Request 92: [94mhttps://app.ether-lottery.com/_next/static/chunks/webpack-f9a9a24bf6cd9a1b.js[0m
Request 93: [94mhttps://app.ether-lottery.com/_next/static/chunks/framework-45405dbdcddf505d.js[0m
Request 94: [94mhttps://app.ether-lottery.com/_next/static/chunks/main-0b5ca67ceaea1686.js[0m
Request 95: [94mhttps://app.ether-lottery.com/_next/static/chunks/pages/_app-8027895d08fe9881.js[0m
Request 96: [94mhttps://app.ether-lottery.com/_next/static/chunks/061e6b60-28bd444bb64e34ae.js[0m
Request 97: [94mhttps://app.ether-lottery.com/_next/static/chunks/fec483df-fd013576d56c4663.js[0m
Request 98: [94mhttps://app.ether-lottery.com/_next/static/chunks/506-78c6569498928281.js[0m
Request 99: [94mhttps://app.ether-lottery.com/_next/static/chunks/338-1d5d7045f1071cb2.js[0m
Request 100: [94mhttps://app.ether-lottery.com/_next/static/chunks/pages/index-2e79a67d8fbd1b94.js[0m
Request 101: [94mhttps://app.ether-lottery.com/_next/static/Em1nEWlz0ykMslJmYd_K_/_buildManifest.js[0m
Request 102: [94mhttps://app.ether-lottery.com/_next/static/Em1nEWlz0ykMslJmYd_K_/_ssgManifest.js[0m
Request 103: [94mhttps://app.ether-lottery.com/logo.png[0m
Request 104: [94mhttps://app.ether-lottery.com/icon-04.png[0m
Request 105: [94mhttps://app.ether-lottery.com/icon-03.png[0m
Request 106: [94mhttps://app.ether-lottery.com/imge9.jpg[0m
Request 107: [94mhttps://app.ether-lottery.com/favicon.ico[0m
Waiting for 30000ms
Request 108: [94mhttps://app.ether-lottery.com/metamask.png[0m
Request 109: [94mhttps://app.ether-lottery.com/favicon.ico[0m
Page closed: [94mhttps://app.ether-lottery.com/[0m
Trying to shutdown
Page closed: [94mchrome-extension://glepecflakcnfpeedbnclfdcabngidkh/home.html#[0m
