Executing with arguments:  {
  printFrameHierarchy: true,
  debugLevel: 'verbose',
  headless: false,
  profilePath: undefined,
  secs: 30,
  links: undefined,
  url: 'https://app.ousd.com/',
  walletPath: 'metamask-chrome-10.22.2',
  destination: '../results/dapps/crawl',
  force: false,
  executablePath: '/Users/christof/.cache/puppeteer/chrome/mac-1056772/chrome-mac/Chromium.app/Contents/MacOS/Chromium'
}
Completed configuring new page. (about:blank)
Completed configuring new page. (chrome-extension://glepecflakcnfpeedbnclfdcabngidkh/home.html)
Request 1: [94mchrome-extension://glepecflakcnfpeedbnclfdcabngidkh/react-gallery/carousel.min.css[0m
Request 2: [94mhttps://sentry.io/api/273505/envelope/[0m
[94mTrying to import MetaMask connect...[0m
Request 3: [94mchrome-extension://glepecflakcnfpeedbnclfdcabngidkh/_locales/en/messages.json[0m
Request 4: [94mchrome-extension://glepecflakcnfpeedbnclfdcabngidkh/_locales/en/messages.json[0m
Request 5: [94mhttps://sentry.io/api/273505/envelope/[0m
Request 6: [94mhttps://sentry.io/api/273505/envelope/[0m
Request 7: [94mchrome-extension://glepecflakcnfpeedbnclfdcabngidkh/fonts/Euclid/EuclidCircularB-Regular-WebXL.ttf[0m
Request 8: [94mchrome-extension://glepecflakcnfpeedbnclfdcabngidkh/fonts/Euclid/EuclidCircularB-Medium.ttf[0m
Request 9: [94mchrome-extension://glepecflakcnfpeedbnclfdcabngidkh/images/logo/metamask-fox.svg[0m
Request 10: [94mhttps://sentry.io/api/273505/envelope/[0m
Request 11: [94mhttps://sentry.io/api/273505/envelope/[0m
Request 12: [94mchrome-extension://glepecflakcnfpeedbnclfdcabngidkh/images/metrics-chart.svg[0m
Request 13: [94mchrome-extension://glepecflakcnfpeedbnclfdcabngidkh/fonts/fontawesome/fa-solid-900.woff2[0m
Request 14: [94mchrome-extension://glepecflakcnfpeedbnclfdcabngidkh/fonts/Euclid/EuclidCircularB-Bold-WebXL.ttf[0m
Request 15: [94mhttps://sentry.io/api/273505/envelope/[0m
Request 16: [94mhttps://sentry.io/api/273505/envelope/[0m
Request 17: [94mhttps://sentry.io/api/273505/envelope/[0m
Request 18: [94mhttps://sentry.io/api/273505/envelope/[0m
Request 19: [94mchrome-extension://glepecflakcnfpeedbnclfdcabngidkh/fonts/Roboto/Roboto-Regular.ttf[0m
Request 20: [94mchrome-extension://glepecflakcnfpeedbnclfdcabngidkh/fonts/fontawesome/fa-regular-400.woff2[0m
Request 21: [94mhttps://sentry.io/api/273505/envelope/[0m
Request 22: [94mhttps://sentry.io/api/273505/envelope/[0m
[92mImporting MetaMask wallet was successful![0m
Visiting https://app.ousd.com/
Request 23: [94mhttps://app.ousd.com/[0m
Request 24: [94mhttps://sentry.io/api/273505/envelope/[0m
Request 25: [94mhttps://sentry.io/api/273505/envelope/[0m
Request 26: [94mchrome-extension://glepecflakcnfpeedbnclfdcabngidkh/images/eth_logo.svg[0m
Request 27: [94mhttps://code.jquery.com/jquery-3.6.0.slim.min.js[0m
Request 28: [94mhttps://cdn.jsdelivr.net/npm/popper.js@1.16.0/dist/umd/popper.min.js[0m
Request 29: [94mhttps://stackpath.bootstrapcdn.com/bootstrap/4.4.1/js/bootstrap.min.js[0m
Request 30: [94mhttps://static.ads-twitter.com/oct.js[0m
Request 31: [94mhttps://app.ousd.com/_next/static/css/c99139df66c72e2c0554.css[0m
Request 32: [94mhttps://app.ousd.com/_next/static/css/68ceff2479cd68e9e700.css[0m
Request 33: [94mhttps://app.ousd.com/_next/static/chunks/webpack-af3bcb7e84229d8e28e0.js[0m
Request 34: [94mhttps://app.ousd.com/_next/static/chunks/framework.5516e3557ab28fc6db86.js[0m
Request 35: [94mhttps://app.ousd.com/_next/static/chunks/commons.1ac41ed81946cb9de87d.js[0m
Request 36: [94mhttps://app.ousd.com/_next/static/chunks/main-965fbeb2f545c49bd8ef.js[0m
Request 37: [94mhttps://app.ousd.com/_next/static/chunks/29107295.b7d67e313141a9991697.js[0m
Request 38: [94mhttps://app.ousd.com/_next/static/chunks/102d0109.8fd36c6b63c535cfda0c.js[0m
Request 39: [94mhttps://app.ousd.com/_next/static/chunks/9382c5f8.5986ee0d518875f20e19.js[0m
Request 40: [94mhttps://app.ousd.com/_next/static/chunks/75fc9c18.75eca9c35ac7463254d7.js[0m
Request 41: [94mhttps://app.ousd.com/_next/static/chunks/56956470.c6670654bfe8ce532e30.js[0m
Request 42: [94mhttps://app.ousd.com/_next/static/chunks/093d6630.3fcb4e58d20d85aecd51.js[0m
Request 43: [94mhttps://app.ousd.com/_next/static/chunks/b4fe5c61.550903c75cf1a86916d3.js[0m
Request 44: [94mhttps://app.ousd.com/_next/static/chunks/1d91b365.093638bde8598decefe4.js[0m
Request 45: [94mhttps://app.ousd.com/_next/static/chunks/7c599af29c4bbeb4721ec1c898522b2840cc57c6.7379270360f91ef6fad1.js[0m
Request 46: [94mhttps://app.ousd.com/_next/static/chunks/b1542cc239bf56c8a14913c0a930efe682b5cf86.4f2b4c1211b9254441c8.js[0m
Request 47: [94mhttps://app.ousd.com/_next/static/chunks/455cfbcdc3c5947d1229c018db36ce23c3fe7dcd.099e45e6ad4422d79c85.js[0m
Request 48: [94mhttps://app.ousd.com/_next/static/chunks/4d1cfe20844dd1d34f3b12c018b426f1689f6b42.5390e5870a79bcdee746.js[0m
Request 49: [94mhttps://app.ousd.com/_next/static/chunks/pages/_app-15e81bbeaf87f0892504.js[0m
Request 50: [94mhttps://app.ousd.com/_next/static/chunks/c352ce70c8b1dc3d453e9e3e71ccf6492253a041.0fa9302905d1e736629a.js[0m
Request 51: [94mhttps://app.ousd.com/_next/static/chunks/cca6739358f19b367d670d2970969e78d5bf65b6.59a7f95f9ad79f7f236e.js[0m
Request 52: [94mhttps://app.ousd.com/_next/static/chunks/pages/index-278f0e449870f6fe09cf.js[0m
Request 53: [94mhttps://app.ousd.com/images/gnosis-safe-icon.svg[0m
Request 54: [94mhttps://app.ousd.com/images/horsey.svg[0m
Request 55: [94mhttps://app.ousd.com/images/origin-dollar-logo.svg[0m
Request 56: [94mhttps://app.ousd.com/images/bell-icon.svg[0m
Request 57: [94mhttps://app.ousd.com/images/folder-icon.svg[0m
Request 58: [94mhttps://app.ousd.com/images/close.svg[0m
Request 59: [94mhttps://app.ousd.com/images/ousd-shield-icon.svg[0m
Request 60: [94mhttps://app.ousd.com/_next/static/EHBhqaVC-sSmSrMvZ3Mgu/_buildManifest.js[0m
Request 61: [94mhttps://app.ousd.com/_next/static/EHBhqaVC-sSmSrMvZ3Mgu/_ssgManifest.js[0m
Request 62: [94mhttps://edge.fullstory.com/s/fs.js[0m
Request 63: [94mhttps://app.ousd.com/images/favicon.ico[0m
Request 64: [94mhttps://fonts.gstatic.com/s/lato/v23/S6u9w4BMUTPHh6UVSwiPGQ3q5d0.woff2[0m
Request 65: [94mhttps://fonts.gstatic.com/s/lato/v23/S6uyw4BMUTPHjx4wXiWtFCc.woff2[0m
Request 66: [94mhttps://rs.fullstory.com/rec/page[0m
Request 67: [94mdata:application/octet-stream[0m
Request 68: [94mhttps://analytics.ousd.com/api/v1/apr/trailing/7[0m
Request 69: [94mhttps://analytics.ousd.com/api/v1/apr/trailing/30[0m
Request 70: [94mhttps://analytics.ousd.com/api/v1/apr/trailing/60[0m
Request 71: [94mhttps://analytics.ousd.com/api/v1/apr/trailing/90[0m
Request 72: [94mhttps://analytics.ousd.com/api/v1/apr/trailing/365[0m
Request 73: [94mhttps://ethgasstation.info/api/ethgasAPI.json[0m
Request 74: [94mhttps://connect.facebook.net/en_US/fbevents.js[0m
Request 75: [94mhttps://app.ousd.com/images/settings-icon.svg[0m
Request 76: [94mhttps://app.ousd.com/images/currency/dai-icon-small.svg[0m
Request 77: [94mhttps://app.ousd.com/images/currency/ousd-icon-small.svg[0m
Request 78: [94mhttps://eth-mainnet.alchemyapi.io/v2/6vvlq0n_hjyPK4myUTJ4PGdD9AXjlPDq[0m
Request 79: [94mhttps://www.google-analytics.com/analytics.js[0m
Request 80: [94mhttps://cdn.mxpnl.com/libs/mixpanel-2-latest.min.js[0m
Request 81: [94mhttps://eth-mainnet.alchemyapi.io/v2/6vvlq0n_hjyPK4myUTJ4PGdD9AXjlPDq[0m
Request 82: [94mhttps://analytics.ousd.com/api/v1/ratios[0m
Request 83: [94mhttps://api.coingecko.com/api/v3/coins/origin-protocol[0m
Request 84: [94mhttps://eth-mainnet.alchemyapi.io/v2/6vvlq0n_hjyPK4myUTJ4PGdD9AXjlPDq[0m
Request 85: [94mhttps://eth-mainnet.alchemyapi.io/v2/6vvlq0n_hjyPK4myUTJ4PGdD9AXjlPDq[0m
Request 86: [94mhttps://app.ousd.com/_next/static/chunks/c352ce70c8b1dc3d453e9e3e71ccf6492253a041.0fa9302905d1e736629a.js[0m
Request 87: [94mhttps://app.ousd.com/_next/static/chunks/cca6739358f19b367d670d2970969e78d5bf65b6.59a7f95f9ad79f7f236e.js[0m
Request 88: [94mhttps://app.ousd.com/_next/static/chunks/pages/index-278f0e449870f6fe09cf.js[0m
Request 89: [94mhttps://app.ousd.com/_next/static/chunks/pages/wrap-79999c1fd4c8eb127477.js[0m
Request 90: [94mhttps://app.ousd.com/_next/static/chunks/pages/history-6eca66d0f004b9af4ce2.js[0m
Request 91: [94mhttps://connect.facebook.net/signals/plugins/identity.js[0m
Request 92: [94mhttps://connect.facebook.net/signals/config/1106573693417404[0m
Request 93: [94mhttps://www.google-analytics.com/j/collect[0m
Request 94: [94mhttps://www.facebook.com/tr/[0m
Request 95: [94mhttps://eth-mainnet.alchemyapi.io/v2/6vvlq0n_hjyPK4myUTJ4PGdD9AXjlPDq[0m
Request 96: [94mhttps://eth-mainnet.alchemyapi.io/v2/6vvlq0n_hjyPK4myUTJ4PGdD9AXjlPDq[0m
Request 97: [94mhttps://eth-mainnet.alchemyapi.io/v2/6vvlq0n_hjyPK4myUTJ4PGdD9AXjlPDq[0m
Request 98: [94mhttps://eth-mainnet.alchemyapi.io/v2/6vvlq0n_hjyPK4myUTJ4PGdD9AXjlPDq[0m
Request 99: [94mhttps://app.ousd.com/images/favicon.ico[0m
Request 100: [94mhttps://app.ousd.com/images/favicon.ico[0m
Request 101: [94mhttps://app.ousd.com/_next/static/chunks/pages/wrap-79999c1fd4c8eb127477.js[0m
Request 102: [94mhttps://app.ousd.com/_next/static/chunks/pages/history-6eca66d0f004b9af4ce2.js[0m
Request 103: [94mhttps://www.facebook.com/tr/[0m
Request 104: [94mhttps://eth-mainnet.alchemyapi.io/v2/6vvlq0n_hjyPK4myUTJ4PGdD9AXjlPDq[0m
Request 105: [94mhttps://eth-mainnet.alchemyapi.io/v2/6vvlq0n_hjyPK4myUTJ4PGdD9AXjlPDq[0m
Request 106: [94mhttps://eth-mainnet.alchemyapi.io/v2/6vvlq0n_hjyPK4myUTJ4PGdD9AXjlPDq[0m
Request 107: [94mhttps://eth-mainnet.alchemyapi.io/v2/6vvlq0n_hjyPK4myUTJ4PGdD9AXjlPDq[0m
Request 108: [94mhttps://eth-mainnet.alchemyapi.io/v2/6vvlq0n_hjyPK4myUTJ4PGdD9AXjlPDq[0m
Request 109: [94mhttps://eth-mainnet.alchemyapi.io/v2/6vvlq0n_hjyPK4myUTJ4PGdD9AXjlPDq[0m
Request 110: [94mhttps://eth-mainnet.alchemyapi.io/v2/6vvlq0n_hjyPK4myUTJ4PGdD9AXjlPDq[0m
Request 111: [94mhttps://eth-mainnet.alchemyapi.io/v2/6vvlq0n_hjyPK4myUTJ4PGdD9AXjlPDq[0m
Request 112: [94mhttps://eth-mainnet.alchemyapi.io/v2/6vvlq0n_hjyPK4myUTJ4PGdD9AXjlPDq[0m
Request 113: [94mhttps://eth-mainnet.alchemyapi.io/v2/6vvlq0n_hjyPK4myUTJ4PGdD9AXjlPDq[0m
Request 114: [94mhttps://eth-mainnet.alchemyapi.io/v2/6vvlq0n_hjyPK4myUTJ4PGdD9AXjlPDq[0m
Request 115: [94mhttps://eth-mainnet.alchemyapi.io/v2/6vvlq0n_hjyPK4myUTJ4PGdD9AXjlPDq[0m
Request 116: [94mhttps://eth-mainnet.alchemyapi.io/v2/6vvlq0n_hjyPK4myUTJ4PGdD9AXjlPDq[0m
Request 117: [94mhttps://eth-mainnet.alchemyapi.io/v2/6vvlq0n_hjyPK4myUTJ4PGdD9AXjlPDq[0m
Request 118: [94mhttps://eth-mainnet.alchemyapi.io/v2/6vvlq0n_hjyPK4myUTJ4PGdD9AXjlPDq[0m
Request 119: [94mhttps://eth-mainnet.alchemyapi.io/v2/6vvlq0n_hjyPK4myUTJ4PGdD9AXjlPDq[0m
Request 120: [94mhttps://eth-mainnet.alchemyapi.io/v2/6vvlq0n_hjyPK4myUTJ4PGdD9AXjlPDq[0m
Request 121: [94mhttps://eth-mainnet.alchemyapi.io/v2/6vvlq0n_hjyPK4myUTJ4PGdD9AXjlPDq[0m
Request 122: [94mhttps://eth-mainnet.alchemyapi.io/v2/6vvlq0n_hjyPK4myUTJ4PGdD9AXjlPDq[0m
Request 123: [94mhttps://eth-mainnet.alchemyapi.io/v2/6vvlq0n_hjyPK4myUTJ4PGdD9AXjlPDq[0m
Request 124: [94mhttps://api-js.mixpanel.com/track/[0m
Identified connect buttons: 
[
  'Connect Wallet',
  'Connect',
  'sign',
  'Wallet',
  'connect',
  'wallet',
  'account',
  'Account'
]
Request 125: [94mhttps://www.facebook.com/tr/[0m
Request 126: [94mhttps://app.ousd.com/images/metamask-icon.svg[0m
Request 127: [94mhttps://app.ousd.com/images/ledger-icon.svg[0m
Request 128: [94mhttps://app.ousd.com/images/exodus-icon.svg[0m
Request 129: [94mhttps://app.ousd.com/images/coinbasewallet-icon.svg[0m
Request 130: [94mhttps://app.ousd.com/images/walletconnect-icon.svg[0m
Request 131: [94mhttps://app.ousd.com/images/myetherwallet-icon.svg[0m
Request 132: [94mhttps://app.ousd.com/images/defiwallet-icon.png[0m
Found connect button: Connect Wallet
Identified MetaMask buttons:
[ 'MetaMask', 'metamask' ]
Request 133: [94mhttps://www.facebook.com/tr/[0m
Found MetaMask button: MetaMask
Request 134: [94mhttps://www.google-analytics.com/collect[0m
Completed configuring new page. (chrome-extension://glepecflakcnfpeedbnclfdcabngidkh/notification.html)
Request 135: [94mchrome-extension://glepecflakcnfpeedbnclfdcabngidkh/react-gallery/carousel.min.css[0m
Request 136: [94mhttps://sentry.io/api/273505/envelope/[0m
Request 137: [94mhttps://api-js.mixpanel.com/track/[0m
Request 138: [94mchrome-extension://glepecflakcnfpeedbnclfdcabngidkh/_locales/en/messages.json[0m
Request 139: [94mchrome-extension://glepecflakcnfpeedbnclfdcabngidkh/_locales/en/messages.json[0m
Request 140: [94mchrome-extension://glepecflakcnfpeedbnclfdcabngidkh/fonts/Euclid/EuclidCircularB-Bold-WebXL.ttf[0m
Request 141: [94mchrome-extension://glepecflakcnfpeedbnclfdcabngidkh/fonts/Euclid/EuclidCircularB-Regular-WebXL.ttf[0m
Request 142: [94mchrome-extension://glepecflakcnfpeedbnclfdcabngidkh/fonts/fontawesome/fa-solid-900.woff2[0m
Request 143: [94mchrome-extension://glepecflakcnfpeedbnclfdcabngidkh/fonts/Euclid/EuclidCircularB-Medium.ttf[0m
Request 144: [94mhttps://app.ousd.com/images/favicon.ico[0m
No checkbox found!
Exiting while loop: MetaMask popup open!
End of while loop: popup
Request 145: [94mhttps://sentry.io/api/273505/envelope/[0m
Request 146: [94mhttps://sentry.io/api/273505/envelope/[0m
Clicked next button!
Clicked continue button!
[92mSuccessfully connected MetaMask wallet![0m
Request 147: [94mhttps://eth-mainnet.alchemyapi.io/v2/6vvlq0n_hjyPK4myUTJ4PGdD9AXjlPDq[0m
Request 148: [94mhttps://eth-mainnet.alchemyapi.io/v2/6vvlq0n_hjyPK4myUTJ4PGdD9AXjlPDq[0m
Request 149: [94mhttps://eth-mainnet.alchemyapi.io/v2/6vvlq0n_hjyPK4myUTJ4PGdD9AXjlPDq[0m
Request 150: [94mhttps://app.ousd.com/images/default-wallet-icon.svg[0m
Request 151: [94mhttps://app.ousd.com/images/etherscan-icon.svg[0m
Request 152: [94mhttps://eth-mainnet.alchemyapi.io/v2/6vvlq0n_hjyPK4myUTJ4PGdD9AXjlPDq[0m
Request 153: [94mhttps://analytics.ousd.com/api/v1/address/0x7e4abd63a7c8314cc28d388303472353d884f292/history[0m
Request 154: [94mhttps://analytics.ousd.com/api/v1/apr/trailing/7[0m
Request 155: [94mhttps://analytics.ousd.com/api/v1/apr/trailing/30[0m
Request 156: [94mhttps://analytics.ousd.com/api/v1/apr/trailing/60[0m
Request 157: [94mhttps://analytics.ousd.com/api/v1/apr/trailing/90[0m
Request 158: [94mhttps://analytics.ousd.com/api/v1/apr/trailing/365[0m
Request 159: [94mhttps://analytics.ousd.com/api/v1/address/0x7e4abd63a7c8314cc28d388303472353d884f292/yield[0m
Request 160: [94mhttps://www.google-analytics.com/collect[0m
Request 161: [94mhttps://eth-mainnet.alchemyapi.io/v2/6vvlq0n_hjyPK4myUTJ4PGdD9AXjlPDq[0m
Request 162: [94mhttps://eth-mainnet.alchemyapi.io/v2/6vvlq0n_hjyPK4myUTJ4PGdD9AXjlPDq[0m
Request 163: [94mhttps://eth-mainnet.alchemyapi.io/v2/6vvlq0n_hjyPK4myUTJ4PGdD9AXjlPDq[0m
Request 164: [94mhttps://eth-mainnet.alchemyapi.io/v2/6vvlq0n_hjyPK4myUTJ4PGdD9AXjlPDq[0m
Request 165: [94mhttps://analytics.ousd.com/api/v1/ratios[0m
Request 166: [94mhttps://api.coingecko.com/api/v3/coins/origin-protocol[0m
Request 167: [94mhttps://eth-mainnet.alchemyapi.io/v2/6vvlq0n_hjyPK4myUTJ4PGdD9AXjlPDq[0m
Request 168: [94mhttps://eth-mainnet.alchemyapi.io/v2/6vvlq0n_hjyPK4myUTJ4PGdD9AXjlPDq[0m
Request 169: [94mhttps://eth-mainnet.alchemyapi.io/v2/6vvlq0n_hjyPK4myUTJ4PGdD9AXjlPDq[0m
Request 170: [94mhttps://eth-mainnet.alchemyapi.io/v2/6vvlq0n_hjyPK4myUTJ4PGdD9AXjlPDq[0m
Request 171: [94mhttps://eth-mainnet.alchemyapi.io/v2/6vvlq0n_hjyPK4myUTJ4PGdD9AXjlPDq[0m
Request 172: [94mhttps://eth-mainnet.alchemyapi.io/v2/6vvlq0n_hjyPK4myUTJ4PGdD9AXjlPDq[0m
Request 173: [94mhttps://eth-mainnet.alchemyapi.io/v2/6vvlq0n_hjyPK4myUTJ4PGdD9AXjlPDq[0m
Request 174: [94mhttps://eth-mainnet.alchemyapi.io/v2/6vvlq0n_hjyPK4myUTJ4PGdD9AXjlPDq[0m
Request 175: [94mhttps://eth-mainnet.alchemyapi.io/v2/6vvlq0n_hjyPK4myUTJ4PGdD9AXjlPDq[0m
Request 176: [94mhttps://eth-mainnet.alchemyapi.io/v2/6vvlq0n_hjyPK4myUTJ4PGdD9AXjlPDq[0m
Request 177: [94mhttps://eth-mainnet.alchemyapi.io/v2/6vvlq0n_hjyPK4myUTJ4PGdD9AXjlPDq[0m
Request 178: [94mhttps://eth-mainnet.alchemyapi.io/v2/6vvlq0n_hjyPK4myUTJ4PGdD9AXjlPDq[0m
Request 179: [94mhttps://eth-mainnet.alchemyapi.io/v2/6vvlq0n_hjyPK4myUTJ4PGdD9AXjlPDq[0m
Request 180: [94mhttps://eth-mainnet.alchemyapi.io/v2/6vvlq0n_hjyPK4myUTJ4PGdD9AXjlPDq[0m
Request 181: [94mhttps://eth-mainnet.alchemyapi.io/v2/6vvlq0n_hjyPK4myUTJ4PGdD9AXjlPDq[0m
Request 182: [94mhttps://eth-mainnet.alchemyapi.io/v2/6vvlq0n_hjyPK4myUTJ4PGdD9AXjlPDq[0m
Request 183: [94mhttps://eth-mainnet.alchemyapi.io/v2/6vvlq0n_hjyPK4myUTJ4PGdD9AXjlPDq[0m
Request 184: [94mhttps://eth-mainnet.alchemyapi.io/v2/6vvlq0n_hjyPK4myUTJ4PGdD9AXjlPDq[0m
Request 185: [94mhttps://eth-mainnet.alchemyapi.io/v2/6vvlq0n_hjyPK4myUTJ4PGdD9AXjlPDq[0m
Request 186: [94mhttps://eth-mainnet.alchemyapi.io/v2/6vvlq0n_hjyPK4myUTJ4PGdD9AXjlPDq[0m
Request 187: [94mhttps://eth-mainnet.alchemyapi.io/v2/6vvlq0n_hjyPK4myUTJ4PGdD9AXjlPDq[0m
Request 188: [94mhttps://eth-mainnet.alchemyapi.io/v2/6vvlq0n_hjyPK4myUTJ4PGdD9AXjlPDq[0m
Request 189: [94mhttps://eth-mainnet.alchemyapi.io/v2/6vvlq0n_hjyPK4myUTJ4PGdD9AXjlPDq[0m
Request 190: [94mhttps://eth-mainnet.alchemyapi.io/v2/6vvlq0n_hjyPK4myUTJ4PGdD9AXjlPDq[0m
Request 191: [94mhttps://eth-mainnet.alchemyapi.io/v2/6vvlq0n_hjyPK4myUTJ4PGdD9AXjlPDq[0m
Request 192: [94mhttps://eth-mainnet.alchemyapi.io/v2/6vvlq0n_hjyPK4myUTJ4PGdD9AXjlPDq[0m
Request 193: [94mhttps://eth-mainnet.alchemyapi.io/v2/6vvlq0n_hjyPK4myUTJ4PGdD9AXjlPDq[0m
Request 194: [94mhttps://eth-mainnet.alchemyapi.io/v2/6vvlq0n_hjyPK4myUTJ4PGdD9AXjlPDq[0m
Request 195: [94mhttps://eth-mainnet.alchemyapi.io/v2/6vvlq0n_hjyPK4myUTJ4PGdD9AXjlPDq[0m
Request 196: [94mhttps://eth-mainnet.alchemyapi.io/v2/6vvlq0n_hjyPK4myUTJ4PGdD9AXjlPDq[0m
Request 197: [94mhttps://eth-mainnet.alchemyapi.io/v2/6vvlq0n_hjyPK4myUTJ4PGdD9AXjlPDq[0m
Request 198: [94mhttps://sentry.io/api/273505/envelope/[0m
Request 199: [94mhttps://sentry.io/api/273505/envelope/[0m
Page closed: [94mchrome-extension://glepecflakcnfpeedbnclfdcabngidkh/notification.html#[0m
Request 200: [94mhttps://eth-mainnet.alchemyapi.io/v2/6vvlq0n_hjyPK4myUTJ4PGdD9AXjlPDq[0m
Request 201: [94mhttps://eth-mainnet.alchemyapi.io/v2/6vvlq0n_hjyPK4myUTJ4PGdD9AXjlPDq[0m
Request 202: [94mhttps://eth-mainnet.alchemyapi.io/v2/6vvlq0n_hjyPK4myUTJ4PGdD9AXjlPDq[0m
Request 203: [94mhttps://eth-mainnet.alchemyapi.io/v2/6vvlq0n_hjyPK4myUTJ4PGdD9AXjlPDq[0m
Request 204: [94mhttps://eth-mainnet.alchemyapi.io/v2/6vvlq0n_hjyPK4myUTJ4PGdD9AXjlPDq[0m
Request 205: [94mhttps://eth-mainnet.alchemyapi.io/v2/6vvlq0n_hjyPK4myUTJ4PGdD9AXjlPDq[0m
Request 206: [94mhttps://eth-mainnet.alchemyapi.io/v2/6vvlq0n_hjyPK4myUTJ4PGdD9AXjlPDq[0m
Request 207: [94mhttps://eth-mainnet.alchemyapi.io/v2/6vvlq0n_hjyPK4myUTJ4PGdD9AXjlPDq[0m
Request 208: [94mhttps://eth-mainnet.alchemyapi.io/v2/6vvlq0n_hjyPK4myUTJ4PGdD9AXjlPDq[0m
Request 209: [94mhttps://eth-mainnet.alchemyapi.io/v2/6vvlq0n_hjyPK4myUTJ4PGdD9AXjlPDq[0m
Request 210: [94mhttps://eth-mainnet.alchemyapi.io/v2/6vvlq0n_hjyPK4myUTJ4PGdD9AXjlPDq[0m
Request 211: [94mhttps://eth-mainnet.alchemyapi.io/v2/6vvlq0n_hjyPK4myUTJ4PGdD9AXjlPDq[0m
Request 212: [94mhttps://eth-mainnet.alchemyapi.io/v2/6vvlq0n_hjyPK4myUTJ4PGdD9AXjlPDq[0m
Request 213: [94mhttps://eth-mainnet.alchemyapi.io/v2/6vvlq0n_hjyPK4myUTJ4PGdD9AXjlPDq[0m
Request 214: [94mhttps://eth-mainnet.alchemyapi.io/v2/6vvlq0n_hjyPK4myUTJ4PGdD9AXjlPDq[0m
Request 215: [94mhttps://eth-mainnet.alchemyapi.io/v2/6vvlq0n_hjyPK4myUTJ4PGdD9AXjlPDq[0m
Request 216: [94mhttps://eth-mainnet.alchemyapi.io/v2/6vvlq0n_hjyPK4myUTJ4PGdD9AXjlPDq[0m
Request 217: [94mhttps://eth-mainnet.alchemyapi.io/v2/6vvlq0n_hjyPK4myUTJ4PGdD9AXjlPDq[0m
Request 218: [94mhttps://eth-mainnet.alchemyapi.io/v2/6vvlq0n_hjyPK4myUTJ4PGdD9AXjlPDq[0m
Request 219: [94mhttps://eth-mainnet.alchemyapi.io/v2/6vvlq0n_hjyPK4myUTJ4PGdD9AXjlPDq[0m
Request 220: [94mhttps://eth-mainnet.alchemyapi.io/v2/6vvlq0n_hjyPK4myUTJ4PGdD9AXjlPDq[0m
Request 221: [94mhttps://eth-mainnet.alchemyapi.io/v2/6vvlq0n_hjyPK4myUTJ4PGdD9AXjlPDq[0m
Request 222: [94mhttps://eth-mainnet.alchemyapi.io/v2/6vvlq0n_hjyPK4myUTJ4PGdD9AXjlPDq[0m
Request 223: [94mhttps://eth-mainnet.alchemyapi.io/v2/6vvlq0n_hjyPK4myUTJ4PGdD9AXjlPDq[0m
Request 224: [94mhttps://eth-mainnet.alchemyapi.io/v2/6vvlq0n_hjyPK4myUTJ4PGdD9AXjlPDq[0m
Request 225: [94mhttps://eth-mainnet.alchemyapi.io/v2/6vvlq0n_hjyPK4myUTJ4PGdD9AXjlPDq[0m
Request 226: [94mhttps://eth-mainnet.alchemyapi.io/v2/6vvlq0n_hjyPK4myUTJ4PGdD9AXjlPDq[0m
Request 227: [94mhttps://eth-mainnet.alchemyapi.io/v2/6vvlq0n_hjyPK4myUTJ4PGdD9AXjlPDq[0m
Request 228: [94mhttps://eth-mainnet.alchemyapi.io/v2/6vvlq0n_hjyPK4myUTJ4PGdD9AXjlPDq[0m
Request 229: [94mhttps://eth-mainnet.alchemyapi.io/v2/6vvlq0n_hjyPK4myUTJ4PGdD9AXjlPDq[0m
Request 230: [94mhttps://eth-mainnet.alchemyapi.io/v2/6vvlq0n_hjyPK4myUTJ4PGdD9AXjlPDq[0m
Request 231: [94mhttps://eth-mainnet.alchemyapi.io/v2/6vvlq0n_hjyPK4myUTJ4PGdD9AXjlPDq[0m
Request 232: [94mhttps://eth-mainnet.alchemyapi.io/v2/6vvlq0n_hjyPK4myUTJ4PGdD9AXjlPDq[0m
Request 233: [94mhttps://eth-mainnet.alchemyapi.io/v2/6vvlq0n_hjyPK4myUTJ4PGdD9AXjlPDq[0m
Request 234: [94mhttps://eth-mainnet.alchemyapi.io/v2/6vvlq0n_hjyPK4myUTJ4PGdD9AXjlPDq[0m
Request 235: [94mhttps://eth-mainnet.alchemyapi.io/v2/6vvlq0n_hjyPK4myUTJ4PGdD9AXjlPDq[0m
Request 236: [94mhttps://eth-mainnet.alchemyapi.io/v2/6vvlq0n_hjyPK4myUTJ4PGdD9AXjlPDq[0m
Request 237: [94mhttps://eth-mainnet.alchemyapi.io/v2/6vvlq0n_hjyPK4myUTJ4PGdD9AXjlPDq[0m
Request 238: [94mhttps://eth-mainnet.alchemyapi.io/v2/6vvlq0n_hjyPK4myUTJ4PGdD9AXjlPDq[0m
Request 239: [94mhttps://eth-mainnet.alchemyapi.io/v2/6vvlq0n_hjyPK4myUTJ4PGdD9AXjlPDq[0m
Request 240: [94mhttps://eth-mainnet.alchemyapi.io/v2/6vvlq0n_hjyPK4myUTJ4PGdD9AXjlPDq[0m
Request 241: [94mhttps://eth-mainnet.alchemyapi.io/v2/6vvlq0n_hjyPK4myUTJ4PGdD9AXjlPDq[0m
Request 242: [94mhttps://eth-mainnet.alchemyapi.io/v2/6vvlq0n_hjyPK4myUTJ4PGdD9AXjlPDq[0m
Request 243: [94mhttps://api-js.mixpanel.com/engage/[0m
Request 244: [94mhttps://api-js.mixpanel.com/track/[0m
Request 245: [94mhttps://eth-mainnet.alchemyapi.io/v2/6vvlq0n_hjyPK4myUTJ4PGdD9AXjlPDq[0m
Request 246: [94mhttps://eth-mainnet.alchemyapi.io/v2/6vvlq0n_hjyPK4myUTJ4PGdD9AXjlPDq[0m
Request 247: [94mhttps://eth-mainnet.alchemyapi.io/v2/6vvlq0n_hjyPK4myUTJ4PGdD9AXjlPDq[0m
Request 248: [94mhttps://eth-mainnet.alchemyapi.io/v2/6vvlq0n_hjyPK4myUTJ4PGdD9AXjlPDq[0m
Request 249: [94mhttps://eth-mainnet.alchemyapi.io/v2/6vvlq0n_hjyPK4myUTJ4PGdD9AXjlPDq[0m
Request 250: [94mhttps://eth-mainnet.alchemyapi.io/v2/6vvlq0n_hjyPK4myUTJ4PGdD9AXjlPDq[0m
Request 251: [94mhttps://eth-mainnet.alchemyapi.io/v2/6vvlq0n_hjyPK4myUTJ4PGdD9AXjlPDq[0m
Request 252: [94mhttps://eth-mainnet.alchemyapi.io/v2/6vvlq0n_hjyPK4myUTJ4PGdD9AXjlPDq[0m
Request 253: [94mhttps://eth-mainnet.alchemyapi.io/v2/6vvlq0n_hjyPK4myUTJ4PGdD9AXjlPDq[0m
Request 254: [94mhttps://eth-mainnet.alchemyapi.io/v2/6vvlq0n_hjyPK4myUTJ4PGdD9AXjlPDq[0m
Request 255: [94mhttps://eth-mainnet.alchemyapi.io/v2/6vvlq0n_hjyPK4myUTJ4PGdD9AXjlPDq[0m
Request 256: [94mhttps://eth-mainnet.alchemyapi.io/v2/6vvlq0n_hjyPK4myUTJ4PGdD9AXjlPDq[0m
Request 257: [94mhttps://eth-mainnet.alchemyapi.io/v2/6vvlq0n_hjyPK4myUTJ4PGdD9AXjlPDq[0m
Request 258: [94mhttps://eth-mainnet.alchemyapi.io/v2/6vvlq0n_hjyPK4myUTJ4PGdD9AXjlPDq[0m
Request 259: [94mhttps://eth-mainnet.alchemyapi.io/v2/6vvlq0n_hjyPK4myUTJ4PGdD9AXjlPDq[0m
Request 260: [94mhttps://eth-mainnet.alchemyapi.io/v2/6vvlq0n_hjyPK4myUTJ4PGdD9AXjlPDq[0m
Request 261: [94mhttps://eth-mainnet.alchemyapi.io/v2/6vvlq0n_hjyPK4myUTJ4PGdD9AXjlPDq[0m
Request 262: [94mhttps://eth-mainnet.alchemyapi.io/v2/6vvlq0n_hjyPK4myUTJ4PGdD9AXjlPDq[0m
Request 263: [94mhttps://eth-mainnet.alchemyapi.io/v2/6vvlq0n_hjyPK4myUTJ4PGdD9AXjlPDq[0m
Request 264: [94mhttps://eth-mainnet.alchemyapi.io/v2/6vvlq0n_hjyPK4myUTJ4PGdD9AXjlPDq[0m
Request 265: [94mhttps://eth-mainnet.alchemyapi.io/v2/6vvlq0n_hjyPK4myUTJ4PGdD9AXjlPDq[0m
Request 266: [94mhttps://eth-mainnet.alchemyapi.io/v2/6vvlq0n_hjyPK4myUTJ4PGdD9AXjlPDq[0m
Request 267: [94mhttps://eth-mainnet.alchemyapi.io/v2/6vvlq0n_hjyPK4myUTJ4PGdD9AXjlPDq[0m
Request 268: [94mhttps://eth-mainnet.alchemyapi.io/v2/6vvlq0n_hjyPK4myUTJ4PGdD9AXjlPDq[0m
Request 269: [94mhttps://eth-mainnet.alchemyapi.io/v2/6vvlq0n_hjyPK4myUTJ4PGdD9AXjlPDq[0m
Request 270: [94mhttps://eth-mainnet.alchemyapi.io/v2/6vvlq0n_hjyPK4myUTJ4PGdD9AXjlPDq[0m
Request 271: [94mhttps://eth-mainnet.alchemyapi.io/v2/6vvlq0n_hjyPK4myUTJ4PGdD9AXjlPDq[0m
Request 272: [94mhttps://eth-mainnet.alchemyapi.io/v2/6vvlq0n_hjyPK4myUTJ4PGdD9AXjlPDq[0m
Request 273: [94mhttps://eth-mainnet.alchemyapi.io/v2/6vvlq0n_hjyPK4myUTJ4PGdD9AXjlPDq[0m
Request 274: [94mhttps://eth-mainnet.alchemyapi.io/v2/6vvlq0n_hjyPK4myUTJ4PGdD9AXjlPDq[0m
Request 275: [94mhttps://eth-mainnet.alchemyapi.io/v2/6vvlq0n_hjyPK4myUTJ4PGdD9AXjlPDq[0m
Request 276: [94mhttps://eth-mainnet.alchemyapi.io/v2/6vvlq0n_hjyPK4myUTJ4PGdD9AXjlPDq[0m
Request 277: [94mhttps://eth-mainnet.alchemyapi.io/v2/6vvlq0n_hjyPK4myUTJ4PGdD9AXjlPDq[0m
Request 278: [94mhttps://eth-mainnet.alchemyapi.io/v2/6vvlq0n_hjyPK4myUTJ4PGdD9AXjlPDq[0m
Request 279: [94mhttps://eth-mainnet.alchemyapi.io/v2/6vvlq0n_hjyPK4myUTJ4PGdD9AXjlPDq[0m
Request 280: [94mhttps://eth-mainnet.alchemyapi.io/v2/6vvlq0n_hjyPK4myUTJ4PGdD9AXjlPDq[0m
Request 281: [94mhttps://eth-mainnet.alchemyapi.io/v2/6vvlq0n_hjyPK4myUTJ4PGdD9AXjlPDq[0m
Request 282: [94mhttps://eth-mainnet.alchemyapi.io/v2/6vvlq0n_hjyPK4myUTJ4PGdD9AXjlPDq[0m
Request 283: [94mhttps://eth-mainnet.alchemyapi.io/v2/6vvlq0n_hjyPK4myUTJ4PGdD9AXjlPDq[0m
Request 284: [94mhttps://eth-mainnet.alchemyapi.io/v2/6vvlq0n_hjyPK4myUTJ4PGdD9AXjlPDq[0m
Request 285: [94mhttps://eth-mainnet.alchemyapi.io/v2/6vvlq0n_hjyPK4myUTJ4PGdD9AXjlPDq[0m
Request 286: [94mhttps://eth-mainnet.alchemyapi.io/v2/6vvlq0n_hjyPK4myUTJ4PGdD9AXjlPDq[0m
Request 287: [94mhttps://eth-mainnet.alchemyapi.io/v2/6vvlq0n_hjyPK4myUTJ4PGdD9AXjlPDq[0m
Request 288: [94mhttps://eth-mainnet.alchemyapi.io/v2/6vvlq0n_hjyPK4myUTJ4PGdD9AXjlPDq[0m
Request 289: [94mhttps://eth-mainnet.alchemyapi.io/v2/6vvlq0n_hjyPK4myUTJ4PGdD9AXjlPDq[0m
Request 290: [94mhttps://eth-mainnet.alchemyapi.io/v2/6vvlq0n_hjyPK4myUTJ4PGdD9AXjlPDq[0m
Request 291: [94mhttps://eth-mainnet.alchemyapi.io/v2/6vvlq0n_hjyPK4myUTJ4PGdD9AXjlPDq[0m
Request 292: [94mhttps://eth-mainnet.alchemyapi.io/v2/6vvlq0n_hjyPK4myUTJ4PGdD9AXjlPDq[0m
Request 293: [94mhttps://eth-mainnet.alchemyapi.io/v2/6vvlq0n_hjyPK4myUTJ4PGdD9AXjlPDq[0m
Request 294: [94mhttps://eth-mainnet.alchemyapi.io/v2/6vvlq0n_hjyPK4myUTJ4PGdD9AXjlPDq[0m
Request 295: [94mhttps://eth-mainnet.alchemyapi.io/v2/6vvlq0n_hjyPK4myUTJ4PGdD9AXjlPDq[0m
Request 296: [94mhttps://eth-mainnet.alchemyapi.io/v2/6vvlq0n_hjyPK4myUTJ4PGdD9AXjlPDq[0m
Request 297: [94mhttps://eth-mainnet.alchemyapi.io/v2/6vvlq0n_hjyPK4myUTJ4PGdD9AXjlPDq[0m
Request 298: [94mhttps://eth-mainnet.alchemyapi.io/v2/6vvlq0n_hjyPK4myUTJ4PGdD9AXjlPDq[0m
Request 299: [94mhttps://eth-mainnet.alchemyapi.io/v2/6vvlq0n_hjyPK4myUTJ4PGdD9AXjlPDq[0m
Request 300: [94mhttps://eth-mainnet.alchemyapi.io/v2/6vvlq0n_hjyPK4myUTJ4PGdD9AXjlPDq[0m
Request 301: [94mhttps://eth-mainnet.alchemyapi.io/v2/6vvlq0n_hjyPK4myUTJ4PGdD9AXjlPDq[0m
Request 302: [94mhttps://eth-mainnet.alchemyapi.io/v2/6vvlq0n_hjyPK4myUTJ4PGdD9AXjlPDq[0m
Request 303: [94mhttps://eth-mainnet.alchemyapi.io/v2/6vvlq0n_hjyPK4myUTJ4PGdD9AXjlPDq[0m
Request 304: [94mhttps://eth-mainnet.alchemyapi.io/v2/6vvlq0n_hjyPK4myUTJ4PGdD9AXjlPDq[0m
Request 305: [94mhttps://eth-mainnet.alchemyapi.io/v2/6vvlq0n_hjyPK4myUTJ4PGdD9AXjlPDq[0m
Request 306: [94mhttps://eth-mainnet.alchemyapi.io/v2/6vvlq0n_hjyPK4myUTJ4PGdD9AXjlPDq[0m
Request 307: [94mhttps://eth-mainnet.alchemyapi.io/v2/6vvlq0n_hjyPK4myUTJ4PGdD9AXjlPDq[0m
Request 308: [94mhttps://eth-mainnet.alchemyapi.io/v2/6vvlq0n_hjyPK4myUTJ4PGdD9AXjlPDq[0m
Request 309: [94mhttps://eth-mainnet.alchemyapi.io/v2/6vvlq0n_hjyPK4myUTJ4PGdD9AXjlPDq[0m
Request 310: [94mhttps://eth-mainnet.alchemyapi.io/v2/6vvlq0n_hjyPK4myUTJ4PGdD9AXjlPDq[0m
Request 311: [94mhttps://analytics.ousd.com/api/v1/ratios[0m
Request 312: [94mhttps://api.coingecko.com/api/v3/coins/origin-protocol[0m
Request 313: [94mhttps://eth-mainnet.alchemyapi.io/v2/6vvlq0n_hjyPK4myUTJ4PGdD9AXjlPDq[0m
Request 314: [94mhttps://eth-mainnet.alchemyapi.io/v2/6vvlq0n_hjyPK4myUTJ4PGdD9AXjlPDq[0m
Request 315: [94mhttps://eth-mainnet.alchemyapi.io/v2/6vvlq0n_hjyPK4myUTJ4PGdD9AXjlPDq[0m
Request 316: [94mhttps://eth-mainnet.alchemyapi.io/v2/6vvlq0n_hjyPK4myUTJ4PGdD9AXjlPDq[0m
No sign or approve button found!
Request 317: [94mhttps://app.ousd.com/[0m
Request 318: [94mhttps://code.jquery.com/jquery-3.6.0.slim.min.js[0m
Request 319: [94mhttps://cdn.jsdelivr.net/npm/popper.js@1.16.0/dist/umd/popper.min.js[0m
Request 320: [94mhttps://stackpath.bootstrapcdn.com/bootstrap/4.4.1/js/bootstrap.min.js[0m
Request 321: [94mhttps://static.ads-twitter.com/oct.js[0m
Request 322: [94mhttps://app.ousd.com/_next/static/css/c99139df66c72e2c0554.css[0m
Request 323: [94mhttps://app.ousd.com/_next/static/css/68ceff2479cd68e9e700.css[0m
Request 324: [94mhttps://app.ousd.com/_next/static/chunks/webpack-af3bcb7e84229d8e28e0.js[0m
Request 325: [94mhttps://app.ousd.com/_next/static/chunks/framework.5516e3557ab28fc6db86.js[0m
Request 326: [94mhttps://app.ousd.com/_next/static/chunks/commons.1ac41ed81946cb9de87d.js[0m
Request 327: [94mhttps://app.ousd.com/_next/static/chunks/main-965fbeb2f545c49bd8ef.js[0m
Request 328: [94mhttps://app.ousd.com/_next/static/chunks/29107295.b7d67e313141a9991697.js[0m
Request 329: [94mhttps://app.ousd.com/_next/static/chunks/102d0109.8fd36c6b63c535cfda0c.js[0m
Request 330: [94mhttps://app.ousd.com/_next/static/chunks/9382c5f8.5986ee0d518875f20e19.js[0m
Request 331: [94mhttps://app.ousd.com/_next/static/chunks/75fc9c18.75eca9c35ac7463254d7.js[0m
Request 332: [94mhttps://app.ousd.com/_next/static/chunks/56956470.c6670654bfe8ce532e30.js[0m
Request 333: [94mhttps://app.ousd.com/_next/static/chunks/093d6630.3fcb4e58d20d85aecd51.js[0m
Request 334: [94mhttps://app.ousd.com/_next/static/chunks/b4fe5c61.550903c75cf1a86916d3.js[0m
Request 335: [94mhttps://app.ousd.com/_next/static/chunks/1d91b365.093638bde8598decefe4.js[0m
Request 336: [94mhttps://app.ousd.com/_next/static/chunks/7c599af29c4bbeb4721ec1c898522b2840cc57c6.7379270360f91ef6fad1.js[0m
Request 337: [94mhttps://app.ousd.com/_next/static/chunks/b1542cc239bf56c8a14913c0a930efe682b5cf86.4f2b4c1211b9254441c8.js[0m
Request 338: [94mhttps://app.ousd.com/_next/static/chunks/455cfbcdc3c5947d1229c018db36ce23c3fe7dcd.099e45e6ad4422d79c85.js[0m
Request 339: [94mhttps://app.ousd.com/_next/static/chunks/4d1cfe20844dd1d34f3b12c018b426f1689f6b42.5390e5870a79bcdee746.js[0m
Request 340: [94mhttps://app.ousd.com/_next/static/chunks/pages/_app-15e81bbeaf87f0892504.js[0m
Request 341: [94mhttps://app.ousd.com/_next/static/chunks/c352ce70c8b1dc3d453e9e3e71ccf6492253a041.0fa9302905d1e736629a.js[0m
Request 342: [94mhttps://app.ousd.com/_next/static/chunks/cca6739358f19b367d670d2970969e78d5bf65b6.59a7f95f9ad79f7f236e.js[0m
Request 343: [94mhttps://app.ousd.com/_next/static/chunks/pages/index-278f0e449870f6fe09cf.js[0m
Request 344: [94mhttps://app.ousd.com/images/gnosis-safe-icon.svg[0m
Request 345: [94mhttps://app.ousd.com/images/horsey.svg[0m
Request 346: [94mhttps://app.ousd.com/images/origin-dollar-logo.svg[0m
Request 347: [94mhttps://app.ousd.com/images/bell-icon.svg[0m
Request 348: [94mhttps://app.ousd.com/images/folder-icon.svg[0m
Request 349: [94mhttps://app.ousd.com/images/ousd-shield-icon.svg[0m
Request 350: [94mhttps://app.ousd.com/_next/static/EHBhqaVC-sSmSrMvZ3Mgu/_buildManifest.js[0m
Request 351: [94mhttps://app.ousd.com/_next/static/EHBhqaVC-sSmSrMvZ3Mgu/_ssgManifest.js[0m
Request 352: [94mhttps://edge.fullstory.com/s/fs.js[0m
Request 353: [94mhttps://app.ousd.com/images/close.svg[0m
Request 354: [94mhttps://app.ousd.com/images/favicon.ico[0m
Waiting for 30000ms
Request 355: [94mhttps://fonts.gstatic.com/s/lato/v23/S6uyw4BMUTPHjx4wXiWtFCc.woff2[0m
Request 356: [94mhttps://fonts.gstatic.com/s/lato/v23/S6u9w4BMUTPHh6UVSwiPGQ3q5d0.woff2[0m
Request 357: [94mdata:application/octet-stream[0m
Request 358: [94mhttps://app.ousd.com/images/settings-icon.svg[0m
Request 359: [94mhttps://app.ousd.com/images/currency/dai-icon-small.svg[0m
Request 360: [94mhttps://app.ousd.com/images/currency/ousd-icon-small.svg[0m
Request 361: [94mhttps://analytics.ousd.com/api/v1/apr/trailing/7[0m
Request 362: [94mhttps://analytics.ousd.com/api/v1/apr/trailing/30[0m
Request 363: [94mhttps://analytics.ousd.com/api/v1/apr/trailing/60[0m
Request 364: [94mhttps://analytics.ousd.com/api/v1/apr/trailing/90[0m
Request 365: [94mhttps://analytics.ousd.com/api/v1/apr/trailing/365[0m
Request 366: [94mhttps://ethgasstation.info/api/ethgasAPI.json[0m
Request 367: [94mhttps://connect.facebook.net/en_US/fbevents.js[0m
Request 368: [94mhttps://eth-mainnet.alchemyapi.io/v2/6vvlq0n_hjyPK4myUTJ4PGdD9AXjlPDq[0m
Request 369: [94mhttps://www.google-analytics.com/analytics.js[0m
Request 370: [94mhttps://cdn.mxpnl.com/libs/mixpanel-2-latest.min.js[0m
Request 371: [94mhttps://eth-mainnet.alchemyapi.io/v2/6vvlq0n_hjyPK4myUTJ4PGdD9AXjlPDq[0m
Request 372: [94mhttps://analytics.ousd.com/api/v1/ratios[0m
Request 373: [94mhttps://api.coingecko.com/api/v3/coins/origin-protocol[0m
Request 374: [94mhttps://eth-mainnet.alchemyapi.io/v2/6vvlq0n_hjyPK4myUTJ4PGdD9AXjlPDq[0m
Request 375: [94mhttps://app.ousd.com/_next/static/chunks/c352ce70c8b1dc3d453e9e3e71ccf6492253a041.0fa9302905d1e736629a.js[0m
Request 376: [94mhttps://app.ousd.com/_next/static/chunks/cca6739358f19b367d670d2970969e78d5bf65b6.59a7f95f9ad79f7f236e.js[0m
Request 377: [94mhttps://app.ousd.com/_next/static/chunks/pages/index-278f0e449870f6fe09cf.js[0m
Request 378: [94mhttps://app.ousd.com/_next/static/chunks/pages/wrap-79999c1fd4c8eb127477.js[0m
Request 379: [94mhttps://app.ousd.com/_next/static/chunks/pages/history-6eca66d0f004b9af4ce2.js[0m
Request 380: [94mhttps://eth-mainnet.alchemyapi.io/v2/6vvlq0n_hjyPK4myUTJ4PGdD9AXjlPDq[0m
Request 381: [94mhttps://rs.fullstory.com/rec/page[0m
Request 382: [94mhttps://connect.facebook.net/signals/plugins/identity.js[0m
Request 383: [94mhttps://connect.facebook.net/signals/config/1106573693417404[0m
Request 384: [94mhttps://www.google-analytics.com/j/collect[0m
Request 385: [94mhttps://app.ousd.com/_next/static/chunks/pages/wrap-79999c1fd4c8eb127477.js[0m
Request 386: [94mhttps://eth-mainnet.alchemyapi.io/v2/6vvlq0n_hjyPK4myUTJ4PGdD9AXjlPDq[0m
Request 387: [94mhttps://app.ousd.com/images/etherscan-icon.svg[0m
Request 388: [94mhttps://app.ousd.com/images/default-wallet-icon.svg[0m
Request 389: [94mhttps://analytics.ousd.com/api/v1/address/0x7e4abd63a7c8314cc28d388303472353d884f292/history[0m
Request 390: [94mhttps://analytics.ousd.com/api/v1/apr/trailing/7[0m
Request 391: [94mhttps://analytics.ousd.com/api/v1/apr/trailing/30[0m
Request 392: [94mhttps://analytics.ousd.com/api/v1/apr/trailing/60[0m
Request 393: [94mhttps://analytics.ousd.com/api/v1/apr/trailing/90[0m
Request 394: [94mhttps://analytics.ousd.com/api/v1/apr/trailing/365[0m
Request 395: [94mhttps://analytics.ousd.com/api/v1/address/0x7e4abd63a7c8314cc28d388303472353d884f292/yield[0m
Request 396: [94mhttps://app.ousd.com/images/metamask-icon.svg[0m
Request 397: [94mhttps://www.google-analytics.com/collect[0m
Request 398: [94mhttps://eth-mainnet.alchemyapi.io/v2/6vvlq0n_hjyPK4myUTJ4PGdD9AXjlPDq[0m
Request 399: [94mhttps://www.facebook.com/tr/[0m
Request 400: [94mhttps://eth-mainnet.alchemyapi.io/v2/6vvlq0n_hjyPK4myUTJ4PGdD9AXjlPDq[0m
Request 401: [94mhttps://analytics.ousd.com/api/v1/ratios[0m
Request 402: [94mhttps://api.coingecko.com/api/v3/coins/origin-protocol[0m
Request 403: [94mhttps://eth-mainnet.alchemyapi.io/v2/6vvlq0n_hjyPK4myUTJ4PGdD9AXjlPDq[0m
Request 404: [94mhttps://eth-mainnet.alchemyapi.io/v2/6vvlq0n_hjyPK4myUTJ4PGdD9AXjlPDq[0m
Request 405: [94mhttps://eth-mainnet.alchemyapi.io/v2/6vvlq0n_hjyPK4myUTJ4PGdD9AXjlPDq[0m
Request 406: [94mhttps://eth-mainnet.alchemyapi.io/v2/6vvlq0n_hjyPK4myUTJ4PGdD9AXjlPDq[0m
Request 407: [94mhttps://eth-mainnet.alchemyapi.io/v2/6vvlq0n_hjyPK4myUTJ4PGdD9AXjlPDq[0m
Request 408: [94mhttps://eth-mainnet.alchemyapi.io/v2/6vvlq0n_hjyPK4myUTJ4PGdD9AXjlPDq[0m
Request 409: [94mhttps://eth-mainnet.alchemyapi.io/v2/6vvlq0n_hjyPK4myUTJ4PGdD9AXjlPDq[0m
Request 410: [94mhttps://app.ousd.com/images/favicon.ico[0m
Request 411: [94mhttps://app.ousd.com/images/favicon.ico[0m
Request 412: [94mhttps://app.ousd.com/_next/static/chunks/pages/history-6eca66d0f004b9af4ce2.js[0m
Request 413: [94mhttps://eth-mainnet.alchemyapi.io/v2/6vvlq0n_hjyPK4myUTJ4PGdD9AXjlPDq[0m
Request 414: [94mhttps://eth-mainnet.alchemyapi.io/v2/6vvlq0n_hjyPK4myUTJ4PGdD9AXjlPDq[0m
Request 415: [94mhttps://eth-mainnet.alchemyapi.io/v2/6vvlq0n_hjyPK4myUTJ4PGdD9AXjlPDq[0m
Request 416: [94mhttps://eth-mainnet.alchemyapi.io/v2/6vvlq0n_hjyPK4myUTJ4PGdD9AXjlPDq[0m
Request 417: [94mhttps://eth-mainnet.alchemyapi.io/v2/6vvlq0n_hjyPK4myUTJ4PGdD9AXjlPDq[0m
Request 418: [94mhttps://eth-mainnet.alchemyapi.io/v2/6vvlq0n_hjyPK4myUTJ4PGdD9AXjlPDq[0m
Request 419: [94mhttps://eth-mainnet.alchemyapi.io/v2/6vvlq0n_hjyPK4myUTJ4PGdD9AXjlPDq[0m
Request 420: [94mhttps://eth-mainnet.alchemyapi.io/v2/6vvlq0n_hjyPK4myUTJ4PGdD9AXjlPDq[0m
Request 421: [94mhttps://eth-mainnet.alchemyapi.io/v2/6vvlq0n_hjyPK4myUTJ4PGdD9AXjlPDq[0m
Request 422: [94mhttps://eth-mainnet.alchemyapi.io/v2/6vvlq0n_hjyPK4myUTJ4PGdD9AXjlPDq[0m
Request 423: [94mhttps://eth-mainnet.alchemyapi.io/v2/6vvlq0n_hjyPK4myUTJ4PGdD9AXjlPDq[0m
Request 424: [94mhttps://eth-mainnet.alchemyapi.io/v2/6vvlq0n_hjyPK4myUTJ4PGdD9AXjlPDq[0m
Request 425: [94mhttps://www.facebook.com/tr/[0m
Request 426: [94mhttps://eth-mainnet.alchemyapi.io/v2/6vvlq0n_hjyPK4myUTJ4PGdD9AXjlPDq[0m
Request 427: [94mhttps://eth-mainnet.alchemyapi.io/v2/6vvlq0n_hjyPK4myUTJ4PGdD9AXjlPDq[0m
Request 428: [94mhttps://eth-mainnet.alchemyapi.io/v2/6vvlq0n_hjyPK4myUTJ4PGdD9AXjlPDq[0m
Request 429: [94mhttps://eth-mainnet.alchemyapi.io/v2/6vvlq0n_hjyPK4myUTJ4PGdD9AXjlPDq[0m
Request 430: [94mhttps://eth-mainnet.alchemyapi.io/v2/6vvlq0n_hjyPK4myUTJ4PGdD9AXjlPDq[0m
Request 431: [94mhttps://eth-mainnet.alchemyapi.io/v2/6vvlq0n_hjyPK4myUTJ4PGdD9AXjlPDq[0m
Request 432: [94mhttps://eth-mainnet.alchemyapi.io/v2/6vvlq0n_hjyPK4myUTJ4PGdD9AXjlPDq[0m
Request 433: [94mhttps://eth-mainnet.alchemyapi.io/v2/6vvlq0n_hjyPK4myUTJ4PGdD9AXjlPDq[0m
Request 434: [94mhttps://eth-mainnet.alchemyapi.io/v2/6vvlq0n_hjyPK4myUTJ4PGdD9AXjlPDq[0m
Request 435: [94mhttps://eth-mainnet.alchemyapi.io/v2/6vvlq0n_hjyPK4myUTJ4PGdD9AXjlPDq[0m
Request 436: [94mhttps://eth-mainnet.alchemyapi.io/v2/6vvlq0n_hjyPK4myUTJ4PGdD9AXjlPDq[0m
Request 437: [94mhttps://eth-mainnet.alchemyapi.io/v2/6vvlq0n_hjyPK4myUTJ4PGdD9AXjlPDq[0m
Request 438: [94mhttps://eth-mainnet.alchemyapi.io/v2/6vvlq0n_hjyPK4myUTJ4PGdD9AXjlPDq[0m
Request 439: [94mhttps://eth-mainnet.alchemyapi.io/v2/6vvlq0n_hjyPK4myUTJ4PGdD9AXjlPDq[0m
Request 440: [94mhttps://eth-mainnet.alchemyapi.io/v2/6vvlq0n_hjyPK4myUTJ4PGdD9AXjlPDq[0m
Request 441: [94mhttps://eth-mainnet.alchemyapi.io/v2/6vvlq0n_hjyPK4myUTJ4PGdD9AXjlPDq[0m
Request 442: [94mhttps://eth-mainnet.alchemyapi.io/v2/6vvlq0n_hjyPK4myUTJ4PGdD9AXjlPDq[0m
Request 443: [94mhttps://eth-mainnet.alchemyapi.io/v2/6vvlq0n_hjyPK4myUTJ4PGdD9AXjlPDq[0m
Request 444: [94mhttps://eth-mainnet.alchemyapi.io/v2/6vvlq0n_hjyPK4myUTJ4PGdD9AXjlPDq[0m
Request 445: [94mhttps://eth-mainnet.alchemyapi.io/v2/6vvlq0n_hjyPK4myUTJ4PGdD9AXjlPDq[0m
Request 446: [94mhttps://eth-mainnet.alchemyapi.io/v2/6vvlq0n_hjyPK4myUTJ4PGdD9AXjlPDq[0m
Request 447: [94mhttps://eth-mainnet.alchemyapi.io/v2/6vvlq0n_hjyPK4myUTJ4PGdD9AXjlPDq[0m
Request 448: [94mhttps://eth-mainnet.alchemyapi.io/v2/6vvlq0n_hjyPK4myUTJ4PGdD9AXjlPDq[0m
Request 449: [94mhttps://eth-mainnet.alchemyapi.io/v2/6vvlq0n_hjyPK4myUTJ4PGdD9AXjlPDq[0m
Request 450: [94mhttps://eth-mainnet.alchemyapi.io/v2/6vvlq0n_hjyPK4myUTJ4PGdD9AXjlPDq[0m
Request 451: [94mhttps://eth-mainnet.alchemyapi.io/v2/6vvlq0n_hjyPK4myUTJ4PGdD9AXjlPDq[0m
Request 452: [94mhttps://eth-mainnet.alchemyapi.io/v2/6vvlq0n_hjyPK4myUTJ4PGdD9AXjlPDq[0m
Request 453: [94mhttps://eth-mainnet.alchemyapi.io/v2/6vvlq0n_hjyPK4myUTJ4PGdD9AXjlPDq[0m
Request 454: [94mhttps://eth-mainnet.alchemyapi.io/v2/6vvlq0n_hjyPK4myUTJ4PGdD9AXjlPDq[0m
Request 455: [94mhttps://eth-mainnet.alchemyapi.io/v2/6vvlq0n_hjyPK4myUTJ4PGdD9AXjlPDq[0m
Request 456: [94mhttps://eth-mainnet.alchemyapi.io/v2/6vvlq0n_hjyPK4myUTJ4PGdD9AXjlPDq[0m
Request 457: [94mhttps://eth-mainnet.alchemyapi.io/v2/6vvlq0n_hjyPK4myUTJ4PGdD9AXjlPDq[0m
Request 458: [94mhttps://eth-mainnet.alchemyapi.io/v2/6vvlq0n_hjyPK4myUTJ4PGdD9AXjlPDq[0m
Request 459: [94mhttps://eth-mainnet.alchemyapi.io/v2/6vvlq0n_hjyPK4myUTJ4PGdD9AXjlPDq[0m
Request 460: [94mhttps://eth-mainnet.alchemyapi.io/v2/6vvlq0n_hjyPK4myUTJ4PGdD9AXjlPDq[0m
Request 461: [94mhttps://eth-mainnet.alchemyapi.io/v2/6vvlq0n_hjyPK4myUTJ4PGdD9AXjlPDq[0m
Request 462: [94mhttps://eth-mainnet.alchemyapi.io/v2/6vvlq0n_hjyPK4myUTJ4PGdD9AXjlPDq[0m
Request 463: [94mhttps://eth-mainnet.alchemyapi.io/v2/6vvlq0n_hjyPK4myUTJ4PGdD9AXjlPDq[0m
Request 464: [94mhttps://eth-mainnet.alchemyapi.io/v2/6vvlq0n_hjyPK4myUTJ4PGdD9AXjlPDq[0m
Request 465: [94mhttps://eth-mainnet.alchemyapi.io/v2/6vvlq0n_hjyPK4myUTJ4PGdD9AXjlPDq[0m
Request 466: [94mhttps://eth-mainnet.alchemyapi.io/v2/6vvlq0n_hjyPK4myUTJ4PGdD9AXjlPDq[0m
Request 467: [94mhttps://eth-mainnet.alchemyapi.io/v2/6vvlq0n_hjyPK4myUTJ4PGdD9AXjlPDq[0m
Request 468: [94mhttps://eth-mainnet.alchemyapi.io/v2/6vvlq0n_hjyPK4myUTJ4PGdD9AXjlPDq[0m
Request 469: [94mhttps://eth-mainnet.alchemyapi.io/v2/6vvlq0n_hjyPK4myUTJ4PGdD9AXjlPDq[0m
Request 470: [94mhttps://eth-mainnet.alchemyapi.io/v2/6vvlq0n_hjyPK4myUTJ4PGdD9AXjlPDq[0m
Request 471: [94mhttps://eth-mainnet.alchemyapi.io/v2/6vvlq0n_hjyPK4myUTJ4PGdD9AXjlPDq[0m
Request 472: [94mhttps://eth-mainnet.alchemyapi.io/v2/6vvlq0n_hjyPK4myUTJ4PGdD9AXjlPDq[0m
Request 473: [94mhttps://eth-mainnet.alchemyapi.io/v2/6vvlq0n_hjyPK4myUTJ4PGdD9AXjlPDq[0m
Request 474: [94mhttps://eth-mainnet.alchemyapi.io/v2/6vvlq0n_hjyPK4myUTJ4PGdD9AXjlPDq[0m
Request 475: [94mhttps://eth-mainnet.alchemyapi.io/v2/6vvlq0n_hjyPK4myUTJ4PGdD9AXjlPDq[0m
Request 476: [94mhttps://eth-mainnet.alchemyapi.io/v2/6vvlq0n_hjyPK4myUTJ4PGdD9AXjlPDq[0m
Request 477: [94mhttps://eth-mainnet.alchemyapi.io/v2/6vvlq0n_hjyPK4myUTJ4PGdD9AXjlPDq[0m
Request 478: [94mhttps://eth-mainnet.alchemyapi.io/v2/6vvlq0n_hjyPK4myUTJ4PGdD9AXjlPDq[0m
Request 479: [94mhttps://eth-mainnet.alchemyapi.io/v2/6vvlq0n_hjyPK4myUTJ4PGdD9AXjlPDq[0m
Request 480: [94mhttps://eth-mainnet.alchemyapi.io/v2/6vvlq0n_hjyPK4myUTJ4PGdD9AXjlPDq[0m
Request 481: [94mhttps://eth-mainnet.alchemyapi.io/v2/6vvlq0n_hjyPK4myUTJ4PGdD9AXjlPDq[0m
Request 482: [94mhttps://eth-mainnet.alchemyapi.io/v2/6vvlq0n_hjyPK4myUTJ4PGdD9AXjlPDq[0m
Request 483: [94mhttps://eth-mainnet.alchemyapi.io/v2/6vvlq0n_hjyPK4myUTJ4PGdD9AXjlPDq[0m
Request 484: [94mhttps://eth-mainnet.alchemyapi.io/v2/6vvlq0n_hjyPK4myUTJ4PGdD9AXjlPDq[0m
Request 485: [94mhttps://eth-mainnet.alchemyapi.io/v2/6vvlq0n_hjyPK4myUTJ4PGdD9AXjlPDq[0m
Request 486: [94mhttps://eth-mainnet.alchemyapi.io/v2/6vvlq0n_hjyPK4myUTJ4PGdD9AXjlPDq[0m
Request 487: [94mhttps://eth-mainnet.alchemyapi.io/v2/6vvlq0n_hjyPK4myUTJ4PGdD9AXjlPDq[0m
Request 488: [94mhttps://eth-mainnet.alchemyapi.io/v2/6vvlq0n_hjyPK4myUTJ4PGdD9AXjlPDq[0m
Request 489: [94mhttps://eth-mainnet.alchemyapi.io/v2/6vvlq0n_hjyPK4myUTJ4PGdD9AXjlPDq[0m
Request 490: [94mhttps://eth-mainnet.alchemyapi.io/v2/6vvlq0n_hjyPK4myUTJ4PGdD9AXjlPDq[0m
Request 491: [94mhttps://eth-mainnet.alchemyapi.io/v2/6vvlq0n_hjyPK4myUTJ4PGdD9AXjlPDq[0m
Request 492: [94mhttps://eth-mainnet.alchemyapi.io/v2/6vvlq0n_hjyPK4myUTJ4PGdD9AXjlPDq[0m
Request 493: [94mhttps://eth-mainnet.alchemyapi.io/v2/6vvlq0n_hjyPK4myUTJ4PGdD9AXjlPDq[0m
Request 494: [94mhttps://eth-mainnet.alchemyapi.io/v2/6vvlq0n_hjyPK4myUTJ4PGdD9AXjlPDq[0m
Request 495: [94mhttps://eth-mainnet.alchemyapi.io/v2/6vvlq0n_hjyPK4myUTJ4PGdD9AXjlPDq[0m
Request 496: [94mhttps://eth-mainnet.alchemyapi.io/v2/6vvlq0n_hjyPK4myUTJ4PGdD9AXjlPDq[0m
Request 497: [94mhttps://eth-mainnet.alchemyapi.io/v2/6vvlq0n_hjyPK4myUTJ4PGdD9AXjlPDq[0m
Request 498: [94mhttps://eth-mainnet.alchemyapi.io/v2/6vvlq0n_hjyPK4myUTJ4PGdD9AXjlPDq[0m
Request 499: [94mhttps://eth-mainnet.alchemyapi.io/v2/6vvlq0n_hjyPK4myUTJ4PGdD9AXjlPDq[0m
Request 500: [94mhttps://eth-mainnet.alchemyapi.io/v2/6vvlq0n_hjyPK4myUTJ4PGdD9AXjlPDq[0m
Request 501: [94mhttps://eth-mainnet.alchemyapi.io/v2/6vvlq0n_hjyPK4myUTJ4PGdD9AXjlPDq[0m
Request 502: [94mhttps://eth-mainnet.alchemyapi.io/v2/6vvlq0n_hjyPK4myUTJ4PGdD9AXjlPDq[0m
Request 503: [94mhttps://eth-mainnet.alchemyapi.io/v2/6vvlq0n_hjyPK4myUTJ4PGdD9AXjlPDq[0m
Request 504: [94mhttps://eth-mainnet.alchemyapi.io/v2/6vvlq0n_hjyPK4myUTJ4PGdD9AXjlPDq[0m
Request 505: [94mhttps://eth-mainnet.alchemyapi.io/v2/6vvlq0n_hjyPK4myUTJ4PGdD9AXjlPDq[0m
Request 506: [94mhttps://eth-mainnet.alchemyapi.io/v2/6vvlq0n_hjyPK4myUTJ4PGdD9AXjlPDq[0m
Request 507: [94mhttps://eth-mainnet.alchemyapi.io/v2/6vvlq0n_hjyPK4myUTJ4PGdD9AXjlPDq[0m
Request 508: [94mhttps://eth-mainnet.alchemyapi.io/v2/6vvlq0n_hjyPK4myUTJ4PGdD9AXjlPDq[0m
Request 509: [94mhttps://eth-mainnet.alchemyapi.io/v2/6vvlq0n_hjyPK4myUTJ4PGdD9AXjlPDq[0m
Request 510: [94mhttps://eth-mainnet.alchemyapi.io/v2/6vvlq0n_hjyPK4myUTJ4PGdD9AXjlPDq[0m
Request 511: [94mhttps://eth-mainnet.alchemyapi.io/v2/6vvlq0n_hjyPK4myUTJ4PGdD9AXjlPDq[0m
Request 512: [94mhttps://eth-mainnet.alchemyapi.io/v2/6vvlq0n_hjyPK4myUTJ4PGdD9AXjlPDq[0m
Request 513: [94mhttps://eth-mainnet.alchemyapi.io/v2/6vvlq0n_hjyPK4myUTJ4PGdD9AXjlPDq[0m
Request 514: [94mhttps://eth-mainnet.alchemyapi.io/v2/6vvlq0n_hjyPK4myUTJ4PGdD9AXjlPDq[0m
Request 515: [94mhttps://eth-mainnet.alchemyapi.io/v2/6vvlq0n_hjyPK4myUTJ4PGdD9AXjlPDq[0m
Request 516: [94mhttps://eth-mainnet.alchemyapi.io/v2/6vvlq0n_hjyPK4myUTJ4PGdD9AXjlPDq[0m
Request 517: [94mhttps://eth-mainnet.alchemyapi.io/v2/6vvlq0n_hjyPK4myUTJ4PGdD9AXjlPDq[0m
Request 518: [94mhttps://eth-mainnet.alchemyapi.io/v2/6vvlq0n_hjyPK4myUTJ4PGdD9AXjlPDq[0m
Request 519: [94mhttps://eth-mainnet.alchemyapi.io/v2/6vvlq0n_hjyPK4myUTJ4PGdD9AXjlPDq[0m
Request 520: [94mhttps://eth-mainnet.alchemyapi.io/v2/6vvlq0n_hjyPK4myUTJ4PGdD9AXjlPDq[0m
Request 521: [94mhttps://eth-mainnet.alchemyapi.io/v2/6vvlq0n_hjyPK4myUTJ4PGdD9AXjlPDq[0m
Request 522: [94mhttps://eth-mainnet.alchemyapi.io/v2/6vvlq0n_hjyPK4myUTJ4PGdD9AXjlPDq[0m
Request 523: [94mhttps://eth-mainnet.alchemyapi.io/v2/6vvlq0n_hjyPK4myUTJ4PGdD9AXjlPDq[0m
Request 524: [94mhttps://eth-mainnet.alchemyapi.io/v2/6vvlq0n_hjyPK4myUTJ4PGdD9AXjlPDq[0m
Request 525: [94mhttps://eth-mainnet.alchemyapi.io/v2/6vvlq0n_hjyPK4myUTJ4PGdD9AXjlPDq[0m
Request 526: [94mhttps://eth-mainnet.alchemyapi.io/v2/6vvlq0n_hjyPK4myUTJ4PGdD9AXjlPDq[0m
Request 527: [94mhttps://eth-mainnet.alchemyapi.io/v2/6vvlq0n_hjyPK4myUTJ4PGdD9AXjlPDq[0m
Request 528: [94mhttps://eth-mainnet.alchemyapi.io/v2/6vvlq0n_hjyPK4myUTJ4PGdD9AXjlPDq[0m
Request 529: [94mhttps://api-js.mixpanel.com/track/[0m
Request 530: [94mhttps://api-js.mixpanel.com/engage/[0m
Request 531: [94mhttps://eth-mainnet.alchemyapi.io/v2/6vvlq0n_hjyPK4myUTJ4PGdD9AXjlPDq[0m
Request 532: [94mhttps://eth-mainnet.alchemyapi.io/v2/6vvlq0n_hjyPK4myUTJ4PGdD9AXjlPDq[0m
Request 533: [94mhttps://eth-mainnet.alchemyapi.io/v2/6vvlq0n_hjyPK4myUTJ4PGdD9AXjlPDq[0m
Request 534: [94mhttps://eth-mainnet.alchemyapi.io/v2/6vvlq0n_hjyPK4myUTJ4PGdD9AXjlPDq[0m
Request 535: [94mhttps://eth-mainnet.alchemyapi.io/v2/6vvlq0n_hjyPK4myUTJ4PGdD9AXjlPDq[0m
Request 536: [94mhttps://eth-mainnet.alchemyapi.io/v2/6vvlq0n_hjyPK4myUTJ4PGdD9AXjlPDq[0m
Request 537: [94mhttps://eth-mainnet.alchemyapi.io/v2/6vvlq0n_hjyPK4myUTJ4PGdD9AXjlPDq[0m
Request 538: [94mhttps://eth-mainnet.alchemyapi.io/v2/6vvlq0n_hjyPK4myUTJ4PGdD9AXjlPDq[0m
Request 539: [94mhttps://eth-mainnet.alchemyapi.io/v2/6vvlq0n_hjyPK4myUTJ4PGdD9AXjlPDq[0m
Request 540: [94mhttps://eth-mainnet.alchemyapi.io/v2/6vvlq0n_hjyPK4myUTJ4PGdD9AXjlPDq[0m
Request 541: [94mhttps://eth-mainnet.alchemyapi.io/v2/6vvlq0n_hjyPK4myUTJ4PGdD9AXjlPDq[0m
Request 542: [94mhttps://eth-mainnet.alchemyapi.io/v2/6vvlq0n_hjyPK4myUTJ4PGdD9AXjlPDq[0m
Request 543: [94mhttps://eth-mainnet.alchemyapi.io/v2/6vvlq0n_hjyPK4myUTJ4PGdD9AXjlPDq[0m
Request 544: [94mhttps://eth-mainnet.alchemyapi.io/v2/6vvlq0n_hjyPK4myUTJ4PGdD9AXjlPDq[0m
Request 545: [94mhttps://eth-mainnet.alchemyapi.io/v2/6vvlq0n_hjyPK4myUTJ4PGdD9AXjlPDq[0m
Request 546: [94mhttps://eth-mainnet.alchemyapi.io/v2/6vvlq0n_hjyPK4myUTJ4PGdD9AXjlPDq[0m
Request 547: [94mhttps://eth-mainnet.alchemyapi.io/v2/6vvlq0n_hjyPK4myUTJ4PGdD9AXjlPDq[0m
Request 548: [94mhttps://eth-mainnet.alchemyapi.io/v2/6vvlq0n_hjyPK4myUTJ4PGdD9AXjlPDq[0m
Request 549: [94mhttps://eth-mainnet.alchemyapi.io/v2/6vvlq0n_hjyPK4myUTJ4PGdD9AXjlPDq[0m
Request 550: [94mhttps://eth-mainnet.alchemyapi.io/v2/6vvlq0n_hjyPK4myUTJ4PGdD9AXjlPDq[0m
Request 551: [94mhttps://eth-mainnet.alchemyapi.io/v2/6vvlq0n_hjyPK4myUTJ4PGdD9AXjlPDq[0m
Request 552: [94mhttps://eth-mainnet.alchemyapi.io/v2/6vvlq0n_hjyPK4myUTJ4PGdD9AXjlPDq[0m
Request 553: [94mhttps://eth-mainnet.alchemyapi.io/v2/6vvlq0n_hjyPK4myUTJ4PGdD9AXjlPDq[0m
Request 554: [94mhttps://eth-mainnet.alchemyapi.io/v2/6vvlq0n_hjyPK4myUTJ4PGdD9AXjlPDq[0m
Request 555: [94mhttps://eth-mainnet.alchemyapi.io/v2/6vvlq0n_hjyPK4myUTJ4PGdD9AXjlPDq[0m
Request 556: [94mhttps://eth-mainnet.alchemyapi.io/v2/6vvlq0n_hjyPK4myUTJ4PGdD9AXjlPDq[0m
Request 557: [94mhttps://eth-mainnet.alchemyapi.io/v2/6vvlq0n_hjyPK4myUTJ4PGdD9AXjlPDq[0m
Request 558: [94mhttps://eth-mainnet.alchemyapi.io/v2/6vvlq0n_hjyPK4myUTJ4PGdD9AXjlPDq[0m
Request 559: [94mhttps://eth-mainnet.alchemyapi.io/v2/6vvlq0n_hjyPK4myUTJ4PGdD9AXjlPDq[0m
Request 560: [94mhttps://eth-mainnet.alchemyapi.io/v2/6vvlq0n_hjyPK4myUTJ4PGdD9AXjlPDq[0m
Request 561: [94mhttps://eth-mainnet.alchemyapi.io/v2/6vvlq0n_hjyPK4myUTJ4PGdD9AXjlPDq[0m
Request 562: [94mhttps://eth-mainnet.alchemyapi.io/v2/6vvlq0n_hjyPK4myUTJ4PGdD9AXjlPDq[0m
Request 563: [94mhttps://eth-mainnet.alchemyapi.io/v2/6vvlq0n_hjyPK4myUTJ4PGdD9AXjlPDq[0m
Request 564: [94mhttps://eth-mainnet.alchemyapi.io/v2/6vvlq0n_hjyPK4myUTJ4PGdD9AXjlPDq[0m
Request 565: [94mhttps://eth-mainnet.alchemyapi.io/v2/6vvlq0n_hjyPK4myUTJ4PGdD9AXjlPDq[0m
Request 566: [94mhttps://eth-mainnet.alchemyapi.io/v2/6vvlq0n_hjyPK4myUTJ4PGdD9AXjlPDq[0m
Request 567: [94mhttps://eth-mainnet.alchemyapi.io/v2/6vvlq0n_hjyPK4myUTJ4PGdD9AXjlPDq[0m
Request 568: [94mhttps://eth-mainnet.alchemyapi.io/v2/6vvlq0n_hjyPK4myUTJ4PGdD9AXjlPDq[0m
Request 569: [94mhttps://eth-mainnet.alchemyapi.io/v2/6vvlq0n_hjyPK4myUTJ4PGdD9AXjlPDq[0m
Request 570: [94mhttps://eth-mainnet.alchemyapi.io/v2/6vvlq0n_hjyPK4myUTJ4PGdD9AXjlPDq[0m
Request 571: [94mhttps://eth-mainnet.alchemyapi.io/v2/6vvlq0n_hjyPK4myUTJ4PGdD9AXjlPDq[0m
Request 572: [94mhttps://eth-mainnet.alchemyapi.io/v2/6vvlq0n_hjyPK4myUTJ4PGdD9AXjlPDq[0m
Request 573: [94mhttps://eth-mainnet.alchemyapi.io/v2/6vvlq0n_hjyPK4myUTJ4PGdD9AXjlPDq[0m
Request 574: [94mhttps://eth-mainnet.alchemyapi.io/v2/6vvlq0n_hjyPK4myUTJ4PGdD9AXjlPDq[0m
Request 575: [94mhttps://eth-mainnet.alchemyapi.io/v2/6vvlq0n_hjyPK4myUTJ4PGdD9AXjlPDq[0m
Request 576: [94mhttps://eth-mainnet.alchemyapi.io/v2/6vvlq0n_hjyPK4myUTJ4PGdD9AXjlPDq[0m
Request 577: [94mhttps://eth-mainnet.alchemyapi.io/v2/6vvlq0n_hjyPK4myUTJ4PGdD9AXjlPDq[0m
Request 578: [94mhttps://eth-mainnet.alchemyapi.io/v2/6vvlq0n_hjyPK4myUTJ4PGdD9AXjlPDq[0m
Request 579: [94mhttps://eth-mainnet.alchemyapi.io/v2/6vvlq0n_hjyPK4myUTJ4PGdD9AXjlPDq[0m
Request 580: [94mhttps://eth-mainnet.alchemyapi.io/v2/6vvlq0n_hjyPK4myUTJ4PGdD9AXjlPDq[0m
Request 581: [94mhttps://eth-mainnet.alchemyapi.io/v2/6vvlq0n_hjyPK4myUTJ4PGdD9AXjlPDq[0m
Request 582: [94mhttps://eth-mainnet.alchemyapi.io/v2/6vvlq0n_hjyPK4myUTJ4PGdD9AXjlPDq[0m
Request 583: [94mhttps://eth-mainnet.alchemyapi.io/v2/6vvlq0n_hjyPK4myUTJ4PGdD9AXjlPDq[0m
Request 584: [94mhttps://eth-mainnet.alchemyapi.io/v2/6vvlq0n_hjyPK4myUTJ4PGdD9AXjlPDq[0m
Request 585: [94mhttps://eth-mainnet.alchemyapi.io/v2/6vvlq0n_hjyPK4myUTJ4PGdD9AXjlPDq[0m
Request 586: [94mhttps://eth-mainnet.alchemyapi.io/v2/6vvlq0n_hjyPK4myUTJ4PGdD9AXjlPDq[0m
Request 587: [94mhttps://eth-mainnet.alchemyapi.io/v2/6vvlq0n_hjyPK4myUTJ4PGdD9AXjlPDq[0m
Request 588: [94mhttps://eth-mainnet.alchemyapi.io/v2/6vvlq0n_hjyPK4myUTJ4PGdD9AXjlPDq[0m
Request 589: [94mhttps://eth-mainnet.alchemyapi.io/v2/6vvlq0n_hjyPK4myUTJ4PGdD9AXjlPDq[0m
Request 590: [94mhttps://eth-mainnet.alchemyapi.io/v2/6vvlq0n_hjyPK4myUTJ4PGdD9AXjlPDq[0m
Request 591: [94mhttps://eth-mainnet.alchemyapi.io/v2/6vvlq0n_hjyPK4myUTJ4PGdD9AXjlPDq[0m
Request 592: [94mhttps://eth-mainnet.alchemyapi.io/v2/6vvlq0n_hjyPK4myUTJ4PGdD9AXjlPDq[0m
Request 593: [94mhttps://eth-mainnet.alchemyapi.io/v2/6vvlq0n_hjyPK4myUTJ4PGdD9AXjlPDq[0m
Request 594: [94mhttps://eth-mainnet.alchemyapi.io/v2/6vvlq0n_hjyPK4myUTJ4PGdD9AXjlPDq[0m
Request 595: [94mhttps://eth-mainnet.alchemyapi.io/v2/6vvlq0n_hjyPK4myUTJ4PGdD9AXjlPDq[0m
Request 596: [94mhttps://analytics.ousd.com/api/v1/ratios[0m
Request 597: [94mhttps://api.coingecko.com/api/v3/coins/origin-protocol[0m
Request 598: [94mhttps://eth-mainnet.alchemyapi.io/v2/6vvlq0n_hjyPK4myUTJ4PGdD9AXjlPDq[0m
Request 599: [94mhttps://eth-mainnet.alchemyapi.io/v2/6vvlq0n_hjyPK4myUTJ4PGdD9AXjlPDq[0m
Request 600: [94mhttps://eth-mainnet.alchemyapi.io/v2/6vvlq0n_hjyPK4myUTJ4PGdD9AXjlPDq[0m
Request 601: [94mhttps://eth-mainnet.alchemyapi.io/v2/6vvlq0n_hjyPK4myUTJ4PGdD9AXjlPDq[0m
Page closed: [94mhttps://app.ousd.com/[0m
Trying to shutdown
Page closed: [94mchrome-extension://glepecflakcnfpeedbnclfdcabngidkh/home.html#[0m
