Executing with arguments:  {
  printFrameHierarchy: true,
  debugLevel: 'verbose',
  headless: false,
  profilePath: undefined,
  secs: 30,
  links: undefined,
  url: 'https://app.silo.finance/',
  walletPath: 'metamask-chrome-10.22.2',
  destination: '../results/dapps/crawl',
  force: false,
  executablePath: '/Users/christof/.cache/puppeteer/chrome/mac-1056772/chrome-mac/Chromium.app/Contents/MacOS/Chromium'
}
Completed configuring new page. (about:blank)
Completed configuring new page. (chrome-extension://glepecflakcnfpeedbnclfdcabngidkh/home.html)
Request 1: [94mchrome-extension://glepecflakcnfpeedbnclfdcabngidkh/react-gallery/carousel.min.css[0m
Request 2: [94mhttps://sentry.io/api/273505/envelope/[0m
[94mTrying to import MetaMask connect...[0m
Request 3: [94mchrome-extension://glepecflakcnfpeedbnclfdcabngidkh/_locales/en/messages.json[0m
Request 4: [94mchrome-extension://glepecflakcnfpeedbnclfdcabngidkh/_locales/en/messages.json[0m
Request 5: [94mhttps://sentry.io/api/273505/envelope/[0m
Request 6: [94mhttps://sentry.io/api/273505/envelope/[0m
Request 7: [94mchrome-extension://glepecflakcnfpeedbnclfdcabngidkh/fonts/Euclid/EuclidCircularB-Regular-WebXL.ttf[0m
Request 8: [94mchrome-extension://glepecflakcnfpeedbnclfdcabngidkh/fonts/Euclid/EuclidCircularB-Medium.ttf[0m
Request 9: [94mchrome-extension://glepecflakcnfpeedbnclfdcabngidkh/images/logo/metamask-fox.svg[0m
Request 10: [94mhttps://sentry.io/api/273505/envelope/[0m
Request 11: [94mhttps://sentry.io/api/273505/envelope/[0m
Request 12: [94mchrome-extension://glepecflakcnfpeedbnclfdcabngidkh/images/metrics-chart.svg[0m
Request 13: [94mchrome-extension://glepecflakcnfpeedbnclfdcabngidkh/fonts/fontawesome/fa-solid-900.woff2[0m
Request 14: [94mchrome-extension://glepecflakcnfpeedbnclfdcabngidkh/fonts/Euclid/EuclidCircularB-Bold-WebXL.ttf[0m
Request 15: [94mhttps://sentry.io/api/273505/envelope/[0m
Request 16: [94mhttps://sentry.io/api/273505/envelope/[0m
Request 17: [94mhttps://sentry.io/api/273505/envelope/[0m
Request 18: [94mhttps://sentry.io/api/273505/envelope/[0m
Request 19: [94mchrome-extension://glepecflakcnfpeedbnclfdcabngidkh/fonts/Roboto/Roboto-Regular.ttf[0m
Request 20: [94mchrome-extension://glepecflakcnfpeedbnclfdcabngidkh/fonts/fontawesome/fa-regular-400.woff2[0m
Request 21: [94mhttps://sentry.io/api/273505/envelope/[0m
Request 22: [94mhttps://sentry.io/api/273505/envelope/[0m
[92mImporting MetaMask wallet was successful![0m
Visiting https://app.silo.finance/
Request 23: [94mhttps://app.silo.finance/[0m
Request 24: [94mhttps://sentry.io/api/273505/envelope/[0m
Request 25: [94mhttps://sentry.io/api/273505/envelope/[0m
Request 26: [94mchrome-extension://glepecflakcnfpeedbnclfdcabngidkh/images/eth_logo.svg[0m
Request 27: [94mhttps://app.silo.finance/_next/static/css/32f7982d2d3dd4a1.css[0m
Request 28: [94mhttps://app.silo.finance/_next/static/chunks/webpack-4a3761c5c02a1625.js[0m
Request 29: [94mhttps://app.silo.finance/_next/static/chunks/framework-1b2ef545399af810.js[0m
Request 30: [94mhttps://app.silo.finance/_next/static/chunks/main-e4d7cbf37ffbfeb1.js[0m
Request 31: [94mhttps://app.silo.finance/_next/static/chunks/pages/_app-c4644af7ed00f61c.js[0m
Request 32: [94mhttps://app.silo.finance/_next/static/chunks/259-95eda31bcbeef441.js[0m
Request 33: [94mhttps://app.silo.finance/_next/static/chunks/999-3cc67ca47c15d1b0.js[0m
Request 34: [94mhttps://app.silo.finance/_next/static/chunks/574-e33c8d3cfad5e193.js[0m
Request 35: [94mhttps://app.silo.finance/_next/static/chunks/716-55dd7c9116c08611.js[0m
Request 36: [94mhttps://app.silo.finance/_next/static/chunks/252-cf95142837f12b3c.js[0m
Request 37: [94mhttps://app.silo.finance/_next/static/chunks/pages/index-13c1797e99098b9b.js[0m
Request 38: [94mhttps://app.silo.finance/_next/static/DQ8Q1hVqXLFX4jv-XrIBY/_buildManifest.js[0m
Request 39: [94mhttps://app.silo.finance/_next/static/DQ8Q1hVqXLFX4jv-XrIBY/_ssgManifest.js[0m
Request 40: [94mhttps://app.silo.finance/api/tunnel[0m
Request 41: [94mhttps://e.silo.finance/e/[0m
Request 42: [94mhttps://e.silo.finance/decide/[0m
Request 43: [94mhttps://app.silo.finance/favicon.ico[0m
Request 44: [94mhttps://app.silo.finance/_next/static/media/dm-sans-latin-400-normal.cefcfa53.woff2[0m
Request 45: [94mhttps://app.silo.finance/bg-stars-xl.png[0m
Request 46: [94mhttps://app.silo.finance/_next/static/media/dm-sans-latin-500-normal.87a1afae.woff2[0m
Request 47: [94mhttps://app.silo.finance/_next/static/media/dm-sans-latin-700-normal.fe8484d9.woff2[0m
Request 48: [94mhttps://eth-mainnet.g.alchemy.com/v2/qwSKtEPpKpXuTQLaEGQiGOkJmAANcqB5[0m
Request 49: [94mhttps://eth-mainnet.g.alchemy.com/v2/qwSKtEPpKpXuTQLaEGQiGOkJmAANcqB5[0m
Request 50: [94mhttps://e.silo.finance/static/recorder.js[0m
Request 51: [94mhttps://app.silo.finance/_next/data/DQ8Q1hVqXLFX4jv-XrIBY/index.json[0m
Request 52: [94mhttps://app.silo.finance/_next/data/DQ8Q1hVqXLFX4jv-XrIBY/dashboard.json[0m
Request 53: [94mhttps://app.silo.finance/_next/static/chunks/634-2a4c16e337f2c23d.js[0m
Request 54: [94mhttps://app.silo.finance/_next/static/chunks/850-e95b206c4a4f4a01.js[0m
Request 55: [94mhttps://app.silo.finance/_next/static/chunks/pages/dashboard-42aa7070729ea4cd.js[0m
Request 56: [94mhttps://app.silo.finance/favicon.ico[0m
Request 57: [94mhttps://app.silo.finance/_next/static/chunks/634-2a4c16e337f2c23d.js[0m
Request 58: [94mhttps://app.silo.finance/_next/static/chunks/850-e95b206c4a4f4a01.js[0m
Request 59: [94mhttps://app.silo.finance/_next/static/chunks/pages/dashboard-42aa7070729ea4cd.js[0m
Request 60: [94mhttps://eth-mainnet.g.alchemy.com/v2/qwSKtEPpKpXuTQLaEGQiGOkJmAANcqB5[0m
Request 61: [94mhttps://eth-mainnet.g.alchemy.com/v2/qwSKtEPpKpXuTQLaEGQiGOkJmAANcqB5[0m
Request 62: [94mhttps://app.silo.finance/_next/data/DQ8Q1hVqXLFX4jv-XrIBY/silo/0xc8cd77d4cd9511f2822f24ad14fe9e3c97c57836.json[0m
Request 63: [94mhttps://app.silo.finance/_next/static/chunks/513-49a050b22c2a6577.js[0m
Request 64: [94mhttps://app.silo.finance/_next/static/chunks/536-d4dd5f858f055318.js[0m
Request 65: [94mhttps://app.silo.finance/_next/static/chunks/pages/silo/%5B%5B...address%5D%5D-abb256d830191da0.js[0m
Request 66: [94mhttps://app.silo.finance/images/logos/ETH-light.png[0m
Request 67: [94mhttps://app.silo.finance/images/logos/XAI.png[0m
Request 68: [94mhttps://app.silo.finance/images/logos/USDC.png[0m
Request 69: [94mhttps://app.silo.finance/images/logos/cbETH.png[0m
Request 70: [94mhttps://app.silo.finance/images/logos/QNT.png[0m
Request 71: [94mhttps://app.silo.finance/images/logos/AURA.png[0m
Request 72: [94mhttps://app.silo.finance/images/logos/gOHM.png[0m
Request 73: [94mhttps://app.silo.finance/images/logos/BAL.png[0m
Request 74: [94mhttps://app.silo.finance/images/logos/FXS.png[0m
Request 75: [94mhttps://app.silo.finance/images/logos/FARM.png[0m
Request 76: [94mhttps://app.silo.finance/images/logos/wstETH.png[0m
Request 77: [94mhttps://app.silo.finance/api/tunnel[0m
Request 78: [94mhttps://app.silo.finance/api/tunnel[0m
Request 79: [94mhttps://eth-mainnet.g.alchemy.com/v2/qwSKtEPpKpXuTQLaEGQiGOkJmAANcqB5[0m
Request 80: [94mhttps://eth-mainnet.g.alchemy.com/v2/qwSKtEPpKpXuTQLaEGQiGOkJmAANcqB5[0m
Request 81: [94mhttps://app.silo.finance/_next/data/DQ8Q1hVqXLFX4jv-XrIBY/silo/0xc8cd77d4cd9511f2822f24ad14fe9e3c97c57836.json[0m
Request 82: [94mhttps://app.silo.finance/_next/data/DQ8Q1hVqXLFX4jv-XrIBY/silo/0xfccc27aabd0ab7a0b2ad2b7760037b1eab61616b.json[0m
Request 83: [94mhttps://app.silo.finance/_next/data/DQ8Q1hVqXLFX4jv-XrIBY/silo/0x2eaf84b425822edf450fc5fdeec085f2e5ada98b.json[0m
Request 84: [94mhttps://app.silo.finance/_next/data/DQ8Q1hVqXLFX4jv-XrIBY/silo/0xac3333401e69574d433307b31f43a7826eb6f8fd.json[0m
Request 85: [94mhttps://app.silo.finance/_next/data/DQ8Q1hVqXLFX4jv-XrIBY/silo/0x67b2d089c39c59a49f8fbdea43f5878b3a3f65c3.json[0m
Request 86: [94mhttps://app.silo.finance/_next/data/DQ8Q1hVqXLFX4jv-XrIBY/silo/0xc413dd03555f3eb29d834b482d386b2999dc2eb0.json[0m
Request 87: [94mhttps://app.silo.finance/_next/data/DQ8Q1hVqXLFX4jv-XrIBY/silo/0x92e7e77163ffed918421e3cb6e0a22f2fe8b37fa.json[0m
Request 88: [94mhttps://app.silo.finance/_next/data/DQ8Q1hVqXLFX4jv-XrIBY/silo/0xf39f64d85ad89200e3b06c67f679c45798bf6a5b.json[0m
Request 89: [94mhttps://eth-mainnet.g.alchemy.com/v2/qwSKtEPpKpXuTQLaEGQiGOkJmAANcqB5[0m
Request 90: [94mhttps://eth-mainnet.g.alchemy.com/v2/qwSKtEPpKpXuTQLaEGQiGOkJmAANcqB5[0m
Request 91: [94mhttps://eth-mainnet.g.alchemy.com/v2/qwSKtEPpKpXuTQLaEGQiGOkJmAANcqB5[0m
Request 92: [94mhttps://eth-mainnet.g.alchemy.com/v2/qwSKtEPpKpXuTQLaEGQiGOkJmAANcqB5[0m
Request 93: [94mhttps://eth-mainnet.g.alchemy.com/v2/qwSKtEPpKpXuTQLaEGQiGOkJmAANcqB5[0m
Request 94: [94mhttps://eth-mainnet.g.alchemy.com/v2/qwSKtEPpKpXuTQLaEGQiGOkJmAANcqB5[0m
Request 95: [94mhttps://eth-mainnet.g.alchemy.com/v2/qwSKtEPpKpXuTQLaEGQiGOkJmAANcqB5[0m
Request 96: [94mhttps://eth-mainnet.g.alchemy.com/v2/qwSKtEPpKpXuTQLaEGQiGOkJmAANcqB5[0m
Request 97: [94mhttps://eth-mainnet.g.alchemy.com/v2/qwSKtEPpKpXuTQLaEGQiGOkJmAANcqB5[0m
Request 98: [94mhttps://eth-mainnet.g.alchemy.com/v2/qwSKtEPpKpXuTQLaEGQiGOkJmAANcqB5[0m
Request 99: [94mhttps://eth-mainnet.g.alchemy.com/v2/qwSKtEPpKpXuTQLaEGQiGOkJmAANcqB5[0m
Request 100: [94mhttps://eth-mainnet.g.alchemy.com/v2/qwSKtEPpKpXuTQLaEGQiGOkJmAANcqB5[0m
Request 101: [94mhttps://eth-mainnet.g.alchemy.com/v2/qwSKtEPpKpXuTQLaEGQiGOkJmAANcqB5[0m
Request 102: [94mhttps://eth-mainnet.g.alchemy.com/v2/qwSKtEPpKpXuTQLaEGQiGOkJmAANcqB5[0m
Request 103: [94mhttps://eth-mainnet.g.alchemy.com/v2/qwSKtEPpKpXuTQLaEGQiGOkJmAANcqB5[0m
Request 104: [94mhttps://eth-mainnet.g.alchemy.com/v2/qwSKtEPpKpXuTQLaEGQiGOkJmAANcqB5[0m
Request 105: [94mhttps://eth-mainnet.g.alchemy.com/v2/qwSKtEPpKpXuTQLaEGQiGOkJmAANcqB5[0m
Request 106: [94mhttps://eth-mainnet.g.alchemy.com/v2/qwSKtEPpKpXuTQLaEGQiGOkJmAANcqB5[0m
Request 107: [94mhttps://eth-mainnet.g.alchemy.com/v2/qwSKtEPpKpXuTQLaEGQiGOkJmAANcqB5[0m
Request 108: [94mhttps://eth-mainnet.g.alchemy.com/v2/qwSKtEPpKpXuTQLaEGQiGOkJmAANcqB5[0m
Request 109: [94mhttps://eth-mainnet.g.alchemy.com/v2/qwSKtEPpKpXuTQLaEGQiGOkJmAANcqB5[0m
Request 110: [94mhttps://eth-mainnet.g.alchemy.com/v2/qwSKtEPpKpXuTQLaEGQiGOkJmAANcqB5[0m
Request 111: [94mhttps://eth-mainnet.g.alchemy.com/v2/qwSKtEPpKpXuTQLaEGQiGOkJmAANcqB5[0m
Request 112: [94mhttps://eth-mainnet.g.alchemy.com/v2/qwSKtEPpKpXuTQLaEGQiGOkJmAANcqB5[0m
Request 113: [94mhttps://eth-mainnet.g.alchemy.com/v2/qwSKtEPpKpXuTQLaEGQiGOkJmAANcqB5[0m
Request 114: [94mhttps://eth-mainnet.g.alchemy.com/v2/qwSKtEPpKpXuTQLaEGQiGOkJmAANcqB5[0m
Request 115: [94mhttps://eth-mainnet.g.alchemy.com/v2/qwSKtEPpKpXuTQLaEGQiGOkJmAANcqB5[0m
Request 116: [94mhttps://eth-mainnet.g.alchemy.com/v2/qwSKtEPpKpXuTQLaEGQiGOkJmAANcqB5[0m
Request 117: [94mhttps://eth-mainnet.g.alchemy.com/v2/qwSKtEPpKpXuTQLaEGQiGOkJmAANcqB5[0m
Request 118: [94mhttps://eth-mainnet.g.alchemy.com/v2/qwSKtEPpKpXuTQLaEGQiGOkJmAANcqB5[0m
Request 119: [94mhttps://eth-mainnet.g.alchemy.com/v2/qwSKtEPpKpXuTQLaEGQiGOkJmAANcqB5[0m
Request 120: [94mhttps://eth-mainnet.g.alchemy.com/v2/qwSKtEPpKpXuTQLaEGQiGOkJmAANcqB5[0m
Request 121: [94mhttps://eth-mainnet.g.alchemy.com/v2/qwSKtEPpKpXuTQLaEGQiGOkJmAANcqB5[0m
Request 122: [94mhttps://eth-mainnet.g.alchemy.com/v2/qwSKtEPpKpXuTQLaEGQiGOkJmAANcqB5[0m
Request 123: [94mhttps://eth-mainnet.g.alchemy.com/v2/qwSKtEPpKpXuTQLaEGQiGOkJmAANcqB5[0m
Request 124: [94mhttps://eth-mainnet.g.alchemy.com/v2/qwSKtEPpKpXuTQLaEGQiGOkJmAANcqB5[0m
Request 125: [94mhttps://eth-mainnet.g.alchemy.com/v2/qwSKtEPpKpXuTQLaEGQiGOkJmAANcqB5[0m
Request 126: [94mhttps://eth-mainnet.g.alchemy.com/v2/qwSKtEPpKpXuTQLaEGQiGOkJmAANcqB5[0m
Request 127: [94mhttps://eth-mainnet.g.alchemy.com/v2/qwSKtEPpKpXuTQLaEGQiGOkJmAANcqB5[0m
Request 128: [94mhttps://eth-mainnet.g.alchemy.com/v2/qwSKtEPpKpXuTQLaEGQiGOkJmAANcqB5[0m
Request 129: [94mhttps://eth-mainnet.g.alchemy.com/v2/qwSKtEPpKpXuTQLaEGQiGOkJmAANcqB5[0m
Request 130: [94mhttps://eth-mainnet.g.alchemy.com/v2/qwSKtEPpKpXuTQLaEGQiGOkJmAANcqB5[0m
Request 131: [94mhttps://eth-mainnet.g.alchemy.com/v2/qwSKtEPpKpXuTQLaEGQiGOkJmAANcqB5[0m
Request 132: [94mhttps://eth-mainnet.g.alchemy.com/v2/qwSKtEPpKpXuTQLaEGQiGOkJmAANcqB5[0m
Request 133: [94mhttps://eth-mainnet.g.alchemy.com/v2/qwSKtEPpKpXuTQLaEGQiGOkJmAANcqB5[0m
Request 134: [94mhttps://eth-mainnet.g.alchemy.com/v2/qwSKtEPpKpXuTQLaEGQiGOkJmAANcqB5[0m
Request 135: [94mhttps://eth-mainnet.g.alchemy.com/v2/qwSKtEPpKpXuTQLaEGQiGOkJmAANcqB5[0m
Request 136: [94mhttps://eth-mainnet.g.alchemy.com/v2/qwSKtEPpKpXuTQLaEGQiGOkJmAANcqB5[0m
Request 137: [94mhttps://eth-mainnet.g.alchemy.com/v2/qwSKtEPpKpXuTQLaEGQiGOkJmAANcqB5[0m
Request 138: [94mhttps://gateway.thegraph.com/api/41d8e9d9c63d206f22b98602980156de/deployments/id/QmT8631Rt8ZaGtD48F7WP6trs5Wd2RNoacMRPYLfuotDwB[0m
Request 139: [94mhttps://eth-mainnet.g.alchemy.com/v2/qwSKtEPpKpXuTQLaEGQiGOkJmAANcqB5[0m
Request 140: [94mhttps://eth-mainnet.g.alchemy.com/v2/qwSKtEPpKpXuTQLaEGQiGOkJmAANcqB5[0m
Request 141: [94mhttps://eth-mainnet.g.alchemy.com/v2/qwSKtEPpKpXuTQLaEGQiGOkJmAANcqB5[0m
Request 142: [94mhttps://eth-mainnet.g.alchemy.com/v2/qwSKtEPpKpXuTQLaEGQiGOkJmAANcqB5[0m
Request 143: [94mhttps://eth-mainnet.g.alchemy.com/v2/qwSKtEPpKpXuTQLaEGQiGOkJmAANcqB5[0m
Request 144: [94mhttps://eth-mainnet.g.alchemy.com/v2/qwSKtEPpKpXuTQLaEGQiGOkJmAANcqB5[0m
Request 145: [94mhttps://eth-mainnet.g.alchemy.com/v2/qwSKtEPpKpXuTQLaEGQiGOkJmAANcqB5[0m
Request 146: [94mhttps://eth-mainnet.g.alchemy.com/v2/qwSKtEPpKpXuTQLaEGQiGOkJmAANcqB5[0m
Request 147: [94mhttps://eth-mainnet.g.alchemy.com/v2/qwSKtEPpKpXuTQLaEGQiGOkJmAANcqB5[0m
Request 148: [94mhttps://eth-mainnet.g.alchemy.com/v2/qwSKtEPpKpXuTQLaEGQiGOkJmAANcqB5[0m
Request 149: [94mhttps://eth-mainnet.g.alchemy.com/v2/qwSKtEPpKpXuTQLaEGQiGOkJmAANcqB5[0m
Request 150: [94mhttps://eth-mainnet.g.alchemy.com/v2/qwSKtEPpKpXuTQLaEGQiGOkJmAANcqB5[0m
Request 151: [94mhttps://eth-mainnet.g.alchemy.com/v2/qwSKtEPpKpXuTQLaEGQiGOkJmAANcqB5[0m
Request 152: [94mhttps://eth-mainnet.g.alchemy.com/v2/qwSKtEPpKpXuTQLaEGQiGOkJmAANcqB5[0m
Request 153: [94mhttps://eth-mainnet.g.alchemy.com/v2/qwSKtEPpKpXuTQLaEGQiGOkJmAANcqB5[0m
Request 154: [94mhttps://eth-mainnet.g.alchemy.com/v2/qwSKtEPpKpXuTQLaEGQiGOkJmAANcqB5[0m
Request 155: [94mhttps://eth-mainnet.g.alchemy.com/v2/qwSKtEPpKpXuTQLaEGQiGOkJmAANcqB5[0m
Request 156: [94mhttps://eth-mainnet.g.alchemy.com/v2/qwSKtEPpKpXuTQLaEGQiGOkJmAANcqB5[0m
Request 157: [94mhttps://eth-mainnet.g.alchemy.com/v2/qwSKtEPpKpXuTQLaEGQiGOkJmAANcqB5[0m
Request 158: [94mhttps://eth-mainnet.g.alchemy.com/v2/qwSKtEPpKpXuTQLaEGQiGOkJmAANcqB5[0m
Request 159: [94mhttps://eth-mainnet.g.alchemy.com/v2/qwSKtEPpKpXuTQLaEGQiGOkJmAANcqB5[0m
Request 160: [94mhttps://eth-mainnet.g.alchemy.com/v2/qwSKtEPpKpXuTQLaEGQiGOkJmAANcqB5[0m
Request 161: [94mhttps://eth-mainnet.g.alchemy.com/v2/qwSKtEPpKpXuTQLaEGQiGOkJmAANcqB5[0m
Request 162: [94mhttps://eth-mainnet.g.alchemy.com/v2/qwSKtEPpKpXuTQLaEGQiGOkJmAANcqB5[0m
Request 163: [94mhttps://eth-mainnet.g.alchemy.com/v2/qwSKtEPpKpXuTQLaEGQiGOkJmAANcqB5[0m
Request 164: [94mhttps://eth-mainnet.g.alchemy.com/v2/qwSKtEPpKpXuTQLaEGQiGOkJmAANcqB5[0m
Request 165: [94mhttps://eth-mainnet.g.alchemy.com/v2/qwSKtEPpKpXuTQLaEGQiGOkJmAANcqB5[0m
Request 166: [94mhttps://eth-mainnet.g.alchemy.com/v2/qwSKtEPpKpXuTQLaEGQiGOkJmAANcqB5[0m
Request 167: [94mhttps://eth-mainnet.g.alchemy.com/v2/qwSKtEPpKpXuTQLaEGQiGOkJmAANcqB5[0m
Request 168: [94mhttps://eth-mainnet.g.alchemy.com/v2/qwSKtEPpKpXuTQLaEGQiGOkJmAANcqB5[0m
Request 169: [94mhttps://eth-mainnet.g.alchemy.com/v2/qwSKtEPpKpXuTQLaEGQiGOkJmAANcqB5[0m
Request 170: [94mhttps://eth-mainnet.g.alchemy.com/v2/qwSKtEPpKpXuTQLaEGQiGOkJmAANcqB5[0m
Request 171: [94mhttps://eth-mainnet.g.alchemy.com/v2/qwSKtEPpKpXuTQLaEGQiGOkJmAANcqB5[0m
Request 172: [94mhttps://eth-mainnet.g.alchemy.com/v2/qwSKtEPpKpXuTQLaEGQiGOkJmAANcqB5[0m
Request 173: [94mhttps://eth-mainnet.g.alchemy.com/v2/qwSKtEPpKpXuTQLaEGQiGOkJmAANcqB5[0m
Request 174: [94mhttps://eth-mainnet.g.alchemy.com/v2/qwSKtEPpKpXuTQLaEGQiGOkJmAANcqB5[0m
Request 175: [94mhttps://eth-mainnet.g.alchemy.com/v2/qwSKtEPpKpXuTQLaEGQiGOkJmAANcqB5[0m
Request 176: [94mhttps://eth-mainnet.g.alchemy.com/v2/qwSKtEPpKpXuTQLaEGQiGOkJmAANcqB5[0m
Request 177: [94mhttps://eth-mainnet.g.alchemy.com/v2/qwSKtEPpKpXuTQLaEGQiGOkJmAANcqB5[0m
Request 178: [94mhttps://eth-mainnet.g.alchemy.com/v2/qwSKtEPpKpXuTQLaEGQiGOkJmAANcqB5[0m
Request 179: [94mhttps://eth-mainnet.g.alchemy.com/v2/qwSKtEPpKpXuTQLaEGQiGOkJmAANcqB5[0m
Request 180: [94mhttps://eth-mainnet.g.alchemy.com/v2/qwSKtEPpKpXuTQLaEGQiGOkJmAANcqB5[0m
Request 181: [94mhttps://eth-mainnet.g.alchemy.com/v2/qwSKtEPpKpXuTQLaEGQiGOkJmAANcqB5[0m
Request 182: [94mhttps://eth-mainnet.g.alchemy.com/v2/qwSKtEPpKpXuTQLaEGQiGOkJmAANcqB5[0m
Request 183: [94mhttps://eth-mainnet.g.alchemy.com/v2/qwSKtEPpKpXuTQLaEGQiGOkJmAANcqB5[0m
Request 184: [94mhttps://eth-mainnet.g.alchemy.com/v2/qwSKtEPpKpXuTQLaEGQiGOkJmAANcqB5[0m
Request 185: [94mhttps://eth-mainnet.g.alchemy.com/v2/qwSKtEPpKpXuTQLaEGQiGOkJmAANcqB5[0m
Request 186: [94mhttps://eth-mainnet.g.alchemy.com/v2/qwSKtEPpKpXuTQLaEGQiGOkJmAANcqB5[0m
Request 187: [94mhttps://eth-mainnet.g.alchemy.com/v2/qwSKtEPpKpXuTQLaEGQiGOkJmAANcqB5[0m
Request 188: [94mhttps://gateway.thegraph.com/api/41d8e9d9c63d206f22b98602980156de/deployments/id/QmT8631Rt8ZaGtD48F7WP6trs5Wd2RNoacMRPYLfuotDwB[0m
Request 189: [94mhttps://eth-mainnet.g.alchemy.com/v2/qwSKtEPpKpXuTQLaEGQiGOkJmAANcqB5[0m
Request 190: [94mhttps://eth-mainnet.g.alchemy.com/v2/qwSKtEPpKpXuTQLaEGQiGOkJmAANcqB5[0m
Request 191: [94mhttps://eth-mainnet.g.alchemy.com/v2/qwSKtEPpKpXuTQLaEGQiGOkJmAANcqB5[0m
Request 192: [94mhttps://eth-mainnet.g.alchemy.com/v2/qwSKtEPpKpXuTQLaEGQiGOkJmAANcqB5[0m
Request 193: [94mhttps://eth-mainnet.g.alchemy.com/v2/qwSKtEPpKpXuTQLaEGQiGOkJmAANcqB5[0m
Request 194: [94mhttps://eth-mainnet.g.alchemy.com/v2/qwSKtEPpKpXuTQLaEGQiGOkJmAANcqB5[0m
Request 195: [94mhttps://eth-mainnet.g.alchemy.com/v2/qwSKtEPpKpXuTQLaEGQiGOkJmAANcqB5[0m
Request 196: [94mhttps://eth-mainnet.g.alchemy.com/v2/qwSKtEPpKpXuTQLaEGQiGOkJmAANcqB5[0m
Request 197: [94mhttps://eth-mainnet.g.alchemy.com/v2/qwSKtEPpKpXuTQLaEGQiGOkJmAANcqB5[0m
Request 198: [94mhttps://eth-mainnet.g.alchemy.com/v2/qwSKtEPpKpXuTQLaEGQiGOkJmAANcqB5[0m
Request 199: [94mhttps://eth-mainnet.g.alchemy.com/v2/qwSKtEPpKpXuTQLaEGQiGOkJmAANcqB5[0m
Request 200: [94mhttps://eth-mainnet.g.alchemy.com/v2/qwSKtEPpKpXuTQLaEGQiGOkJmAANcqB5[0m
Request 201: [94mhttps://eth-mainnet.g.alchemy.com/v2/qwSKtEPpKpXuTQLaEGQiGOkJmAANcqB5[0m
Request 202: [94mhttps://eth-mainnet.g.alchemy.com/v2/qwSKtEPpKpXuTQLaEGQiGOkJmAANcqB5[0m
Request 203: [94mhttps://eth-mainnet.g.alchemy.com/v2/qwSKtEPpKpXuTQLaEGQiGOkJmAANcqB5[0m
Request 204: [94mhttps://eth-mainnet.g.alchemy.com/v2/qwSKtEPpKpXuTQLaEGQiGOkJmAANcqB5[0m
Request 205: [94mhttps://eth-mainnet.g.alchemy.com/v2/qwSKtEPpKpXuTQLaEGQiGOkJmAANcqB5[0m
Request 206: [94mhttps://eth-mainnet.g.alchemy.com/v2/qwSKtEPpKpXuTQLaEGQiGOkJmAANcqB5[0m
Request 207: [94mhttps://e.silo.finance/e/[0m
Request 208: [94mhttps://eth-mainnet.g.alchemy.com/v2/qwSKtEPpKpXuTQLaEGQiGOkJmAANcqB5[0m
Request 209: [94mhttps://eth-mainnet.g.alchemy.com/v2/qwSKtEPpKpXuTQLaEGQiGOkJmAANcqB5[0m
Request 210: [94mhttps://eth-mainnet.g.alchemy.com/v2/qwSKtEPpKpXuTQLaEGQiGOkJmAANcqB5[0m
Request 211: [94mhttps://eth-mainnet.g.alchemy.com/v2/qwSKtEPpKpXuTQLaEGQiGOkJmAANcqB5[0m
Request 212: [94mhttps://eth-mainnet.g.alchemy.com/v2/qwSKtEPpKpXuTQLaEGQiGOkJmAANcqB5[0m
Request 213: [94mhttps://eth-mainnet.g.alchemy.com/v2/qwSKtEPpKpXuTQLaEGQiGOkJmAANcqB5[0m
Request 214: [94mhttps://eth-mainnet.g.alchemy.com/v2/qwSKtEPpKpXuTQLaEGQiGOkJmAANcqB5[0m
Request 215: [94mhttps://eth-mainnet.g.alchemy.com/v2/qwSKtEPpKpXuTQLaEGQiGOkJmAANcqB5[0m
Request 216: [94mhttps://eth-mainnet.g.alchemy.com/v2/qwSKtEPpKpXuTQLaEGQiGOkJmAANcqB5[0m
Request 217: [94mhttps://eth-mainnet.g.alchemy.com/v2/qwSKtEPpKpXuTQLaEGQiGOkJmAANcqB5[0m
Request 218: [94mhttps://eth-mainnet.g.alchemy.com/v2/qwSKtEPpKpXuTQLaEGQiGOkJmAANcqB5[0m
Request 219: [94mhttps://eth-mainnet.g.alchemy.com/v2/qwSKtEPpKpXuTQLaEGQiGOkJmAANcqB5[0m
Request 220: [94mhttps://eth-mainnet.g.alchemy.com/v2/qwSKtEPpKpXuTQLaEGQiGOkJmAANcqB5[0m
Request 221: [94mhttps://eth-mainnet.g.alchemy.com/v2/qwSKtEPpKpXuTQLaEGQiGOkJmAANcqB5[0m
Request 222: [94mhttps://eth-mainnet.g.alchemy.com/v2/qwSKtEPpKpXuTQLaEGQiGOkJmAANcqB5[0m
Request 223: [94mhttps://eth-mainnet.g.alchemy.com/v2/qwSKtEPpKpXuTQLaEGQiGOkJmAANcqB5[0m
Request 224: [94mhttps://eth-mainnet.g.alchemy.com/v2/qwSKtEPpKpXuTQLaEGQiGOkJmAANcqB5[0m
Request 225: [94mhttps://eth-mainnet.g.alchemy.com/v2/qwSKtEPpKpXuTQLaEGQiGOkJmAANcqB5[0m
Request 226: [94mhttps://eth-mainnet.g.alchemy.com/v2/qwSKtEPpKpXuTQLaEGQiGOkJmAANcqB5[0m
Request 227: [94mhttps://eth-mainnet.g.alchemy.com/v2/qwSKtEPpKpXuTQLaEGQiGOkJmAANcqB5[0m
Request 228: [94mhttps://eth-mainnet.g.alchemy.com/v2/qwSKtEPpKpXuTQLaEGQiGOkJmAANcqB5[0m
Request 229: [94mhttps://eth-mainnet.g.alchemy.com/v2/qwSKtEPpKpXuTQLaEGQiGOkJmAANcqB5[0m
Request 230: [94mhttps://eth-mainnet.g.alchemy.com/v2/qwSKtEPpKpXuTQLaEGQiGOkJmAANcqB5[0m
Request 231: [94mhttps://eth-mainnet.g.alchemy.com/v2/qwSKtEPpKpXuTQLaEGQiGOkJmAANcqB5[0m
Request 232: [94mhttps://eth-mainnet.g.alchemy.com/v2/qwSKtEPpKpXuTQLaEGQiGOkJmAANcqB5[0m
Request 233: [94mhttps://eth-mainnet.g.alchemy.com/v2/qwSKtEPpKpXuTQLaEGQiGOkJmAANcqB5[0m
Request 234: [94mhttps://eth-mainnet.g.alchemy.com/v2/qwSKtEPpKpXuTQLaEGQiGOkJmAANcqB5[0m
Request 235: [94mhttps://eth-mainnet.g.alchemy.com/v2/qwSKtEPpKpXuTQLaEGQiGOkJmAANcqB5[0m
Request 236: [94mhttps://eth-mainnet.g.alchemy.com/v2/qwSKtEPpKpXuTQLaEGQiGOkJmAANcqB5[0m
Request 237: [94mhttps://eth-mainnet.g.alchemy.com/v2/qwSKtEPpKpXuTQLaEGQiGOkJmAANcqB5[0m
Request 238: [94mhttps://eth-mainnet.g.alchemy.com/v2/qwSKtEPpKpXuTQLaEGQiGOkJmAANcqB5[0m
Request 239: [94mhttps://eth-mainnet.g.alchemy.com/v2/qwSKtEPpKpXuTQLaEGQiGOkJmAANcqB5[0m
Request 240: [94mhttps://eth-mainnet.g.alchemy.com/v2/qwSKtEPpKpXuTQLaEGQiGOkJmAANcqB5[0m
Request 241: [94mhttps://eth-mainnet.g.alchemy.com/v2/qwSKtEPpKpXuTQLaEGQiGOkJmAANcqB5[0m
Request 242: [94mhttps://eth-mainnet.g.alchemy.com/v2/qwSKtEPpKpXuTQLaEGQiGOkJmAANcqB5[0m
Request 243: [94mhttps://eth-mainnet.g.alchemy.com/v2/qwSKtEPpKpXuTQLaEGQiGOkJmAANcqB5[0m
Request 244: [94mhttps://eth-mainnet.g.alchemy.com/v2/qwSKtEPpKpXuTQLaEGQiGOkJmAANcqB5[0m
Request 245: [94mhttps://eth-mainnet.g.alchemy.com/v2/qwSKtEPpKpXuTQLaEGQiGOkJmAANcqB5[0m
Request 246: [94mhttps://eth-mainnet.g.alchemy.com/v2/qwSKtEPpKpXuTQLaEGQiGOkJmAANcqB5[0m
Request 247: [94mhttps://eth-mainnet.g.alchemy.com/v2/qwSKtEPpKpXuTQLaEGQiGOkJmAANcqB5[0m
Request 248: [94mhttps://eth-mainnet.g.alchemy.com/v2/qwSKtEPpKpXuTQLaEGQiGOkJmAANcqB5[0m
Request 249: [94mhttps://eth-mainnet.g.alchemy.com/v2/qwSKtEPpKpXuTQLaEGQiGOkJmAANcqB5[0m
Request 250: [94mhttps://eth-mainnet.g.alchemy.com/v2/qwSKtEPpKpXuTQLaEGQiGOkJmAANcqB5[0m
Request 251: [94mhttps://eth-mainnet.g.alchemy.com/v2/qwSKtEPpKpXuTQLaEGQiGOkJmAANcqB5[0m
Request 252: [94mhttps://eth-mainnet.g.alchemy.com/v2/qwSKtEPpKpXuTQLaEGQiGOkJmAANcqB5[0m
Request 253: [94mhttps://eth-mainnet.g.alchemy.com/v2/qwSKtEPpKpXuTQLaEGQiGOkJmAANcqB5[0m
Request 254: [94mhttps://eth-mainnet.g.alchemy.com/v2/qwSKtEPpKpXuTQLaEGQiGOkJmAANcqB5[0m
Request 255: [94mhttps://eth-mainnet.g.alchemy.com/v2/qwSKtEPpKpXuTQLaEGQiGOkJmAANcqB5[0m
Request 256: [94mhttps://eth-mainnet.g.alchemy.com/v2/qwSKtEPpKpXuTQLaEGQiGOkJmAANcqB5[0m
Request 257: [94mhttps://eth-mainnet.g.alchemy.com/v2/qwSKtEPpKpXuTQLaEGQiGOkJmAANcqB5[0m
Request 258: [94mhttps://eth-mainnet.g.alchemy.com/v2/qwSKtEPpKpXuTQLaEGQiGOkJmAANcqB5[0m
Request 259: [94mhttps://eth-mainnet.g.alchemy.com/v2/qwSKtEPpKpXuTQLaEGQiGOkJmAANcqB5[0m
Request 260: [94mhttps://eth-mainnet.g.alchemy.com/v2/qwSKtEPpKpXuTQLaEGQiGOkJmAANcqB5[0m
Request 261: [94mhttps://eth-mainnet.g.alchemy.com/v2/qwSKtEPpKpXuTQLaEGQiGOkJmAANcqB5[0m
Request 262: [94mhttps://eth-mainnet.g.alchemy.com/v2/qwSKtEPpKpXuTQLaEGQiGOkJmAANcqB5[0m
Request 263: [94mhttps://eth-mainnet.g.alchemy.com/v2/qwSKtEPpKpXuTQLaEGQiGOkJmAANcqB5[0m
Request 264: [94mhttps://eth-mainnet.g.alchemy.com/v2/qwSKtEPpKpXuTQLaEGQiGOkJmAANcqB5[0m
Request 265: [94mhttps://eth-mainnet.g.alchemy.com/v2/qwSKtEPpKpXuTQLaEGQiGOkJmAANcqB5[0m
Request 266: [94mhttps://eth-mainnet.g.alchemy.com/v2/qwSKtEPpKpXuTQLaEGQiGOkJmAANcqB5[0m
Request 267: [94mhttps://eth-mainnet.g.alchemy.com/v2/qwSKtEPpKpXuTQLaEGQiGOkJmAANcqB5[0m
Request 268: [94mhttps://eth-mainnet.g.alchemy.com/v2/qwSKtEPpKpXuTQLaEGQiGOkJmAANcqB5[0m
Request 269: [94mhttps://eth-mainnet.g.alchemy.com/v2/qwSKtEPpKpXuTQLaEGQiGOkJmAANcqB5[0m
Request 270: [94mhttps://eth-mainnet.g.alchemy.com/v2/qwSKtEPpKpXuTQLaEGQiGOkJmAANcqB5[0m
Request 271: [94mhttps://eth-mainnet.g.alchemy.com/v2/qwSKtEPpKpXuTQLaEGQiGOkJmAANcqB5[0m
Request 272: [94mhttps://eth-mainnet.g.alchemy.com/v2/qwSKtEPpKpXuTQLaEGQiGOkJmAANcqB5[0m
Request 273: [94mhttps://eth-mainnet.g.alchemy.com/v2/qwSKtEPpKpXuTQLaEGQiGOkJmAANcqB5[0m
Request 274: [94mhttps://eth-mainnet.g.alchemy.com/v2/qwSKtEPpKpXuTQLaEGQiGOkJmAANcqB5[0m
Request 275: [94mhttps://eth-mainnet.g.alchemy.com/v2/qwSKtEPpKpXuTQLaEGQiGOkJmAANcqB5[0m
Request 276: [94mhttps://eth-mainnet.g.alchemy.com/v2/qwSKtEPpKpXuTQLaEGQiGOkJmAANcqB5[0m
Request 277: [94mhttps://eth-mainnet.g.alchemy.com/v2/qwSKtEPpKpXuTQLaEGQiGOkJmAANcqB5[0m
Request 278: [94mhttps://eth-mainnet.g.alchemy.com/v2/qwSKtEPpKpXuTQLaEGQiGOkJmAANcqB5[0m
Request 279: [94mhttps://eth-mainnet.g.alchemy.com/v2/qwSKtEPpKpXuTQLaEGQiGOkJmAANcqB5[0m
Request 280: [94mhttps://eth-mainnet.g.alchemy.com/v2/qwSKtEPpKpXuTQLaEGQiGOkJmAANcqB5[0m
Request 281: [94mhttps://eth-mainnet.g.alchemy.com/v2/qwSKtEPpKpXuTQLaEGQiGOkJmAANcqB5[0m
Request 282: [94mhttps://eth-mainnet.g.alchemy.com/v2/qwSKtEPpKpXuTQLaEGQiGOkJmAANcqB5[0m
Request 283: [94mhttps://eth-mainnet.g.alchemy.com/v2/qwSKtEPpKpXuTQLaEGQiGOkJmAANcqB5[0m
Request 284: [94mhttps://eth-mainnet.g.alchemy.com/v2/qwSKtEPpKpXuTQLaEGQiGOkJmAANcqB5[0m
Request 285: [94mhttps://eth-mainnet.g.alchemy.com/v2/qwSKtEPpKpXuTQLaEGQiGOkJmAANcqB5[0m
Request 286: [94mhttps://eth-mainnet.g.alchemy.com/v2/qwSKtEPpKpXuTQLaEGQiGOkJmAANcqB5[0m
Request 287: [94mhttps://eth-mainnet.g.alchemy.com/v2/qwSKtEPpKpXuTQLaEGQiGOkJmAANcqB5[0m
Request 288: [94mhttps://eth-mainnet.g.alchemy.com/v2/qwSKtEPpKpXuTQLaEGQiGOkJmAANcqB5[0m
Request 289: [94mhttps://eth-mainnet.g.alchemy.com/v2/qwSKtEPpKpXuTQLaEGQiGOkJmAANcqB5[0m
Request 290: [94mhttps://eth-mainnet.g.alchemy.com/v2/qwSKtEPpKpXuTQLaEGQiGOkJmAANcqB5[0m
Request 291: [94mhttps://eth-mainnet.g.alchemy.com/v2/qwSKtEPpKpXuTQLaEGQiGOkJmAANcqB5[0m
Request 292: [94mhttps://eth-mainnet.g.alchemy.com/v2/qwSKtEPpKpXuTQLaEGQiGOkJmAANcqB5[0m
Request 293: [94mhttps://eth-mainnet.g.alchemy.com/v2/qwSKtEPpKpXuTQLaEGQiGOkJmAANcqB5[0m
Request 294: [94mhttps://eth-mainnet.g.alchemy.com/v2/qwSKtEPpKpXuTQLaEGQiGOkJmAANcqB5[0m
Request 295: [94mhttps://eth-mainnet.g.alchemy.com/v2/qwSKtEPpKpXuTQLaEGQiGOkJmAANcqB5[0m
Request 296: [94mhttps://eth-mainnet.g.alchemy.com/v2/qwSKtEPpKpXuTQLaEGQiGOkJmAANcqB5[0m
Request 297: [94mhttps://eth-mainnet.g.alchemy.com/v2/qwSKtEPpKpXuTQLaEGQiGOkJmAANcqB5[0m
Request 298: [94mhttps://eth-mainnet.g.alchemy.com/v2/qwSKtEPpKpXuTQLaEGQiGOkJmAANcqB5[0m
Request 299: [94mhttps://eth-mainnet.g.alchemy.com/v2/qwSKtEPpKpXuTQLaEGQiGOkJmAANcqB5[0m
Request 300: [94mhttps://eth-mainnet.g.alchemy.com/v2/qwSKtEPpKpXuTQLaEGQiGOkJmAANcqB5[0m
Request 301: [94mhttps://eth-mainnet.g.alchemy.com/v2/qwSKtEPpKpXuTQLaEGQiGOkJmAANcqB5[0m
Request 302: [94mhttps://eth-mainnet.g.alchemy.com/v2/qwSKtEPpKpXuTQLaEGQiGOkJmAANcqB5[0m
Request 303: [94mhttps://eth-mainnet.g.alchemy.com/v2/qwSKtEPpKpXuTQLaEGQiGOkJmAANcqB5[0m
Request 304: [94mhttps://eth-mainnet.g.alchemy.com/v2/qwSKtEPpKpXuTQLaEGQiGOkJmAANcqB5[0m
Request 305: [94mhttps://eth-mainnet.g.alchemy.com/v2/qwSKtEPpKpXuTQLaEGQiGOkJmAANcqB5[0m
Request 306: [94mhttps://eth-mainnet.g.alchemy.com/v2/qwSKtEPpKpXuTQLaEGQiGOkJmAANcqB5[0m
Request 307: [94mhttps://eth-mainnet.g.alchemy.com/v2/qwSKtEPpKpXuTQLaEGQiGOkJmAANcqB5[0m
Request 308: [94mhttps://eth-mainnet.g.alchemy.com/v2/qwSKtEPpKpXuTQLaEGQiGOkJmAANcqB5[0m
Request 309: [94mhttps://eth-mainnet.g.alchemy.com/v2/qwSKtEPpKpXuTQLaEGQiGOkJmAANcqB5[0m
Request 310: [94mhttps://eth-mainnet.g.alchemy.com/v2/qwSKtEPpKpXuTQLaEGQiGOkJmAANcqB5[0m
Request 311: [94mhttps://eth-mainnet.g.alchemy.com/v2/qwSKtEPpKpXuTQLaEGQiGOkJmAANcqB5[0m
Request 312: [94mhttps://eth-mainnet.g.alchemy.com/v2/qwSKtEPpKpXuTQLaEGQiGOkJmAANcqB5[0m
Request 313: [94mhttps://eth-mainnet.g.alchemy.com/v2/qwSKtEPpKpXuTQLaEGQiGOkJmAANcqB5[0m
Request 314: [94mhttps://eth-mainnet.g.alchemy.com/v2/qwSKtEPpKpXuTQLaEGQiGOkJmAANcqB5[0m
Request 315: [94mhttps://eth-mainnet.g.alchemy.com/v2/qwSKtEPpKpXuTQLaEGQiGOkJmAANcqB5[0m
Request 316: [94mhttps://eth-mainnet.g.alchemy.com/v2/qwSKtEPpKpXuTQLaEGQiGOkJmAANcqB5[0m
Request 317: [94mhttps://eth-mainnet.g.alchemy.com/v2/qwSKtEPpKpXuTQLaEGQiGOkJmAANcqB5[0m
Request 318: [94mhttps://eth-mainnet.g.alchemy.com/v2/qwSKtEPpKpXuTQLaEGQiGOkJmAANcqB5[0m
Request 319: [94mhttps://eth-mainnet.g.alchemy.com/v2/qwSKtEPpKpXuTQLaEGQiGOkJmAANcqB5[0m
Request 320: [94mhttps://eth-mainnet.g.alchemy.com/v2/qwSKtEPpKpXuTQLaEGQiGOkJmAANcqB5[0m
Request 321: [94mhttps://eth-mainnet.g.alchemy.com/v2/qwSKtEPpKpXuTQLaEGQiGOkJmAANcqB5[0m
Request 322: [94mhttps://eth-mainnet.g.alchemy.com/v2/qwSKtEPpKpXuTQLaEGQiGOkJmAANcqB5[0m
Request 323: [94mhttps://eth-mainnet.g.alchemy.com/v2/qwSKtEPpKpXuTQLaEGQiGOkJmAANcqB5[0m
Request 324: [94mhttps://eth-mainnet.g.alchemy.com/v2/qwSKtEPpKpXuTQLaEGQiGOkJmAANcqB5[0m
Request 325: [94mhttps://eth-mainnet.g.alchemy.com/v2/qwSKtEPpKpXuTQLaEGQiGOkJmAANcqB5[0m
Request 326: [94mhttps://eth-mainnet.g.alchemy.com/v2/qwSKtEPpKpXuTQLaEGQiGOkJmAANcqB5[0m
Request 327: [94mhttps://eth-mainnet.g.alchemy.com/v2/qwSKtEPpKpXuTQLaEGQiGOkJmAANcqB5[0m
Request 328: [94mhttps://eth-mainnet.g.alchemy.com/v2/qwSKtEPpKpXuTQLaEGQiGOkJmAANcqB5[0m
Request 329: [94mhttps://eth-mainnet.g.alchemy.com/v2/qwSKtEPpKpXuTQLaEGQiGOkJmAANcqB5[0m
Request 330: [94mhttps://eth-mainnet.g.alchemy.com/v2/qwSKtEPpKpXuTQLaEGQiGOkJmAANcqB5[0m
Request 331: [94mhttps://eth-mainnet.g.alchemy.com/v2/qwSKtEPpKpXuTQLaEGQiGOkJmAANcqB5[0m
Request 332: [94mhttps://eth-mainnet.g.alchemy.com/v2/qwSKtEPpKpXuTQLaEGQiGOkJmAANcqB5[0m
Request 333: [94mhttps://eth-mainnet.g.alchemy.com/v2/qwSKtEPpKpXuTQLaEGQiGOkJmAANcqB5[0m
Request 334: [94mhttps://eth-mainnet.g.alchemy.com/v2/qwSKtEPpKpXuTQLaEGQiGOkJmAANcqB5[0m
Request 335: [94mhttps://eth-mainnet.g.alchemy.com/v2/qwSKtEPpKpXuTQLaEGQiGOkJmAANcqB5[0m
Request 336: [94mhttps://eth-mainnet.g.alchemy.com/v2/qwSKtEPpKpXuTQLaEGQiGOkJmAANcqB5[0m
Request 337: [94mhttps://eth-mainnet.g.alchemy.com/v2/qwSKtEPpKpXuTQLaEGQiGOkJmAANcqB5[0m
Request 338: [94mhttps://eth-mainnet.g.alchemy.com/v2/qwSKtEPpKpXuTQLaEGQiGOkJmAANcqB5[0m
Request 339: [94mhttps://eth-mainnet.g.alchemy.com/v2/qwSKtEPpKpXuTQLaEGQiGOkJmAANcqB5[0m
Request 340: [94mhttps://eth-mainnet.g.alchemy.com/v2/qwSKtEPpKpXuTQLaEGQiGOkJmAANcqB5[0m
Request 341: [94mhttps://eth-mainnet.g.alchemy.com/v2/qwSKtEPpKpXuTQLaEGQiGOkJmAANcqB5[0m
Request 342: [94mhttps://eth-mainnet.g.alchemy.com/v2/qwSKtEPpKpXuTQLaEGQiGOkJmAANcqB5[0m
Request 343: [94mhttps://eth-mainnet.g.alchemy.com/v2/qwSKtEPpKpXuTQLaEGQiGOkJmAANcqB5[0m
Request 344: [94mhttps://eth-mainnet.g.alchemy.com/v2/qwSKtEPpKpXuTQLaEGQiGOkJmAANcqB5[0m
Request 345: [94mhttps://eth-mainnet.g.alchemy.com/v2/qwSKtEPpKpXuTQLaEGQiGOkJmAANcqB5[0m
Request 346: [94mhttps://eth-mainnet.g.alchemy.com/v2/qwSKtEPpKpXuTQLaEGQiGOkJmAANcqB5[0m
Request 347: [94mhttps://eth-mainnet.g.alchemy.com/v2/qwSKtEPpKpXuTQLaEGQiGOkJmAANcqB5[0m
Request 348: [94mhttps://eth-mainnet.g.alchemy.com/v2/qwSKtEPpKpXuTQLaEGQiGOkJmAANcqB5[0m
Request 349: [94mhttps://eth-mainnet.g.alchemy.com/v2/qwSKtEPpKpXuTQLaEGQiGOkJmAANcqB5[0m
Request 350: [94mhttps://eth-mainnet.g.alchemy.com/v2/qwSKtEPpKpXuTQLaEGQiGOkJmAANcqB5[0m
Request 351: [94mhttps://eth-mainnet.g.alchemy.com/v2/qwSKtEPpKpXuTQLaEGQiGOkJmAANcqB5[0m
Request 352: [94mhttps://eth-mainnet.g.alchemy.com/v2/qwSKtEPpKpXuTQLaEGQiGOkJmAANcqB5[0m
Request 353: [94mhttps://eth-mainnet.g.alchemy.com/v2/qwSKtEPpKpXuTQLaEGQiGOkJmAANcqB5[0m
Request 354: [94mhttps://eth-mainnet.g.alchemy.com/v2/qwSKtEPpKpXuTQLaEGQiGOkJmAANcqB5[0m
Request 355: [94mhttps://eth-mainnet.g.alchemy.com/v2/qwSKtEPpKpXuTQLaEGQiGOkJmAANcqB5[0m
Request 356: [94mhttps://eth-mainnet.g.alchemy.com/v2/qwSKtEPpKpXuTQLaEGQiGOkJmAANcqB5[0m
Request 357: [94mhttps://eth-mainnet.g.alchemy.com/v2/qwSKtEPpKpXuTQLaEGQiGOkJmAANcqB5[0m
Request 358: [94mhttps://eth-mainnet.g.alchemy.com/v2/qwSKtEPpKpXuTQLaEGQiGOkJmAANcqB5[0m
Request 359: [94mhttps://eth-mainnet.g.alchemy.com/v2/qwSKtEPpKpXuTQLaEGQiGOkJmAANcqB5[0m
Request 360: [94mhttps://eth-mainnet.g.alchemy.com/v2/qwSKtEPpKpXuTQLaEGQiGOkJmAANcqB5[0m
Request 361: [94mhttps://eth-mainnet.g.alchemy.com/v2/qwSKtEPpKpXuTQLaEGQiGOkJmAANcqB5[0m
Request 362: [94mhttps://eth-mainnet.g.alchemy.com/v2/qwSKtEPpKpXuTQLaEGQiGOkJmAANcqB5[0m
Request 363: [94mhttps://eth-mainnet.g.alchemy.com/v2/qwSKtEPpKpXuTQLaEGQiGOkJmAANcqB5[0m
Request 364: [94mhttps://eth-mainnet.g.alchemy.com/v2/qwSKtEPpKpXuTQLaEGQiGOkJmAANcqB5[0m
Request 365: [94mhttps://eth-mainnet.g.alchemy.com/v2/qwSKtEPpKpXuTQLaEGQiGOkJmAANcqB5[0m
Request 366: [94mhttps://eth-mainnet.g.alchemy.com/v2/qwSKtEPpKpXuTQLaEGQiGOkJmAANcqB5[0m
Request 367: [94mhttps://eth-mainnet.g.alchemy.com/v2/qwSKtEPpKpXuTQLaEGQiGOkJmAANcqB5[0m
Request 368: [94mhttps://eth-mainnet.g.alchemy.com/v2/qwSKtEPpKpXuTQLaEGQiGOkJmAANcqB5[0m
Request 369: [94mhttps://eth-mainnet.g.alchemy.com/v2/qwSKtEPpKpXuTQLaEGQiGOkJmAANcqB5[0m
Request 370: [94mhttps://eth-mainnet.g.alchemy.com/v2/qwSKtEPpKpXuTQLaEGQiGOkJmAANcqB5[0m
Request 371: [94mhttps://eth-mainnet.g.alchemy.com/v2/qwSKtEPpKpXuTQLaEGQiGOkJmAANcqB5[0m
Request 372: [94mhttps://eth-mainnet.g.alchemy.com/v2/qwSKtEPpKpXuTQLaEGQiGOkJmAANcqB5[0m
Request 373: [94mhttps://eth-mainnet.g.alchemy.com/v2/qwSKtEPpKpXuTQLaEGQiGOkJmAANcqB5[0m
Request 374: [94mhttps://eth-mainnet.g.alchemy.com/v2/qwSKtEPpKpXuTQLaEGQiGOkJmAANcqB5[0m
Request 375: [94mhttps://eth-mainnet.g.alchemy.com/v2/qwSKtEPpKpXuTQLaEGQiGOkJmAANcqB5[0m
Request 376: [94mhttps://eth-mainnet.g.alchemy.com/v2/qwSKtEPpKpXuTQLaEGQiGOkJmAANcqB5[0m
Request 377: [94mhttps://eth-mainnet.g.alchemy.com/v2/qwSKtEPpKpXuTQLaEGQiGOkJmAANcqB5[0m
Request 378: [94mhttps://eth-mainnet.g.alchemy.com/v2/qwSKtEPpKpXuTQLaEGQiGOkJmAANcqB5[0m
Request 379: [94mhttps://eth-mainnet.g.alchemy.com/v2/qwSKtEPpKpXuTQLaEGQiGOkJmAANcqB5[0m
Request 380: [94mhttps://eth-mainnet.g.alchemy.com/v2/qwSKtEPpKpXuTQLaEGQiGOkJmAANcqB5[0m
Request 381: [94mhttps://eth-mainnet.g.alchemy.com/v2/qwSKtEPpKpXuTQLaEGQiGOkJmAANcqB5[0m
Request 382: [94mhttps://eth-mainnet.g.alchemy.com/v2/qwSKtEPpKpXuTQLaEGQiGOkJmAANcqB5[0m
Request 383: [94mhttps://eth-mainnet.g.alchemy.com/v2/qwSKtEPpKpXuTQLaEGQiGOkJmAANcqB5[0m
Request 384: [94mhttps://eth-mainnet.g.alchemy.com/v2/qwSKtEPpKpXuTQLaEGQiGOkJmAANcqB5[0m
Request 385: [94mhttps://eth-mainnet.g.alchemy.com/v2/qwSKtEPpKpXuTQLaEGQiGOkJmAANcqB5[0m
Request 386: [94mhttps://eth-mainnet.g.alchemy.com/v2/qwSKtEPpKpXuTQLaEGQiGOkJmAANcqB5[0m
Request 387: [94mhttps://eth-mainnet.g.alchemy.com/v2/qwSKtEPpKpXuTQLaEGQiGOkJmAANcqB5[0m
Request 388: [94mhttps://eth-mainnet.g.alchemy.com/v2/qwSKtEPpKpXuTQLaEGQiGOkJmAANcqB5[0m
Request 389: [94mhttps://eth-mainnet.g.alchemy.com/v2/qwSKtEPpKpXuTQLaEGQiGOkJmAANcqB5[0m
Request 390: [94mhttps://eth-mainnet.g.alchemy.com/v2/qwSKtEPpKpXuTQLaEGQiGOkJmAANcqB5[0m
Request 391: [94mhttps://eth-mainnet.g.alchemy.com/v2/qwSKtEPpKpXuTQLaEGQiGOkJmAANcqB5[0m
Request 392: [94mhttps://eth-mainnet.g.alchemy.com/v2/qwSKtEPpKpXuTQLaEGQiGOkJmAANcqB5[0m
Request 393: [94mhttps://eth-mainnet.g.alchemy.com/v2/qwSKtEPpKpXuTQLaEGQiGOkJmAANcqB5[0m
Request 394: [94mhttps://eth-mainnet.g.alchemy.com/v2/qwSKtEPpKpXuTQLaEGQiGOkJmAANcqB5[0m
Request 395: [94mhttps://eth-mainnet.g.alchemy.com/v2/qwSKtEPpKpXuTQLaEGQiGOkJmAANcqB5[0m
Request 396: [94mhttps://eth-mainnet.g.alchemy.com/v2/qwSKtEPpKpXuTQLaEGQiGOkJmAANcqB5[0m
Request 397: [94mhttps://eth-mainnet.g.alchemy.com/v2/qwSKtEPpKpXuTQLaEGQiGOkJmAANcqB5[0m
Request 398: [94mhttps://eth-mainnet.g.alchemy.com/v2/qwSKtEPpKpXuTQLaEGQiGOkJmAANcqB5[0m
Request 399: [94mhttps://eth-mainnet.g.alchemy.com/v2/qwSKtEPpKpXuTQLaEGQiGOkJmAANcqB5[0m
Request 400: [94mhttps://eth-mainnet.g.alchemy.com/v2/qwSKtEPpKpXuTQLaEGQiGOkJmAANcqB5[0m
Request 401: [94mhttps://eth-mainnet.g.alchemy.com/v2/qwSKtEPpKpXuTQLaEGQiGOkJmAANcqB5[0m
Request 402: [94mhttps://eth-mainnet.g.alchemy.com/v2/qwSKtEPpKpXuTQLaEGQiGOkJmAANcqB5[0m
Request 403: [94mhttps://eth-mainnet.g.alchemy.com/v2/qwSKtEPpKpXuTQLaEGQiGOkJmAANcqB5[0m
Request 404: [94mhttps://eth-mainnet.g.alchemy.com/v2/qwSKtEPpKpXuTQLaEGQiGOkJmAANcqB5[0m
Request 405: [94mhttps://eth-mainnet.g.alchemy.com/v2/qwSKtEPpKpXuTQLaEGQiGOkJmAANcqB5[0m
Request 406: [94mhttps://eth-mainnet.g.alchemy.com/v2/qwSKtEPpKpXuTQLaEGQiGOkJmAANcqB5[0m
Request 407: [94mhttps://eth-mainnet.g.alchemy.com/v2/qwSKtEPpKpXuTQLaEGQiGOkJmAANcqB5[0m
Request 408: [94mhttps://eth-mainnet.g.alchemy.com/v2/qwSKtEPpKpXuTQLaEGQiGOkJmAANcqB5[0m
Request 409: [94mhttps://eth-mainnet.g.alchemy.com/v2/qwSKtEPpKpXuTQLaEGQiGOkJmAANcqB5[0m
Request 410: [94mhttps://eth-mainnet.g.alchemy.com/v2/qwSKtEPpKpXuTQLaEGQiGOkJmAANcqB5[0m
Request 411: [94mhttps://eth-mainnet.g.alchemy.com/v2/qwSKtEPpKpXuTQLaEGQiGOkJmAANcqB5[0m
Request 412: [94mhttps://eth-mainnet.g.alchemy.com/v2/qwSKtEPpKpXuTQLaEGQiGOkJmAANcqB5[0m
Request 413: [94mhttps://eth-mainnet.g.alchemy.com/v2/qwSKtEPpKpXuTQLaEGQiGOkJmAANcqB5[0m
Request 414: [94mhttps://eth-mainnet.g.alchemy.com/v2/qwSKtEPpKpXuTQLaEGQiGOkJmAANcqB5[0m
Request 415: [94mhttps://eth-mainnet.g.alchemy.com/v2/qwSKtEPpKpXuTQLaEGQiGOkJmAANcqB5[0m
Request 416: [94mhttps://eth-mainnet.g.alchemy.com/v2/qwSKtEPpKpXuTQLaEGQiGOkJmAANcqB5[0m
Request 417: [94mhttps://eth-mainnet.g.alchemy.com/v2/qwSKtEPpKpXuTQLaEGQiGOkJmAANcqB5[0m
Request 418: [94mhttps://eth-mainnet.g.alchemy.com/v2/qwSKtEPpKpXuTQLaEGQiGOkJmAANcqB5[0m
Request 419: [94mhttps://eth-mainnet.g.alchemy.com/v2/qwSKtEPpKpXuTQLaEGQiGOkJmAANcqB5[0m
Request 420: [94mhttps://eth-mainnet.g.alchemy.com/v2/qwSKtEPpKpXuTQLaEGQiGOkJmAANcqB5[0m
Request 421: [94mhttps://eth-mainnet.g.alchemy.com/v2/qwSKtEPpKpXuTQLaEGQiGOkJmAANcqB5[0m
Request 422: [94mhttps://eth-mainnet.g.alchemy.com/v2/qwSKtEPpKpXuTQLaEGQiGOkJmAANcqB5[0m
Request 423: [94mhttps://eth-mainnet.g.alchemy.com/v2/qwSKtEPpKpXuTQLaEGQiGOkJmAANcqB5[0m
Request 424: [94mhttps://eth-mainnet.g.alchemy.com/v2/qwSKtEPpKpXuTQLaEGQiGOkJmAANcqB5[0m
Request 425: [94mhttps://eth-mainnet.g.alchemy.com/v2/qwSKtEPpKpXuTQLaEGQiGOkJmAANcqB5[0m
Request 426: [94mhttps://eth-mainnet.g.alchemy.com/v2/qwSKtEPpKpXuTQLaEGQiGOkJmAANcqB5[0m
Request 427: [94mhttps://eth-mainnet.g.alchemy.com/v2/qwSKtEPpKpXuTQLaEGQiGOkJmAANcqB5[0m
Request 428: [94mhttps://eth-mainnet.g.alchemy.com/v2/qwSKtEPpKpXuTQLaEGQiGOkJmAANcqB5[0m
Request 429: [94mhttps://eth-mainnet.g.alchemy.com/v2/qwSKtEPpKpXuTQLaEGQiGOkJmAANcqB5[0m
Request 430: [94mhttps://eth-mainnet.g.alchemy.com/v2/qwSKtEPpKpXuTQLaEGQiGOkJmAANcqB5[0m
Request 431: [94mhttps://eth-mainnet.g.alchemy.com/v2/qwSKtEPpKpXuTQLaEGQiGOkJmAANcqB5[0m
Request 432: [94mhttps://eth-mainnet.g.alchemy.com/v2/qwSKtEPpKpXuTQLaEGQiGOkJmAANcqB5[0m
Request 433: [94mhttps://eth-mainnet.g.alchemy.com/v2/qwSKtEPpKpXuTQLaEGQiGOkJmAANcqB5[0m
Request 434: [94mhttps://eth-mainnet.g.alchemy.com/v2/qwSKtEPpKpXuTQLaEGQiGOkJmAANcqB5[0m
Request 435: [94mhttps://eth-mainnet.g.alchemy.com/v2/qwSKtEPpKpXuTQLaEGQiGOkJmAANcqB5[0m
Request 436: [94mhttps://eth-mainnet.g.alchemy.com/v2/qwSKtEPpKpXuTQLaEGQiGOkJmAANcqB5[0m
Request 437: [94mhttps://eth-mainnet.g.alchemy.com/v2/qwSKtEPpKpXuTQLaEGQiGOkJmAANcqB5[0m
Request 438: [94mhttps://eth-mainnet.g.alchemy.com/v2/qwSKtEPpKpXuTQLaEGQiGOkJmAANcqB5[0m
Request 439: [94mhttps://eth-mainnet.g.alchemy.com/v2/qwSKtEPpKpXuTQLaEGQiGOkJmAANcqB5[0m
Request 440: [94mhttps://eth-mainnet.g.alchemy.com/v2/qwSKtEPpKpXuTQLaEGQiGOkJmAANcqB5[0m
Request 441: [94mhttps://eth-mainnet.g.alchemy.com/v2/qwSKtEPpKpXuTQLaEGQiGOkJmAANcqB5[0m
Request 442: [94mhttps://eth-mainnet.g.alchemy.com/v2/qwSKtEPpKpXuTQLaEGQiGOkJmAANcqB5[0m
Request 443: [94mhttps://eth-mainnet.g.alchemy.com/v2/qwSKtEPpKpXuTQLaEGQiGOkJmAANcqB5[0m
Request 444: [94mhttps://eth-mainnet.g.alchemy.com/v2/qwSKtEPpKpXuTQLaEGQiGOkJmAANcqB5[0m
Request 445: [94mhttps://eth-mainnet.g.alchemy.com/v2/qwSKtEPpKpXuTQLaEGQiGOkJmAANcqB5[0m
Request 446: [94mhttps://eth-mainnet.g.alchemy.com/v2/qwSKtEPpKpXuTQLaEGQiGOkJmAANcqB5[0m
Request 447: [94mhttps://eth-mainnet.g.alchemy.com/v2/qwSKtEPpKpXuTQLaEGQiGOkJmAANcqB5[0m
Request 448: [94mhttps://eth-mainnet.g.alchemy.com/v2/qwSKtEPpKpXuTQLaEGQiGOkJmAANcqB5[0m
Request 449: [94mhttps://eth-mainnet.g.alchemy.com/v2/qwSKtEPpKpXuTQLaEGQiGOkJmAANcqB5[0m
Request 450: [94mhttps://eth-mainnet.g.alchemy.com/v2/qwSKtEPpKpXuTQLaEGQiGOkJmAANcqB5[0m
Request 451: [94mhttps://eth-mainnet.g.alchemy.com/v2/qwSKtEPpKpXuTQLaEGQiGOkJmAANcqB5[0m
Request 452: [94mhttps://eth-mainnet.g.alchemy.com/v2/qwSKtEPpKpXuTQLaEGQiGOkJmAANcqB5[0m
Request 453: [94mhttps://eth-mainnet.g.alchemy.com/v2/qwSKtEPpKpXuTQLaEGQiGOkJmAANcqB5[0m
Request 454: [94mhttps://eth-mainnet.g.alchemy.com/v2/qwSKtEPpKpXuTQLaEGQiGOkJmAANcqB5[0m
Request 455: [94mhttps://eth-mainnet.g.alchemy.com/v2/qwSKtEPpKpXuTQLaEGQiGOkJmAANcqB5[0m
Request 456: [94mhttps://eth-mainnet.g.alchemy.com/v2/qwSKtEPpKpXuTQLaEGQiGOkJmAANcqB5[0m
Request 457: [94mhttps://eth-mainnet.g.alchemy.com/v2/qwSKtEPpKpXuTQLaEGQiGOkJmAANcqB5[0m
Request 458: [94mhttps://eth-mainnet.g.alchemy.com/v2/qwSKtEPpKpXuTQLaEGQiGOkJmAANcqB5[0m
Request 459: [94mhttps://eth-mainnet.g.alchemy.com/v2/qwSKtEPpKpXuTQLaEGQiGOkJmAANcqB5[0m
Request 460: [94mhttps://app.silo.finance/api/tunnel[0m
Request 461: [94mhttps://eth-mainnet.g.alchemy.com/v2/qwSKtEPpKpXuTQLaEGQiGOkJmAANcqB5[0m
Request 462: [94mhttps://eth-mainnet.g.alchemy.com/v2/qwSKtEPpKpXuTQLaEGQiGOkJmAANcqB5[0m
Request 463: [94mhttps://eth-mainnet.g.alchemy.com/v2/qwSKtEPpKpXuTQLaEGQiGOkJmAANcqB5[0m
Request 464: [94mhttps://eth-mainnet.g.alchemy.com/v2/qwSKtEPpKpXuTQLaEGQiGOkJmAANcqB5[0m
Identified connect buttons: 
[ 'Connect Wallet', 'Connect', 'Wallet', 'connect', 'wallet' ]
Found connect button: Connect Wallet
Request 465: [94mhttps://app.silo.finance/_next/image[0m
Request 466: [94mhttps://app.silo.finance/images/wallets/coinbase.svg[0m
Request 467: [94mhttps://app.silo.finance/images/wallets/wallet-connect.svg[0m
Request 468: [94mhttps://e.silo.finance/e/[0m
Identified MetaMask buttons:
[ 'MetaMask', 'metamask' ]
Found MetaMask button: MetaMask
Request 469: [94mhttps://eth-mainnet.g.alchemy.com/v2/qwSKtEPpKpXuTQLaEGQiGOkJmAANcqB5[0m
Request 470: [94mhttps://eth-mainnet.g.alchemy.com/v2/qwSKtEPpKpXuTQLaEGQiGOkJmAANcqB5[0m
Request 471: [94mhttps://eth-mainnet.g.alchemy.com/v2/qwSKtEPpKpXuTQLaEGQiGOkJmAANcqB5[0m
Request 472: [94mhttps://eth-mainnet.g.alchemy.com/v2/qwSKtEPpKpXuTQLaEGQiGOkJmAANcqB5[0m
Completed configuring new page. (chrome-extension://glepecflakcnfpeedbnclfdcabngidkh/notification.html)
Request 473: [94mchrome-extension://glepecflakcnfpeedbnclfdcabngidkh/react-gallery/carousel.min.css[0m
Request 474: [94mhttps://sentry.io/api/273505/envelope/[0m
Request 475: [94mhttps://eth-mainnet.g.alchemy.com/v2/qwSKtEPpKpXuTQLaEGQiGOkJmAANcqB5[0m
Request 476: [94mhttps://eth-mainnet.g.alchemy.com/v2/qwSKtEPpKpXuTQLaEGQiGOkJmAANcqB5[0m
Request 477: [94mhttps://eth-mainnet.g.alchemy.com/v2/qwSKtEPpKpXuTQLaEGQiGOkJmAANcqB5[0m
Request 478: [94mhttps://eth-mainnet.g.alchemy.com/v2/qwSKtEPpKpXuTQLaEGQiGOkJmAANcqB5[0m
Request 479: [94mhttps://eth-mainnet.g.alchemy.com/v2/qwSKtEPpKpXuTQLaEGQiGOkJmAANcqB5[0m
Request 480: [94mhttps://eth-mainnet.g.alchemy.com/v2/qwSKtEPpKpXuTQLaEGQiGOkJmAANcqB5[0m
Request 481: [94mhttps://eth-mainnet.g.alchemy.com/v2/qwSKtEPpKpXuTQLaEGQiGOkJmAANcqB5[0m
Request 482: [94mhttps://eth-mainnet.g.alchemy.com/v2/qwSKtEPpKpXuTQLaEGQiGOkJmAANcqB5[0m
Request 483: [94mhttps://eth-mainnet.g.alchemy.com/v2/qwSKtEPpKpXuTQLaEGQiGOkJmAANcqB5[0m
Request 484: [94mhttps://eth-mainnet.g.alchemy.com/v2/qwSKtEPpKpXuTQLaEGQiGOkJmAANcqB5[0m
Request 485: [94mhttps://eth-mainnet.g.alchemy.com/v2/qwSKtEPpKpXuTQLaEGQiGOkJmAANcqB5[0m
Request 486: [94mhttps://eth-mainnet.g.alchemy.com/v2/qwSKtEPpKpXuTQLaEGQiGOkJmAANcqB5[0m
Request 487: [94mhttps://eth-mainnet.g.alchemy.com/v2/qwSKtEPpKpXuTQLaEGQiGOkJmAANcqB5[0m
Request 488: [94mhttps://eth-mainnet.g.alchemy.com/v2/qwSKtEPpKpXuTQLaEGQiGOkJmAANcqB5[0m
Request 489: [94mhttps://eth-mainnet.g.alchemy.com/v2/qwSKtEPpKpXuTQLaEGQiGOkJmAANcqB5[0m
Request 490: [94mhttps://eth-mainnet.g.alchemy.com/v2/qwSKtEPpKpXuTQLaEGQiGOkJmAANcqB5[0m
Request 491: [94mhttps://eth-mainnet.g.alchemy.com/v2/qwSKtEPpKpXuTQLaEGQiGOkJmAANcqB5[0m
Request 492: [94mhttps://eth-mainnet.g.alchemy.com/v2/qwSKtEPpKpXuTQLaEGQiGOkJmAANcqB5[0m
Request 493: [94mhttps://eth-mainnet.g.alchemy.com/v2/qwSKtEPpKpXuTQLaEGQiGOkJmAANcqB5[0m
Request 494: [94mhttps://eth-mainnet.g.alchemy.com/v2/qwSKtEPpKpXuTQLaEGQiGOkJmAANcqB5[0m
Request 495: [94mhttps://eth-mainnet.g.alchemy.com/v2/qwSKtEPpKpXuTQLaEGQiGOkJmAANcqB5[0m
Request 496: [94mhttps://eth-mainnet.g.alchemy.com/v2/qwSKtEPpKpXuTQLaEGQiGOkJmAANcqB5[0m
Request 497: [94mhttps://eth-mainnet.g.alchemy.com/v2/qwSKtEPpKpXuTQLaEGQiGOkJmAANcqB5[0m
Request 498: [94mhttps://eth-mainnet.g.alchemy.com/v2/qwSKtEPpKpXuTQLaEGQiGOkJmAANcqB5[0m
Request 499: [94mhttps://eth-mainnet.g.alchemy.com/v2/qwSKtEPpKpXuTQLaEGQiGOkJmAANcqB5[0m
Request 500: [94mhttps://eth-mainnet.g.alchemy.com/v2/qwSKtEPpKpXuTQLaEGQiGOkJmAANcqB5[0m
Request 501: [94mhttps://eth-mainnet.g.alchemy.com/v2/qwSKtEPpKpXuTQLaEGQiGOkJmAANcqB5[0m
Request 502: [94mhttps://gateway.thegraph.com/api/41d8e9d9c63d206f22b98602980156de/deployments/id/QmT8631Rt8ZaGtD48F7WP6trs5Wd2RNoacMRPYLfuotDwB[0m
Request 503: [94mhttps://eth-mainnet.g.alchemy.com/v2/qwSKtEPpKpXuTQLaEGQiGOkJmAANcqB5[0m
Request 504: [94mhttps://eth-mainnet.g.alchemy.com/v2/qwSKtEPpKpXuTQLaEGQiGOkJmAANcqB5[0m
Request 505: [94mhttps://eth-mainnet.g.alchemy.com/v2/qwSKtEPpKpXuTQLaEGQiGOkJmAANcqB5[0m
Request 506: [94mhttps://eth-mainnet.g.alchemy.com/v2/qwSKtEPpKpXuTQLaEGQiGOkJmAANcqB5[0m
Request 507: [94mhttps://eth-mainnet.g.alchemy.com/v2/qwSKtEPpKpXuTQLaEGQiGOkJmAANcqB5[0m
Request 508: [94mhttps://eth-mainnet.g.alchemy.com/v2/qwSKtEPpKpXuTQLaEGQiGOkJmAANcqB5[0m
Request 509: [94mhttps://eth-mainnet.g.alchemy.com/v2/qwSKtEPpKpXuTQLaEGQiGOkJmAANcqB5[0m
Request 510: [94mhttps://eth-mainnet.g.alchemy.com/v2/qwSKtEPpKpXuTQLaEGQiGOkJmAANcqB5[0m
Request 511: [94mhttps://eth-mainnet.g.alchemy.com/v2/qwSKtEPpKpXuTQLaEGQiGOkJmAANcqB5[0m
Request 512: [94mhttps://eth-mainnet.g.alchemy.com/v2/qwSKtEPpKpXuTQLaEGQiGOkJmAANcqB5[0m
Request 513: [94mhttps://eth-mainnet.g.alchemy.com/v2/qwSKtEPpKpXuTQLaEGQiGOkJmAANcqB5[0m
Request 514: [94mhttps://eth-mainnet.g.alchemy.com/v2/qwSKtEPpKpXuTQLaEGQiGOkJmAANcqB5[0m
Request 515: [94mhttps://eth-mainnet.g.alchemy.com/v2/qwSKtEPpKpXuTQLaEGQiGOkJmAANcqB5[0m
Request 516: [94mhttps://eth-mainnet.g.alchemy.com/v2/qwSKtEPpKpXuTQLaEGQiGOkJmAANcqB5[0m
Request 517: [94mhttps://eth-mainnet.g.alchemy.com/v2/qwSKtEPpKpXuTQLaEGQiGOkJmAANcqB5[0m
Request 518: [94mhttps://eth-mainnet.g.alchemy.com/v2/qwSKtEPpKpXuTQLaEGQiGOkJmAANcqB5[0m
Request 519: [94mhttps://eth-mainnet.g.alchemy.com/v2/qwSKtEPpKpXuTQLaEGQiGOkJmAANcqB5[0m
Request 520: [94mhttps://eth-mainnet.g.alchemy.com/v2/qwSKtEPpKpXuTQLaEGQiGOkJmAANcqB5[0m
Request 521: [94mhttps://eth-mainnet.g.alchemy.com/v2/qwSKtEPpKpXuTQLaEGQiGOkJmAANcqB5[0m
Request 522: [94mhttps://eth-mainnet.g.alchemy.com/v2/qwSKtEPpKpXuTQLaEGQiGOkJmAANcqB5[0m
Request 523: [94mhttps://eth-mainnet.g.alchemy.com/v2/qwSKtEPpKpXuTQLaEGQiGOkJmAANcqB5[0m
Request 524: [94mhttps://eth-mainnet.g.alchemy.com/v2/qwSKtEPpKpXuTQLaEGQiGOkJmAANcqB5[0m
Request 525: [94mhttps://eth-mainnet.g.alchemy.com/v2/qwSKtEPpKpXuTQLaEGQiGOkJmAANcqB5[0m
Request 526: [94mhttps://gateway.thegraph.com/api/41d8e9d9c63d206f22b98602980156de/deployments/id/QmT8631Rt8ZaGtD48F7WP6trs5Wd2RNoacMRPYLfuotDwB[0m
Request 527: [94mhttps://eth-mainnet.g.alchemy.com/v2/qwSKtEPpKpXuTQLaEGQiGOkJmAANcqB5[0m
Request 528: [94mhttps://eth-mainnet.g.alchemy.com/v2/qwSKtEPpKpXuTQLaEGQiGOkJmAANcqB5[0m
Request 529: [94mhttps://eth-mainnet.g.alchemy.com/v2/qwSKtEPpKpXuTQLaEGQiGOkJmAANcqB5[0m
Request 530: [94mhttps://eth-mainnet.g.alchemy.com/v2/qwSKtEPpKpXuTQLaEGQiGOkJmAANcqB5[0m
Request 531: [94mhttps://eth-mainnet.g.alchemy.com/v2/qwSKtEPpKpXuTQLaEGQiGOkJmAANcqB5[0m
Request 532: [94mhttps://eth-mainnet.g.alchemy.com/v2/qwSKtEPpKpXuTQLaEGQiGOkJmAANcqB5[0m
Request 533: [94mhttps://eth-mainnet.g.alchemy.com/v2/qwSKtEPpKpXuTQLaEGQiGOkJmAANcqB5[0m
Request 534: [94mhttps://eth-mainnet.g.alchemy.com/v2/qwSKtEPpKpXuTQLaEGQiGOkJmAANcqB5[0m
Request 535: [94mhttps://eth-mainnet.g.alchemy.com/v2/qwSKtEPpKpXuTQLaEGQiGOkJmAANcqB5[0m
Request 536: [94mhttps://eth-mainnet.g.alchemy.com/v2/qwSKtEPpKpXuTQLaEGQiGOkJmAANcqB5[0m
Request 537: [94mhttps://eth-mainnet.g.alchemy.com/v2/qwSKtEPpKpXuTQLaEGQiGOkJmAANcqB5[0m
Request 538: [94mhttps://eth-mainnet.g.alchemy.com/v2/qwSKtEPpKpXuTQLaEGQiGOkJmAANcqB5[0m
Request 539: [94mhttps://eth-mainnet.g.alchemy.com/v2/qwSKtEPpKpXuTQLaEGQiGOkJmAANcqB5[0m
Request 540: [94mhttps://eth-mainnet.g.alchemy.com/v2/qwSKtEPpKpXuTQLaEGQiGOkJmAANcqB5[0m
Request 541: [94mhttps://eth-mainnet.g.alchemy.com/v2/qwSKtEPpKpXuTQLaEGQiGOkJmAANcqB5[0m
Request 542: [94mhttps://eth-mainnet.g.alchemy.com/v2/qwSKtEPpKpXuTQLaEGQiGOkJmAANcqB5[0m
Request 543: [94mhttps://eth-mainnet.g.alchemy.com/v2/qwSKtEPpKpXuTQLaEGQiGOkJmAANcqB5[0m
Request 544: [94mhttps://eth-mainnet.g.alchemy.com/v2/qwSKtEPpKpXuTQLaEGQiGOkJmAANcqB5[0m
Request 545: [94mhttps://eth-mainnet.g.alchemy.com/v2/qwSKtEPpKpXuTQLaEGQiGOkJmAANcqB5[0m
Request 546: [94mhttps://eth-mainnet.g.alchemy.com/v2/qwSKtEPpKpXuTQLaEGQiGOkJmAANcqB5[0m
Request 547: [94mhttps://eth-mainnet.g.alchemy.com/v2/qwSKtEPpKpXuTQLaEGQiGOkJmAANcqB5[0m
Request 548: [94mhttps://eth-mainnet.g.alchemy.com/v2/qwSKtEPpKpXuTQLaEGQiGOkJmAANcqB5[0m
Request 549: [94mhttps://eth-mainnet.g.alchemy.com/v2/qwSKtEPpKpXuTQLaEGQiGOkJmAANcqB5[0m
Request 550: [94mhttps://eth-mainnet.g.alchemy.com/v2/qwSKtEPpKpXuTQLaEGQiGOkJmAANcqB5[0m
Request 551: [94mhttps://eth-mainnet.g.alchemy.com/v2/qwSKtEPpKpXuTQLaEGQiGOkJmAANcqB5[0m
Request 552: [94mhttps://eth-mainnet.g.alchemy.com/v2/qwSKtEPpKpXuTQLaEGQiGOkJmAANcqB5[0m
Request 553: [94mhttps://eth-mainnet.g.alchemy.com/v2/qwSKtEPpKpXuTQLaEGQiGOkJmAANcqB5[0m
Request 554: [94mhttps://eth-mainnet.g.alchemy.com/v2/qwSKtEPpKpXuTQLaEGQiGOkJmAANcqB5[0m
Request 555: [94mhttps://eth-mainnet.g.alchemy.com/v2/qwSKtEPpKpXuTQLaEGQiGOkJmAANcqB5[0m
Request 556: [94mhttps://eth-mainnet.g.alchemy.com/v2/qwSKtEPpKpXuTQLaEGQiGOkJmAANcqB5[0m
Request 557: [94mhttps://eth-mainnet.g.alchemy.com/v2/qwSKtEPpKpXuTQLaEGQiGOkJmAANcqB5[0m
Request 558: [94mhttps://eth-mainnet.g.alchemy.com/v2/qwSKtEPpKpXuTQLaEGQiGOkJmAANcqB5[0m
Request 559: [94mhttps://eth-mainnet.g.alchemy.com/v2/qwSKtEPpKpXuTQLaEGQiGOkJmAANcqB5[0m
Request 560: [94mhttps://eth-mainnet.g.alchemy.com/v2/qwSKtEPpKpXuTQLaEGQiGOkJmAANcqB5[0m
Request 561: [94mhttps://eth-mainnet.g.alchemy.com/v2/qwSKtEPpKpXuTQLaEGQiGOkJmAANcqB5[0m
Request 562: [94mhttps://eth-mainnet.g.alchemy.com/v2/qwSKtEPpKpXuTQLaEGQiGOkJmAANcqB5[0m
Request 563: [94mhttps://eth-mainnet.g.alchemy.com/v2/qwSKtEPpKpXuTQLaEGQiGOkJmAANcqB5[0m
Request 564: [94mhttps://eth-mainnet.g.alchemy.com/v2/qwSKtEPpKpXuTQLaEGQiGOkJmAANcqB5[0m
Request 565: [94mhttps://eth-mainnet.g.alchemy.com/v2/qwSKtEPpKpXuTQLaEGQiGOkJmAANcqB5[0m
Request 566: [94mhttps://eth-mainnet.g.alchemy.com/v2/qwSKtEPpKpXuTQLaEGQiGOkJmAANcqB5[0m
Request 567: [94mhttps://eth-mainnet.g.alchemy.com/v2/qwSKtEPpKpXuTQLaEGQiGOkJmAANcqB5[0m
Request 568: [94mhttps://eth-mainnet.g.alchemy.com/v2/qwSKtEPpKpXuTQLaEGQiGOkJmAANcqB5[0m
Request 569: [94mhttps://eth-mainnet.g.alchemy.com/v2/qwSKtEPpKpXuTQLaEGQiGOkJmAANcqB5[0m
Request 570: [94mhttps://eth-mainnet.g.alchemy.com/v2/qwSKtEPpKpXuTQLaEGQiGOkJmAANcqB5[0m
Request 571: [94mhttps://eth-mainnet.g.alchemy.com/v2/qwSKtEPpKpXuTQLaEGQiGOkJmAANcqB5[0m
Request 572: [94mhttps://eth-mainnet.g.alchemy.com/v2/qwSKtEPpKpXuTQLaEGQiGOkJmAANcqB5[0m
Request 573: [94mhttps://eth-mainnet.g.alchemy.com/v2/qwSKtEPpKpXuTQLaEGQiGOkJmAANcqB5[0m
Request 574: [94mhttps://eth-mainnet.g.alchemy.com/v2/qwSKtEPpKpXuTQLaEGQiGOkJmAANcqB5[0m
Request 575: [94mhttps://eth-mainnet.g.alchemy.com/v2/qwSKtEPpKpXuTQLaEGQiGOkJmAANcqB5[0m
Request 576: [94mhttps://eth-mainnet.g.alchemy.com/v2/qwSKtEPpKpXuTQLaEGQiGOkJmAANcqB5[0m
Request 577: [94mhttps://eth-mainnet.g.alchemy.com/v2/qwSKtEPpKpXuTQLaEGQiGOkJmAANcqB5[0m
Request 578: [94mhttps://eth-mainnet.g.alchemy.com/v2/qwSKtEPpKpXuTQLaEGQiGOkJmAANcqB5[0m
Request 579: [94mhttps://eth-mainnet.g.alchemy.com/v2/qwSKtEPpKpXuTQLaEGQiGOkJmAANcqB5[0m
Request 580: [94mhttps://eth-mainnet.g.alchemy.com/v2/qwSKtEPpKpXuTQLaEGQiGOkJmAANcqB5[0m
Request 581: [94mhttps://eth-mainnet.g.alchemy.com/v2/qwSKtEPpKpXuTQLaEGQiGOkJmAANcqB5[0m
Request 582: [94mhttps://eth-mainnet.g.alchemy.com/v2/qwSKtEPpKpXuTQLaEGQiGOkJmAANcqB5[0m
Request 583: [94mhttps://eth-mainnet.g.alchemy.com/v2/qwSKtEPpKpXuTQLaEGQiGOkJmAANcqB5[0m
Request 584: [94mhttps://eth-mainnet.g.alchemy.com/v2/qwSKtEPpKpXuTQLaEGQiGOkJmAANcqB5[0m
Request 585: [94mhttps://eth-mainnet.g.alchemy.com/v2/qwSKtEPpKpXuTQLaEGQiGOkJmAANcqB5[0m
Request 586: [94mhttps://eth-mainnet.g.alchemy.com/v2/qwSKtEPpKpXuTQLaEGQiGOkJmAANcqB5[0m
Request 587: [94mhttps://eth-mainnet.g.alchemy.com/v2/qwSKtEPpKpXuTQLaEGQiGOkJmAANcqB5[0m
Request 588: [94mhttps://eth-mainnet.g.alchemy.com/v2/qwSKtEPpKpXuTQLaEGQiGOkJmAANcqB5[0m
Request 589: [94mhttps://eth-mainnet.g.alchemy.com/v2/qwSKtEPpKpXuTQLaEGQiGOkJmAANcqB5[0m
Request 590: [94mhttps://eth-mainnet.g.alchemy.com/v2/qwSKtEPpKpXuTQLaEGQiGOkJmAANcqB5[0m
Request 591: [94mhttps://eth-mainnet.g.alchemy.com/v2/qwSKtEPpKpXuTQLaEGQiGOkJmAANcqB5[0m
Request 592: [94mhttps://eth-mainnet.g.alchemy.com/v2/qwSKtEPpKpXuTQLaEGQiGOkJmAANcqB5[0m
Request 593: [94mhttps://eth-mainnet.g.alchemy.com/v2/qwSKtEPpKpXuTQLaEGQiGOkJmAANcqB5[0m
Request 594: [94mhttps://eth-mainnet.g.alchemy.com/v2/qwSKtEPpKpXuTQLaEGQiGOkJmAANcqB5[0m
Request 595: [94mhttps://e.silo.finance/e/[0m
Request 596: [94mchrome-extension://glepecflakcnfpeedbnclfdcabngidkh/_locales/en/messages.json[0m
Request 597: [94mchrome-extension://glepecflakcnfpeedbnclfdcabngidkh/_locales/en/messages.json[0m
Request 598: [94mchrome-extension://glepecflakcnfpeedbnclfdcabngidkh/fonts/Euclid/EuclidCircularB-Bold-WebXL.ttf[0m
Request 599: [94mchrome-extension://glepecflakcnfpeedbnclfdcabngidkh/fonts/Euclid/EuclidCircularB-Regular-WebXL.ttf[0m
Request 600: [94mchrome-extension://glepecflakcnfpeedbnclfdcabngidkh/fonts/fontawesome/fa-solid-900.woff2[0m
Request 601: [94mchrome-extension://glepecflakcnfpeedbnclfdcabngidkh/fonts/Euclid/EuclidCircularB-Medium.ttf[0m
Request 602: [94mhttps://app.silo.finance/favicon.ico[0m
No checkbox found!
Request 603: [94mhttps://eth-mainnet.g.alchemy.com/v2/qwSKtEPpKpXuTQLaEGQiGOkJmAANcqB5[0m
Request 604: [94mhttps://eth-mainnet.g.alchemy.com/v2/qwSKtEPpKpXuTQLaEGQiGOkJmAANcqB5[0m
Request 605: [94mhttps://eth-mainnet.g.alchemy.com/v2/qwSKtEPpKpXuTQLaEGQiGOkJmAANcqB5[0m
Request 606: [94mhttps://eth-mainnet.g.alchemy.com/v2/qwSKtEPpKpXuTQLaEGQiGOkJmAANcqB5[0m
Exiting while loop: MetaMask popup open!
End of while loop: popup
Request 607: [94mhttps://eth-mainnet.g.alchemy.com/v2/qwSKtEPpKpXuTQLaEGQiGOkJmAANcqB5[0m
Request 608: [94mhttps://eth-mainnet.g.alchemy.com/v2/qwSKtEPpKpXuTQLaEGQiGOkJmAANcqB5[0m
Request 609: [94mhttps://eth-mainnet.g.alchemy.com/v2/qwSKtEPpKpXuTQLaEGQiGOkJmAANcqB5[0m
Request 610: [94mhttps://eth-mainnet.g.alchemy.com/v2/qwSKtEPpKpXuTQLaEGQiGOkJmAANcqB5[0m
Request 611: [94mhttps://sentry.io/api/273505/envelope/[0m
Request 612: [94mhttps://sentry.io/api/273505/envelope/[0m
Clicked next button!
Clicked continue button!
[92mSuccessfully connected MetaMask wallet![0m
Request 613: [94mhttps://app.silo.finance/api/blocked[0m
Request 614: [94mhttps://sentry.io/api/273505/envelope/[0m
Request 615: [94mhttps://sentry.io/api/273505/envelope/[0m
Page closed: [94mchrome-extension://glepecflakcnfpeedbnclfdcabngidkh/notification.html#[0m
Request 616: [94mhttps://gateway.thegraph.com/api/41d8e9d9c63d206f22b98602980156de/deployments/id/QmT8631Rt8ZaGtD48F7WP6trs5Wd2RNoacMRPYLfuotDwB[0m
Request 617: [94mhttps://gateway.thegraph.com/api/41d8e9d9c63d206f22b98602980156de/deployments/id/QmT8631Rt8ZaGtD48F7WP6trs5Wd2RNoacMRPYLfuotDwB[0m
Request 618: [94mhttps://app.silo.finance/api/tunnel[0m
Request 619: [94mhttps://e.silo.finance/e/[0m
Request 620: [94mhttps://eth-mainnet.g.alchemy.com/v2/qwSKtEPpKpXuTQLaEGQiGOkJmAANcqB5[0m
Request 621: [94mhttps://eth-mainnet.g.alchemy.com/v2/qwSKtEPpKpXuTQLaEGQiGOkJmAANcqB5[0m
Request 622: [94mhttps://gateway.thegraph.com/api/41d8e9d9c63d206f22b98602980156de/deployments/id/QmT8631Rt8ZaGtD48F7WP6trs5Wd2RNoacMRPYLfuotDwB[0m
Request 623: [94mhttps://gateway.thegraph.com/api/41d8e9d9c63d206f22b98602980156de/deployments/id/QmT8631Rt8ZaGtD48F7WP6trs5Wd2RNoacMRPYLfuotDwB[0m
Request 624: [94mhttps://eth-mainnet.g.alchemy.com/v2/qwSKtEPpKpXuTQLaEGQiGOkJmAANcqB5[0m
Request 625: [94mhttps://eth-mainnet.g.alchemy.com/v2/qwSKtEPpKpXuTQLaEGQiGOkJmAANcqB5[0m
Request 626: [94mhttps://eth-mainnet.g.alchemy.com/v2/qwSKtEPpKpXuTQLaEGQiGOkJmAANcqB5[0m
Request 627: [94mhttps://eth-mainnet.g.alchemy.com/v2/qwSKtEPpKpXuTQLaEGQiGOkJmAANcqB5[0m
Request 628: [94mhttps://eth-mainnet.g.alchemy.com/v2/qwSKtEPpKpXuTQLaEGQiGOkJmAANcqB5[0m
Request 629: [94mhttps://eth-mainnet.g.alchemy.com/v2/qwSKtEPpKpXuTQLaEGQiGOkJmAANcqB5[0m
Request 630: [94mhttps://eth-mainnet.g.alchemy.com/v2/qwSKtEPpKpXuTQLaEGQiGOkJmAANcqB5[0m
Request 631: [94mhttps://eth-mainnet.g.alchemy.com/v2/qwSKtEPpKpXuTQLaEGQiGOkJmAANcqB5[0m
Request 632: [94mhttps://eth-mainnet.g.alchemy.com/v2/qwSKtEPpKpXuTQLaEGQiGOkJmAANcqB5[0m
Request 633: [94mhttps://eth-mainnet.g.alchemy.com/v2/qwSKtEPpKpXuTQLaEGQiGOkJmAANcqB5[0m
Request 634: [94mhttps://eth-mainnet.g.alchemy.com/v2/qwSKtEPpKpXuTQLaEGQiGOkJmAANcqB5[0m
Request 635: [94mhttps://eth-mainnet.g.alchemy.com/v2/qwSKtEPpKpXuTQLaEGQiGOkJmAANcqB5[0m
Request 636: [94mhttps://eth-mainnet.g.alchemy.com/v2/qwSKtEPpKpXuTQLaEGQiGOkJmAANcqB5[0m
Request 637: [94mhttps://eth-mainnet.g.alchemy.com/v2/qwSKtEPpKpXuTQLaEGQiGOkJmAANcqB5[0m
Request 638: [94mhttps://eth-mainnet.g.alchemy.com/v2/qwSKtEPpKpXuTQLaEGQiGOkJmAANcqB5[0m
Request 639: [94mhttps://eth-mainnet.g.alchemy.com/v2/qwSKtEPpKpXuTQLaEGQiGOkJmAANcqB5[0m
Request 640: [94mhttps://eth-mainnet.g.alchemy.com/v2/qwSKtEPpKpXuTQLaEGQiGOkJmAANcqB5[0m
Request 641: [94mhttps://eth-mainnet.g.alchemy.com/v2/qwSKtEPpKpXuTQLaEGQiGOkJmAANcqB5[0m
Request 642: [94mhttps://eth-mainnet.g.alchemy.com/v2/qwSKtEPpKpXuTQLaEGQiGOkJmAANcqB5[0m
Request 643: [94mhttps://eth-mainnet.g.alchemy.com/v2/qwSKtEPpKpXuTQLaEGQiGOkJmAANcqB5[0m
Request 644: [94mhttps://eth-mainnet.g.alchemy.com/v2/qwSKtEPpKpXuTQLaEGQiGOkJmAANcqB5[0m
Request 645: [94mhttps://eth-mainnet.g.alchemy.com/v2/qwSKtEPpKpXuTQLaEGQiGOkJmAANcqB5[0m
Request 646: [94mhttps://eth-mainnet.g.alchemy.com/v2/qwSKtEPpKpXuTQLaEGQiGOkJmAANcqB5[0m
Request 647: [94mhttps://eth-mainnet.g.alchemy.com/v2/qwSKtEPpKpXuTQLaEGQiGOkJmAANcqB5[0m
Request 648: [94mhttps://eth-mainnet.g.alchemy.com/v2/qwSKtEPpKpXuTQLaEGQiGOkJmAANcqB5[0m
Request 649: [94mhttps://eth-mainnet.g.alchemy.com/v2/qwSKtEPpKpXuTQLaEGQiGOkJmAANcqB5[0m
Request 650: [94mhttps://eth-mainnet.g.alchemy.com/v2/qwSKtEPpKpXuTQLaEGQiGOkJmAANcqB5[0m
Request 651: [94mhttps://eth-mainnet.g.alchemy.com/v2/qwSKtEPpKpXuTQLaEGQiGOkJmAANcqB5[0m
Request 652: [94mhttps://eth-mainnet.g.alchemy.com/v2/qwSKtEPpKpXuTQLaEGQiGOkJmAANcqB5[0m
Request 653: [94mhttps://eth-mainnet.g.alchemy.com/v2/qwSKtEPpKpXuTQLaEGQiGOkJmAANcqB5[0m
Request 654: [94mhttps://eth-mainnet.g.alchemy.com/v2/qwSKtEPpKpXuTQLaEGQiGOkJmAANcqB5[0m
Request 655: [94mhttps://eth-mainnet.g.alchemy.com/v2/qwSKtEPpKpXuTQLaEGQiGOkJmAANcqB5[0m
Request 656: [94mhttps://eth-mainnet.g.alchemy.com/v2/qwSKtEPpKpXuTQLaEGQiGOkJmAANcqB5[0m
Request 657: [94mhttps://eth-mainnet.g.alchemy.com/v2/qwSKtEPpKpXuTQLaEGQiGOkJmAANcqB5[0m
Request 658: [94mhttps://eth-mainnet.g.alchemy.com/v2/qwSKtEPpKpXuTQLaEGQiGOkJmAANcqB5[0m
Request 659: [94mhttps://eth-mainnet.g.alchemy.com/v2/qwSKtEPpKpXuTQLaEGQiGOkJmAANcqB5[0m
Request 660: [94mhttps://eth-mainnet.g.alchemy.com/v2/qwSKtEPpKpXuTQLaEGQiGOkJmAANcqB5[0m
Request 661: [94mhttps://eth-mainnet.g.alchemy.com/v2/qwSKtEPpKpXuTQLaEGQiGOkJmAANcqB5[0m
Request 662: [94mhttps://eth-mainnet.g.alchemy.com/v2/qwSKtEPpKpXuTQLaEGQiGOkJmAANcqB5[0m
Request 663: [94mhttps://eth-mainnet.g.alchemy.com/v2/qwSKtEPpKpXuTQLaEGQiGOkJmAANcqB5[0m
Request 664: [94mhttps://eth-mainnet.g.alchemy.com/v2/qwSKtEPpKpXuTQLaEGQiGOkJmAANcqB5[0m
Request 665: [94mhttps://eth-mainnet.g.alchemy.com/v2/qwSKtEPpKpXuTQLaEGQiGOkJmAANcqB5[0m
Request 666: [94mhttps://eth-mainnet.g.alchemy.com/v2/qwSKtEPpKpXuTQLaEGQiGOkJmAANcqB5[0m
Request 667: [94mhttps://eth-mainnet.g.alchemy.com/v2/qwSKtEPpKpXuTQLaEGQiGOkJmAANcqB5[0m
Request 668: [94mhttps://eth-mainnet.g.alchemy.com/v2/qwSKtEPpKpXuTQLaEGQiGOkJmAANcqB5[0m
Request 669: [94mhttps://eth-mainnet.g.alchemy.com/v2/qwSKtEPpKpXuTQLaEGQiGOkJmAANcqB5[0m
Request 670: [94mhttps://eth-mainnet.g.alchemy.com/v2/qwSKtEPpKpXuTQLaEGQiGOkJmAANcqB5[0m
Request 671: [94mhttps://eth-mainnet.g.alchemy.com/v2/qwSKtEPpKpXuTQLaEGQiGOkJmAANcqB5[0m
Request 672: [94mhttps://eth-mainnet.g.alchemy.com/v2/qwSKtEPpKpXuTQLaEGQiGOkJmAANcqB5[0m
Request 673: [94mhttps://eth-mainnet.g.alchemy.com/v2/qwSKtEPpKpXuTQLaEGQiGOkJmAANcqB5[0m
Request 674: [94mhttps://eth-mainnet.g.alchemy.com/v2/qwSKtEPpKpXuTQLaEGQiGOkJmAANcqB5[0m
Request 675: [94mhttps://eth-mainnet.g.alchemy.com/v2/qwSKtEPpKpXuTQLaEGQiGOkJmAANcqB5[0m
Request 676: [94mhttps://eth-mainnet.g.alchemy.com/v2/qwSKtEPpKpXuTQLaEGQiGOkJmAANcqB5[0m
Request 677: [94mhttps://eth-mainnet.g.alchemy.com/v2/qwSKtEPpKpXuTQLaEGQiGOkJmAANcqB5[0m
Request 678: [94mhttps://eth-mainnet.g.alchemy.com/v2/qwSKtEPpKpXuTQLaEGQiGOkJmAANcqB5[0m
Request 679: [94mhttps://eth-mainnet.g.alchemy.com/v2/qwSKtEPpKpXuTQLaEGQiGOkJmAANcqB5[0m
Request 680: [94mhttps://eth-mainnet.g.alchemy.com/v2/qwSKtEPpKpXuTQLaEGQiGOkJmAANcqB5[0m
Request 681: [94mhttps://eth-mainnet.g.alchemy.com/v2/qwSKtEPpKpXuTQLaEGQiGOkJmAANcqB5[0m
Request 682: [94mhttps://eth-mainnet.g.alchemy.com/v2/qwSKtEPpKpXuTQLaEGQiGOkJmAANcqB5[0m
Request 683: [94mhttps://eth-mainnet.g.alchemy.com/v2/qwSKtEPpKpXuTQLaEGQiGOkJmAANcqB5[0m
Request 684: [94mhttps://eth-mainnet.g.alchemy.com/v2/qwSKtEPpKpXuTQLaEGQiGOkJmAANcqB5[0m
Request 685: [94mhttps://eth-mainnet.g.alchemy.com/v2/qwSKtEPpKpXuTQLaEGQiGOkJmAANcqB5[0m
Request 686: [94mhttps://eth-mainnet.g.alchemy.com/v2/qwSKtEPpKpXuTQLaEGQiGOkJmAANcqB5[0m
Request 687: [94mhttps://eth-mainnet.g.alchemy.com/v2/qwSKtEPpKpXuTQLaEGQiGOkJmAANcqB5[0m
Request 688: [94mhttps://eth-mainnet.g.alchemy.com/v2/qwSKtEPpKpXuTQLaEGQiGOkJmAANcqB5[0m
Request 689: [94mhttps://eth-mainnet.g.alchemy.com/v2/qwSKtEPpKpXuTQLaEGQiGOkJmAANcqB5[0m
Request 690: [94mhttps://eth-mainnet.g.alchemy.com/v2/qwSKtEPpKpXuTQLaEGQiGOkJmAANcqB5[0m
Request 691: [94mhttps://eth-mainnet.g.alchemy.com/v2/qwSKtEPpKpXuTQLaEGQiGOkJmAANcqB5[0m
Request 692: [94mhttps://eth-mainnet.g.alchemy.com/v2/qwSKtEPpKpXuTQLaEGQiGOkJmAANcqB5[0m
Request 693: [94mhttps://eth-mainnet.g.alchemy.com/v2/qwSKtEPpKpXuTQLaEGQiGOkJmAANcqB5[0m
Request 694: [94mhttps://eth-mainnet.g.alchemy.com/v2/qwSKtEPpKpXuTQLaEGQiGOkJmAANcqB5[0m
Request 695: [94mhttps://eth-mainnet.g.alchemy.com/v2/qwSKtEPpKpXuTQLaEGQiGOkJmAANcqB5[0m
Request 696: [94mhttps://eth-mainnet.g.alchemy.com/v2/qwSKtEPpKpXuTQLaEGQiGOkJmAANcqB5[0m
Request 697: [94mhttps://eth-mainnet.g.alchemy.com/v2/qwSKtEPpKpXuTQLaEGQiGOkJmAANcqB5[0m
Request 698: [94mhttps://eth-mainnet.g.alchemy.com/v2/qwSKtEPpKpXuTQLaEGQiGOkJmAANcqB5[0m
Request 699: [94mhttps://eth-mainnet.g.alchemy.com/v2/qwSKtEPpKpXuTQLaEGQiGOkJmAANcqB5[0m
Request 700: [94mhttps://eth-mainnet.g.alchemy.com/v2/qwSKtEPpKpXuTQLaEGQiGOkJmAANcqB5[0m
Request 701: [94mhttps://eth-mainnet.g.alchemy.com/v2/qwSKtEPpKpXuTQLaEGQiGOkJmAANcqB5[0m
Request 702: [94mhttps://eth-mainnet.g.alchemy.com/v2/qwSKtEPpKpXuTQLaEGQiGOkJmAANcqB5[0m
Request 703: [94mhttps://eth-mainnet.g.alchemy.com/v2/qwSKtEPpKpXuTQLaEGQiGOkJmAANcqB5[0m
Request 704: [94mhttps://eth-mainnet.g.alchemy.com/v2/qwSKtEPpKpXuTQLaEGQiGOkJmAANcqB5[0m
Request 705: [94mhttps://eth-mainnet.g.alchemy.com/v2/qwSKtEPpKpXuTQLaEGQiGOkJmAANcqB5[0m
Request 706: [94mhttps://eth-mainnet.g.alchemy.com/v2/qwSKtEPpKpXuTQLaEGQiGOkJmAANcqB5[0m
Request 707: [94mhttps://eth-mainnet.g.alchemy.com/v2/qwSKtEPpKpXuTQLaEGQiGOkJmAANcqB5[0m
Request 708: [94mhttps://eth-mainnet.g.alchemy.com/v2/qwSKtEPpKpXuTQLaEGQiGOkJmAANcqB5[0m
Request 709: [94mhttps://eth-mainnet.g.alchemy.com/v2/qwSKtEPpKpXuTQLaEGQiGOkJmAANcqB5[0m
No sign or approve button found!
Request 710: [94mhttps://app.silo.finance/[0m
Request 711: [94mhttps://e.silo.finance/e/[0m
Request 712: [94mhttps://app.silo.finance/_next/static/css/32f7982d2d3dd4a1.css[0m
Request 713: [94mhttps://app.silo.finance/_next/static/chunks/webpack-4a3761c5c02a1625.js[0m
Request 714: [94mhttps://app.silo.finance/_next/static/chunks/framework-1b2ef545399af810.js[0m
Request 715: [94mhttps://app.silo.finance/_next/static/chunks/main-e4d7cbf37ffbfeb1.js[0m
Request 716: [94mhttps://app.silo.finance/_next/static/chunks/pages/_app-c4644af7ed00f61c.js[0m
Request 717: [94mhttps://app.silo.finance/_next/static/chunks/259-95eda31bcbeef441.js[0m
Request 718: [94mhttps://app.silo.finance/_next/static/chunks/999-3cc67ca47c15d1b0.js[0m
Request 719: [94mhttps://app.silo.finance/_next/static/chunks/574-e33c8d3cfad5e193.js[0m
Request 720: [94mhttps://app.silo.finance/_next/static/chunks/716-55dd7c9116c08611.js[0m
Request 721: [94mhttps://app.silo.finance/_next/static/chunks/252-cf95142837f12b3c.js[0m
Request 722: [94mhttps://app.silo.finance/_next/static/chunks/pages/index-13c1797e99098b9b.js[0m
Request 723: [94mhttps://app.silo.finance/_next/static/DQ8Q1hVqXLFX4jv-XrIBY/_buildManifest.js[0m
Request 724: [94mhttps://app.silo.finance/_next/static/DQ8Q1hVqXLFX4jv-XrIBY/_ssgManifest.js[0m
Request 725: [94mhttps://app.silo.finance/api/tunnel[0m
Request 726: [94mhttps://e.silo.finance/static/recorder.js[0m
Request 727: [94mhttps://e.silo.finance/e/[0m
Request 728: [94mhttps://e.silo.finance/decide/[0m
Request 729: [94mhttps://app.silo.finance/favicon.ico[0m
Request 730: [94mhttps://app.silo.finance/_next/static/media/dm-sans-latin-400-normal.cefcfa53.woff2[0m
Request 731: [94mhttps://app.silo.finance/_next/static/media/dm-sans-latin-500-normal.87a1afae.woff2[0m
Request 732: [94mhttps://app.silo.finance/_next/static/media/dm-sans-latin-700-normal.fe8484d9.woff2[0m
Waiting for 30000ms
Request 733: [94mhttps://app.silo.finance/favicon.ico[0m
Request 734: [94mhttps://app.silo.finance/bg-stars-xl.png[0m
Request 735: [94mhttps://eth-mainnet.g.alchemy.com/v2/qwSKtEPpKpXuTQLaEGQiGOkJmAANcqB5[0m
Request 736: [94mhttps://eth-mainnet.g.alchemy.com/v2/qwSKtEPpKpXuTQLaEGQiGOkJmAANcqB5[0m
Request 737: [94mhttps://app.silo.finance/_next/data/DQ8Q1hVqXLFX4jv-XrIBY/index.json[0m
Request 738: [94mhttps://app.silo.finance/_next/data/DQ8Q1hVqXLFX4jv-XrIBY/dashboard.json[0m
Request 739: [94mhttps://app.silo.finance/_next/static/chunks/634-2a4c16e337f2c23d.js[0m
Request 740: [94mhttps://app.silo.finance/_next/static/chunks/850-e95b206c4a4f4a01.js[0m
Request 741: [94mhttps://app.silo.finance/_next/static/chunks/pages/dashboard-42aa7070729ea4cd.js[0m
Request 742: [94mhttps://app.silo.finance/images/logos/ETH-light.png[0m
Request 743: [94mhttps://app.silo.finance/images/logos/XAI.png[0m
Request 744: [94mhttps://app.silo.finance/images/logos/USDC.png[0m
Request 745: [94mhttps://app.silo.finance/images/logos/cbETH.png[0m
Request 746: [94mhttps://app.silo.finance/images/logos/QNT.png[0m
Request 747: [94mhttps://app.silo.finance/images/logos/AURA.png[0m
Request 748: [94mhttps://app.silo.finance/images/logos/gOHM.png[0m
Request 749: [94mhttps://app.silo.finance/images/logos/BAL.png[0m
Request 750: [94mhttps://app.silo.finance/images/logos/FXS.png[0m
Request 751: [94mhttps://app.silo.finance/images/logos/FARM.png[0m
Request 752: [94mhttps://app.silo.finance/images/logos/wstETH.png[0m
Request 753: [94mhttps://app.silo.finance/api/blocked[0m
Request 754: [94mhttps://app.silo.finance/_next/data/DQ8Q1hVqXLFX4jv-XrIBY/silo/0xc8cd77d4cd9511f2822f24ad14fe9e3c97c57836.json[0m
Request 755: [94mhttps://app.silo.finance/_next/static/chunks/513-49a050b22c2a6577.js[0m
Request 756: [94mhttps://app.silo.finance/_next/static/chunks/536-d4dd5f858f055318.js[0m
Request 757: [94mhttps://app.silo.finance/_next/static/chunks/pages/silo/%5B%5B...address%5D%5D-abb256d830191da0.js[0m
Request 758: [94mhttps://app.silo.finance/_next/data/DQ8Q1hVqXLFX4jv-XrIBY/silo/0xfccc27aabd0ab7a0b2ad2b7760037b1eab61616b.json[0m
Request 759: [94mhttps://app.silo.finance/_next/data/DQ8Q1hVqXLFX4jv-XrIBY/silo/0x2eaf84b425822edf450fc5fdeec085f2e5ada98b.json[0m
Request 760: [94mhttps://app.silo.finance/_next/data/DQ8Q1hVqXLFX4jv-XrIBY/silo/0xac3333401e69574d433307b31f43a7826eb6f8fd.json[0m
Request 761: [94mhttps://app.silo.finance/_next/data/DQ8Q1hVqXLFX4jv-XrIBY/silo/0x67b2d089c39c59a49f8fbdea43f5878b3a3f65c3.json[0m
Request 762: [94mhttps://app.silo.finance/_next/data/DQ8Q1hVqXLFX4jv-XrIBY/silo/0xc413dd03555f3eb29d834b482d386b2999dc2eb0.json[0m
Request 763: [94mhttps://app.silo.finance/_next/data/DQ8Q1hVqXLFX4jv-XrIBY/silo/0x92e7e77163ffed918421e3cb6e0a22f2fe8b37fa.json[0m
Request 764: [94mhttps://app.silo.finance/_next/data/DQ8Q1hVqXLFX4jv-XrIBY/silo/0xf39f64d85ad89200e3b06c67f679c45798bf6a5b.json[0m
Request 765: [94mhttps://app.silo.finance/_next/static/chunks/634-2a4c16e337f2c23d.js[0m
Request 766: [94mhttps://app.silo.finance/_next/static/chunks/513-49a050b22c2a6577.js[0m
Request 767: [94mhttps://app.silo.finance/_next/static/chunks/850-e95b206c4a4f4a01.js[0m
Request 768: [94mhttps://app.silo.finance/_next/static/chunks/536-d4dd5f858f055318.js[0m
Request 769: [94mhttps://app.silo.finance/_next/static/chunks/pages/silo/%5B%5B...address%5D%5D-abb256d830191da0.js[0m
Request 770: [94mhttps://app.silo.finance/_next/static/chunks/pages/dashboard-42aa7070729ea4cd.js[0m
Request 771: [94mhttps://gateway.thegraph.com/api/41d8e9d9c63d206f22b98602980156de/deployments/id/QmT8631Rt8ZaGtD48F7WP6trs5Wd2RNoacMRPYLfuotDwB[0m
Request 772: [94mhttps://gateway.thegraph.com/api/41d8e9d9c63d206f22b98602980156de/deployments/id/QmT8631Rt8ZaGtD48F7WP6trs5Wd2RNoacMRPYLfuotDwB[0m
Request 773: [94mhttps://app.silo.finance/api/tunnel[0m
Request 774: [94mhttps://app.silo.finance/api/tunnel[0m
Request 775: [94mhttps://e.silo.finance/e/[0m
Request 776: [94mhttps://app.silo.finance/api/tunnel[0m
Request 777: [94mhttps://gateway.thegraph.com/api/41d8e9d9c63d206f22b98602980156de/deployments/id/QmT8631Rt8ZaGtD48F7WP6trs5Wd2RNoacMRPYLfuotDwB[0m
Request 778: [94mhttps://gateway.thegraph.com/api/41d8e9d9c63d206f22b98602980156de/deployments/id/QmT8631Rt8ZaGtD48F7WP6trs5Wd2RNoacMRPYLfuotDwB[0m
Page closed: [94mhttps://app.silo.finance/[0m
Trying to shutdown
Page closed: [94mchrome-extension://glepecflakcnfpeedbnclfdcabngidkh/home.html#[0m
