Executing with arguments:  {
  printFrameHierarchy: true,
  debugLevel: 'verbose',
  headless: false,
  profilePath: undefined,
  secs: 30,
  links: undefined,
  url: 'https://app.perlinx.finance/swap',
  walletPath: 'metamask-chrome-10.22.2',
  destination: '../results/dapps/crawl',
  force: false,
  executablePath: '/Users/christof/.cache/puppeteer/chrome/mac-1056772/chrome-mac/Chromium.app/Contents/MacOS/Chromium'
}
Completed configuring new page. (about:blank)
Completed configuring new page. (chrome-extension://glepecflakcnfpeedbnclfdcabngidkh/home.html)
Request 1: [94mchrome-extension://glepecflakcnfpeedbnclfdcabngidkh/react-gallery/carousel.min.css[0m
Request 2: [94mhttps://sentry.io/api/273505/envelope/[0m
[94mTrying to import MetaMask connect...[0m
Request 3: [94mchrome-extension://glepecflakcnfpeedbnclfdcabngidkh/_locales/en/messages.json[0m
Request 4: [94mchrome-extension://glepecflakcnfpeedbnclfdcabngidkh/_locales/en/messages.json[0m
Request 5: [94mhttps://sentry.io/api/273505/envelope/[0m
Request 6: [94mhttps://sentry.io/api/273505/envelope/[0m
Request 7: [94mchrome-extension://glepecflakcnfpeedbnclfdcabngidkh/fonts/Euclid/EuclidCircularB-Regular-WebXL.ttf[0m
Request 8: [94mchrome-extension://glepecflakcnfpeedbnclfdcabngidkh/fonts/Euclid/EuclidCircularB-Medium.ttf[0m
Request 9: [94mchrome-extension://glepecflakcnfpeedbnclfdcabngidkh/images/logo/metamask-fox.svg[0m
Request 10: [94mhttps://sentry.io/api/273505/envelope/[0m
Request 11: [94mhttps://sentry.io/api/273505/envelope/[0m
Request 12: [94mchrome-extension://glepecflakcnfpeedbnclfdcabngidkh/images/metrics-chart.svg[0m
Request 13: [94mchrome-extension://glepecflakcnfpeedbnclfdcabngidkh/fonts/fontawesome/fa-solid-900.woff2[0m
Request 14: [94mchrome-extension://glepecflakcnfpeedbnclfdcabngidkh/fonts/Euclid/EuclidCircularB-Bold-WebXL.ttf[0m
Request 15: [94mhttps://sentry.io/api/273505/envelope/[0m
Request 16: [94mhttps://sentry.io/api/273505/envelope/[0m
Request 17: [94mhttps://sentry.io/api/273505/envelope/[0m
Request 18: [94mhttps://sentry.io/api/273505/envelope/[0m
Request 19: [94mchrome-extension://glepecflakcnfpeedbnclfdcabngidkh/fonts/Roboto/Roboto-Regular.ttf[0m
Request 20: [94mchrome-extension://glepecflakcnfpeedbnclfdcabngidkh/fonts/fontawesome/fa-regular-400.woff2[0m
Request 21: [94mhttps://sentry.io/api/273505/envelope/[0m
Request 22: [94mhttps://sentry.io/api/273505/envelope/[0m
[92mImporting MetaMask wallet was successful![0m
Visiting https://app.perlinx.finance/swap
Request 23: [94mhttps://app.perlinx.finance/swap[0m
Request 24: [94mhttps://sentry.io/api/273505/envelope/[0m
Request 25: [94mhttps://sentry.io/api/273505/envelope/[0m
Request 26: [94mchrome-extension://glepecflakcnfpeedbnclfdcabngidkh/images/eth_logo.svg[0m
Request 27: [94mhttps://fonts.googleapis.com/css2[0m
Request 28: [94mhttps://www.googletagmanager.com/gtag/js[0m
Request 29: [94mhttps://app.perlinx.finance/static/css/2.3a221eca.chunk.css[0m
Request 30: [94mhttps://app.perlinx.finance/static/css/main.b64d42f7.chunk.css[0m
Request 31: [94mhttps://app.perlinx.finance/static/js/2.becd7a2e.chunk.js[0m
Request 32: [94mhttps://app.perlinx.finance/static/js/main.51aa55f3.chunk.js[0m
Request 33: [94mhttps://api.coingecko.com/api/v3/simple/price[0m
Request 34: [94mhttps://api.coingecko.com/api/v3/simple/token_price/ethereum[0m
Request 35: [94mhttps://app.perlinx.finance/favicon.png[0m
Request 36: [94mhttps://fonts.gstatic.com/s/cairo/v22/SLXVc1nY6HkvangtZmpQdkhzfH5lkSscRiyS8p4_RA.woff2[0m
Request 37: [94mhttps://www.google-analytics.com/analytics.js[0m
Request 38: [94mhttps://dbu9ftcsij.execute-api.ap-southeast-1.amazonaws.com/stage/stat[0m
Request 39: [94mhttps://www.google-analytics.com/j/collect[0m
Request 40: [94mhttps://app.perlinx.finance/manifest.json[0m
Request 41: [94mhttps://app.perlinx.finance/favicon.png[0m
Request 42: [94mhttps://app.perlinx.finance/favicon_152.png[0m
Request 43: [94mhttps://dbu9ftcsij.execute-api.ap-southeast-1.amazonaws.com/stage/stat[0m
Request 44: [94mhttps://data-api.defipulse.com/api/v1/blocklytics/pools/v1/exchange/0x0B0Dea284a07d60d026691476b130f160e48BD0A[0m
Request 45: [94mhttps://dbu9ftcsij.execute-api.ap-southeast-1.amazonaws.com/stage/stat[0m
Request 46: [94mhttps://data-api.defipulse.com/api/v1/blocklytics/pools/v1/exchange/0x2C1cB70Cccf250B35Ca2CB021E2F624aBa76e3e8[0m
Request 47: [94mhttps://dbu9ftcsij.execute-api.ap-southeast-1.amazonaws.com/stage/stat[0m
Request 48: [94mhttps://data-api.defipulse.com/api/v1/blocklytics/pools/v1/exchange/0x01c1AdB4ad6678d2bf2B772301f111D257b7b109[0m
Request 49: [94mhttps://dbu9ftcsij.execute-api.ap-southeast-1.amazonaws.com/stage/stat[0m
Request 50: [94mhttps://data-api.defipulse.com/api/v1/blocklytics/pools/v1/exchange/0x8C7769F9F1E5042C0809b8702e4b9947b1Bcb3f3[0m
Request 51: [94mhttps://dbu9ftcsij.execute-api.ap-southeast-1.amazonaws.com/stage/stat[0m
Request 52: [94mhttps://data-api.defipulse.com/api/v1/blocklytics/pools/v1/exchange/0xce46DD186160c81B06433f9f501b06cD36d19D50[0m
Request 53: [94mhttps://dbu9ftcsij.execute-api.ap-southeast-1.amazonaws.com/stage/stat[0m
Request 54: [94mhttps://data-api.defipulse.com/api/v1/blocklytics/pools/v1/exchange/0x13c8B17E28Efbf68C929f66D0E51830EBd588843[0m
Request 55: [94mhttps://dbu9ftcsij.execute-api.ap-southeast-1.amazonaws.com/stage/stat[0m
Request 56: [94mhttps://data-api.defipulse.com/api/v1/blocklytics/pools/v1/exchange/0xc159247C7cD6a252947F1b9b7Ec153f433762813[0m
Request 57: [94mhttps://dbu9ftcsij.execute-api.ap-southeast-1.amazonaws.com/stage/stat[0m
Request 58: [94mhttps://data-api.defipulse.com/api/v1/blocklytics/pools/v1/exchange/0x23ACc850b30A07dcD9fb87e36Da111B9B301B3e5[0m
Request 59: [94mhttps://dbu9ftcsij.execute-api.ap-southeast-1.amazonaws.com/stage/stat[0m
Request 60: [94mhttps://api.thegraph.com/subgraphs/name/protofire/uma[0m
Request 61: [94mhttps://api.thegraph.com/subgraphs/name/protofire/uma[0m
Request 62: [94mhttps://api.thegraph.com/subgraphs/name/protofire/uma[0m
Request 63: [94mhttps://api.thegraph.com/subgraphs/name/protofire/uma[0m
Request 64: [94mhttps://api.thegraph.com/subgraphs/name/protofire/uma[0m
Request 65: [94mhttps://data-api.defipulse.com/api/v1/blocklytics/pools/v1/exchange/0x19F4611C61e2eE6D2FaDFccBde1e95cFcfd1E210[0m
Request 66: [94mhttps://dbu9ftcsij.execute-api.ap-southeast-1.amazonaws.com/stage/stat[0m
Request 67: [94mhttps://api.thegraph.com/subgraphs/name/protofire/uma[0m
Request 68: [94mhttps://api.thegraph.com/subgraphs/name/protofire/uma[0m
Request 69: [94mhttps://api.thegraph.com/subgraphs/name/protofire/uma[0m
Request 70: [94mhttps://api.thegraph.com/subgraphs/name/protofire/uma[0m
Request 71: [94mhttps://api.thegraph.com/subgraphs/name/protofire/uma[0m
Request 72: [94mhttps://dbu9ftcsij.execute-api.ap-southeast-1.amazonaws.com/stage/data[0m
Identified connect buttons: 
[
  'Connect Wallet',
  'Connect',
  'Wallet',
  'wallet',
  'account',
  'Account'
]
Found connect button: Connect Wallet
Exiting while loop: MetaMask popup open!
End of while loop: popup
Completed configuring new page. (chrome-extension://glepecflakcnfpeedbnclfdcabngidkh/notification.html)
Request 73: [94mchrome-extension://glepecflakcnfpeedbnclfdcabngidkh/react-gallery/carousel.min.css[0m
Request 74: [94mhttps://sentry.io/api/273505/envelope/[0m
Request 75: [94mchrome-extension://glepecflakcnfpeedbnclfdcabngidkh/_locales/en/messages.json[0m
Request 76: [94mchrome-extension://glepecflakcnfpeedbnclfdcabngidkh/_locales/en/messages.json[0m
Request 77: [94mchrome-extension://glepecflakcnfpeedbnclfdcabngidkh/fonts/Euclid/EuclidCircularB-Bold-WebXL.ttf[0m
Request 78: [94mchrome-extension://glepecflakcnfpeedbnclfdcabngidkh/fonts/Euclid/EuclidCircularB-Regular-WebXL.ttf[0m
Request 79: [94mchrome-extension://glepecflakcnfpeedbnclfdcabngidkh/fonts/fontawesome/fa-solid-900.woff2[0m
Request 80: [94mchrome-extension://glepecflakcnfpeedbnclfdcabngidkh/fonts/Euclid/EuclidCircularB-Medium.ttf[0m
Request 81: [94mhttps://app.perlinx.finance/favicon.png[0m
Request 82: [94mhttps://sentry.io/api/273505/envelope/[0m
Request 83: [94mhttps://sentry.io/api/273505/envelope/[0m
Clicked next button!
Clicked continue button!
[92mSuccessfully connected MetaMask wallet![0m
Request 84: [94mhttps://api.coingecko.com/api/v3/simple/price[0m
Request 85: [94mhttps://api.coingecko.com/api/v3/simple/price[0m
Request 86: [94mhttps://api.coingecko.com/api/v3/simple/price[0m
Request 87: [94mhttps://api.coingecko.com/api/v3/simple/price[0m
Request 88: [94mhttps://api.coingecko.com/api/v3/simple/price[0m
Request 89: [94mhttps://api.coingecko.com/api/v3/simple/price[0m
Request 90: [94mhttps://api.coingecko.com/api/v3/simple/price[0m
Request 91: [94mhttps://api.coingecko.com/api/v3/simple/price[0m
Request 92: [94mhttps://api.coingecko.com/api/v3/simple/price[0m
Request 93: [94mhttps://api.coingecko.com/api/v3/simple/price[0m
Request 94: [94mhttps://api.coingecko.com/api/v3/simple/price[0m
Request 95: [94mhttps://api.coingecko.com/api/v3/simple/price[0m
Request 96: [94mhttps://api.coingecko.com/api/v3/simple/price[0m
Request 97: [94mhttps://api.coingecko.com/api/v3/simple/price[0m
Request 98: [94mhttps://sentry.io/api/273505/envelope/[0m
Request 99: [94mhttps://sentry.io/api/273505/envelope/[0m
Page closed: [94mchrome-extension://glepecflakcnfpeedbnclfdcabngidkh/notification.html#[0m
Request 100: [94mhttps://api.coingecko.com/api/v3/simple/price[0m
Request 101: [94mhttps://api.coingecko.com/api/v3/simple/price[0m
No sign or approve button found!
Request 102: [94mhttps://app.perlinx.finance/swap[0m
Request 103: [94mhttps://fonts.googleapis.com/css2[0m
Request 104: [94mhttps://www.googletagmanager.com/gtag/js[0m
Request 105: [94mhttps://app.perlinx.finance/static/css/2.3a221eca.chunk.css[0m
Request 106: [94mhttps://app.perlinx.finance/static/css/main.b64d42f7.chunk.css[0m
Request 107: [94mhttps://app.perlinx.finance/static/js/2.becd7a2e.chunk.js[0m
Request 108: [94mhttps://app.perlinx.finance/static/js/main.51aa55f3.chunk.js[0m
Request 109: [94mhttps://fonts.gstatic.com/s/cairo/v22/SLXVc1nY6HkvangtZmpQdkhzfH5lkSscRiyS8p4_RA.woff2[0m
Request 110: [94mhttps://api.coingecko.com/api/v3/simple/price[0m
Request 111: [94mhttps://api.coingecko.com/api/v3/simple/token_price/ethereum[0m
Request 112: [94mhttps://app.perlinx.finance/favicon.png[0m
Waiting for 30000ms
Request 113: [94mhttps://www.google-analytics.com/analytics.js[0m
Request 114: [94mhttps://dbu9ftcsij.execute-api.ap-southeast-1.amazonaws.com/stage/stat[0m
Request 115: [94mhttps://www.google-analytics.com/j/collect[0m
Request 116: [94mhttps://app.perlinx.finance/favicon.png[0m
Request 117: [94mhttps://app.perlinx.finance/manifest.json[0m
Request 118: [94mhttps://app.perlinx.finance/favicon_152.png[0m
Request 119: [94mhttps://dbu9ftcsij.execute-api.ap-southeast-1.amazonaws.com/stage/data[0m
Request 120: [94mhttps://dbu9ftcsij.execute-api.ap-southeast-1.amazonaws.com/stage/stat[0m
Request 121: [94mhttps://data-api.defipulse.com/api/v1/blocklytics/pools/v1/exchange/0x13c8B17E28Efbf68C929f66D0E51830EBd588843[0m
Request 122: [94mhttps://dbu9ftcsij.execute-api.ap-southeast-1.amazonaws.com/stage/stat[0m
Request 123: [94mhttps://data-api.defipulse.com/api/v1/blocklytics/pools/v1/exchange/0x0B0Dea284a07d60d026691476b130f160e48BD0A[0m
Request 124: [94mhttps://dbu9ftcsij.execute-api.ap-southeast-1.amazonaws.com/stage/stat[0m
Request 125: [94mhttps://data-api.defipulse.com/api/v1/blocklytics/pools/v1/exchange/0x8C7769F9F1E5042C0809b8702e4b9947b1Bcb3f3[0m
Request 126: [94mhttps://dbu9ftcsij.execute-api.ap-southeast-1.amazonaws.com/stage/stat[0m
Request 127: [94mhttps://data-api.defipulse.com/api/v1/blocklytics/pools/v1/exchange/0x2C1cB70Cccf250B35Ca2CB021E2F624aBa76e3e8[0m
Request 128: [94mhttps://dbu9ftcsij.execute-api.ap-southeast-1.amazonaws.com/stage/stat[0m
Request 129: [94mhttps://data-api.defipulse.com/api/v1/blocklytics/pools/v1/exchange/0xc159247C7cD6a252947F1b9b7Ec153f433762813[0m
Request 130: [94mhttps://dbu9ftcsij.execute-api.ap-southeast-1.amazonaws.com/stage/stat[0m
Request 131: [94mhttps://data-api.defipulse.com/api/v1/blocklytics/pools/v1/exchange/0x01c1AdB4ad6678d2bf2B772301f111D257b7b109[0m
Request 132: [94mhttps://dbu9ftcsij.execute-api.ap-southeast-1.amazonaws.com/stage/stat[0m
Request 133: [94mhttps://data-api.defipulse.com/api/v1/blocklytics/pools/v1/exchange/0xce46DD186160c81B06433f9f501b06cD36d19D50[0m
Request 134: [94mhttps://dbu9ftcsij.execute-api.ap-southeast-1.amazonaws.com/stage/stat[0m
Request 135: [94mhttps://data-api.defipulse.com/api/v1/blocklytics/pools/v1/exchange/0x23ACc850b30A07dcD9fb87e36Da111B9B301B3e5[0m
Request 136: [94mhttps://dbu9ftcsij.execute-api.ap-southeast-1.amazonaws.com/stage/stat[0m
Request 137: [94mhttps://api.thegraph.com/subgraphs/name/protofire/uma[0m
Request 138: [94mhttps://api.thegraph.com/subgraphs/name/protofire/uma[0m
Request 139: [94mhttps://api.thegraph.com/subgraphs/name/protofire/uma[0m
Request 140: [94mhttps://api.thegraph.com/subgraphs/name/protofire/uma[0m
Request 141: [94mhttps://api.thegraph.com/subgraphs/name/protofire/uma[0m
Request 142: [94mhttps://data-api.defipulse.com/api/v1/blocklytics/pools/v1/exchange/0x19F4611C61e2eE6D2FaDFccBde1e95cFcfd1E210[0m
Request 143: [94mhttps://dbu9ftcsij.execute-api.ap-southeast-1.amazonaws.com/stage/stat[0m
Request 144: [94mhttps://api.thegraph.com/subgraphs/name/protofire/uma[0m
Request 145: [94mhttps://api.thegraph.com/subgraphs/name/protofire/uma[0m
Request 146: [94mhttps://api.thegraph.com/subgraphs/name/protofire/uma[0m
Request 147: [94mhttps://api.thegraph.com/subgraphs/name/protofire/uma[0m
Request 148: [94mhttps://api.thegraph.com/subgraphs/name/protofire/uma[0m
Request 149: [94mhttps://api.coingecko.com/api/v3/simple/price[0m
Page closed: [94mhttps://app.perlinx.finance/swap[0m
Trying to shutdown
Page closed: [94mchrome-extension://glepecflakcnfpeedbnclfdcabngidkh/home.html#[0m
