Executing with arguments:  {
  printFrameHierarchy: true,
  debugLevel: 'verbose',
  headless: false,
  profilePath: undefined,
  secs: 30,
  links: undefined,
  url: 'https://app.liqee.io/#/lending?AssetsType=Lend&currentPool=pos',
  walletPath: 'metamask-chrome-10.22.2',
  destination: '../results/dapps/crawl',
  force: false,
  executablePath: '/Users/christof/.cache/puppeteer/chrome/mac-1056772/chrome-mac/Chromium.app/Contents/MacOS/Chromium'
}
Completed configuring new page. (about:blank)
Completed configuring new page. (chrome-extension://glepecflakcnfpeedbnclfdcabngidkh/home.html)
Request 1: [94mchrome-extension://glepecflakcnfpeedbnclfdcabngidkh/react-gallery/carousel.min.css[0m
Request 2: [94mhttps://sentry.io/api/273505/envelope/[0m
[94mTrying to import MetaMask connect...[0m
Request 3: [94mchrome-extension://glepecflakcnfpeedbnclfdcabngidkh/_locales/en/messages.json[0m
Request 4: [94mchrome-extension://glepecflakcnfpeedbnclfdcabngidkh/_locales/en/messages.json[0m
Request 5: [94mhttps://sentry.io/api/273505/envelope/[0m
Request 6: [94mhttps://sentry.io/api/273505/envelope/[0m
Request 7: [94mchrome-extension://glepecflakcnfpeedbnclfdcabngidkh/fonts/Euclid/EuclidCircularB-Regular-WebXL.ttf[0m
Request 8: [94mchrome-extension://glepecflakcnfpeedbnclfdcabngidkh/fonts/Euclid/EuclidCircularB-Medium.ttf[0m
Request 9: [94mhttps://sentry.io/api/273505/envelope/[0m
Request 10: [94mhttps://sentry.io/api/273505/envelope/[0m
Request 11: [94mchrome-extension://glepecflakcnfpeedbnclfdcabngidkh/images/metrics-chart.svg[0m
Request 12: [94mchrome-extension://glepecflakcnfpeedbnclfdcabngidkh/fonts/fontawesome/fa-solid-900.woff2[0m
Request 13: [94mchrome-extension://glepecflakcnfpeedbnclfdcabngidkh/fonts/Euclid/EuclidCircularB-Bold-WebXL.ttf[0m
Request 14: [94mhttps://sentry.io/api/273505/envelope/[0m
Request 15: [94mhttps://sentry.io/api/273505/envelope/[0m
Request 16: [94mhttps://sentry.io/api/273505/envelope/[0m
Request 17: [94mhttps://sentry.io/api/273505/envelope/[0m
Request 18: [94mchrome-extension://glepecflakcnfpeedbnclfdcabngidkh/fonts/Roboto/Roboto-Regular.ttf[0m
Request 19: [94mchrome-extension://glepecflakcnfpeedbnclfdcabngidkh/fonts/fontawesome/fa-regular-400.woff2[0m
Request 20: [94mhttps://sentry.io/api/273505/envelope/[0m
Request 21: [94mhttps://sentry.io/api/273505/envelope/[0m
[92mImporting MetaMask wallet was successful![0m
Visiting https://app.liqee.io/#/lending?AssetsType=Lend&currentPool=pos
Request 22: [94mhttps://app.liqee.io/[0m
Request 23: [94mhttps://sentry.io/api/273505/envelope/[0m
Request 24: [94mhttps://sentry.io/api/273505/envelope/[0m
Request 25: [94mchrome-extension://glepecflakcnfpeedbnclfdcabngidkh/images/eth_logo.svg[0m
Request 26: [94mhttps://app.liqee.io/static/css/main.ec788690.chunk.css[0m
Request 27: [94mhttps://analytics.blockpower.capital/pixel/fSexpHEphsKiM8wo[0m
Request 28: [94mhttps://www.googletagmanager.com/gtag/js[0m
Request 29: [94mhttps://app.liqee.io/static/js/3.3ebebfe6.chunk.js[0m
Request 30: [94mhttps://app.liqee.io/static/js/main.dcb2c69a.chunk.js[0m
Request 31: [94mhttps://region1.google-analytics.com/g/collect[0m
Request 32: [94mhttps://app.liqee.io/static/media/open-menu.49a7ecda.svg[0m
Request 33: [94mhttps://app.liqee.io/static/media/menu-market.d517ee37.svg[0m
Request 34: [94mhttps://app.liqee.io/static/media/menu-lend.4ec81a31.svg[0m
Request 35: [94mhttps://app.liqee.io/static/media/menu-farm.c791a5b1.svg[0m
Request 36: [94mhttps://app.liqee.io/static/media/menu-liquidation.66bd87f6.svg[0m
Request 37: [94mhttps://app.liqee.io/static/media/menu-docs.31aa1c3e.svg[0m
Request 38: [94mhttps://app.liqee.io/static/media/theme-day.10eaee56.svg[0m
Request 39: [94mhttps://app.liqee.io/static/media/btn-language.4aeaa067.svg[0m
Request 40: [94mhttps://app.liqee.io/static/media/set.e34955e3.svg[0m
Request 41: [94mhttps://openapi.debank.com/v1/user/total_balance[0m
Request 42: [94mhttps://app.liqee.io/static/media/logo-liqee-w.d2caaa51.svg[0m
Request 43: [94mhttps://app.liqee.io/static/media/Gotham-Medium.c9f7f5fb.otf[0m
Request 44: [94mhttps://app.liqee.io/static/media/close-wallet.e352fc2a.svg[0m
Request 45: [94mhttps://app.liqee.io/static/media/wallet-MetaMask.bae38ed8.svg[0m
Request 46: [94mhttps://app.liqee.io/static/media/wallet-WalletConnect.15d246bc.svg[0m
Request 47: [94mhttps://analytics.blockpower.capital/pixel-track/fSexpHEphsKiM8wo[0m
Request 48: [94mhttps://analytics.blockpower.capital/pixel-track/fSexpHEphsKiM8wo[0m
Request 49: [94mhttps://app.liqee.io/favicon.ico[0m
Request 50: [94mhttps://analytics.blockpower.capital/pixel-track/fSexpHEphsKiM8wo[0m
Request 51: [94mhttps://app.liqee.io/liqee/rtoken[0m
Request 52: [94mhttps://app.liqee.io/manifest.json[0m
Request 53: [94mhttps://app.liqee.io/favicon.ico[0m
Request 54: [94mhttps://app.liqee.io/logo192.png[0m
Request 55: [94mhttps://analytics.blockpower.capital/pixel-track/fSexpHEphsKiM8wo[0m
Request 56: [94mhttps://app.liqee.io/liqee/ttoken[0m
Request 57: [94mhttps://app.liqee.io/pos/markets[0m
Request 58: [94mhttps://region1.google-analytics.com/g/collect[0m
Request 59: [94mhttps://app.liqee.io/liqee/distribution[0m
Request 60: [94mhttps://app.liqee.io/static/media/USX.566120ce.svg[0m
Request 61: [94mhttps://app.liqee.io/static/media/ETH.c12eee7c.svg[0m
Request 62: [94mhttps://app.liqee.io/static/media/rETH.1c5046f7.svg[0m
Request 63: [94mhttps://app.liqee.io/static/media/wstETH.c9853782.svg[0m
Request 64: [94mhttps://analytics.blockpower.capital/pixel-track/fSexpHEphsKiM8wo[0m
Request 65: [94mhttps://analytics.blockpower.capital/pixel-track/fSexpHEphsKiM8wo[0m
Identified connect buttons: 
[ 'Connect Wallet', 'Connect', 'Wallet', 'wallet' ]
Found connect button: Connect Wallet
Request 66: [94mhttps://analytics.blockpower.capital/pixel-track/fSexpHEphsKiM8wo[0m
Identified MetaMask buttons:
[ 'MetaMask', 'Metamask' ]
Found MetaMask button: Metamask
Completed configuring new page. (chrome-extension://glepecflakcnfpeedbnclfdcabngidkh/notification.html)
Request 67: [94mchrome-extension://glepecflakcnfpeedbnclfdcabngidkh/react-gallery/carousel.min.css[0m
Request 68: [94mhttps://sentry.io/api/273505/envelope/[0m
Request 69: [94mhttps://analytics.blockpower.capital/pixel-track/fSexpHEphsKiM8wo[0m
Request 70: [94mhttps://analytics.blockpower.capital/pixel-track/fSexpHEphsKiM8wo[0m
Request 71: [94mhttps://analytics.blockpower.capital/pixel-track/fSexpHEphsKiM8wo[0m
Request 72: [94mhttps://openapi.debank.com/v1/user/total_balance[0m
Request 73: [94mhttps://app.liqee.io/liqee/rtoken[0m
Request 74: [94mchrome-extension://glepecflakcnfpeedbnclfdcabngidkh/_locales/en/messages.json[0m
Request 75: [94mchrome-extension://glepecflakcnfpeedbnclfdcabngidkh/_locales/en/messages.json[0m
Request 76: [94mchrome-extension://glepecflakcnfpeedbnclfdcabngidkh/fonts/Euclid/EuclidCircularB-Bold-WebXL.ttf[0m
Request 77: [94mchrome-extension://glepecflakcnfpeedbnclfdcabngidkh/fonts/Euclid/EuclidCircularB-Regular-WebXL.ttf[0m
Request 78: [94mchrome-extension://glepecflakcnfpeedbnclfdcabngidkh/fonts/fontawesome/fa-solid-900.woff2[0m
Request 79: [94mchrome-extension://glepecflakcnfpeedbnclfdcabngidkh/fonts/Euclid/EuclidCircularB-Medium.ttf[0m
Request 80: [94mhttps://app.liqee.io/favicon.ico[0m
No checkbox found!
Request 81: [94mhttps://app.liqee.io/liqee/ttoken[0m
Request 82: [94mhttps://app.liqee.io/pos/markets[0m
Exiting while loop: MetaMask popup open!
End of while loop: popup
Request 83: [94mhttps://app.liqee.io/liqee/distribution[0m
Request 84: [94mhttps://sentry.io/api/273505/envelope/[0m
Request 85: [94mhttps://sentry.io/api/273505/envelope/[0m
Clicked next button!
Clicked continue button!
[92mSuccessfully connected MetaMask wallet![0m
Request 86: [94mhttps://app.liqee.io/[0m
Request 87: [94mhttps://app.liqee.io/static/media/nftLogo.6648659a.svg[0m
Request 88: [94mhttps://openapi.debank.com/v1/user/total_balance[0m
Request 89: [94mhttps://analytics.blockpower.capital/pixel-track/fSexpHEphsKiM8wo[0m
Request 90: [94mhttps://region1.google-analytics.com/g/collect[0m
Request 91: [94mhttps://analytics.blockpower.capital/pixel-track/fSexpHEphsKiM8wo[0m
Request 92: [94mhttps://app.liqee.io/static/css/main.ec788690.chunk.css[0m
Request 93: [94mhttps://analytics.blockpower.capital/pixel/fSexpHEphsKiM8wo[0m
Request 94: [94mhttps://www.googletagmanager.com/gtag/js[0m
Request 95: [94mhttps://app.liqee.io/static/js/3.3ebebfe6.chunk.js[0m
Request 96: [94mhttps://app.liqee.io/static/js/main.dcb2c69a.chunk.js[0m
Request 97: [94mhttps://app.liqee.io/static/media/Gotham-Medium.c9f7f5fb.otf[0m
Request 98: [94mhttps://app.liqee.io/static/media/open-menu.49a7ecda.svg[0m
Request 99: [94mhttps://app.liqee.io/static/media/menu-market.d517ee37.svg[0m
Request 100: [94mhttps://app.liqee.io/static/media/menu-lend.4ec81a31.svg[0m
Request 101: [94mhttps://app.liqee.io/static/media/menu-farm.c791a5b1.svg[0m
Request 102: [94mhttps://app.liqee.io/static/media/menu-liquidation.66bd87f6.svg[0m
Request 103: [94mhttps://app.liqee.io/static/media/menu-docs.31aa1c3e.svg[0m
Request 104: [94mhttps://app.liqee.io/static/media/theme-day.10eaee56.svg[0m
Request 105: [94mhttps://app.liqee.io/static/media/btn-language.4aeaa067.svg[0m
Request 106: [94mhttps://app.liqee.io/static/media/set.e34955e3.svg[0m
Request 107: [94mhttps://app.liqee.io/static/media/logo-liqee-w.d2caaa51.svg[0m
Request 108: [94mhttps://openapi.debank.com/v1/user/total_balance[0m
Request 109: [94mhttps://analytics.blockpower.capital/pixel-track/fSexpHEphsKiM8wo[0m
Request 110: [94mhttps://app.liqee.io/favicon.ico[0m
Request 111: [94mhttps://app.liqee.io/manifest.json[0m
Request 112: [94mhttps://app.liqee.io/favicon.ico[0m
Request 113: [94mhttps://app.liqee.io/logo192.png[0m
Request 114: [94mhttps://app.liqee.io/static/media/close-wallet.e352fc2a.svg[0m
Request 115: [94mhttps://app.liqee.io/static/media/wallet-MetaMask.bae38ed8.svg[0m
Request 116: [94mhttps://app.liqee.io/static/media/nftLogo.6648659a.svg[0m
Request 117: [94mhttps://openapi.debank.com/v1/user/total_balance[0m
Request 118: [94mhttps://sentry.io/api/273505/envelope/[0m
Request 119: [94mhttps://sentry.io/api/273505/envelope/[0m
Page closed: [94mchrome-extension://glepecflakcnfpeedbnclfdcabngidkh/notification.html#[0m
Request 120: [94mhttps://app.liqee.io/liqee/rtoken[0m
Request 121: [94mhttps://app.liqee.io/liqee/rtoken[0m
Request 122: [94mhttps://app.liqee.io/liqee/rtoken[0m
Request 123: [94mhttps://analytics.blockpower.capital/pixel-track/fSexpHEphsKiM8wo[0m
Request 124: [94mhttps://app.liqee.io/liqee/ttoken[0m
Request 125: [94mhttps://app.liqee.io/liqee/ttoken[0m
Request 126: [94mhttps://app.liqee.io/liqee/ttoken[0m
Request 127: [94mhttps://app.liqee.io/pos/markets[0m
Request 128: [94mhttps://app.liqee.io/pos/markets[0m
Request 129: [94mhttps://app.liqee.io/pos/markets[0m
Request 130: [94mhttps://app.liqee.io/liqee/distribution[0m
Request 131: [94mhttps://region1.google-analytics.com/g/collect[0m
Request 132: [94mhttps://app.liqee.io/liqee/distribution[0m
Request 133: [94mhttps://app.liqee.io/liqee/distribution[0m
Request 134: [94mhttps://app.liqee.io/static/media/USX.566120ce.svg[0m
Request 135: [94mhttps://app.liqee.io/static/media/ETH.c12eee7c.svg[0m
Request 136: [94mhttps://app.liqee.io/static/media/rETH.1c5046f7.svg[0m
Request 137: [94mhttps://app.liqee.io/static/media/wstETH.c9853782.svg[0m
Request 138: [94mhttps://analytics.blockpower.capital/pixel-track/fSexpHEphsKiM8wo[0m
Request 139: [94mhttps://analytics.blockpower.capital/pixel-track/fSexpHEphsKiM8wo[0m
Request 140: [94mhttps://app.liqee.io/pos/users[0m
Request 141: [94mhttps://app.liqee.io/pos/users[0m
Request 142: [94mhttps://analytics.blockpower.capital/pixel-track/fSexpHEphsKiM8wo[0m
Request 143: [94mhttps://openapi.debank.com/v1/user/total_balance[0m
Request 144: [94mhttps://app.liqee.io/liqee/rtoken[0m
Request 145: [94mhttps://app.liqee.io/liqee/ttoken[0m
Request 146: [94mhttps://app.liqee.io/pos/markets[0m
Request 147: [94mhttps://app.liqee.io/liqee/distribution[0m
Request 148: [94mhttps://app.liqee.io/pos/users[0m
Request 149: [94mhttps://openapi.debank.com/v1/user/total_balance[0m
Request 150: [94mhttps://app.liqee.io/liqee/rtoken[0m
Request 151: [94mhttps://app.liqee.io/liqee/ttoken[0m
Request 152: [94mhttps://app.liqee.io/pos/markets[0m
No sign or approve button found!
Request 153: [94mhttps://app.liqee.io/[0m
Request 154: [94mhttps://region1.google-analytics.com/g/collect[0m
Request 155: [94mhttps://app.liqee.io/static/css/main.ec788690.chunk.css[0m
Request 156: [94mhttps://analytics.blockpower.capital/pixel/fSexpHEphsKiM8wo[0m
Request 157: [94mhttps://www.googletagmanager.com/gtag/js[0m
Request 158: [94mhttps://app.liqee.io/static/js/3.3ebebfe6.chunk.js[0m
Request 159: [94mhttps://app.liqee.io/static/js/main.dcb2c69a.chunk.js[0m
Request 160: [94mhttps://app.liqee.io/static/media/Gotham-Medium.c9f7f5fb.otf[0m
Request 161: [94mhttps://app.liqee.io/static/media/open-menu.49a7ecda.svg[0m
Request 162: [94mhttps://app.liqee.io/static/media/menu-market.d517ee37.svg[0m
Request 163: [94mhttps://app.liqee.io/static/media/menu-lend.4ec81a31.svg[0m
Request 164: [94mhttps://app.liqee.io/static/media/menu-farm.c791a5b1.svg[0m
Request 165: [94mhttps://app.liqee.io/static/media/menu-liquidation.66bd87f6.svg[0m
Request 166: [94mhttps://app.liqee.io/static/media/menu-docs.31aa1c3e.svg[0m
Request 167: [94mhttps://app.liqee.io/static/media/theme-day.10eaee56.svg[0m
Request 168: [94mhttps://app.liqee.io/static/media/btn-language.4aeaa067.svg[0m
Request 169: [94mhttps://app.liqee.io/static/media/set.e34955e3.svg[0m
Request 170: [94mhttps://app.liqee.io/static/media/logo-liqee-w.d2caaa51.svg[0m
Request 171: [94mhttps://openapi.debank.com/v1/user/total_balance[0m
Request 172: [94mhttps://analytics.blockpower.capital/pixel-track/fSexpHEphsKiM8wo[0m
Request 173: [94mhttps://analytics.blockpower.capital/pixel-track/fSexpHEphsKiM8wo[0m
Request 174: [94mhttps://app.liqee.io/favicon.ico[0m
Waiting for 30000ms
Request 175: [94mhttps://app.liqee.io/favicon.ico[0m
Request 176: [94mhttps://app.liqee.io/manifest.json[0m
Request 177: [94mhttps://app.liqee.io/logo192.png[0m
Request 178: [94mhttps://app.liqee.io/static/media/close-wallet.e352fc2a.svg[0m
Request 179: [94mhttps://app.liqee.io/static/media/nftLogo.6648659a.svg[0m
Request 180: [94mhttps://app.liqee.io/static/media/wallet-MetaMask.bae38ed8.svg[0m
Request 181: [94mhttps://openapi.debank.com/v1/user/total_balance[0m
Request 182: [94mhttps://app.liqee.io/liqee/rtoken[0m
Request 183: [94mhttps://app.liqee.io/liqee/rtoken[0m
Request 184: [94mhttps://app.liqee.io/liqee/rtoken[0m
Request 185: [94mhttps://analytics.blockpower.capital/pixel-track/fSexpHEphsKiM8wo[0m
Request 186: [94mhttps://app.liqee.io/liqee/ttoken[0m
Request 187: [94mhttps://app.liqee.io/liqee/ttoken[0m
Request 188: [94mhttps://app.liqee.io/liqee/ttoken[0m
Request 189: [94mhttps://app.liqee.io/pos/markets[0m
Request 190: [94mhttps://app.liqee.io/pos/markets[0m
Request 191: [94mhttps://app.liqee.io/pos/markets[0m
Request 192: [94mhttps://app.liqee.io/liqee/distribution[0m
Request 193: [94mhttps://region1.google-analytics.com/g/collect[0m
Request 194: [94mhttps://app.liqee.io/liqee/distribution[0m
Request 195: [94mhttps://app.liqee.io/liqee/distribution[0m
Request 196: [94mhttps://app.liqee.io/static/media/USX.566120ce.svg[0m
Request 197: [94mhttps://app.liqee.io/static/media/ETH.c12eee7c.svg[0m
Request 198: [94mhttps://app.liqee.io/static/media/rETH.1c5046f7.svg[0m
Request 199: [94mhttps://app.liqee.io/static/media/wstETH.c9853782.svg[0m
Request 200: [94mhttps://app.liqee.io/pos/users[0m
Request 201: [94mhttps://analytics.blockpower.capital/pixel-track/fSexpHEphsKiM8wo[0m
Request 202: [94mhttps://analytics.blockpower.capital/pixel-track/fSexpHEphsKiM8wo[0m
Request 203: [94mhttps://app.liqee.io/pos/users[0m
Request 204: [94mhttps://analytics.blockpower.capital/pixel-track/fSexpHEphsKiM8wo[0m
Request 205: [94mhttps://openapi.debank.com/v1/user/total_balance[0m
Request 206: [94mhttps://app.liqee.io/liqee/rtoken[0m
Request 207: [94mhttps://app.liqee.io/liqee/ttoken[0m
Request 208: [94mhttps://app.liqee.io/pos/markets[0m
Request 209: [94mhttps://app.liqee.io/liqee/distribution[0m
Request 210: [94mhttps://app.liqee.io/pos/users[0m
Page closed: [94mhttps://app.liqee.io/#/lending?AssetsType=Lend&currentPool=pos[0m
Trying to shutdown
Page closed: [94mchrome-extension://glepecflakcnfpeedbnclfdcabngidkh/home.html#[0m
