Executing with arguments:  {
  printFrameHierarchy: true,
  debugLevel: 'verbose',
  headless: false,
  profilePath: undefined,
  secs: 30,
  links: undefined,
  url: 'https://app.oh.finance/',
  walletPath: 'metamask-chrome-10.22.2',
  destination: '../results/dapps/crawl',
  force: false,
  executablePath: '/Users/christof/.cache/puppeteer/chrome/mac-1056772/chrome-mac/Chromium.app/Contents/MacOS/Chromium'
}
Completed configuring new page. (about:blank)
Completed configuring new page. (chrome-extension://glepecflakcnfpeedbnclfdcabngidkh/home.html)
Request 1: [94mchrome-extension://glepecflakcnfpeedbnclfdcabngidkh/react-gallery/carousel.min.css[0m
Request 2: [94mhttps://sentry.io/api/273505/envelope/[0m
[94mTrying to import MetaMask connect...[0m
Request 3: [94mchrome-extension://glepecflakcnfpeedbnclfdcabngidkh/_locales/en/messages.json[0m
Request 4: [94mchrome-extension://glepecflakcnfpeedbnclfdcabngidkh/_locales/en/messages.json[0m
Request 5: [94mhttps://sentry.io/api/273505/envelope/[0m
Request 6: [94mhttps://sentry.io/api/273505/envelope/[0m
Request 7: [94mchrome-extension://glepecflakcnfpeedbnclfdcabngidkh/fonts/Euclid/EuclidCircularB-Regular-WebXL.ttf[0m
Request 8: [94mchrome-extension://glepecflakcnfpeedbnclfdcabngidkh/fonts/Euclid/EuclidCircularB-Medium.ttf[0m
Request 9: [94mchrome-extension://glepecflakcnfpeedbnclfdcabngidkh/images/logo/metamask-fox.svg[0m
Request 10: [94mhttps://sentry.io/api/273505/envelope/[0m
Request 11: [94mhttps://sentry.io/api/273505/envelope/[0m
Request 12: [94mchrome-extension://glepecflakcnfpeedbnclfdcabngidkh/images/metrics-chart.svg[0m
Request 13: [94mchrome-extension://glepecflakcnfpeedbnclfdcabngidkh/fonts/fontawesome/fa-solid-900.woff2[0m
Request 14: [94mchrome-extension://glepecflakcnfpeedbnclfdcabngidkh/fonts/Euclid/EuclidCircularB-Bold-WebXL.ttf[0m
Request 15: [94mhttps://sentry.io/api/273505/envelope/[0m
Request 16: [94mhttps://sentry.io/api/273505/envelope/[0m
Request 17: [94mhttps://sentry.io/api/273505/envelope/[0m
Request 18: [94mhttps://sentry.io/api/273505/envelope/[0m
Request 19: [94mchrome-extension://glepecflakcnfpeedbnclfdcabngidkh/fonts/Roboto/Roboto-Regular.ttf[0m
Request 20: [94mchrome-extension://glepecflakcnfpeedbnclfdcabngidkh/fonts/fontawesome/fa-regular-400.woff2[0m
Request 21: [94mhttps://sentry.io/api/273505/envelope/[0m
Request 22: [94mhttps://sentry.io/api/273505/envelope/[0m
[92mImporting MetaMask wallet was successful![0m
Visiting https://app.oh.finance/
Request 23: [94mhttps://app.oh.finance/[0m
Request 24: [94mhttps://sentry.io/api/273505/envelope/[0m
Request 25: [94mhttps://sentry.io/api/273505/envelope/[0m
Request 26: [94mchrome-extension://glepecflakcnfpeedbnclfdcabngidkh/images/eth_logo.svg[0m
Request 27: [94mhttps://app.oh.finance/_next/static/css/065fd341e25d1f6d.css[0m
Request 28: [94mhttps://app.oh.finance/_next/static/chunks/webpack-ab074aa6d8ff1d2f.js[0m
Request 29: [94mhttps://app.oh.finance/_next/static/chunks/framework-4975f770e34de116.js[0m
Request 30: [94mhttps://app.oh.finance/_next/static/chunks/main-8bc7ed82329adf16.js[0m
Request 31: [94mhttps://app.oh.finance/_next/static/chunks/pages/_app-d9fd11e2ab18e01e.js[0m
Request 32: [94mhttps://app.oh.finance/_next/static/chunks/pages/index-48cf6bc90d158d1a.js[0m
Request 33: [94mhttps://app.oh.finance/_next/static/-VXNMdAxDmcZbF93Sicmi/_buildManifest.js[0m
Request 34: [94mhttps://app.oh.finance/_next/static/-VXNMdAxDmcZbF93Sicmi/_ssgManifest.js[0m
Request 35: [94mhttps://app.oh.finance/_next/static/-VXNMdAxDmcZbF93Sicmi/_middlewareManifest.js[0m
Request 36: [94mhttps://www.googletagmanager.com/gtm.js[0m
Request 37: [94mhttps://app.oh.finance/_next/static/chunks/768.2f2f0a9db60f618b.js[0m
Request 38: [94mhttps://www.googletagmanager.com/gtag/js[0m
Request 39: [94mhttps://api.oh.finance/apy[0m
Request 40: [94mhttps://api.coingecko.com/api/v3/simple/token_price/ethereum[0m
Request 41: [94mhttps://api.coingecko.com/api/v3/simple/token_price/ethereum[0m
Request 42: [94mhttps://api.coingecko.com/api/v3/coins/oh-finance[0m
Request 43: [94mhttps://api.coingecko.com/api/v3/coins/oh-finance[0m
Request 44: [94mhttps://api.coingecko.com/api/v3/simple/token_price/ethereum[0m
Request 45: [94mhttps://api.coingecko.com/api/v3/simple/token_price/ethereum[0m
Request 46: [94mhttps://api.coingecko.com/api/v3/coins/oh-finance[0m
Request 47: [94mhttps://api.coingecko.com/api/v3/coins/oh-finance[0m
Request 48: [94mhttps://app.oh.finance/img/chains/ethereum.png[0m
Request 49: [94mhttps://app.oh.finance/_next/static/media/oh-usdc.3b8f084db010ef2a61455e010550cdef.svg[0m
Request 50: [94mhttps://region1.google-analytics.com/g/collect[0m
Request 51: [94mhttps://app.oh.finance/_next/static/media/aave.1e7128e9.jpg[0m
Request 52: [94mhttps://fonts.gstatic.com/s/roboto/v30/KFOlCnqEu92Fr1MmEU9fBBc4AMP6lQ.woff2[0m
Request 53: [94mhttps://fonts.gstatic.com/s/roboto/v30/KFOmCnqEu92Fr1Mu4mxKKTU1Kg.woff2[0m
Request 54: [94mhttps://fonts.gstatic.com/s/roboto/v30/KFOlCnqEu92Fr1MmWUlfBBc4AMP6lQ.woff2[0m
Request 55: [94mhttps://app.oh.finance/favicon.ico[0m
Request 56: [94mhttps://mainnet.infura.io/v3/[0m
Request 57: [94mhttps://mainnet.infura.io/v3/[0m
Request 58: [94mhttps://api.oh.finance/apy[0m
Request 59: [94mhttps://mainnet.infura.io/v3/[0m
Request 60: [94mhttps://api.oh.finance/apy[0m
Request 61: [94mhttps://api.oh.finance/apy[0m
Request 62: [94mhttps://api.oh.finance/apy[0m
Request 63: [94mhttps://api.oh.finance/apy[0m
Request 64: [94mhttps://api.oh.finance/apy[0m
Request 65: [94mhttps://api.oh.finance/apy[0m
Request 66: [94mhttps://api.oh.finance/apy[0m
Request 67: [94mhttps://api.oh.finance/apy[0m
Request 68: [94mhttps://region1.google-analytics.com/g/collect[0m
Identified connect buttons: 
[ 'Connect Wallet', 'Connect', 'Wallet', 'connect', 'wallet' ]
Request 69: [94mhttps://app.oh.finance/img/OhFinanceAssets_metaMaskIcon.png[0m
Request 70: [94mhttps://app.oh.finance/img/wallet_connect.svg[0m
Request 71: [94mhttps://app.oh.finance/img/coinbase_wallet.svg[0m
Found connect button: Connect Wallet
Identified MetaMask buttons:
[ 'MetaMask' ]
Found MetaMask button: MetaMask
Completed configuring new page. (chrome-extension://glepecflakcnfpeedbnclfdcabngidkh/notification.html)
Request 72: [94mchrome-extension://glepecflakcnfpeedbnclfdcabngidkh/react-gallery/carousel.min.css[0m
Request 73: [94mhttps://sentry.io/api/273505/envelope/[0m
Request 74: [94mchrome-extension://glepecflakcnfpeedbnclfdcabngidkh/_locales/en/messages.json[0m
Request 75: [94mchrome-extension://glepecflakcnfpeedbnclfdcabngidkh/_locales/en/messages.json[0m
Request 76: [94mchrome-extension://glepecflakcnfpeedbnclfdcabngidkh/fonts/Euclid/EuclidCircularB-Bold-WebXL.ttf[0m
Request 77: [94mchrome-extension://glepecflakcnfpeedbnclfdcabngidkh/fonts/Euclid/EuclidCircularB-Regular-WebXL.ttf[0m
Request 78: [94mchrome-extension://glepecflakcnfpeedbnclfdcabngidkh/fonts/fontawesome/fa-solid-900.woff2[0m
Request 79: [94mchrome-extension://glepecflakcnfpeedbnclfdcabngidkh/fonts/Euclid/EuclidCircularB-Medium.ttf[0m
No checkbox found!
Request 80: [94mhttps://mainnet.infura.io/v3/[0m
Exiting while loop: MetaMask popup open!
End of while loop: popup
Request 81: [94mhttps://sentry.io/api/273505/envelope/[0m
Request 82: [94mhttps://sentry.io/api/273505/envelope/[0m
Clicked next button!
Clicked continue button!
[92mSuccessfully connected MetaMask wallet![0m
Request 83: [94mhttps://sentry.io/api/273505/envelope/[0m
Request 84: [94mhttps://sentry.io/api/273505/envelope/[0m
Page closed: [94mchrome-extension://glepecflakcnfpeedbnclfdcabngidkh/notification.html#[0m
No sign or approve button found!
Request 85: [94mhttps://app.oh.finance/[0m
Request 86: [94mhttps://region1.google-analytics.com/g/collect[0m
Request 87: [94mhttps://app.oh.finance/_next/static/css/065fd341e25d1f6d.css[0m
Request 88: [94mhttps://app.oh.finance/_next/static/chunks/webpack-ab074aa6d8ff1d2f.js[0m
Request 89: [94mhttps://app.oh.finance/_next/static/chunks/framework-4975f770e34de116.js[0m
Request 90: [94mhttps://app.oh.finance/_next/static/chunks/main-8bc7ed82329adf16.js[0m
Request 91: [94mhttps://app.oh.finance/_next/static/chunks/pages/_app-d9fd11e2ab18e01e.js[0m
Request 92: [94mhttps://app.oh.finance/_next/static/chunks/pages/index-48cf6bc90d158d1a.js[0m
Request 93: [94mhttps://app.oh.finance/_next/static/-VXNMdAxDmcZbF93Sicmi/_buildManifest.js[0m
Request 94: [94mhttps://app.oh.finance/_next/static/-VXNMdAxDmcZbF93Sicmi/_ssgManifest.js[0m
Request 95: [94mhttps://app.oh.finance/_next/static/-VXNMdAxDmcZbF93Sicmi/_middlewareManifest.js[0m
Request 96: [94mhttps://www.googletagmanager.com/gtm.js[0m
Request 97: [94mhttps://fonts.gstatic.com/s/roboto/v30/KFOmCnqEu92Fr1Mu4mxKKTU1Kg.woff2[0m
Request 98: [94mhttps://fonts.gstatic.com/s/roboto/v30/KFOlCnqEu92Fr1MmEU9fBBc4AMP6lQ.woff2[0m
Request 99: [94mhttps://fonts.gstatic.com/s/roboto/v30/KFOlCnqEu92Fr1MmWUlfBBc4AMP6lQ.woff2[0m
Request 100: [94mhttps://www.googletagmanager.com/gtag/js[0m
Request 101: [94mhttps://app.oh.finance/_next/static/chunks/768.2f2f0a9db60f618b.js[0m
Waiting for 30000ms
Request 102: [94mhttps://api.oh.finance/apy[0m
Request 103: [94mhttps://api.coingecko.com/api/v3/simple/token_price/ethereum[0m
Request 104: [94mhttps://api.coingecko.com/api/v3/simple/token_price/ethereum[0m
Request 105: [94mhttps://api.coingecko.com/api/v3/coins/oh-finance[0m
Request 106: [94mhttps://api.coingecko.com/api/v3/coins/oh-finance[0m
Request 107: [94mhttps://api.coingecko.com/api/v3/simple/token_price/ethereum[0m
Request 108: [94mhttps://api.coingecko.com/api/v3/simple/token_price/ethereum[0m
Request 109: [94mhttps://api.coingecko.com/api/v3/coins/oh-finance[0m
Request 110: [94mhttps://api.coingecko.com/api/v3/coins/oh-finance[0m
Request 111: [94mhttps://app.oh.finance/favicon.ico[0m
Request 112: [94mhttps://app.oh.finance/img/chains/ethereum.png[0m
Request 113: [94mhttps://app.oh.finance/_next/static/media/oh-usdc.3b8f084db010ef2a61455e010550cdef.svg[0m
Request 114: [94mhttps://app.oh.finance/_next/static/media/aave.1e7128e9.jpg[0m
Request 115: [94mhttps://api.oh.finance/apy[0m
Request 116: [94mhttps://api.oh.finance/apy[0m
Request 117: [94mhttps://api.oh.finance/apy[0m
Request 118: [94mhttps://api.oh.finance/apy[0m
Request 119: [94mhttps://api.oh.finance/apy[0m
Request 120: [94mhttps://api.oh.finance/apy[0m
Request 121: [94mhttps://api.oh.finance/apy[0m
Request 122: [94mhttps://api.oh.finance/apy[0m
Request 123: [94mhttps://api.oh.finance/apy[0m
Request 124: [94mhttps://region1.google-analytics.com/g/collect[0m
Page closed: [94mhttps://app.oh.finance/[0m
Trying to shutdown
Page closed: [94mchrome-extension://glepecflakcnfpeedbnclfdcabngidkh/home.html#[0m
