Executing with arguments:  {
  printFrameHierarchy: true,
  debugLevel: 'verbose',
  headless: false,
  profilePath: undefined,
  secs: 30,
  links: undefined,
  url: 'https://app.naos.finance/home',
  walletPath: 'metamask-chrome-10.22.2',
  destination: '../results/dapps/crawl',
  force: false,
  executablePath: '/Users/christof/.cache/puppeteer/chrome/mac-1056772/chrome-mac/Chromium.app/Contents/MacOS/Chromium'
}
Completed configuring new page. (about:blank)
Completed configuring new page. (chrome-extension://glepecflakcnfpeedbnclfdcabngidkh/home.html)
Request 1: [94mchrome-extension://glepecflakcnfpeedbnclfdcabngidkh/react-gallery/carousel.min.css[0m
Request 2: [94mhttps://sentry.io/api/273505/envelope/[0m
[94mTrying to import MetaMask connect...[0m
Request 3: [94mchrome-extension://glepecflakcnfpeedbnclfdcabngidkh/_locales/en/messages.json[0m
Request 4: [94mchrome-extension://glepecflakcnfpeedbnclfdcabngidkh/_locales/en/messages.json[0m
Request 5: [94mhttps://sentry.io/api/273505/envelope/[0m
Request 6: [94mhttps://sentry.io/api/273505/envelope/[0m
Request 7: [94mchrome-extension://glepecflakcnfpeedbnclfdcabngidkh/fonts/Euclid/EuclidCircularB-Regular-WebXL.ttf[0m
Request 8: [94mchrome-extension://glepecflakcnfpeedbnclfdcabngidkh/fonts/Euclid/EuclidCircularB-Medium.ttf[0m
Request 9: [94mchrome-extension://glepecflakcnfpeedbnclfdcabngidkh/images/logo/metamask-fox.svg[0m
Request 10: [94mhttps://sentry.io/api/273505/envelope/[0m
Request 11: [94mhttps://sentry.io/api/273505/envelope/[0m
Request 12: [94mchrome-extension://glepecflakcnfpeedbnclfdcabngidkh/images/metrics-chart.svg[0m
Request 13: [94mchrome-extension://glepecflakcnfpeedbnclfdcabngidkh/fonts/fontawesome/fa-solid-900.woff2[0m
Request 14: [94mchrome-extension://glepecflakcnfpeedbnclfdcabngidkh/fonts/Euclid/EuclidCircularB-Bold-WebXL.ttf[0m
Request 15: [94mhttps://sentry.io/api/273505/envelope/[0m
Request 16: [94mhttps://sentry.io/api/273505/envelope/[0m
Request 17: [94mhttps://sentry.io/api/273505/envelope/[0m
Request 18: [94mhttps://sentry.io/api/273505/envelope/[0m
Request 19: [94mchrome-extension://glepecflakcnfpeedbnclfdcabngidkh/fonts/Roboto/Roboto-Regular.ttf[0m
Request 20: [94mchrome-extension://glepecflakcnfpeedbnclfdcabngidkh/fonts/fontawesome/fa-regular-400.woff2[0m
Request 21: [94mhttps://sentry.io/api/273505/envelope/[0m
Request 22: [94mhttps://sentry.io/api/273505/envelope/[0m
[92mImporting MetaMask wallet was successful![0m
Visiting https://app.naos.finance/home
Request 23: [94mhttps://app.naos.finance/home[0m
Request 24: [94mhttps://sentry.io/api/273505/envelope/[0m
Request 25: [94mhttps://sentry.io/api/273505/envelope/[0m
Request 26: [94mchrome-extension://glepecflakcnfpeedbnclfdcabngidkh/images/eth_logo.svg[0m
Request 27: [94mhttps://app.naos.finance/static/css/main.de86dcf4.chunk.css[0m
Request 28: [94mhttps://app.naos.finance/static/js/2.737f2725.chunk.js[0m
Request 29: [94mhttps://app.naos.finance/static/js/main.18ee0e16.chunk.js[0m
Request 30: [94mhttps://app.naos.finance/static/js/5.6ea1d5d0.chunk.js[0m
Request 31: [94mhttps://www.googletagmanager.com/gtm.js[0m
Request 32: [94mhttps://app.naos.finance/favicon.ico[0m
Request 33: [94mhttps://www.google-analytics.com/analytics.js[0m
Request 34: [94mhttps://www.google-analytics.com/j/collect[0m
Request 35: [94mhttps://app.naos.finance/static/media/home_des.e5fcffee.svg[0m
Request 36: [94mhttps://app.naos.finance/static/media/vault.3bf65f61.svg[0m
Request 37: [94mhttps://app.naos.finance/static/media/transmute.45f92765.svg[0m
Request 38: [94mhttps://app.naos.finance/static/media/Invest.b03e9cf7.svg[0m
Request 39: [94mhttps://app.naos.finance/static/media/insurance_beta.4ab4b5c4.svg[0m
Request 40: [94mhttps://app.naos.finance/static/media/farm.2fe5dae8.svg[0m
Request 41: [94mhttps://app.naos.finance/static/media/logo.d6cbd727.png[0m
Request 42: [94mhttps://dapp-api.naos.finance/api/v1/galaxy/tvl[0m
Request 43: [94mhttps://dapp-api.naos.finance/api/v1/galaxy/disbursedvalue[0m
Request 44: [94mhttps://dapp-api.naos.finance/api/v1/galaxy/dashboard/cryptoapr[0m
Request 45: [94mhttps://dapp-api.naos.finance/api/v1/galaxy/dashboard/fiatapr[0m
Request 46: [94mhttps://api.coingecko.com/api/v3/simple/token_price/ethereum[0m
Request 47: [94mhttps://alpaca-static-api.s3.amazonaws.com/v1/landing/summary.json[0m
Request 48: [94mhttps://app.naos.finance/static/media/arrow_circle.7cc5f486.svg[0m
Request 49: [94mhttps://app.naos.finance/static/media/company_full_logo.1c2dada7.svg[0m
Request 50: [94mhttps://app.naos.finance/static/media/FAQ.fc2d0094.svg[0m
Request 51: [94mhttps://app.naos.finance/manifest.json[0m
Request 52: [94mhttps://app.naos.finance/favicon.ico[0m
Identified connect buttons: 
[ 'Connect' ]
Request 53: [94mhttps://app.naos.finance/static/media/metamask.45038d58.svg[0m
Request 54: [94mhttps://app.naos.finance/static/media/coin98.b671acd3.svg[0m
Request 55: [94mhttps://app.naos.finance/static/media/walletconnect.304e3277.svg[0m
Request 56: [94mhttps://app.naos.finance/static/media/safepal_black.803cc602.svg[0m
Request 57: [94mhttps://app.naos.finance/static/media/onto_white.022f9d1e.svg[0m
Request 58: [94mhttps://app.naos.finance/static/media/math_white.e2475182.svg[0m
Found connect button: Connect
Identified MetaMask buttons:
[ 'MetaMask', 'metamask' ]
Found MetaMask button: MetaMask
Completed configuring new page. (chrome-extension://glepecflakcnfpeedbnclfdcabngidkh/notification.html)
Request 59: [94mchrome-extension://glepecflakcnfpeedbnclfdcabngidkh/react-gallery/carousel.min.css[0m
Request 60: [94mhttps://sentry.io/api/273505/envelope/[0m
Request 61: [94mchrome-extension://glepecflakcnfpeedbnclfdcabngidkh/_locales/en/messages.json[0m
Request 62: [94mchrome-extension://glepecflakcnfpeedbnclfdcabngidkh/_locales/en/messages.json[0m
Request 63: [94mchrome-extension://glepecflakcnfpeedbnclfdcabngidkh/fonts/Euclid/EuclidCircularB-Bold-WebXL.ttf[0m
Request 64: [94mchrome-extension://glepecflakcnfpeedbnclfdcabngidkh/fonts/Euclid/EuclidCircularB-Regular-WebXL.ttf[0m
Request 65: [94mchrome-extension://glepecflakcnfpeedbnclfdcabngidkh/fonts/fontawesome/fa-solid-900.woff2[0m
Request 66: [94mchrome-extension://glepecflakcnfpeedbnclfdcabngidkh/fonts/Euclid/EuclidCircularB-Medium.ttf[0m
Request 67: [94mhttps://app.naos.finance/favicon.ico[0m
No checkbox found!
Exiting while loop: MetaMask popup open!
End of while loop: popup
Request 68: [94mhttps://sentry.io/api/273505/envelope/[0m
Request 69: [94mhttps://sentry.io/api/273505/envelope/[0m
Clicked next button!
Clicked continue button!
[92mSuccessfully connected MetaMask wallet![0m
Request 70: [94mhttps://api.yearn.finance/v1/chains/1/vaults/all[0m
Request 71: [94mhttps://api.etherscan.io/api[0m
Request 72: [94mhttps://sentry.io/api/273505/envelope/[0m
Request 73: [94mhttps://sentry.io/api/273505/envelope/[0m
Page closed: [94mchrome-extension://glepecflakcnfpeedbnclfdcabngidkh/notification.html#[0m
Request 74: [94mhttps://api.etherscan.io/api[0m
Request 75: [94mhttps://api.etherscan.io/api[0m
No sign or approve button found!
Request 76: [94mhttps://app.naos.finance/home[0m
Request 77: [94mhttps://app.naos.finance/static/css/main.de86dcf4.chunk.css[0m
Request 78: [94mhttps://app.naos.finance/static/js/2.737f2725.chunk.js[0m
Request 79: [94mhttps://app.naos.finance/static/js/main.18ee0e16.chunk.js[0m
Request 80: [94mhttps://app.naos.finance/static/js/5.6ea1d5d0.chunk.js[0m
Request 81: [94mhttps://www.googletagmanager.com/gtm.js[0m
Request 82: [94mhttps://app.naos.finance/favicon.ico[0m
Waiting for 30000ms
Request 83: [94mhttps://www.google-analytics.com/analytics.js[0m
Request 84: [94mhttps://www.google-analytics.com/j/collect[0m
Request 85: [94mhttps://app.naos.finance/static/media/home_des.e5fcffee.svg[0m
Request 86: [94mhttps://app.naos.finance/static/media/vault.3bf65f61.svg[0m
Request 87: [94mhttps://app.naos.finance/static/media/transmute.45f92765.svg[0m
Request 88: [94mhttps://app.naos.finance/static/media/Invest.b03e9cf7.svg[0m
Request 89: [94mhttps://app.naos.finance/static/media/insurance_beta.4ab4b5c4.svg[0m
Request 90: [94mhttps://app.naos.finance/static/media/farm.2fe5dae8.svg[0m
Request 91: [94mhttps://app.naos.finance/static/media/logo.d6cbd727.png[0m
Request 92: [94mhttps://dapp-api.naos.finance/api/v1/galaxy/tvl[0m
Request 93: [94mhttps://dapp-api.naos.finance/api/v1/galaxy/disbursedvalue[0m
Request 94: [94mhttps://dapp-api.naos.finance/api/v1/galaxy/dashboard/cryptoapr[0m
Request 95: [94mhttps://dapp-api.naos.finance/api/v1/galaxy/dashboard/fiatapr[0m
Request 96: [94mhttps://api.coingecko.com/api/v3/simple/token_price/ethereum[0m
Request 97: [94mhttps://alpaca-static-api.s3.amazonaws.com/v1/landing/summary.json[0m
Request 98: [94mhttps://app.naos.finance/static/media/arrow_circle.7cc5f486.svg[0m
Request 99: [94mhttps://app.naos.finance/static/media/company_full_logo.1c2dada7.svg[0m
Request 100: [94mhttps://app.naos.finance/static/media/FAQ.fc2d0094.svg[0m
Request 101: [94mhttps://api.yearn.finance/v1/chains/1/vaults/all[0m
Request 102: [94mhttps://api.etherscan.io/api[0m
Request 103: [94mhttps://app.naos.finance/favicon.ico[0m
Request 104: [94mhttps://app.naos.finance/manifest.json[0m
Page closed: [94mhttps://app.naos.finance/home[0m
Trying to shutdown
Page closed: [94mchrome-extension://glepecflakcnfpeedbnclfdcabngidkh/home.html#[0m
