Executing with arguments:  {
  printFrameHierarchy: true,
  debugLevel: 'verbose',
  headless: false,
  profilePath: undefined,
  secs: 30,
  links: undefined,
  url: 'https://basedvitalik.io/',
  walletPath: 'metamask-chrome-10.22.2',
  destination: '../results/dapps/crawl',
  force: false,
  executablePath: '/Users/christof/.cache/puppeteer/chrome/mac-1056772/chrome-mac/Chromium.app/Contents/MacOS/Chromium'
}
Completed configuring new page. (about:blank)
Completed configuring new page. (chrome-extension://glepecflakcnfpeedbnclfdcabngidkh/home.html)
Request 1: [94mchrome-extension://glepecflakcnfpeedbnclfdcabngidkh/react-gallery/carousel.min.css[0m
Request 2: [94mhttps://sentry.io/api/273505/envelope/[0m
[94mTrying to import MetaMask connect...[0m
Request 3: [94mchrome-extension://glepecflakcnfpeedbnclfdcabngidkh/_locales/en/messages.json[0m
Request 4: [94mchrome-extension://glepecflakcnfpeedbnclfdcabngidkh/_locales/en/messages.json[0m
Request 5: [94mhttps://sentry.io/api/273505/envelope/[0m
Request 6: [94mhttps://sentry.io/api/273505/envelope/[0m
Request 7: [94mchrome-extension://glepecflakcnfpeedbnclfdcabngidkh/fonts/Euclid/EuclidCircularB-Regular-WebXL.ttf[0m
Request 8: [94mchrome-extension://glepecflakcnfpeedbnclfdcabngidkh/fonts/Euclid/EuclidCircularB-Medium.ttf[0m
Request 9: [94mchrome-extension://glepecflakcnfpeedbnclfdcabngidkh/images/logo/metamask-fox.svg[0m
Request 10: [94mhttps://sentry.io/api/273505/envelope/[0m
Request 11: [94mhttps://sentry.io/api/273505/envelope/[0m
Request 12: [94mchrome-extension://glepecflakcnfpeedbnclfdcabngidkh/images/metrics-chart.svg[0m
Request 13: [94mchrome-extension://glepecflakcnfpeedbnclfdcabngidkh/fonts/fontawesome/fa-solid-900.woff2[0m
Request 14: [94mchrome-extension://glepecflakcnfpeedbnclfdcabngidkh/fonts/Euclid/EuclidCircularB-Bold-WebXL.ttf[0m
Request 15: [94mhttps://sentry.io/api/273505/envelope/[0m
Request 16: [94mhttps://sentry.io/api/273505/envelope/[0m
Request 17: [94mhttps://sentry.io/api/273505/envelope/[0m
Request 18: [94mhttps://sentry.io/api/273505/envelope/[0m
Request 19: [94mchrome-extension://glepecflakcnfpeedbnclfdcabngidkh/fonts/Roboto/Roboto-Regular.ttf[0m
Request 20: [94mchrome-extension://glepecflakcnfpeedbnclfdcabngidkh/fonts/fontawesome/fa-regular-400.woff2[0m
Request 21: [94mhttps://sentry.io/api/273505/envelope/[0m
Request 22: [94mhttps://sentry.io/api/273505/envelope/[0m
[92mImporting MetaMask wallet was successful![0m
Visiting https://basedvitalik.io/
Request 23: [94mhttps://basedvitalik.io/[0m
Request 24: [94mhttps://sentry.io/api/273505/envelope/[0m
Request 25: [94mhttps://sentry.io/api/273505/envelope/[0m
Request 26: [94mchrome-extension://glepecflakcnfpeedbnclfdcabngidkh/images/eth_logo.svg[0m
Request 27: [94mhttps://maxcdn.bootstrapcdn.com/bootstrap/4.0.0/css/bootstrap.min.css[0m
Request 28: [94mhttps://basedvitalik.io/css/normalize.css[0m
Request 29: [94mhttps://basedvitalik.io/css/main.css[0m
Request 30: [94mhttps://basedvitalik.io/js/vendor/modernizr-2.8.3.min.js[0m
Request 31: [94mhttps://kit.fontawesome.com/25673ce6e4.js[0m
Request 32: [94mhttps://www.googletagmanager.com/gtag/js[0m
Request 33: [94mhttps://basedvitalik.io/img/brand.svg[0m
Request 34: [94mhttps://basedvitalik.io/img/opensea.svg[0m
Request 35: [94mhttps://basedvitalik.io/img/logo.svg[0m
Request 36: [94mhttps://basedvitalik.io/img/mint.svg[0m
Request 37: [94mhttps://basedvitalik.io/img/definition_mobile.svg[0m
Request 38: [94mhttps://basedvitalik.io/img/Art101_Splash.svg[0m
Request 39: [94mhttps://basedvitalik.io/img/base.png[0m
Request 40: [94mhttps://basedvitalik.io/img/carty.svg[0m
Request 41: [94mhttps://basedvitalik.io/img/nfs.svg[0m
Request 42: [94mhttps://basedvitalik.io/img/provenance.svg[0m
Request 43: [94mhttps://code.jquery.com/jquery-3.2.1.slim.min.js[0m
Request 44: [94mhttps://cdnjs.cloudflare.com/ajax/libs/popper.js/1.12.9/umd/popper.min.js[0m
Request 45: [94mhttps://maxcdn.bootstrapcdn.com/bootstrap/4.0.0/js/bootstrap.min.js[0m
Request 46: [94mhttps://basedvitalik.io/js/vendor/metamask-onboarding.bundle.js[0m
Request 47: [94mhttps://basedvitalik.io/js/vendor/web3-1.3.6.min.js[0m
Request 48: [94mhttps://basedvitalik.io/js/plugins.js[0m
Request 49: [94mhttps://fonts.googleapis.com/css2[0m
Request 50: [94mhttps://ka-f.fontawesome.com/releases/v5.15.4/css/free.min.css[0m
Request 51: [94mhttps://ka-f.fontawesome.com/releases/v5.15.4/css/free-v4-shims.min.css[0m
Request 52: [94mhttps://ka-f.fontawesome.com/releases/v5.15.4/css/free-v4-font-face.min.css[0m
Request 53: [94mhttps://basedvitalik.io/js/vendor/jquery-1.12.0.min.js[0m
Request 54: [94mhttps://basedvitalik.io/img/bg_desktop.webp[0m
Request 55: [94mhttps://ka-f.fontawesome.com/releases/v5.15.4/webfonts/free-fa-brands-400.woff2[0m
Request 56: [94mhttps://fonts.gstatic.com/s/roboto/v30/KFOlCnqEu92Fr1MmWUlfBBc4AMP6lQ.woff2[0m
Request 57: [94mhttps://fonts.gstatic.com/s/roboto/v30/KFOmCnqEu92Fr1Mu4mxKKTU1Kg.woff2[0m
Request 58: [94mhttps://fonts.gstatic.com/s/roboto/v30/KFOkCnqEu92Fr1Mu51xIIzIXKMny.woff2[0m
Request 59: [94mhttps://fonts.gstatic.com/s/roboto/v30/KFOlCnqEu92Fr1MmWUlfBxc4AMP6lbBP.woff2[0m
Request 60: [94mhttps://basedvitalik.io/favicon.ico[0m
Request 61: [94mhttps://sentry.io/api/273505/envelope/[0m
Request 62: [94mhttps://region1.google-analytics.com/g/collect[0m
Request 63: [94mhttps://basedvitalik.io/favicon.ico[0m
Identified connect buttons: 
[ 'sign', 'connect', 'wallet' ]
Identified MetaMask buttons:
[ 'metamask' ]
No checkbox found!
Identified MetaMask buttons:
[ 'metamask' ]
No checkbox found!
Identified MetaMask buttons:
[ 'metamask' ]
No checkbox found!
Identified MetaMask buttons:
[ 'metamask' ]
No checkbox found!
Identified MetaMask buttons:
[ 'metamask' ]
No checkbox found!
Exiting while loop: Timeout!
End of while loop: timeout
Trying random clicks...
Screen dimensions:
{ width: 3440, height: 1206 }
Request 64: [94mhttps://basedvitalik.io/mint.html[0m
Random click at: 1720 603
Random click at: 1720 553
Random click at: 1720 503
Random click at: 1720 453
Random click at: 1870 678
Random click at: 1620 503
Random click at: 1720 703
Request 65: [94mhttps://region1.google-analytics.com/g/collect[0m
Request 66: [94mhttps://maxcdn.bootstrapcdn.com/bootstrap/4.0.0/css/bootstrap.min.css[0m
Request 67: [94mhttps://basedvitalik.io/css/normalize.css[0m
Request 68: [94mhttps://basedvitalik.io/css/main.css[0m
Request 69: [94mhttps://basedvitalik.io/js/vendor/modernizr-2.8.3.min.js[0m
Request 70: [94mhttps://kit.fontawesome.com/25673ce6e4.js[0m
Request 71: [94mhttps://www.googletagmanager.com/gtag/js[0m
Request 72: [94mhttps://basedvitalik.io/img/brand.svg[0m
Request 73: [94mhttps://basedvitalik.io/img/opensea.svg[0m
Request 74: [94mhttps://basedvitalik.io/img/logo.svg[0m
Request 75: [94mhttps://basedvitalik.io/js/vendor/jquery-3.2.1.slim.min.js[0m
Request 76: [94mhttps://basedvitalik.io/js/vendor/popper-1.12.9.min.js[0m
Request 77: [94mhttps://basedvitalik.io/js/vendor/bootstrap-4.0.0.min.js[0m
Request 78: [94mhttps://basedvitalik.io/js/vendor/metamask-onboarding.bundle.js[0m
Request 79: [94mhttps://basedvitalik.io/js/vendor/web3-1.3.6.min.js[0m
Request 80: [94mhttps://basedvitalik.io/js/plugins.js[0m
Request 81: [94mhttps://basedvitalik.io/js/contracts/bv.js[0m
Request 82: [94mhttps://basedvitalik.io/js/mint.js[0m
Request 83: [94mhttps://fonts.googleapis.com/css2[0m
Request 84: [94mhttps://fonts.gstatic.com/s/roboto/v30/KFOkCnqEu92Fr1Mu51xIIzIXKMny.woff2[0m
Request 85: [94mhttps://fonts.gstatic.com/s/roboto/v30/KFOmCnqEu92Fr1Mu4mxKKTU1Kg.woff2[0m
Request 86: [94mhttps://fonts.gstatic.com/s/roboto/v30/KFOlCnqEu92Fr1MmWUlfBxc4AMP6lbBP.woff2[0m
Request 87: [94mhttps://fonts.gstatic.com/s/roboto/v30/KFOlCnqEu92Fr1MmWUlfBBc4AMP6lQ.woff2[0m
Request 88: [94mhttps://ka-f.fontawesome.com/releases/v5.15.4/css/free.min.css[0m
Request 89: [94mhttps://ka-f.fontawesome.com/releases/v5.15.4/css/free-v4-shims.min.css[0m
Request 90: [94mhttps://ka-f.fontawesome.com/releases/v5.15.4/css/free-v4-font-face.min.css[0m
Request 91: [94mhttps://basedvitalik.io/img/bg_desktop.webp[0m
Request 92: [94mhttps://fonts.gstatic.com/s/roboto/v30/KFOjCnqEu92Fr1Mu51TzBic6CsTYl4BO.woff2[0m
Request 93: [94mhttps://fonts.gstatic.com/s/roboto/v30/KFOlCnqEu92Fr1MmSU5fBBc4AMP6lQ.woff2[0m
Request 94: [94mhttps://ka-f.fontawesome.com/releases/v5.15.4/webfonts/free-fa-brands-400.woff2[0m
Request 95: [94mhttps://ka-f.fontawesome.com/releases/v5.15.4/webfonts/free-fa-solid-900.woff2[0m
Request 96: [94mhttps://basedvitalik.io/favicon.ico[0m
Completed configuring new page. (chrome-extension://glepecflakcnfpeedbnclfdcabngidkh/notification.html)
Request 97: [94mchrome-extension://glepecflakcnfpeedbnclfdcabngidkh/react-gallery/carousel.min.css[0m
Request 98: [94mhttps://sentry.io/api/273505/envelope/[0m
Request 99: [94mchrome-extension://glepecflakcnfpeedbnclfdcabngidkh/_locales/en/messages.json[0m
Request 100: [94mchrome-extension://glepecflakcnfpeedbnclfdcabngidkh/_locales/en/messages.json[0m
Request 101: [94mchrome-extension://glepecflakcnfpeedbnclfdcabngidkh/fonts/Euclid/EuclidCircularB-Bold-WebXL.ttf[0m
Request 102: [94mchrome-extension://glepecflakcnfpeedbnclfdcabngidkh/fonts/Euclid/EuclidCircularB-Regular-WebXL.ttf[0m
Request 103: [94mchrome-extension://glepecflakcnfpeedbnclfdcabngidkh/fonts/fontawesome/fa-solid-900.woff2[0m
Request 104: [94mchrome-extension://glepecflakcnfpeedbnclfdcabngidkh/fonts/Euclid/EuclidCircularB-Medium.ttf[0m
Request 105: [94mhttps://basedvitalik.io/favicon.ico[0m
Request 106: [94mhttps://region1.google-analytics.com/g/collect[0m
Request 107: [94mhttps://sentry.io/api/273505/envelope/[0m
Request 108: [94mhttps://sentry.io/api/273505/envelope/[0m
Clicked next button!
Clicked continue button!
[92mSuccessfully connected MetaMask wallet![0m
Request 109: [94mhttps://sentry.io/api/273505/envelope/[0m
Request 110: [94mhttps://sentry.io/api/273505/envelope/[0m
Page closed: [94mchrome-extension://glepecflakcnfpeedbnclfdcabngidkh/notification.html#[0m
Request 111: [94mhttps://basedvitalik.io/distribution.json[0m
Request 112: [94mhttps://basedvitalik.io/distribution.json[0m
Request 113: [94mhttps://basedvitalik.io/distribution.json[0m
Request 114: [94mhttps://basedvitalik.io/distribution.json[0m
No sign or approve button found!
Request 115: [94mhttps://basedvitalik.io/mint.html[0m
Request 116: [94mhttps://region1.google-analytics.com/g/collect[0m
Request 117: [94mhttps://maxcdn.bootstrapcdn.com/bootstrap/4.0.0/css/bootstrap.min.css[0m
Request 118: [94mhttps://basedvitalik.io/css/normalize.css[0m
Request 119: [94mhttps://basedvitalik.io/css/main.css[0m
Request 120: [94mhttps://basedvitalik.io/js/vendor/modernizr-2.8.3.min.js[0m
Request 121: [94mhttps://kit.fontawesome.com/25673ce6e4.js[0m
Request 122: [94mhttps://www.googletagmanager.com/gtag/js[0m
Request 123: [94mhttps://basedvitalik.io/img/brand.svg[0m
Request 124: [94mhttps://basedvitalik.io/img/opensea.svg[0m
Request 125: [94mhttps://basedvitalik.io/img/logo.svg[0m
Request 126: [94mhttps://basedvitalik.io/js/vendor/jquery-3.2.1.slim.min.js[0m
Request 127: [94mhttps://basedvitalik.io/js/vendor/popper-1.12.9.min.js[0m
Request 128: [94mhttps://basedvitalik.io/js/vendor/bootstrap-4.0.0.min.js[0m
Request 129: [94mhttps://basedvitalik.io/js/vendor/metamask-onboarding.bundle.js[0m
Request 130: [94mhttps://basedvitalik.io/js/vendor/web3-1.3.6.min.js[0m
Request 131: [94mhttps://basedvitalik.io/js/plugins.js[0m
Request 132: [94mhttps://basedvitalik.io/js/contracts/bv.js[0m
Request 133: [94mhttps://basedvitalik.io/js/mint.js[0m
Request 134: [94mhttps://fonts.googleapis.com/css2[0m
Request 135: [94mhttps://fonts.gstatic.com/s/roboto/v30/KFOkCnqEu92Fr1Mu51xIIzIXKMny.woff2[0m
Request 136: [94mhttps://fonts.gstatic.com/s/roboto/v30/KFOjCnqEu92Fr1Mu51TzBic6CsTYl4BO.woff2[0m
Request 137: [94mhttps://fonts.gstatic.com/s/roboto/v30/KFOlCnqEu92Fr1MmSU5fBBc4AMP6lQ.woff2[0m
Request 138: [94mhttps://fonts.gstatic.com/s/roboto/v30/KFOmCnqEu92Fr1Mu4mxKKTU1Kg.woff2[0m
Request 139: [94mhttps://fonts.gstatic.com/s/roboto/v30/KFOlCnqEu92Fr1MmWUlfBxc4AMP6lbBP.woff2[0m
Request 140: [94mhttps://fonts.gstatic.com/s/roboto/v30/KFOlCnqEu92Fr1MmWUlfBBc4AMP6lQ.woff2[0m
Request 141: [94mhttps://ka-f.fontawesome.com/releases/v5.15.4/css/free.min.css[0m
Request 142: [94mhttps://ka-f.fontawesome.com/releases/v5.15.4/css/free-v4-shims.min.css[0m
Request 143: [94mhttps://ka-f.fontawesome.com/releases/v5.15.4/css/free-v4-font-face.min.css[0m
Request 144: [94mhttps://basedvitalik.io/img/bg_desktop.webp[0m
Request 145: [94mhttps://basedvitalik.io/favicon.ico[0m
Waiting for 30000ms
Request 146: [94mhttps://basedvitalik.io/favicon.ico[0m
Request 147: [94mhttps://ka-f.fontawesome.com/releases/v5.15.4/webfonts/free-fa-solid-900.woff2[0m
Request 148: [94mhttps://ka-f.fontawesome.com/releases/v5.15.4/webfonts/free-fa-brands-400.woff2[0m
Request 149: [94mhttps://basedvitalik.io/distribution.json[0m
Request 150: [94mhttps://region1.google-analytics.com/g/collect[0m
Request 151: [94mhttps://basedvitalik.io/distribution.json[0m
Request 152: [94mhttps://basedvitalik.io/distribution.json[0m
Page closed: [94mhttps://basedvitalik.io/mint.html[0m
Trying to shutdown
Page closed: [94mchrome-extension://glepecflakcnfpeedbnclfdcabngidkh/home.html#[0m
