Executing with arguments:  {
  printFrameHierarchy: true,
  debugLevel: 'verbose',
  headless: false,
  profilePath: undefined,
  secs: 30,
  links: undefined,
  url: 'https://betworld.github.io/',
  walletPath: 'metamask-chrome-10.22.2',
  destination: '../results/dapps/crawl',
  force: false,
  executablePath: '/Users/christof/.cache/puppeteer/chrome/mac-1056772/chrome-mac/Chromium.app/Contents/MacOS/Chromium'
}
Completed configuring new page. (about:blank)
Completed configuring new page. (chrome-extension://glepecflakcnfpeedbnclfdcabngidkh/home.html)
Request 1: [94mchrome-extension://glepecflakcnfpeedbnclfdcabngidkh/react-gallery/carousel.min.css[0m
Request 2: [94mhttps://sentry.io/api/273505/envelope/[0m
[94mTrying to import MetaMask connect...[0m
Request 3: [94mchrome-extension://glepecflakcnfpeedbnclfdcabngidkh/_locales/en/messages.json[0m
Request 4: [94mchrome-extension://glepecflakcnfpeedbnclfdcabngidkh/_locales/en/messages.json[0m
Request 5: [94mhttps://sentry.io/api/273505/envelope/[0m
Request 6: [94mhttps://sentry.io/api/273505/envelope/[0m
Request 7: [94mchrome-extension://glepecflakcnfpeedbnclfdcabngidkh/fonts/Euclid/EuclidCircularB-Regular-WebXL.ttf[0m
Request 8: [94mchrome-extension://glepecflakcnfpeedbnclfdcabngidkh/fonts/Euclid/EuclidCircularB-Medium.ttf[0m
Request 9: [94mchrome-extension://glepecflakcnfpeedbnclfdcabngidkh/images/logo/metamask-fox.svg[0m
Request 10: [94mhttps://sentry.io/api/273505/envelope/[0m
Request 11: [94mhttps://sentry.io/api/273505/envelope/[0m
Request 12: [94mchrome-extension://glepecflakcnfpeedbnclfdcabngidkh/images/metrics-chart.svg[0m
Request 13: [94mchrome-extension://glepecflakcnfpeedbnclfdcabngidkh/fonts/fontawesome/fa-solid-900.woff2[0m
Request 14: [94mchrome-extension://glepecflakcnfpeedbnclfdcabngidkh/fonts/Euclid/EuclidCircularB-Bold-WebXL.ttf[0m
Request 15: [94mhttps://sentry.io/api/273505/envelope/[0m
Request 16: [94mhttps://sentry.io/api/273505/envelope/[0m
Request 17: [94mhttps://sentry.io/api/273505/envelope/[0m
Request 18: [94mhttps://sentry.io/api/273505/envelope/[0m
Request 19: [94mchrome-extension://glepecflakcnfpeedbnclfdcabngidkh/fonts/Roboto/Roboto-Regular.ttf[0m
Request 20: [94mchrome-extension://glepecflakcnfpeedbnclfdcabngidkh/fonts/fontawesome/fa-regular-400.woff2[0m
Request 21: [94mhttps://sentry.io/api/273505/envelope/[0m
Request 22: [94mhttps://sentry.io/api/273505/envelope/[0m
[92mImporting MetaMask wallet was successful![0m
Visiting https://betworld.github.io/
Request 23: [94mhttps://betworld.github.io/[0m
Request 24: [94mhttps://sentry.io/api/273505/envelope/[0m
Request 25: [94mhttps://sentry.io/api/273505/envelope/[0m
Request 26: [94mchrome-extension://glepecflakcnfpeedbnclfdcabngidkh/images/eth_logo.svg[0m
Request 27: [94mhttps://fonts.googleapis.com/icon[0m
Request 28: [94mhttps://cdnjs.cloudflare.com/ajax/libs/materialize/1.0.0-beta/css/materialize.min.css[0m
Request 29: [94mhttps://cdnjs.cloudflare.com/ajax/libs/materialize/1.0.0-beta/js/materialize.min.js[0m
Request 30: [94mhttps://betworld.github.io/static/css/main.27b35a51.css[0m
Request 31: [94mhttps://betworld.github.io/static/js/main.49723f7c.js[0m
Request 32: [94mhttps://discordapp.com/assets/f8389ca1a741a115313bede9ac02e2c0.svg[0m
Request 33: [94mhttps://betworld.github.io/betlogo.png[0m
Request 34: [94mhttps://sentry.io/api/273505/envelope/[0m
Request 35: [94mhttps://betworld.github.io/manifest.json[0m
Request 36: [94mhttps://betworld.github.io/betlogo.png[0m
Identified connect buttons: 
[ 'account', 'Account' ]
Found connect button: Account
Identified MetaMask buttons:
[ 'MetaMask' ]
Found MetaMask button: MetaMask
Found checkbox!
Checkbox clicked! Trying option 1...
Found checkbox!
Checkbox clicked! Trying option 2...
Found checkbox!
Checkbox clicked! Trying option 2...
Found checkbox!
Checkbox clicked! Trying option 2...
Found checkbox!
Checkbox clicked! Trying option 2...
Exiting while loop: Timeout!
End of while loop: timeout
Trying random clicks...
Screen dimensions:
{ width: 3440, height: 1206 }
Random click at: 1720 603
Random click at: 1720 553
Random click at: 1720 503
Random click at: 1720 453
Random click at: 1870 678
Random click at: 1620 503
Random click at: 1720 703
Request 37: [94mchrome-extension://glepecflakcnfpeedbnclfdcabngidkh/notification.html[0m
Request 38: [94mchrome-extension://glepecflakcnfpeedbnclfdcabngidkh/index.css[0m
Request 39: [94mchrome-extension://glepecflakcnfpeedbnclfdcabngidkh/index-rtl.css[0m
Request 40: [94mchrome-extension://glepecflakcnfpeedbnclfdcabngidkh/images/logo/metamask-fox.svg[0m
Request 41: [94mchrome-extension://glepecflakcnfpeedbnclfdcabngidkh/images/spinner.gif[0m
Request 42: [94mchrome-extension://glepecflakcnfpeedbnclfdcabngidkh/globalthis.js[0m
Request 43: [94mchrome-extension://glepecflakcnfpeedbnclfdcabngidkh/sentry-install.js[0m
Request 44: [94mchrome-extension://glepecflakcnfpeedbnclfdcabngidkh/runtime-lavamoat.js[0m
Request 45: [94mchrome-extension://glepecflakcnfpeedbnclfdcabngidkh/lockdown-more.js[0m
Request 46: [94mchrome-extension://glepecflakcnfpeedbnclfdcabngidkh/policy-load.js[0m
Request 47: [94mchrome-extension://glepecflakcnfpeedbnclfdcabngidkh/common-0.js[0m
Request 48: [94mchrome-extension://glepecflakcnfpeedbnclfdcabngidkh/common-1.js[0m
Request 49: [94mchrome-extension://glepecflakcnfpeedbnclfdcabngidkh/common-2.js[0m
Request 50: [94mchrome-extension://glepecflakcnfpeedbnclfdcabngidkh/common-3.js[0m
Request 51: [94mchrome-extension://glepecflakcnfpeedbnclfdcabngidkh/common-4.js[0m
Request 52: [94mchrome-extension://glepecflakcnfpeedbnclfdcabngidkh/common-5.js[0m
Request 53: [94mchrome-extension://glepecflakcnfpeedbnclfdcabngidkh/common-6.js[0m
Request 54: [94mchrome-extension://glepecflakcnfpeedbnclfdcabngidkh/common-7.js[0m
Request 55: [94mchrome-extension://glepecflakcnfpeedbnclfdcabngidkh/common-8.js[0m
Request 56: [94mchrome-extension://glepecflakcnfpeedbnclfdcabngidkh/common-9.js[0m
Request 57: [94mchrome-extension://glepecflakcnfpeedbnclfdcabngidkh/ui-0.js[0m
Request 58: [94mchrome-extension://glepecflakcnfpeedbnclfdcabngidkh/ui-1.js[0m
Request 59: [94mchrome-extension://glepecflakcnfpeedbnclfdcabngidkh/ui-2.js[0m
Request 60: [94mchrome-extension://glepecflakcnfpeedbnclfdcabngidkh/ui-3.js[0m
Request 61: [94mchrome-extension://glepecflakcnfpeedbnclfdcabngidkh/ui-4.js[0m
Request 62: [94mchrome-extension://glepecflakcnfpeedbnclfdcabngidkh/ui-5.js[0m
Request 63: [94mchrome-extension://glepecflakcnfpeedbnclfdcabngidkh/ui-6.js[0m
Request 64: [94mchrome-extension://glepecflakcnfpeedbnclfdcabngidkh/ui-7.js[0m
Request 65: [94mchrome-extension://glepecflakcnfpeedbnclfdcabngidkh/ui-8.js[0m
Request 66: [94mchrome-extension://glepecflakcnfpeedbnclfdcabngidkh/ui-9.js[0m
Request 67: [94mchrome-extension://glepecflakcnfpeedbnclfdcabngidkh/react-gallery/carousel.min.css[0m
Request 68: [94mhttps://sentry.io/api/273505/envelope/[0m
Request 69: [94mchrome-extension://glepecflakcnfpeedbnclfdcabngidkh/_locales/en/messages.json[0m
Request 70: [94mchrome-extension://glepecflakcnfpeedbnclfdcabngidkh/_locales/en/messages.json[0m
Page closed: [94mchrome-extension://glepecflakcnfpeedbnclfdcabngidkh/notification.html[0m
No metamask popup found!
Page closed: [94mhttps://betworld.github.io/[0m
No sign or approve button found!
Waiting for 30000ms
Trying to shutdown
