Executing with arguments:  {
  printFrameHierarchy: true,
  debugLevel: 'verbose',
  headless: false,
  profilePath: undefined,
  secs: 30,
  links: undefined,
  url: 'https://bridge.umbria.network/staking-pool/',
  walletPath: 'metamask-chrome-10.22.2',
  destination: '../results/dapps/crawl',
  force: false,
  executablePath: '/Users/christof/.cache/puppeteer/chrome/mac-1056772/chrome-mac/Chromium.app/Contents/MacOS/Chromium'
}
Completed configuring new page. (about:blank)
Completed configuring new page. (chrome-extension://glepecflakcnfpeedbnclfdcabngidkh/home.html)
Request 1: [94mchrome-extension://glepecflakcnfpeedbnclfdcabngidkh/react-gallery/carousel.min.css[0m
Request 2: [94mhttps://sentry.io/api/273505/envelope/[0m
[94mTrying to import MetaMask connect...[0m
Request 3: [94mchrome-extension://glepecflakcnfpeedbnclfdcabngidkh/_locales/en/messages.json[0m
Request 4: [94mchrome-extension://glepecflakcnfpeedbnclfdcabngidkh/_locales/en/messages.json[0m
Request 5: [94mhttps://sentry.io/api/273505/envelope/[0m
Request 6: [94mhttps://sentry.io/api/273505/envelope/[0m
Request 7: [94mchrome-extension://glepecflakcnfpeedbnclfdcabngidkh/fonts/Euclid/EuclidCircularB-Regular-WebXL.ttf[0m
Request 8: [94mchrome-extension://glepecflakcnfpeedbnclfdcabngidkh/fonts/Euclid/EuclidCircularB-Medium.ttf[0m
Request 9: [94mchrome-extension://glepecflakcnfpeedbnclfdcabngidkh/images/logo/metamask-fox.svg[0m
Request 10: [94mhttps://sentry.io/api/273505/envelope/[0m
Request 11: [94mhttps://sentry.io/api/273505/envelope/[0m
Request 12: [94mchrome-extension://glepecflakcnfpeedbnclfdcabngidkh/images/metrics-chart.svg[0m
Request 13: [94mchrome-extension://glepecflakcnfpeedbnclfdcabngidkh/fonts/fontawesome/fa-solid-900.woff2[0m
Request 14: [94mchrome-extension://glepecflakcnfpeedbnclfdcabngidkh/fonts/Euclid/EuclidCircularB-Bold-WebXL.ttf[0m
Request 15: [94mhttps://sentry.io/api/273505/envelope/[0m
Request 16: [94mhttps://sentry.io/api/273505/envelope/[0m
Request 17: [94mhttps://sentry.io/api/273505/envelope/[0m
Request 18: [94mhttps://sentry.io/api/273505/envelope/[0m
Request 19: [94mchrome-extension://glepecflakcnfpeedbnclfdcabngidkh/fonts/Roboto/Roboto-Regular.ttf[0m
Request 20: [94mchrome-extension://glepecflakcnfpeedbnclfdcabngidkh/fonts/fontawesome/fa-regular-400.woff2[0m
Request 21: [94mhttps://sentry.io/api/273505/envelope/[0m
Request 22: [94mhttps://sentry.io/api/273505/envelope/[0m
[92mImporting MetaMask wallet was successful![0m
Visiting https://bridge.umbria.network/staking-pool/
Request 23: [94mhttps://bridge.umbria.network/staking-pool/[0m
Request 24: [94mhttps://sentry.io/api/273505/envelope/[0m
Request 25: [94mhttps://sentry.io/api/273505/envelope/[0m
Request 26: [94mchrome-extension://glepecflakcnfpeedbnclfdcabngidkh/images/eth_logo.svg[0m
Request 27: [94mhttps://bridge.umbria.network/assets/css/bootstrap4.5.3.min.css[0m
Request 28: [94mhttps://bridge.umbria.network/assets/css/bootstrap-datepicker.min.css[0m
Request 29: [94mhttps://bridge.umbria.network/assets/css/font-awesome.min.css[0m
Request 30: [94mhttps://bridge.umbria.network/assets/css/purple.css[0m
Request 31: [94mhttps://cdnjs.cloudflare.com/ajax/libs/animate.css/4.1.1/animate.min.css[0m
Request 32: [94mhttps://bridge.umbria.network/assets/images/icon/umbricon.png[0m
Request 33: [94mhttps://bridge.umbria.network/assets/images/svg/eth.svg[0m
Request 34: [94mhttps://bridge.umbria.network/assets/images/svg/polygon.svg[0m
Request 35: [94mhttps://bridge.umbria.network/assets/images/svg/bsc.svg[0m
Request 36: [94mhttps://bridge.umbria.network/assets/images/svg/avalanche.svg[0m
Request 37: [94mhttps://bridge.umbria.network/assets/images/svg/fantom.svg[0m
Request 38: [94mhttps://bridge.umbria.network/assets/images/svg/arbitrum.svg[0m
Request 39: [94mhttps://bridge.umbria.network/assets/images/svg/optimism.svg[0m
Request 40: [94mhttps://bridge.umbria.network/assets/images/metamask64.png[0m
Request 41: [94mhttps://bridge.umbria.network/assets/images/svg/eth.svg[0m
Request 42: [94mhttps://bridge.umbria.network/assets/images/svg/polygon.svg[0m
Request 43: [94mhttps://bridge.umbria.network/assets/images/svg/bsc.svg[0m
Request 44: [94mhttps://bridge.umbria.network/assets/images/svg/avalanche.svg[0m
Request 45: [94mhttps://bridge.umbria.network/assets/images/svg/fantom.svg[0m
Request 46: [94mhttps://bridge.umbria.network/assets/images/svg/arbitrum.svg[0m
Request 47: [94mhttps://bridge.umbria.network/assets/images/svg/optimism.svg[0m
Request 48: [94mhttps://bridge.umbria.network/assets/images/svg/usdc.svg[0m
Request 49: [94mhttps://bridge.umbria.network/assets/images/svg/usdt.svg[0m
Request 50: [94mhttps://bridge.umbria.network/assets/images/svg/wbtc.svg[0m
Request 51: [94mhttps://bridge.umbria.network/assets/images/svg/ghst.svg[0m
Request 52: [94mhttps://bridge.umbria.network/assets/images/certik64.jpg[0m
Request 53: [94mhttps://bridge.umbria.network/assets/images/metamask1.png[0m
Request 54: [94mhttps://bridge.umbria.network/assets/images/dropdown.png[0m
Request 55: [94mhttps://bridge.umbria.network/assets/images/selectmainnet.png[0m
Request 56: [94mhttps://bridge.umbria.network/assets/images/logos/uniswap.png[0m
Request 57: [94mhttps://bridge.umbria.network/assets/images/logos/UmbriaPretty128x117.png[0m
Request 58: [94mhttps://bridge.umbria.network/assets/fonts/DMSans-Regular.woff[0m
Request 59: [94mhttps://bridge.umbria.network/cdn-cgi/scripts/7d0fa10a/cloudflare-static/rocket-loader.min.js[0m
Request 60: [94mhttps://static.cloudflareinsights.com/beacon.min.js/vaafb692b2aea4879b33c060e79fe94621666317369993[0m
Request 61: [94mhttps://fonts.googleapis.com/css[0m
Request 62: [94mhttps://bridge.umbria.network/assets/js/parallax.min.js[0m
Request 63: [94mhttps://bridge.umbria.network/assets/js/jquery.downCount.js[0m
Request 64: [94mhttps://bridge.umbria.network/assets/js/scrollreveal.min.js[0m
Request 65: [94mhttps://bridge.umbria.network/assets/js/bootstrap-datepicker.min.js[0m
Request 66: [94mhttps://bridge.umbria.network/assets/js/bignumber.min.js[0m
Request 67: [94mhttps://bridge.umbria.network/assets/js/jquery-migrate-1.4.1.min.js[0m
Request 68: [94mhttps://bridge.umbria.network/assets/js/web3.min.js[0m
Request 69: [94mhttps://bridge.umbria.network/assets/js/qrcode.min.js[0m
Request 70: [94mhttps://bridge.umbria.network/assets/js/bootstrap.min.js[0m
Request 71: [94mhttps://bridge.umbria.network/assets/js/popper.min.js[0m
Request 72: [94mhttps://bridge.umbria.network/assets/js/jquery-3.6.0.min.js[0m
Request 73: [94mhttps://bridge.umbria.network/assets/images/favicon32.png[0m
Request 74: [94mhttps://bridge.umbria.network/assets/webfonts/fa-brands-400.woff2[0m
Request 75: [94mhttps://bridge.umbria.network/assets/webfonts/fa-solid-900.woff2[0m
Request 76: [94mhttps://bridge.umbria.network/assets/images/favicon32.png[0m
Request 77: [94mhttps://static.woopra.com/js/w.js[0m
Request 78: [94mhttps://bridgeapi.umbria.network/api/getAvailability/[0m
Request 79: [94mhttps://bridge.umbria.network/cdn-cgi/rum[0m
Request 80: [94mhttps://www.woopra.com/track/ce/[0m
Request 81: [94mhttps://bridgeapi.umbria.network/api/pool/getAPYAllBridgeRoutes/[0m
Request 82: [94mhttps://bridgeapi.umbria.network/api/pool/getNumParticipantsAll/[0m
Completed configuring new page. (chrome-extension://glepecflakcnfpeedbnclfdcabngidkh/notification.html)
Request 83: [94mchrome-extension://glepecflakcnfpeedbnclfdcabngidkh/react-gallery/carousel.min.css[0m
Request 84: [94mhttps://sentry.io/api/273505/envelope/[0m
Request 85: [94mchrome-extension://glepecflakcnfpeedbnclfdcabngidkh/_locales/en/messages.json[0m
Request 86: [94mchrome-extension://glepecflakcnfpeedbnclfdcabngidkh/_locales/en/messages.json[0m
Request 87: [94mchrome-extension://glepecflakcnfpeedbnclfdcabngidkh/fonts/Euclid/EuclidCircularB-Bold-WebXL.ttf[0m
Request 88: [94mchrome-extension://glepecflakcnfpeedbnclfdcabngidkh/fonts/Euclid/EuclidCircularB-Regular-WebXL.ttf[0m
Request 89: [94mchrome-extension://glepecflakcnfpeedbnclfdcabngidkh/fonts/fontawesome/fa-solid-900.woff2[0m
Request 90: [94mchrome-extension://glepecflakcnfpeedbnclfdcabngidkh/fonts/Euclid/EuclidCircularB-Medium.ttf[0m
Request 91: [94mhttps://bridge.umbria.network/assets/images/favicon32.png[0m
Identified connect buttons: 
[
  'connect wallet',
  'Connect',
  'SIGN',
  'sign',
  'Wallet',
  'connect',
  'wallet',
  'account',
  'Account'
]
Request 92: [94mhttps://umbria.network/connect/[0m
Found connect button: Connect
Exiting while loop: MetaMask popup open!
End of while loop: popup
Request 93: [94mhttps://www.woopra.com/track/push/[0m
Request 94: [94mhttps://www.woopra.com/track/push/[0m
Request 95: [94mhttps://www.woopra.com/track/push/[0m
Request 96: [94mhttps://bridge.umbria.network/cdn-cgi/rum[0m
Request 97: [94mhttps://umbria.network/assets/css/bootstrap.min.css[0m
Request 98: [94mhttps://umbria.network/assets/css/font-awesome.min.css[0m
Request 99: [94mhttps://umbria.network/assets/css/font-awesome-all.min.css[0m
Request 100: [94mhttps://umbria.network/assets/css/purple.css[0m
Request 101: [94mhttps://cdnjs.cloudflare.com/ajax/libs/animate.css/4.1.1/animate.min.css[0m
Request 102: [94mhttps://umbria.network/assets/images/icon/umbricon.png[0m
Request 103: [94mhttps://bridge.umbria.network/assets/images/logos/uniswap.png[0m
Request 104: [94mhttps://bridge.umbria.network/assets/images/logos/UmbriaPretty128x117.png[0m
Request 105: [94mhttps://umbria.network/assets/images/icon/ethicon.png[0m
Request 106: [94mhttps://umbria.network/assets/images/icon/maticicon.png[0m
Request 107: [94mhttps://umbria.network/assets/images/icon/bsclogo.png[0m
Request 108: [94mhttps://umbria.network/cdn-cgi/scripts/7d0fa10a/cloudflare-static/rocket-loader.min.js[0m
Request 109: [94mhttps://static.cloudflareinsights.com/beacon.min.js/vaafb692b2aea4879b33c060e79fe94621666317369993[0m
Request 110: [94mhttps://fonts.googleapis.com/css[0m
Request 111: [94mhttps://umbria.network/assets/fonts/DMSans-Regular.woff[0m
Request 112: [94mhttps://umbria.network/assets/webfonts/fa-solid-900.woff2[0m
Request 113: [94mhttps://umbria.network/assets/webfonts/fa-brands-400.woff2[0m
Request 114: [94mhttps://umbria.network/assets/js/parallax.min.js[0m
Request 115: [94mhttps://umbria.network/assets/js/jquery.downCount.js[0m
Request 116: [94mhttps://umbria.network/assets/js/scrollreveal.min.js[0m
Request 117: [94mhttps://umbria.network/assets/js/bootstrap.min.js[0m
Request 118: [94mhttps://umbria.network/assets/js/popper.min.js[0m
Request 119: [94mhttps://bridge.umbria.network/assets/js/bignumber.min.js[0m
Request 120: [94mhttps://umbria.network/assets/js/web3.min.js[0m
Request 121: [94mhttps://umbria.network/assets/js/jquery-migrate-1.4.1.min.js[0m
Request 122: [94mhttps://umbria.network/assets/js/jquery-3.6.0.min.js[0m
Request 123: [94mhttps://umbria.network/assets/images/favicon32.png[0m
Request 124: [94mhttps://umbria.network/assets/images/favicon32.png[0m
Request 125: [94mhttps://umbria.network/cdn-cgi/rum[0m
Request 126: [94mhttps://api.mycryptoapi.com/eth[0m
Request 127: [94mhttps://api.mycryptoapi.com/eth[0m
Request 128: [94mhttps://sentry.io/api/273505/envelope/[0m
Request 129: [94mhttps://sentry.io/api/273505/envelope/[0m
Clicked next button!
Clicked continue button!
[92mSuccessfully connected MetaMask wallet![0m
Request 130: [94mhttps://sentry.io/api/273505/envelope/[0m
Request 131: [94mhttps://sentry.io/api/273505/envelope/[0m
Request 132: [94mhttps://sentry.io/api/273505/envelope/[0m
Request 133: [94mhttps://sentry.io/api/273505/envelope/[0m
Request 134: [94mhttps://umbria.network/assets/images/favicon32.png[0m
No sign or approve button found!
Request 135: [94mhttps://umbria.network/connect/[0m
Request 136: [94mhttps://umbria.network/cdn-cgi/rum[0m
Request 137: [94mhttps://umbria.network/assets/css/bootstrap.min.css[0m
Request 138: [94mhttps://umbria.network/assets/css/font-awesome.min.css[0m
Request 139: [94mhttps://umbria.network/assets/css/font-awesome-all.min.css[0m
Request 140: [94mhttps://umbria.network/assets/css/purple.css[0m
Request 141: [94mhttps://cdnjs.cloudflare.com/ajax/libs/animate.css/4.1.1/animate.min.css[0m
Request 142: [94mhttps://umbria.network/assets/images/icon/umbricon.png[0m
Request 143: [94mhttps://bridge.umbria.network/assets/images/logos/uniswap.png[0m
Request 144: [94mhttps://bridge.umbria.network/assets/images/logos/UmbriaPretty128x117.png[0m
Request 145: [94mhttps://umbria.network/assets/images/icon/ethicon.png[0m
Request 146: [94mhttps://umbria.network/assets/images/icon/maticicon.png[0m
Request 147: [94mhttps://umbria.network/assets/images/icon/bsclogo.png[0m
Request 148: [94mhttps://fonts.googleapis.com/css[0m
Request 149: [94mhttps://umbria.network/assets/webfonts/fa-brands-400.woff2[0m
Request 150: [94mhttps://umbria.network/assets/webfonts/fa-solid-900.woff2[0m
Request 151: [94mhttps://umbria.network/assets/fonts/DMSans-Regular.woff[0m
Request 152: [94mhttps://umbria.network/cdn-cgi/scripts/7d0fa10a/cloudflare-static/rocket-loader.min.js[0m
Request 153: [94mhttps://static.cloudflareinsights.com/beacon.min.js/vaafb692b2aea4879b33c060e79fe94621666317369993[0m
Request 154: [94mhttps://umbria.network/assets/js/parallax.min.js[0m
Request 155: [94mhttps://umbria.network/assets/js/jquery.downCount.js[0m
Request 156: [94mhttps://umbria.network/assets/js/scrollreveal.min.js[0m
Request 157: [94mhttps://umbria.network/assets/js/bootstrap.min.js[0m
Request 158: [94mhttps://umbria.network/assets/js/popper.min.js[0m
Request 159: [94mhttps://bridge.umbria.network/assets/js/bignumber.min.js[0m
Request 160: [94mhttps://umbria.network/assets/js/web3.min.js[0m
Request 161: [94mhttps://umbria.network/assets/js/jquery-migrate-1.4.1.min.js[0m
Request 162: [94mhttps://umbria.network/assets/js/jquery-3.6.0.min.js[0m
Request 163: [94mhttps://umbria.network/assets/images/favicon32.png[0m
Waiting for 30000ms
Request 164: [94mhttps://umbria.network/assets/images/favicon32.png[0m
Request 165: [94mhttps://umbria.network/cdn-cgi/rum[0m
Request 166: [94mhttps://api.mycryptoapi.com/eth[0m
Request 167: [94mhttps://api.mycryptoapi.com/eth[0m
Page closed: [94mhttps://umbria.network/connect/[0m
Trying to shutdown
Page closed: [94mchrome-extension://glepecflakcnfpeedbnclfdcabngidkh/home.html#[0m
Page closed: [94mchrome-extension://glepecflakcnfpeedbnclfdcabngidkh/notification.html#connect/DPRDt4rI4dNIv9eARag6P[0m
