Executing with arguments:  {
  printFrameHierarchy: true,
  debugLevel: 'verbose',
  headless: false,
  profilePath: undefined,
  secs: 30,
  links: undefined,
  url: 'https://candlegenie.io/',
  walletPath: 'metamask-chrome-10.22.2',
  destination: '../results/dapps/crawl',
  force: false,
  executablePath: '/Users/christof/.cache/puppeteer/chrome/mac-1056772/chrome-mac/Chromium.app/Contents/MacOS/Chromium'
}
Completed configuring new page. (about:blank)
Completed configuring new page. (chrome-extension://glepecflakcnfpeedbnclfdcabngidkh/home.html)
Request 1: [94mchrome-extension://glepecflakcnfpeedbnclfdcabngidkh/react-gallery/carousel.min.css[0m
Request 2: [94mhttps://sentry.io/api/273505/envelope/[0m
[94mTrying to import MetaMask connect...[0m
Request 3: [94mchrome-extension://glepecflakcnfpeedbnclfdcabngidkh/_locales/en/messages.json[0m
Request 4: [94mchrome-extension://glepecflakcnfpeedbnclfdcabngidkh/_locales/en/messages.json[0m
Request 5: [94mhttps://sentry.io/api/273505/envelope/[0m
Request 6: [94mhttps://sentry.io/api/273505/envelope/[0m
Request 7: [94mchrome-extension://glepecflakcnfpeedbnclfdcabngidkh/fonts/Euclid/EuclidCircularB-Regular-WebXL.ttf[0m
Request 8: [94mchrome-extension://glepecflakcnfpeedbnclfdcabngidkh/fonts/Euclid/EuclidCircularB-Medium.ttf[0m
Request 9: [94mchrome-extension://glepecflakcnfpeedbnclfdcabngidkh/images/logo/metamask-fox.svg[0m
Request 10: [94mhttps://sentry.io/api/273505/envelope/[0m
Request 11: [94mhttps://sentry.io/api/273505/envelope/[0m
Request 12: [94mchrome-extension://glepecflakcnfpeedbnclfdcabngidkh/images/metrics-chart.svg[0m
Request 13: [94mchrome-extension://glepecflakcnfpeedbnclfdcabngidkh/fonts/fontawesome/fa-solid-900.woff2[0m
Request 14: [94mchrome-extension://glepecflakcnfpeedbnclfdcabngidkh/fonts/Euclid/EuclidCircularB-Bold-WebXL.ttf[0m
Request 15: [94mhttps://sentry.io/api/273505/envelope/[0m
Request 16: [94mhttps://sentry.io/api/273505/envelope/[0m
Request 17: [94mhttps://sentry.io/api/273505/envelope/[0m
Request 18: [94mhttps://sentry.io/api/273505/envelope/[0m
Request 19: [94mchrome-extension://glepecflakcnfpeedbnclfdcabngidkh/fonts/Roboto/Roboto-Regular.ttf[0m
Request 20: [94mchrome-extension://glepecflakcnfpeedbnclfdcabngidkh/fonts/fontawesome/fa-regular-400.woff2[0m
Request 21: [94mhttps://sentry.io/api/273505/envelope/[0m
Request 22: [94mhttps://sentry.io/api/273505/envelope/[0m
[92mImporting MetaMask wallet was successful![0m
Visiting https://candlegenie.io/
Request 23: [94mhttps://candlegenie.io/[0m
Request 24: [94mhttps://sentry.io/api/273505/envelope/[0m
Request 25: [94mhttps://sentry.io/api/273505/envelope/[0m
Request 26: [94mchrome-extension://glepecflakcnfpeedbnclfdcabngidkh/images/eth_logo.svg[0m
Request 27: [94mhttps://fonts.googleapis.com/css2[0m
Request 28: [94mhttps://www.googletagmanager.com/gtag/js[0m
Request 29: [94mhttps://candlegenie.io/static/css/4.ecdd39c8.chunk.css[0m
Request 30: [94mhttps://candlegenie.io/static/js/4.5d4af7f7.chunk.js[0m
Request 31: [94mhttps://candlegenie.io/static/js/main.4dd78342.chunk.js[0m
Request 32: [94mhttps://region1.google-analytics.com/g/collect[0m
Request 33: [94mhttps://api.huobi.pro/market/detail/merged[0m
Request 34: [94mhttps://api.huobi.pro/market/detail/merged[0m
Request 35: [94mhttps://candlegenie.io/images/profileplaceholder.jpg[0m
Request 36: [94mhttps://candlegenie.io/images/coolgenie.png[0m
Request 37: [94mhttps://candlegenie.io/images/greenlight_promotion.png[0m
Request 38: [94mhttps://fonts.gstatic.com/s/kanit/v12/nKKU-Go6G5tXcr5KPxWnVaFrNlJz.woff2[0m
Request 39: [94mhttps://fonts.gstatic.com/s/kanit/v12/nKKZ-Go6G5tXcraVGwCKd6xB.woff2[0m
Request 40: [94mhttps://candlegenie.io/images/network_bnb.png[0m
Request 41: [94mhttps://candlegenie.io/images/network_eth.png[0m
Request 42: [94mhttps://candlegenie.io/images/network_tt.png[0m
Request 43: [94mhttps://candlegenie.io/images/network_matic.png[0m
Request 44: [94mhttps://candlegenie.io/images/cglogo.png[0m
Request 45: [94mhttps://candlegenie.io/images/greenlightSmallLogo.png[0m
Request 46: [94mhttps://candlegenie.io/api/getStats[0m
Request 47: [94mhttp://localhost:8545/[0m
Request 48: [94mhttp://localhost:8545/[0m
Request 49: [94mhttp://localhost:8545/[0m
Request 50: [94mhttp://localhost:8545/[0m
Request 51: [94mhttp://localhost:8545/[0m
Request 52: [94mhttp://localhost:8545/[0m
Request 53: [94mhttp://localhost:8545/[0m
Request 54: [94mhttp://localhost:8545/[0m
Request 55: [94mhttps://candlegenie.io/favicon.ico[0m
Request 56: [94mhttp://localhost:8545/[0m
Request 57: [94mhttp://localhost:8545/[0m
Request 58: [94mhttp://localhost:8545/[0m
Request 59: [94mhttp://localhost:8545/[0m
Request 60: [94mhttp://localhost:8545/[0m
Request 61: [94mhttp://localhost:8545/[0m
Request 62: [94mhttp://localhost:8545/[0m
Request 63: [94mhttp://localhost:8545/[0m
Request 64: [94mhttp://localhost:8545/[0m
Request 65: [94mhttp://localhost:8545/[0m
Request 66: [94mhttp://localhost:8545/[0m
Request 67: [94mhttp://localhost:8545/[0m
Request 68: [94mhttp://localhost:8545/[0m
Request 69: [94mhttp://localhost:8545/[0m
Request 70: [94mhttp://localhost:8545/[0m
Request 71: [94mhttp://localhost:8545/[0m
Request 72: [94mhttp://localhost:8545/[0m
Request 73: [94mhttp://localhost:8545/[0m
Request 74: [94mhttp://localhost:8545/[0m
Request 75: [94mhttp://localhost:8545/[0m
Request 76: [94mhttp://localhost:8545/[0m
Request 77: [94mhttp://localhost:8545/[0m
Request 78: [94mhttp://localhost:8545/[0m
Request 79: [94mhttp://localhost:8545/[0m
Request 80: [94mhttps://candlegenie.io/images/predictionSmallLogo.png[0m
Request 81: [94mhttps://candlegenie.io/images/memerage/icon.png[0m
Request 82: [94mhttps://candlegenie.io/images/meme_promotion.png[0m
Request 83: [94mhttps://candlegenie.io/images/prediction_promotion.png[0m
Request 84: [94mhttps://candlegenie.io/manifest.json[0m
Request 85: [94mhttps://candlegenie.io/favicon.ico[0m
Request 86: [94mhttps://candlegenie.io/favicon.ico[0m
Request 87: [94mhttps://region1.google-analytics.com/g/collect[0m
Request 88: [94mhttps://bsc-dataseed1.defibit.io/[0m
Request 89: [94mhttps://bsc-dataseed1.defibit.io/[0m
Request 90: [94mhttps://bsc-dataseed1.defibit.io/[0m
Request 91: [94mhttps://bsc-dataseed1.defibit.io/[0m
Request 92: [94mhttps://bsc-dataseed1.defibit.io/[0m
Request 93: [94mhttps://bsc-dataseed1.defibit.io/[0m
Request 94: [94mhttps://candlegenie.io/api/getStats[0m
Identified connect buttons: 
[ 'Connect', 'connect' ]
Found connect button: Connect
Identified MetaMask buttons:
[ 'metamask', 'Metamask' ]
Request 95: [94mhttps://bsc-dataseed.binance.org/[0m
Request 96: [94mhttps://bsc-dataseed.binance.org/[0m
Request 97: [94mhttps://bsc-dataseed.binance.org/[0m
Request 98: [94mhttps://bsc-dataseed.binance.org/[0m
Request 99: [94mhttps://bsc-dataseed.binance.org/[0m
Request 100: [94mhttps://bsc-dataseed.binance.org/[0m
Found MetaMask button: Metamask
Completed configuring new page. (chrome-extension://glepecflakcnfpeedbnclfdcabngidkh/notification.html)
Request 101: [94mchrome-extension://glepecflakcnfpeedbnclfdcabngidkh/react-gallery/carousel.min.css[0m
Request 102: [94mhttps://sentry.io/api/273505/envelope/[0m
Request 103: [94mchrome-extension://glepecflakcnfpeedbnclfdcabngidkh/_locales/en/messages.json[0m
Request 104: [94mchrome-extension://glepecflakcnfpeedbnclfdcabngidkh/_locales/en/messages.json[0m
Request 105: [94mchrome-extension://glepecflakcnfpeedbnclfdcabngidkh/fonts/Euclid/EuclidCircularB-Bold-WebXL.ttf[0m
Request 106: [94mchrome-extension://glepecflakcnfpeedbnclfdcabngidkh/fonts/Euclid/EuclidCircularB-Regular-WebXL.ttf[0m
Request 107: [94mchrome-extension://glepecflakcnfpeedbnclfdcabngidkh/fonts/fontawesome/fa-solid-900.woff2[0m
Request 108: [94mchrome-extension://glepecflakcnfpeedbnclfdcabngidkh/fonts/Euclid/EuclidCircularB-Medium.ttf[0m
Request 109: [94mhttps://candlegenie.io/favicon.ico[0m
No checkbox found!
Exiting while loop: MetaMask popup open!
End of while loop: popup
Request 110: [94mhttps://bsc-dataseed1.defibit.io/[0m
Request 111: [94mhttps://bsc-dataseed1.defibit.io/[0m
Request 112: [94mhttps://bsc-dataseed1.defibit.io/[0m
Request 113: [94mhttps://bsc-dataseed1.defibit.io/[0m
Request 114: [94mhttps://bsc-dataseed1.defibit.io/[0m
Request 115: [94mhttps://bsc-dataseed1.defibit.io/[0m
Request 116: [94mhttps://candlegenie.io/api/getStats[0m
Request 117: [94mhttps://sentry.io/api/273505/envelope/[0m
Request 118: [94mhttps://sentry.io/api/273505/envelope/[0m
Clicked next button!
Clicked continue button!
[92mSuccessfully connected MetaMask wallet![0m
Request 119: [94mhttps://sentry.io/api/273505/envelope/[0m
Request 120: [94mhttps://sentry.io/api/273505/envelope/[0m
Request 121: [94mchrome-extension://glepecflakcnfpeedbnclfdcabngidkh/images/eth_logo.svg[0m
Request 122: [94mhttps://sentry.io/api/273505/envelope/[0m
Request 123: [94mhttps://sentry.io/api/273505/envelope/[0m
Request 124: [94mhttps://chainid.network/chains.json[0m
Request 125: [94mhttps://bsc-dataseed.binance.org/[0m
Request 126: [94mhttps://bsc-dataseed.binance.org/[0m
Request 127: [94mhttps://bsc-dataseed.binance.org/[0m
Request 128: [94mhttps://bsc-dataseed.binance.org/[0m
Request 129: [94mhttps://bsc-dataseed.binance.org/[0m
Request 130: [94mhttps://bsc-dataseed.binance.org/[0m
Request 131: [94mhttps://candlegenie.io/api/getStats[0m
Request 132: [94mhttps://bsc-dataseed1.defibit.io/[0m
Request 133: [94mhttps://bsc-dataseed1.defibit.io/[0m
Request 134: [94mhttps://bsc-dataseed1.defibit.io/[0m
Request 135: [94mhttps://bsc-dataseed1.defibit.io/[0m
Request 136: [94mhttps://bsc-dataseed1.defibit.io/[0m
Request 137: [94mhttps://bsc-dataseed1.defibit.io/[0m
Request 138: [94mhttps://bsc-dataseed1.ninicoin.io/[0m
Request 139: [94mhttps://bsc-dataseed1.ninicoin.io/[0m
Request 140: [94mhttps://bsc-dataseed1.ninicoin.io/[0m
Request 141: [94mhttps://bsc-dataseed1.ninicoin.io/[0m
Request 142: [94mhttps://bsc-dataseed1.ninicoin.io/[0m
Request 143: [94mhttps://bsc-dataseed1.ninicoin.io/[0m
Request 144: [94mhttps://candlegenie.io/api/getStats[0m
Request 145: [94mhttps://bsc-dataseed1.ninicoin.io/[0m
Request 146: [94mhttps://bsc-dataseed1.ninicoin.io/[0m
Request 147: [94mhttps://bsc-dataseed1.ninicoin.io/[0m
Request 148: [94mhttps://bsc-dataseed1.ninicoin.io/[0m
Request 149: [94mhttps://bsc-dataseed1.ninicoin.io/[0m
Request 150: [94mhttps://bsc-dataseed1.ninicoin.io/[0m
Request 151: [94mhttps://bsc-dataseed1.ninicoin.io/[0m
Request 152: [94mhttps://bsc-dataseed1.ninicoin.io/[0m
Request 153: [94mhttps://bsc-dataseed1.ninicoin.io/[0m
Request 154: [94mhttps://bsc-dataseed1.ninicoin.io/[0m
Request 155: [94mhttps://bsc-dataseed1.ninicoin.io/[0m
Request 156: [94mhttps://bsc-dataseed1.ninicoin.io/[0m
Request 157: [94mhttps://candlegenie.io/api/getStats[0m
Request 158: [94mhttps://bsc-dataseed1.defibit.io/[0m
Request 159: [94mhttps://bsc-dataseed1.defibit.io/[0m
Request 160: [94mhttps://bsc-dataseed1.defibit.io/[0m
Request 161: [94mhttps://bsc-dataseed1.defibit.io/[0m
Request 162: [94mhttps://bsc-dataseed1.defibit.io/[0m
Request 163: [94mhttps://bsc-dataseed1.defibit.io/[0m
Request 164: [94mchrome-extension://glepecflakcnfpeedbnclfdcabngidkh/images/bnb.png[0m
Clicked on approve and switch network button!
No sign or approve button found!
Request 165: [94mhttps://candlegenie.io/[0m
Request 166: [94mhttps://sentry.io/api/273505/envelope/[0m
Request 167: [94mhttps://sentry.io/api/273505/envelope/[0m
Request 168: [94mhttps://token-api.metaswap.codefi.network/tokens/0x38[0m
Request 169: [94mhttps://token-api.metaswap.codefi.network/tokens/0x38[0m
Request 170: [94mhttps://token-api.metaswap.codefi.network/tokens/0x38[0m
Page closed: [94mchrome-extension://glepecflakcnfpeedbnclfdcabngidkh/notification.html#[0m
Request 171: [94mhttps://candlegenie.io/images/accounts/profilepic/0x7e4abd63a7c8314cc28d388303472353d884f292.jpg[0m
Request 172: [94mhttps://bsc-dataseed.binance.org/[0m
Request 173: [94mhttps://bsc-dataseed.binance.org/[0m
Request 174: [94mhttps://bsc-dataseed.binance.org/[0m
Request 175: [94mhttps://bsc-dataseed.binance.org/[0m
Request 176: [94mchrome-extension://glepecflakcnfpeedbnclfdcabngidkh/images/bnb.png[0m
Request 177: [94mhttps://token-api.metaswap.codefi.network/tokens/0x38[0m
Request 178: [94mhttps://bsc-dataseed.binance.org/[0m
Request 179: [94mhttps://region1.google-analytics.com/g/collect[0m
Request 180: [94mhttps://bsc-dataseed.binance.org/[0m
Request 181: [94mhttps://fonts.googleapis.com/css2[0m
Request 182: [94mhttps://www.googletagmanager.com/gtag/js[0m
Request 183: [94mhttps://candlegenie.io/static/css/4.ecdd39c8.chunk.css[0m
Request 184: [94mhttps://candlegenie.io/static/js/4.5d4af7f7.chunk.js[0m
Request 185: [94mhttps://candlegenie.io/static/js/main.4dd78342.chunk.js[0m
Request 186: [94mhttps://fonts.gstatic.com/s/kanit/v12/nKKZ-Go6G5tXcraVGwCKd6xB.woff2[0m
Request 187: [94mhttps://fonts.gstatic.com/s/kanit/v12/nKKU-Go6G5tXcr5KPxWnVaFrNlJz.woff2[0m
Request 188: [94mhttps://candlegenie.io/images/network_bnb.png[0m
Request 189: [94mhttps://candlegenie.io/images/network_eth.png[0m
Request 190: [94mhttps://candlegenie.io/images/network_tt.png[0m
Request 191: [94mhttps://candlegenie.io/images/network_matic.png[0m
Request 192: [94mhttps://candlegenie.io/images/cglogo.png[0m
Request 193: [94mhttps://candlegenie.io/images/greenlightSmallLogo.png[0m
Request 194: [94mhttps://api.huobi.pro/market/detail/merged[0m
Request 195: [94mhttps://api.huobi.pro/market/detail/merged[0m
Request 196: [94mhttps://candlegenie.io/images/profileplaceholder.jpg[0m
Request 197: [94mhttps://candlegenie.io/images/coolgenie.png[0m
Request 198: [94mhttps://candlegenie.io/images/greenlight_promotion.png[0m
Request 199: [94mhttps://candlegenie.io/api/getStats[0m
Request 200: [94mhttps://bsc-dataseed1.defibit.io/[0m
Request 201: [94mhttps://bsc-dataseed1.defibit.io/[0m
Request 202: [94mhttps://bsc-dataseed1.ninicoin.io/[0m
Request 203: [94mhttps://bsc-dataseed1.ninicoin.io/[0m
Request 204: [94mhttps://bsc-dataseed1.ninicoin.io/[0m
Request 205: [94mhttps://bsc-dataseed1.ninicoin.io/[0m
Request 206: [94mhttps://bsc-dataseed1.ninicoin.io/[0m
Request 207: [94mhttps://bsc-dataseed1.ninicoin.io/[0m
Request 208: [94mhttps://candlegenie.io/favicon.ico[0m
Waiting for 30000ms
Request 209: [94mhttps://candlegenie.io/manifest.json[0m
Request 210: [94mhttps://candlegenie.io/favicon.ico[0m
Request 211: [94mhttps://candlegenie.io/images/accounts/profilepic/0x7e4abd63a7c8314cc28d388303472353d884f292.jpg[0m
Request 212: [94mhttps://candlegenie.io/favicon.ico[0m
Request 213: [94mhttps://bsc-dataseed1.defibit.io/[0m
Request 214: [94mhttps://bsc-dataseed1.defibit.io/[0m
Request 215: [94mhttps://candlegenie.io/images/predictionSmallLogo.png[0m
Request 216: [94mhttps://candlegenie.io/images/memerage/icon.png[0m
Request 217: [94mhttps://candlegenie.io/images/meme_promotion.png[0m
Request 218: [94mhttps://candlegenie.io/images/prediction_promotion.png[0m
Request 219: [94mhttps://bsc-dataseed1.defibit.io/[0m
Request 220: [94mhttps://bsc-dataseed1.defibit.io/[0m
Request 221: [94mhttps://bsc-dataseed1.defibit.io/[0m
Request 222: [94mhttps://bsc-dataseed1.defibit.io/[0m
Request 223: [94mhttps://region1.google-analytics.com/g/collect[0m
Request 224: [94mhttps://bsc-dataseed1.ninicoin.io/[0m
Request 225: [94mhttps://bsc-dataseed1.ninicoin.io/[0m
Request 226: [94mhttps://bsc-dataseed1.ninicoin.io/[0m
Request 227: [94mhttps://bsc-dataseed1.ninicoin.io/[0m
Request 228: [94mhttps://bsc-dataseed1.ninicoin.io/[0m
Request 229: [94mhttps://bsc-dataseed1.ninicoin.io/[0m
Request 230: [94mhttps://candlegenie.io/api/getStats[0m
Request 231: [94mhttps://bsc-dataseed1.defibit.io/[0m
Request 232: [94mhttps://bsc-dataseed1.defibit.io/[0m
Request 233: [94mhttps://bsc-dataseed1.defibit.io/[0m
Request 234: [94mhttps://bsc-dataseed1.defibit.io/[0m
Request 235: [94mhttps://bsc-dataseed1.defibit.io/[0m
Request 236: [94mhttps://bsc-dataseed1.defibit.io/[0m
Request 237: [94mhttps://bsc-dataseed.binance.org/[0m
Request 238: [94mhttps://bsc-dataseed.binance.org/[0m
Request 239: [94mhttps://bsc-dataseed.binance.org/[0m
Request 240: [94mhttps://bsc-dataseed.binance.org/[0m
Request 241: [94mhttps://bsc-dataseed.binance.org/[0m
Request 242: [94mhttps://bsc-dataseed.binance.org/[0m
Request 243: [94mhttps://candlegenie.io/api/getStats[0m
Request 244: [94mhttps://bsc-dataseed1.ninicoin.io/[0m
Request 245: [94mhttps://bsc-dataseed1.ninicoin.io/[0m
Request 246: [94mhttps://bsc-dataseed1.ninicoin.io/[0m
Request 247: [94mhttps://bsc-dataseed1.ninicoin.io/[0m
Request 248: [94mhttps://bsc-dataseed1.ninicoin.io/[0m
Request 249: [94mhttps://bsc-dataseed1.ninicoin.io/[0m
Request 250: [94mhttps://candlegenie.io/api/getStats[0m
Page closed: [94mhttps://candlegenie.io/[0m
Trying to shutdown
Page closed: [94mchrome-extension://glepecflakcnfpeedbnclfdcabngidkh/home.html#[0m
