Executing with arguments:  {
  printFrameHierarchy: true,
  debugLevel: 'verbose',
  headless: false,
  profilePath: undefined,
  secs: 30,
  links: undefined,
  url: 'https://create.request.network/',
  walletPath: 'metamask-chrome-10.22.2',
  destination: '../results/dapps/crawl',
  force: false,
  executablePath: '/Users/christof/.cache/puppeteer/chrome/mac-1056772/chrome-mac/Chromium.app/Contents/MacOS/Chromium'
}
Completed configuring new page. (about:blank)
Completed configuring new page. (chrome-extension://glepecflakcnfpeedbnclfdcabngidkh/home.html)
Request 1: [94mchrome-extension://glepecflakcnfpeedbnclfdcabngidkh/react-gallery/carousel.min.css[0m
Request 2: [94mhttps://sentry.io/api/273505/envelope/[0m
[94mTrying to import MetaMask connect...[0m
Request 3: [94mchrome-extension://glepecflakcnfpeedbnclfdcabngidkh/_locales/en/messages.json[0m
Request 4: [94mchrome-extension://glepecflakcnfpeedbnclfdcabngidkh/_locales/en/messages.json[0m
Request 5: [94mhttps://sentry.io/api/273505/envelope/[0m
Request 6: [94mhttps://sentry.io/api/273505/envelope/[0m
Request 7: [94mchrome-extension://glepecflakcnfpeedbnclfdcabngidkh/fonts/Euclid/EuclidCircularB-Regular-WebXL.ttf[0m
Request 8: [94mchrome-extension://glepecflakcnfpeedbnclfdcabngidkh/fonts/Euclid/EuclidCircularB-Medium.ttf[0m
Request 9: [94mchrome-extension://glepecflakcnfpeedbnclfdcabngidkh/images/logo/metamask-fox.svg[0m
Request 10: [94mhttps://sentry.io/api/273505/envelope/[0m
Request 11: [94mhttps://sentry.io/api/273505/envelope/[0m
Request 12: [94mchrome-extension://glepecflakcnfpeedbnclfdcabngidkh/images/metrics-chart.svg[0m
Request 13: [94mchrome-extension://glepecflakcnfpeedbnclfdcabngidkh/fonts/fontawesome/fa-solid-900.woff2[0m
Request 14: [94mchrome-extension://glepecflakcnfpeedbnclfdcabngidkh/fonts/Euclid/EuclidCircularB-Bold-WebXL.ttf[0m
Request 15: [94mhttps://sentry.io/api/273505/envelope/[0m
Request 16: [94mhttps://sentry.io/api/273505/envelope/[0m
Request 17: [94mhttps://sentry.io/api/273505/envelope/[0m
Request 18: [94mhttps://sentry.io/api/273505/envelope/[0m
Request 19: [94mchrome-extension://glepecflakcnfpeedbnclfdcabngidkh/fonts/Roboto/Roboto-Regular.ttf[0m
Request 20: [94mchrome-extension://glepecflakcnfpeedbnclfdcabngidkh/fonts/fontawesome/fa-regular-400.woff2[0m
Request 21: [94mhttps://sentry.io/api/273505/envelope/[0m
Request 22: [94mhttps://sentry.io/api/273505/envelope/[0m
[92mImporting MetaMask wallet was successful![0m
Visiting https://create.request.network/
Request 23: [94mhttps://create.request.network/[0m
Request 24: [94mhttps://sentry.io/api/273505/envelope/[0m
Request 25: [94mhttps://sentry.io/api/273505/envelope/[0m
Request 26: [94mchrome-extension://glepecflakcnfpeedbnclfdcabngidkh/images/eth_logo.svg[0m
Request 27: [94mhttps://fonts.googleapis.com/css2[0m
Request 28: [94mhttps://create.request.network/static/js/2.3c23f878.chunk.js[0m
Request 29: [94mhttps://create.request.network/static/js/main.196e3a3c.chunk.js[0m
Request 30: [94mhttps://widget.intercom.io/widget/mmdbekc3[0m
Request 31: [94mhttps://www.google-analytics.com/analytics.js[0m
Request 32: [94mhttps://create.request.network/favicon.ico[0m
Request 33: [94mhttps://fonts.gstatic.com/s/inter/v12/UcC73FwrK3iLTeHuS_fvQtMwCp50KnMa1ZL7W0Q5nw.woff2[0m
Request 34: [94mhttps://www.google-analytics.com/j/collect[0m
Request 35: [94mhttps://js.intercomcdn.com/frame-modern.a9c2053f.js[0m
Request 36: [94mhttps://js.intercomcdn.com/vendor-modern.28eae32f.js[0m
Request 37: [94mhttps://create.request.network/favicon.ico[0m
Request 38: [94mhttps://api-iam.intercom.io/messenger/web/ping[0m
Request 39: [94mhttps://create.request.network/static/media/metamask.098f4ec0.png[0m
Request 40: [94mwss://nexus-websocket-a.intercom.io/pubsub/5-lk5DXasFuzwmcDOLq7gy3Vmlt2eXAynHLr0aFk_6CTFhxU1TEYgy7sk7F23uLPjxT2XeXygmxBhQgPyZHOa70XgHmTSUmIq1RhvL[0m
Request 41: [94mwss://nexus-websocket-a.intercom.io/pubsub/5-lk5DXasFuzwmcDOLq7gy3Vmlt2eXAynHLr0aFk_6CTFhxU1TEYgy7sk7F23uLPjxT2XeXygmxBhQgPyZHOa70XgHmTSUmIq1RhvL[0m
Identified connect buttons: 
[ 'Connect', 'Connect a wallet', 'Sign in', 'connect', 'wallet' ]
Found connect button: Connect a wallet
Identified MetaMask buttons:
[ 'metamask', 'Metamask' ]
Found MetaMask button: Metamask
Completed configuring new page. (chrome-extension://glepecflakcnfpeedbnclfdcabngidkh/notification.html)
Request 42: [94mchrome-extension://glepecflakcnfpeedbnclfdcabngidkh/react-gallery/carousel.min.css[0m
Request 43: [94mhttps://sentry.io/api/273505/envelope/[0m
Request 44: [94mchrome-extension://glepecflakcnfpeedbnclfdcabngidkh/_locales/en/messages.json[0m
Request 45: [94mchrome-extension://glepecflakcnfpeedbnclfdcabngidkh/_locales/en/messages.json[0m
Request 46: [94mchrome-extension://glepecflakcnfpeedbnclfdcabngidkh/fonts/Euclid/EuclidCircularB-Bold-WebXL.ttf[0m
Request 47: [94mchrome-extension://glepecflakcnfpeedbnclfdcabngidkh/fonts/Euclid/EuclidCircularB-Regular-WebXL.ttf[0m
Request 48: [94mchrome-extension://glepecflakcnfpeedbnclfdcabngidkh/fonts/fontawesome/fa-solid-900.woff2[0m
Request 49: [94mchrome-extension://glepecflakcnfpeedbnclfdcabngidkh/fonts/Euclid/EuclidCircularB-Medium.ttf[0m
Request 50: [94mhttps://create.request.network/favicon.ico[0m
No checkbox found!
Exiting while loop: MetaMask popup open!
End of while loop: popup
Request 51: [94mhttps://sentry.io/api/273505/envelope/[0m
Request 52: [94mhttps://sentry.io/api/273505/envelope/[0m
Clicked next button!
Clicked continue button!
[92mSuccessfully connected MetaMask wallet![0m
Request 53: [94mhttps://api-iam.intercom.io/messenger/web/ping[0m
Request 54: [94mhttps://sentry.io/api/273505/envelope/[0m
Request 55: [94mhttps://sentry.io/api/273505/envelope/[0m
Page closed: [94mchrome-extension://glepecflakcnfpeedbnclfdcabngidkh/notification.html#[0m
Request 56: [94mhttps://api-iam.intercom.io/messenger/web/metrics[0m
Request 57: [94mwss://nexus-websocket-a.intercom.io/pubsub/5-lk5DXasFuzwmcDOLq7gy3Vmlt2eXAynHLr0aFk_6CTFhxU1TEYgy7sk7F23uLPjxT2XeXygmxBhQgPyZHOa70XgHmTSUmIq1RhvL[0m
No sign or approve button found!
Request 58: [94mhttps://create.request.network/[0m
Request 59: [94mhttps://fonts.googleapis.com/css2[0m
Request 60: [94mhttps://create.request.network/static/js/2.3c23f878.chunk.js[0m
Request 61: [94mhttps://create.request.network/static/js/main.196e3a3c.chunk.js[0m
Request 62: [94mhttps://fonts.gstatic.com/s/inter/v12/UcC73FwrK3iLTeHuS_fvQtMwCp50KnMa1ZL7W0Q5nw.woff2[0m
Request 63: [94mhttps://widget.intercom.io/widget/mmdbekc3[0m
Request 64: [94mhttps://www.google-analytics.com/analytics.js[0m
Request 65: [94mhttps://create.request.network/favicon.ico[0m
Waiting for 30000ms
Request 66: [94mhttps://www.google-analytics.com/j/collect[0m
Request 67: [94mhttps://js.intercomcdn.com/frame-modern.a9c2053f.js[0m
Request 68: [94mhttps://js.intercomcdn.com/vendor-modern.28eae32f.js[0m
Request 69: [94mhttps://create.request.network/favicon.ico[0m
Request 70: [94mhttps://api-iam.intercom.io/messenger/web/ping[0m
Request 71: [94mhttps://create.request.network/static/media/metamask.098f4ec0.png[0m
Request 72: [94mwss://nexus-websocket-a.intercom.io/pubsub/5-LZxNeeLec7Ep3LJ396uP5j8_5uaahPPdrV-r9suMRgaTtNgyzNZ8bpYK2A_KYZzxHDhPfmTMsV9J3JmfmrC73zQn4RJ5rvDTKryS[0m
Request 73: [94mwss://nexus-websocket-a.intercom.io/pubsub/5-LZxNeeLec7Ep3LJ396uP5j8_5uaahPPdrV-r9suMRgaTtNgyzNZ8bpYK2A_KYZzxHDhPfmTMsV9J3JmfmrC73zQn4RJ5rvDTKryS[0m
Page closed: [94mhttps://create.request.network/[0m
Trying to shutdown
Page closed: [94mchrome-extension://glepecflakcnfpeedbnclfdcabngidkh/home.html#[0m
