Executing with arguments:  {
  printFrameHierarchy: true,
  debugLevel: 'verbose',
  headless: false,
  profilePath: undefined,
  secs: 30,
  links: undefined,
  url: 'https://decentrallabs.github.io/OracleLocker/',
  walletPath: 'metamask-chrome-10.22.2',
  destination: '../results/dapps/crawl',
  force: false,
  executablePath: '/Users/christof/.cache/puppeteer/chrome/mac-1056772/chrome-mac/Chromium.app/Contents/MacOS/Chromium'
}
Completed configuring new page. (about:blank)
Completed configuring new page. (chrome-extension://glepecflakcnfpeedbnclfdcabngidkh/home.html)
Request 1: [94mchrome-extension://glepecflakcnfpeedbnclfdcabngidkh/react-gallery/carousel.min.css[0m
Request 2: [94mhttps://sentry.io/api/273505/envelope/[0m
[94mTrying to import MetaMask connect...[0m
Request 3: [94mchrome-extension://glepecflakcnfpeedbnclfdcabngidkh/_locales/en/messages.json[0m
Request 4: [94mchrome-extension://glepecflakcnfpeedbnclfdcabngidkh/_locales/en/messages.json[0m
Request 5: [94mhttps://sentry.io/api/273505/envelope/[0m
Request 6: [94mhttps://sentry.io/api/273505/envelope/[0m
Request 7: [94mchrome-extension://glepecflakcnfpeedbnclfdcabngidkh/fonts/Euclid/EuclidCircularB-Regular-WebXL.ttf[0m
Request 8: [94mchrome-extension://glepecflakcnfpeedbnclfdcabngidkh/fonts/Euclid/EuclidCircularB-Medium.ttf[0m
Request 9: [94mchrome-extension://glepecflakcnfpeedbnclfdcabngidkh/images/logo/metamask-fox.svg[0m
Request 10: [94mhttps://sentry.io/api/273505/envelope/[0m
Request 11: [94mhttps://sentry.io/api/273505/envelope/[0m
Request 12: [94mchrome-extension://glepecflakcnfpeedbnclfdcabngidkh/images/metrics-chart.svg[0m
Request 13: [94mchrome-extension://glepecflakcnfpeedbnclfdcabngidkh/fonts/fontawesome/fa-solid-900.woff2[0m
Request 14: [94mchrome-extension://glepecflakcnfpeedbnclfdcabngidkh/fonts/Euclid/EuclidCircularB-Bold-WebXL.ttf[0m
Request 15: [94mhttps://sentry.io/api/273505/envelope/[0m
Request 16: [94mhttps://sentry.io/api/273505/envelope/[0m
Request 17: [94mhttps://sentry.io/api/273505/envelope/[0m
Request 18: [94mhttps://sentry.io/api/273505/envelope/[0m
Request 19: [94mchrome-extension://glepecflakcnfpeedbnclfdcabngidkh/fonts/Roboto/Roboto-Regular.ttf[0m
Request 20: [94mchrome-extension://glepecflakcnfpeedbnclfdcabngidkh/fonts/fontawesome/fa-regular-400.woff2[0m
Request 21: [94mhttps://sentry.io/api/273505/envelope/[0m
Request 22: [94mhttps://sentry.io/api/273505/envelope/[0m
[92mImporting MetaMask wallet was successful![0m
Visiting https://decentrallabs.github.io/OracleLocker/
Request 23: [94mhttps://decentrallabs.github.io/OracleLocker/[0m
Request 24: [94mhttps://sentry.io/api/273505/envelope/[0m
Request 25: [94mhttps://sentry.io/api/273505/envelope/[0m
Request 26: [94mchrome-extension://glepecflakcnfpeedbnclfdcabngidkh/images/eth_logo.svg[0m
Request 27: [94mhttps://cdn.jsdelivr.net/npm/bootstrap@4.6.0/dist/css/bootstrap.min.css[0m
Request 28: [94mhttps://code.jquery.com/jquery-3.6.0.min.js[0m
Request 29: [94mhttps://cdn.jsdelivr.net/npm/popper.js@1.16.1/dist/umd/popper.min.js[0m
Request 30: [94mhttps://maxcdn.bootstrapcdn.com/bootstrap/4.0.0/js/bootstrap.min.js[0m
Request 31: [94mhttps://code.jquery.com/ui/1.12.1/themes/base/jquery-ui.css[0m
Request 32: [94mhttps://code.jquery.com/ui/1.12.1/jquery-ui.js[0m
Request 33: [94mhttps://decentrallabs.github.io/OracleLocker/static/css/main.bdc4e01a.chunk.css[0m
Request 34: [94mhttps://decentrallabs.github.io/OracleLocker/static/js/2.77753d78.chunk.js[0m
Request 35: [94mhttps://decentrallabs.github.io/OracleLocker/static/js/main.50d8165c.chunk.js[0m
Request 36: [94mhttps://decentrallabs.github.io/OracleLocker/favicon.png[0m
Request 37: [94mhttps://decentrallabs.github.io/OracleLocker/static/media/piggy.d8eb300d.jpg[0m
Request 38: [94mhttps://decentrallabs.github.io/OracleLocker/static/media/dl_logo.d06d5b8f.jpg[0m
Request 39: [94mhttps://decentrallabs.github.io/OracleLocker/static/media/safe.211552a4.jpg[0m
Request 40: [94mhttps://decentrallabs.github.io/OracleLocker/static/media/avalanche.e6e051de.png[0m
Request 41: [94mhttps://decentrallabs.github.io/OracleLocker/favicon.png[0m
Completed configuring new page. (chrome-extension://glepecflakcnfpeedbnclfdcabngidkh/notification.html)
Request 42: [94mchrome-extension://glepecflakcnfpeedbnclfdcabngidkh/react-gallery/carousel.min.css[0m
Request 43: [94mhttps://sentry.io/api/273505/envelope/[0m
Request 44: [94mchrome-extension://glepecflakcnfpeedbnclfdcabngidkh/_locales/en/messages.json[0m
Request 45: [94mchrome-extension://glepecflakcnfpeedbnclfdcabngidkh/_locales/en/messages.json[0m
Request 46: [94mchrome-extension://glepecflakcnfpeedbnclfdcabngidkh/fonts/Euclid/EuclidCircularB-Bold-WebXL.ttf[0m
Request 47: [94mchrome-extension://glepecflakcnfpeedbnclfdcabngidkh/fonts/Euclid/EuclidCircularB-Regular-WebXL.ttf[0m
Request 48: [94mchrome-extension://glepecflakcnfpeedbnclfdcabngidkh/fonts/fontawesome/fa-solid-900.woff2[0m
Request 49: [94mchrome-extension://glepecflakcnfpeedbnclfdcabngidkh/fonts/Euclid/EuclidCircularB-Medium.ttf[0m
Request 50: [94mhttps://decentrallabs.github.io/OracleLocker/favicon.png[0m
Identified connect buttons: 
[ 'Connect', 'Wallet', 'connect', 'wallet', 'account', 'Account' ]
Found connect button: Connect
Exiting while loop: MetaMask popup open!
End of while loop: popup
Request 51: [94mhttps://sentry.io/api/273505/envelope/[0m
Request 52: [94mhttps://sentry.io/api/273505/envelope/[0m
Clicked next button!
Clicked continue button!
[92mSuccessfully connected MetaMask wallet![0m
Request 53: [94mhttps://sentry.io/api/273505/envelope/[0m
Request 54: [94mhttps://sentry.io/api/273505/envelope/[0m
Request 55: [94mchrome-extension://glepecflakcnfpeedbnclfdcabngidkh/images/eth_logo.svg[0m
Request 56: [94mhttps://sentry.io/api/273505/envelope/[0m
Request 57: [94mhttps://sentry.io/api/273505/envelope/[0m
Request 58: [94mhttps://chainid.network/chains.json[0m
Request 59: [94mchrome-extension://glepecflakcnfpeedbnclfdcabngidkh/images/bnb.png[0m
Clicked on approve and switch network button!
No sign or approve button found!
Request 60: [94mhttps://decentrallabs.github.io/OracleLocker/[0m
Request 61: [94mhttps://sentry.io/api/273505/envelope/[0m
Request 62: [94mhttps://sentry.io/api/273505/envelope/[0m
Request 63: [94mhttps://token-api.metaswap.codefi.network/tokens/0x38[0m
Request 64: [94mhttps://token-api.metaswap.codefi.network/tokens/0x38[0m
Request 65: [94mhttps://token-api.metaswap.codefi.network/tokens/0x38[0m
Page closed: [94mchrome-extension://glepecflakcnfpeedbnclfdcabngidkh/notification.html#[0m
Request 66: [94mhttps://cdn.jsdelivr.net/npm/bootstrap@4.6.0/dist/css/bootstrap.min.css[0m
Request 67: [94mhttps://code.jquery.com/jquery-3.6.0.min.js[0m
Request 68: [94mhttps://cdn.jsdelivr.net/npm/popper.js@1.16.1/dist/umd/popper.min.js[0m
Request 69: [94mhttps://maxcdn.bootstrapcdn.com/bootstrap/4.0.0/js/bootstrap.min.js[0m
Request 70: [94mhttps://code.jquery.com/ui/1.12.1/themes/base/jquery-ui.css[0m
Request 71: [94mhttps://code.jquery.com/ui/1.12.1/jquery-ui.js[0m
Request 72: [94mhttps://decentrallabs.github.io/OracleLocker/static/css/main.bdc4e01a.chunk.css[0m
Request 73: [94mhttps://decentrallabs.github.io/OracleLocker/static/js/2.77753d78.chunk.js[0m
Request 74: [94mhttps://decentrallabs.github.io/OracleLocker/static/js/main.50d8165c.chunk.js[0m
Request 75: [94mhttps://decentrallabs.github.io/OracleLocker/static/media/safe.211552a4.jpg[0m
Request 76: [94mhttps://decentrallabs.github.io/OracleLocker/static/media/piggy.d8eb300d.jpg[0m
Request 77: [94mhttps://decentrallabs.github.io/OracleLocker/static/media/dl_logo.d06d5b8f.jpg[0m
Request 78: [94mhttps://decentrallabs.github.io/OracleLocker/favicon.png[0m
Request 79: [94mhttps://decentrallabs.github.io/OracleLocker/static/media/avalanche.e6e051de.png[0m
Waiting for 30000ms
Request 80: [94mhttps://decentrallabs.github.io/OracleLocker/favicon.png[0m
Request 81: [94mchrome-extension://glepecflakcnfpeedbnclfdcabngidkh/images/bnb.png[0m
Page closed: [94mhttps://decentrallabs.github.io/OracleLocker/[0m
Trying to shutdown
Page closed: [94mchrome-extension://glepecflakcnfpeedbnclfdcabngidkh/home.html#[0m
