Executing with arguments:  {
  printFrameHierarchy: true,
  debugLevel: 'verbose',
  headless: false,
  profilePath: undefined,
  secs: 30,
  links: undefined,
  url: 'https://edgeless.io/games/dice',
  walletPath: 'metamask-chrome-10.22.2',
  destination: '../results/dapps/crawl',
  force: false,
  executablePath: '/Users/christof/.cache/puppeteer/chrome/mac-1056772/chrome-mac/Chromium.app/Contents/MacOS/Chromium'
}
Completed configuring new page. (about:blank)
Completed configuring new page. (chrome-extension://glepecflakcnfpeedbnclfdcabngidkh/home.html)
Request 1: [94mchrome-extension://glepecflakcnfpeedbnclfdcabngidkh/react-gallery/carousel.min.css[0m
Request 2: [94mhttps://sentry.io/api/273505/envelope/[0m
[94mTrying to import MetaMask connect...[0m
Request 3: [94mchrome-extension://glepecflakcnfpeedbnclfdcabngidkh/_locales/en/messages.json[0m
Request 4: [94mchrome-extension://glepecflakcnfpeedbnclfdcabngidkh/_locales/en/messages.json[0m
Request 5: [94mhttps://sentry.io/api/273505/envelope/[0m
Request 6: [94mhttps://sentry.io/api/273505/envelope/[0m
Request 7: [94mchrome-extension://glepecflakcnfpeedbnclfdcabngidkh/fonts/Euclid/EuclidCircularB-Regular-WebXL.ttf[0m
Request 8: [94mchrome-extension://glepecflakcnfpeedbnclfdcabngidkh/fonts/Euclid/EuclidCircularB-Medium.ttf[0m
Request 9: [94mchrome-extension://glepecflakcnfpeedbnclfdcabngidkh/images/logo/metamask-fox.svg[0m
Request 10: [94mhttps://sentry.io/api/273505/envelope/[0m
Request 11: [94mhttps://sentry.io/api/273505/envelope/[0m
Request 12: [94mchrome-extension://glepecflakcnfpeedbnclfdcabngidkh/images/metrics-chart.svg[0m
Request 13: [94mchrome-extension://glepecflakcnfpeedbnclfdcabngidkh/fonts/fontawesome/fa-solid-900.woff2[0m
Request 14: [94mchrome-extension://glepecflakcnfpeedbnclfdcabngidkh/fonts/Euclid/EuclidCircularB-Bold-WebXL.ttf[0m
Request 15: [94mhttps://sentry.io/api/273505/envelope/[0m
Request 16: [94mhttps://sentry.io/api/273505/envelope/[0m
Request 17: [94mhttps://sentry.io/api/273505/envelope/[0m
Request 18: [94mhttps://sentry.io/api/273505/envelope/[0m
Request 19: [94mchrome-extension://glepecflakcnfpeedbnclfdcabngidkh/fonts/Roboto/Roboto-Regular.ttf[0m
Request 20: [94mchrome-extension://glepecflakcnfpeedbnclfdcabngidkh/fonts/fontawesome/fa-regular-400.woff2[0m
Request 21: [94mhttps://sentry.io/api/273505/envelope/[0m
Request 22: [94mhttps://sentry.io/api/273505/envelope/[0m
[92mImporting MetaMask wallet was successful![0m
Visiting https://edgeless.io/games/dice
Request 23: [94mhttps://edgeless.io/games/dice[0m
Request 24: [94mhttps://sentry.io/api/273505/envelope/[0m
Request 25: [94mhttps://sentry.io/api/273505/envelope/[0m
Request 26: [94mchrome-extension://glepecflakcnfpeedbnclfdcabngidkh/images/eth_logo.svg[0m
Request 27: [94mhttps://edgeless.io/styles.cf8d78c0e597c14e75c3.bundle.css[0m
Request 28: [94mhttps://edgeless.io/assets/images/Logo.svg[0m
Request 29: [94mhttps://edgeless.io/cdn-cgi/scripts/7d0fa10a/cloudflare-static/rocket-loader.min.js[0m
Request 30: [94mhttps://fonts.googleapis.com/css[0m
Request 31: [94mhttps://edgeless.io/main.02c189902b23c8bca9d1.bundle.js[0m
Request 32: [94mhttps://edgeless.io/scripts.078163c1ffaf3a757104.bundle.js[0m
Request 33: [94mhttps://edgeless.io/polyfills.f948fd7a0d64ef6183c1.bundle.js[0m
Request 34: [94mhttps://edgeless.io/inline.853818f9d9f828f0b251.bundle.js[0m
Request 35: [94mhttps://widget.changelly.com/affiliate.js[0m
Request 36: [94mhttps://d653c118-9b0f-428b-b12d-624aa6833c25.snippet.antillephone.com/apg-seal.js[0m
Request 37: [94mhttps://cdn.jsdelivr.net/npm/web3@1.2.1/src/index.min.js[0m
Request 38: [94mhttps://js.pusher.com/4.1/pusher.min.js[0m
Request 39: [94mhttps://www.googletagmanager.com/gtag/js[0m
Request 40: [94mhttps://edgeless.io/assets/images/Edgeless-Thumb-Test.png[0m
Request 41: [94mhttps://fonts.gstatic.com/s/titilliumweb/v15/NaPDcZTIAOhVxoMyOr9n_E7ffHjDGItzY5abuWI.woff2[0m
Request 42: [94mhttps://fonts.gstatic.com/s/titilliumweb/v15/NaPecZTIAOhVxoMyOr9n_E7fdMPmDaZRbrw.woff2[0m
Request 43: [94mhttps://www.googletagmanager.com/gtm.js[0m
Request 44: [94mhttps://edgeless.io/manifest.json[0m
Request 45: [94mhttps://edgeless.io/assets/images/Edgeless-Thumb-Test.png[0m
Request 46: [94mhttps://edgeless.io/api/config/gas[0m
Request 47: [94mhttps://edgeless.io/api/jackpot[0m
Request 48: [94mhttps://static.hotjar.com/c/hotjar-1119511.js[0m
Request 49: [94mhttps://edgeless.io/api/config/rates[0m
Request 50: [94mhttps://edgeless.io/9.ea9fd3ba469c9940105b.chunk.js[0m
Request 51: [94mhttps://widget.intercom.io/widget/cbkcqvuo[0m
Request 52: [94mhttps://www.googletagmanager.com/gtag/js[0m
Request 53: [94mhttps://www.google-analytics.com/analytics.js[0m
Request 54: [94mhttps://edgeless.io/assets/152x152.png[0m
Request 55: [94mhttps://script.hotjar.com/modules.ea0a6d6a741d5de8308e.js[0m
Request 56: [94mhttps://edgeless.io/0.aa46002472ac9fc0e102.chunk.js[0m
Request 57: [94mhttps://edgeless.io/10.3428e3c8575db85025fe.chunk.js[0m
Request 58: [94mhttps://vars.hotjar.com/box-ff00c703c3bbdf54ae44ee858d64f69e.html[0m
Request 59: [94mhttps://edgeless.io/api/country-restrictions/restricted-countries[0m
Request 60: [94mhttps://edgeless.io/fa-light-300.b33449667ce61388905a.woff2[0m
Request 61: [94mhttps://edgeless.io/fa-solid-900.dbf1fc91f1beec291512.woff2[0m
Request 62: [94mhttps://edgeless.io/fa-regular-400.a3d7d331957546ae10ad.woff2[0m
Request 63: [94mhttps://edgeless.io/fa-brands-400.f4120760fb40152d1bdb.woff2[0m
Request 64: [94mhttps://edgeless.io/assets/sounds/dice/win.mp3[0m
Request 65: [94mhttps://edgeless.io/assets/sounds/dice/loss.mp3[0m
Request 66: [94mhttps://edgeless.io/assets/sounds/dice/scroll.mp3[0m
Request 67: [94mhttps://edgeless.io/assets/sounds/blackjack/chip-1.mp3[0m
Request 68: [94mhttps://edgeless.io/assets/sounds/blackjack/chip-2.mp3[0m
Request 69: [94mhttps://edgeless.io/assets/sounds/blackjack/chip-3.mp3[0m
Request 70: [94mhttps://edgeless.io/assets/sounds/blackjack/chip-1.mp3[0m
Request 71: [94mhttps://edgeless.io/api/history/leaderboard[0m
Request 72: [94mhttps://edgeless.io/api/history/leaderboard[0m
Request 73: [94mhttps://edgeless.io/api/history/last-games[0m
Request 74: [94mhttps://edgeless.io/assets/images/v2/logo-with-text.svg[0m
Request 75: [94mhttps://edgeless.io/assets/images/logo-icon.svg[0m
Request 76: [94mhttps://edgeless.io/assets/images/v2/icons/leaderboard.svg[0m
Request 77: [94mhttps://edgeless.io/assets/images/v2/icons/latest-bets.svg[0m
Request 78: [94mhttps://d653c118-9b0f-428b-b12d-624aa6833c25.snippet.antillephone.com/sealassets/d98e7485dd07f8c321a92181fdcdf86f-edgeless.io-16cac40e32d01eb51e0a51b92c3bb4ab62b3edf93a8211ad6ed69a1e27b33f3ed48f5b9893608f37fb26956a4a7bb553-c3BhY2VyLXNwcml0ZS5wbmc%3D[0m
Request 79: [94mhttps://d653c118-9b0f-428b-b12d-624aa6833c25.snippet.antillephone.com/sealassets/d98e7485dd07f8c321a92181fdcdf86f-edgeless.io-16cac40e32d01eb51e0a51b92c3bb4ab62b3edf93a8211ad6ed69a1e27b33f3ed48f5b9893608f37fb26956a4a7bb553-c3ByaXRlLXNlYWwucG5n[0m
Request 80: [94mhttps://edgeless.io/assets/images/coins/demo.svg[0m
Request 81: [94mhttps://d653c118-9b0f-428b-b12d-624aa6833c25.snippet.antillephone.com/54f396e0-b046-49b1-9cb3-0c69281d7ea9-beacon.png[0m
Request 82: [94mhttps://www.google-analytics.com/j/collect[0m
Request 83: [94mhttps://in.hotjar.com/api/v2/client/sites/1119511/visit-data[0m
Request 84: [94mhttps://stats.pusher.com/timeline/v2/jsonp/1[0m
Request 85: [94mhttps://js.intercomcdn.com/frame-modern.a9c2053f.js[0m
Request 86: [94mhttps://js.intercomcdn.com/vendor-modern.28eae32f.js[0m
Request 87: [94mhttps://stats.g.doubleclick.net/j/collect[0m
Request 88: [94mwss://ws-eu.pusher.com/app/4e81e9b8cffb230f950a[0m
Request 89: [94mhttps://api-iam.intercom.io/messenger/web/ping[0m
Request 90: [94mwss://nexus-websocket-a.intercom.io/pubsub/5-2GCITDwPlZz2yUf01i5zYtWQFcgKhUUlloojoxBvI_F8Khxu4AipbiJpjIiUNUVpHYh5jRp77V0xTcfRfRfDvYTLRIHuy52v2jDS[0m
Request 91: [94mwss://nexus-websocket-a.intercom.io/pubsub/5-2GCITDwPlZz2yUf01i5zYtWQFcgKhUUlloojoxBvI_F8Khxu4AipbiJpjIiUNUVpHYh5jRp77V0xTcfRfRfDvYTLRIHuy52v2jDS[0m
Request 92: [94mhttps://js.intercomcdn.com/vendors~app~tooltips-modern.5e79baf2.js[0m
Request 93: [94mhttps://js.intercomcdn.com/vendors~app-modern.83433ab4.js[0m
Request 94: [94mhttps://js.intercomcdn.com/app~tooltips-modern.a8b06423.js[0m
Request 95: [94mhttps://js.intercomcdn.com/app-modern.eddc1dbf.js[0m
Request 96: [94mwss://chewbacca.edgeless.io/socket.io/[0m
Identified connect buttons: 
[ 'sign', 'Sign Up', 'account' ]
Identified MetaMask buttons:
[]
No checkbox found!
Identified MetaMask buttons:
[]
No checkbox found!
Identified MetaMask buttons:
[]
Request 97: [94mwss://chewbacca.edgeless.io/socket.io/[0m
No checkbox found!
Request 98: [94mhttps://api-iam.intercom.io/messenger/web/metrics[0m
Request 99: [94mwss://chewbacca.edgeless.io/socket.io/[0m
Identified MetaMask buttons:
[]
No checkbox found!
Identified MetaMask buttons:
[]
No checkbox found!
Exiting while loop: Timeout!
End of while loop: timeout
Trying random clicks...
Screen dimensions:
{ width: 3440, height: 1206 }
Random click at: 1720 603
Random click at: 1720 553
Random click at: 1720 503
Random click at: 1720 453
Random click at: 1870 678
Random click at: 1620 503
Random click at: 1720 703
Request 100: [94mwss://chewbacca.edgeless.io/socket.io/[0m
Request 101: [94mwss://nexus-websocket-a.intercom.io/pubsub/5-2GCITDwPlZz2yUf01i5zYtWQFcgKhUUlloojoxBvI_F8Khxu4AipbiJpjIiUNUVpHYh5jRp77V0xTcfRfRfDvYTLRIHuy52v2jDS[0m
Request 102: [94mchrome-extension://glepecflakcnfpeedbnclfdcabngidkh/notification.html[0m
Request 103: [94mchrome-extension://glepecflakcnfpeedbnclfdcabngidkh/index.css[0m
Request 104: [94mchrome-extension://glepecflakcnfpeedbnclfdcabngidkh/index-rtl.css[0m
Request 105: [94mchrome-extension://glepecflakcnfpeedbnclfdcabngidkh/images/logo/metamask-fox.svg[0m
Request 106: [94mchrome-extension://glepecflakcnfpeedbnclfdcabngidkh/images/spinner.gif[0m
Request 107: [94mchrome-extension://glepecflakcnfpeedbnclfdcabngidkh/globalthis.js[0m
Request 108: [94mchrome-extension://glepecflakcnfpeedbnclfdcabngidkh/sentry-install.js[0m
Request 109: [94mchrome-extension://glepecflakcnfpeedbnclfdcabngidkh/runtime-lavamoat.js[0m
Request 110: [94mchrome-extension://glepecflakcnfpeedbnclfdcabngidkh/lockdown-more.js[0m
Request 111: [94mchrome-extension://glepecflakcnfpeedbnclfdcabngidkh/policy-load.js[0m
Request 112: [94mchrome-extension://glepecflakcnfpeedbnclfdcabngidkh/common-0.js[0m
Request 113: [94mchrome-extension://glepecflakcnfpeedbnclfdcabngidkh/common-1.js[0m
Request 114: [94mchrome-extension://glepecflakcnfpeedbnclfdcabngidkh/common-2.js[0m
Request 115: [94mchrome-extension://glepecflakcnfpeedbnclfdcabngidkh/common-3.js[0m
Request 116: [94mchrome-extension://glepecflakcnfpeedbnclfdcabngidkh/common-4.js[0m
Request 117: [94mchrome-extension://glepecflakcnfpeedbnclfdcabngidkh/common-5.js[0m
Request 118: [94mchrome-extension://glepecflakcnfpeedbnclfdcabngidkh/common-6.js[0m
Request 119: [94mchrome-extension://glepecflakcnfpeedbnclfdcabngidkh/common-7.js[0m
Request 120: [94mchrome-extension://glepecflakcnfpeedbnclfdcabngidkh/common-8.js[0m
Request 121: [94mchrome-extension://glepecflakcnfpeedbnclfdcabngidkh/common-9.js[0m
Request 122: [94mchrome-extension://glepecflakcnfpeedbnclfdcabngidkh/ui-0.js[0m
Request 123: [94mchrome-extension://glepecflakcnfpeedbnclfdcabngidkh/ui-1.js[0m
Request 124: [94mchrome-extension://glepecflakcnfpeedbnclfdcabngidkh/ui-2.js[0m
Request 125: [94mchrome-extension://glepecflakcnfpeedbnclfdcabngidkh/ui-3.js[0m
Request 126: [94mchrome-extension://glepecflakcnfpeedbnclfdcabngidkh/ui-4.js[0m
Request 127: [94mchrome-extension://glepecflakcnfpeedbnclfdcabngidkh/ui-5.js[0m
Request 128: [94mchrome-extension://glepecflakcnfpeedbnclfdcabngidkh/ui-6.js[0m
Request 129: [94mchrome-extension://glepecflakcnfpeedbnclfdcabngidkh/ui-7.js[0m
Request 130: [94mchrome-extension://glepecflakcnfpeedbnclfdcabngidkh/ui-8.js[0m
Request 131: [94mchrome-extension://glepecflakcnfpeedbnclfdcabngidkh/ui-9.js[0m
Request 132: [94mchrome-extension://glepecflakcnfpeedbnclfdcabngidkh/react-gallery/carousel.min.css[0m
Request 133: [94mhttps://sentry.io/api/273505/envelope/[0m
Request 134: [94mchrome-extension://glepecflakcnfpeedbnclfdcabngidkh/_locales/en/messages.json[0m
Request 135: [94mchrome-extension://glepecflakcnfpeedbnclfdcabngidkh/_locales/en/messages.json[0m
Page closed: [94mchrome-extension://glepecflakcnfpeedbnclfdcabngidkh/notification.html[0m
No metamask popup found!
Page closed: [94mhttps://edgeless.io/games/dice[0m
No sign or approve button found!
Waiting for 30000ms
Trying to shutdown
