Executing with arguments:  {
  printFrameHierarchy: true,
  debugLevel: 'verbose',
  headless: false,
  profilePath: undefined,
  secs: 30,
  links: undefined,
  url: 'https://farm.yffs.finance/',
  walletPath: 'metamask-chrome-10.22.2',
  destination: '../results/dapps/crawl',
  force: false,
  executablePath: '/Users/christof/.cache/puppeteer/chrome/mac-1056772/chrome-mac/Chromium.app/Contents/MacOS/Chromium'
}
Completed configuring new page. (about:blank)
Completed configuring new page. (chrome-extension://glepecflakcnfpeedbnclfdcabngidkh/home.html)
Request 1: [94mchrome-extension://glepecflakcnfpeedbnclfdcabngidkh/react-gallery/carousel.min.css[0m
Request 2: [94mhttps://sentry.io/api/273505/envelope/[0m
[94mTrying to import MetaMask connect...[0m
Request 3: [94mchrome-extension://glepecflakcnfpeedbnclfdcabngidkh/_locales/en/messages.json[0m
Request 4: [94mchrome-extension://glepecflakcnfpeedbnclfdcabngidkh/_locales/en/messages.json[0m
Request 5: [94mhttps://sentry.io/api/273505/envelope/[0m
Request 6: [94mhttps://sentry.io/api/273505/envelope/[0m
Request 7: [94mchrome-extension://glepecflakcnfpeedbnclfdcabngidkh/fonts/Euclid/EuclidCircularB-Regular-WebXL.ttf[0m
Request 8: [94mchrome-extension://glepecflakcnfpeedbnclfdcabngidkh/fonts/Euclid/EuclidCircularB-Medium.ttf[0m
Request 9: [94mchrome-extension://glepecflakcnfpeedbnclfdcabngidkh/images/logo/metamask-fox.svg[0m
Request 10: [94mhttps://sentry.io/api/273505/envelope/[0m
Request 11: [94mhttps://sentry.io/api/273505/envelope/[0m
Request 12: [94mchrome-extension://glepecflakcnfpeedbnclfdcabngidkh/images/metrics-chart.svg[0m
Request 13: [94mchrome-extension://glepecflakcnfpeedbnclfdcabngidkh/fonts/fontawesome/fa-solid-900.woff2[0m
Request 14: [94mchrome-extension://glepecflakcnfpeedbnclfdcabngidkh/fonts/Euclid/EuclidCircularB-Bold-WebXL.ttf[0m
Request 15: [94mhttps://sentry.io/api/273505/envelope/[0m
Request 16: [94mhttps://sentry.io/api/273505/envelope/[0m
Request 17: [94mhttps://sentry.io/api/273505/envelope/[0m
Request 18: [94mhttps://sentry.io/api/273505/envelope/[0m
Request 19: [94mchrome-extension://glepecflakcnfpeedbnclfdcabngidkh/fonts/Roboto/Roboto-Regular.ttf[0m
Request 20: [94mchrome-extension://glepecflakcnfpeedbnclfdcabngidkh/fonts/fontawesome/fa-regular-400.woff2[0m
Request 21: [94mhttps://sentry.io/api/273505/envelope/[0m
Request 22: [94mhttps://sentry.io/api/273505/envelope/[0m
[92mImporting MetaMask wallet was successful![0m
Visiting https://farm.yffs.finance/
Request 23: [94mhttps://farm.yffs.finance/[0m
Request 24: [94mhttps://sentry.io/api/273505/envelope/[0m
Request 25: [94mhttps://sentry.io/api/273505/envelope/[0m
Request 26: [94mchrome-extension://glepecflakcnfpeedbnclfdcabngidkh/images/eth_logo.svg[0m
Request 27: [94mhttps://farm.yffs.finance/[0m
Request 28: [94mhttps://farm.yffs.finance/js/parking.2.101.3.js[0m
Request 29: [94mhttps://farm.yffs.finance/_fd[0m
Request 30: [94mhttps://www.google.com/adsense/domains/caf.js[0m
Request 31: [94mhttps://farm.yffs.finance/px.gif[0m
Request 32: [94mhttps://farm.yffs.finance/px.gif[0m
Request 33: [94mhttps://farm.yffs.finance/favicon.ico[0m
Request 34: [94mhttps://partner.googleadservices.com/gampad/cookie.js[0m
Request 35: [94mhttps://www.google.com/afs/ads[0m
Request 36: [94mhttps://www.google.com/adsense/domains/caf.js[0m
Request 37: [94mhttps://fonts.googleapis.com/css[0m
Request 38: [94mhttps://afs.googleusercontent.com/ad_icons/standard/publisher_icon_image/search.svg[0m
Request 39: [94mhttps://afs.googleusercontent.com/ad_icons/standard/publisher_icon_image/call_to_action_arrow.svg[0m
Request 40: [94mhttps://fonts.gstatic.com/s/michroma/v16/PN_zRfy9qWD8fEagAPg9pTn5_PDb.woff2[0m
Request 41: [94mhttps://www.google-analytics.com/analytics.js[0m
Request 42: [94mhttps://fonts.googleapis.com/css[0m
Request 43: [94mhttps://farm.yffs.finance/_tr[0m
Request 44: [94mhttps://fonts.gstatic.com/s/quicksand/v30/6xK-dSZaM9iE8KbpRA_LJ3z8mH9BOJvgkP8o58a-wjwxUD2GFw.woff2[0m
Request 45: [94mhttps://www.google-analytics.com/j/collect[0m
Request 46: [94mhttps://www.google.com/afs/gen_204[0m
Request 47: [94mhttps://www.google.com/afs/gen_204[0m
Identified connect buttons: 
[ 'connect' ]
Identified MetaMask buttons:
[]
No checkbox found!
Identified MetaMask buttons:
[]
No checkbox found!
Identified MetaMask buttons:
[]
No checkbox found!
Identified MetaMask buttons:
[]
No checkbox found!
Identified MetaMask buttons:
[]
No checkbox found!
Exiting while loop: Timeout!
End of while loop: timeout
Trying random clicks...
Screen dimensions:
{ width: 1512, height: 747 }
Request 48: [94mhttps://farm.yffs.finance/[0m
Random click at: 756 373.5
Random click at: 756 323.5
Request 49: [94mhttps://farm.yffs.finance/[0m
Random click at: 756 273.5
Request 50: [94mhttps://farm.yffs.finance/[0m
Random click at: 756 223.5
Request 51: [94mhttps://farm.yffs.finance/[0m
Random click at: 906 448.5
Request 52: [94mhttps://farm.yffs.finance/[0m
Random click at: 656 273.5
Request 53: [94mhttps://farm.yffs.finance/[0m
Random click at: 756 473.5
Request 54: [94mhttps://farm.yffs.finance/[0m
Request 55: [94mhttps://farm.yffs.finance/js/parking.2.101.3.js[0m
Request 56: [94mhttps://farm.yffs.finance/_fd[0m
Request 57: [94mhttps://www.google.com/adsense/domains/caf.js[0m
Request 58: [94mhttps://farm.yffs.finance/px.gif[0m
Request 59: [94mhttps://farm.yffs.finance/px.gif[0m
Request 60: [94mhttps://farm.yffs.finance/favicon.ico[0m
Request 61: [94mhttps://www.google.com/afs/ads/i/iframe.html[0m
Request 62: [94mhttps://www.google.com/afs/ads/i/iframe.html[0m
Request 63: [94mhttps://www.google.com/afs/ads/i/iframe.html[0m
Request 64: [94mhttps://www.google.com/afs/ads[0m
Request 65: [94mhttps://csp.withgoogle.com/csp/ads-afs-ui[0m
Request 66: [94mhttps://csp.withgoogle.com/csp/ads-afs-ui[0m
Request 67: [94mhttps://csp.withgoogle.com/csp/ads-afs-ui[0m
Request 68: [94mhttps://csp.withgoogle.com/csp/ads-afs-ui[0m
Request 69: [94mhttps://csp.withgoogle.com/csp/ads-afs-ui[0m
Request 70: [94mhttps://csp.withgoogle.com/csp/ads-afs-ui[0m
Request 71: [94mhttps://csp.withgoogle.com/csp/ads-afs-ui[0m
Request 72: [94mhttps://csp.withgoogle.com/csp/ads-afs-ui[0m
Request 73: [94mhttps://csp.withgoogle.com/csp/ads-afs-ui[0m
Request 74: [94mhttps://csp.withgoogle.com/csp/ads-afs-ui[0m
Request 75: [94mhttps://csp.withgoogle.com/csp/ads-afs-ui[0m
Request 76: [94mhttps://csp.withgoogle.com/csp/ads-afs-ui[0m
Request 77: [94mhttps://csp.withgoogle.com/csp/ads-afs-ui[0m
Request 78: [94mhttps://csp.withgoogle.com/csp/ads-afs-ui[0m
Request 79: [94mhttps://csp.withgoogle.com/csp/ads-afs-ui[0m
Request 80: [94mhttps://csp.withgoogle.com/csp/ads-afs-ui[0m
Request 81: [94mhttps://csp.withgoogle.com/csp/ads-afs-ui[0m
Request 82: [94mhttps://csp.withgoogle.com/csp/ads-afs-ui[0m
Request 83: [94mhttps://csp.withgoogle.com/csp/ads-afs-ui[0m
Request 84: [94mhttps://csp.withgoogle.com/csp/ads-afs-ui[0m
Request 85: [94mhttps://csp.withgoogle.com/csp/ads-afs-ui[0m
Request 86: [94mhttps://csp.withgoogle.com/csp/ads-afs-ui[0m
Request 87: [94mhttps://csp.withgoogle.com/csp/ads-afs-ui[0m
Request 88: [94mhttps://csp.withgoogle.com/csp/ads-afs-ui[0m
Request 89: [94mhttps://csp.withgoogle.com/csp/ads-afs-ui[0m
Request 90: [94mhttps://csp.withgoogle.com/csp/ads-afs-ui[0m
Request 91: [94mhttps://csp.withgoogle.com/csp/ads-afs-ui[0m
Request 92: [94mhttps://csp.withgoogle.com/csp/ads-afs-ui[0m
Request 93: [94mhttps://csp.withgoogle.com/csp/ads-afs-ui[0m
Request 94: [94mhttps://csp.withgoogle.com/csp/ads-afs-ui[0m
Request 95: [94mhttps://csp.withgoogle.com/csp/ads-afs-ui[0m
Request 96: [94mhttps://csp.withgoogle.com/csp/ads-afs-ui[0m
Request 97: [94mhttps://csp.withgoogle.com/csp/ads-afs-ui[0m
Request 98: [94mhttps://csp.withgoogle.com/csp/ads-afs-ui[0m
Request 99: [94mhttps://csp.withgoogle.com/csp/ads-afs-ui[0m
Request 100: [94mhttps://csp.withgoogle.com/csp/ads-afs-ui[0m
Request 101: [94mhttps://csp.withgoogle.com/csp/ads-afs-ui[0m
Request 102: [94mhttps://csp.withgoogle.com/csp/ads-afs-ui[0m
Request 103: [94mhttps://csp.withgoogle.com/csp/ads-afs-ui[0m
Request 104: [94mhttps://csp.withgoogle.com/csp/ads-afs-ui[0m
Request 105: [94mhttps://csp.withgoogle.com/csp/ads-afs-ui[0m
Request 106: [94mhttps://csp.withgoogle.com/csp/ads-afs-ui[0m
Request 107: [94mhttps://csp.withgoogle.com/csp/ads-afs-ui[0m
Request 108: [94mhttps://csp.withgoogle.com/csp/ads-afs-ui[0m
Request 109: [94mhttps://csp.withgoogle.com/csp/ads-afs-ui[0m
Request 110: [94mhttps://csp.withgoogle.com/csp/ads-afs-ui[0m
Request 111: [94mhttps://csp.withgoogle.com/csp/ads-afs-ui[0m
Request 112: [94mhttps://csp.withgoogle.com/csp/ads-afs-ui[0m
Request 113: [94mhttps://csp.withgoogle.com/csp/ads-afs-ui[0m
Request 114: [94mhttps://csp.withgoogle.com/csp/ads-afs-ui[0m
Request 115: [94mhttps://csp.withgoogle.com/csp/ads-afs-ui[0m
Request 116: [94mhttps://csp.withgoogle.com/csp/ads-afs-ui[0m
Request 117: [94mhttps://csp.withgoogle.com/csp/ads-afs-ui[0m
Request 118: [94mhttps://csp.withgoogle.com/csp/ads-afs-ui[0m
Request 119: [94mhttps://csp.withgoogle.com/csp/ads-afs-ui[0m
Request 120: [94mhttps://csp.withgoogle.com/csp/ads-afs-ui[0m
Request 121: [94mhttps://csp.withgoogle.com/csp/ads-afs-ui[0m
Request 122: [94mhttps://csp.withgoogle.com/csp/ads-afs-ui[0m
Request 123: [94mhttps://csp.withgoogle.com/csp/ads-afs-ui[0m
Request 124: [94mhttps://csp.withgoogle.com/csp/ads-afs-ui[0m
Request 125: [94mhttps://csp.withgoogle.com/csp/ads-afs-ui[0m
Request 126: [94mhttps://csp.withgoogle.com/csp/ads-afs-ui[0m
Request 127: [94mhttps://csp.withgoogle.com/csp/ads-afs-ui[0m
Request 128: [94mhttps://csp.withgoogle.com/csp/ads-afs-ui[0m
Request 129: [94mhttps://csp.withgoogle.com/csp/ads-afs-ui[0m
Request 130: [94mhttps://csp.withgoogle.com/csp/ads-afs-ui[0m
Request 131: [94mhttps://csp.withgoogle.com/csp/ads-afs-ui[0m
Request 132: [94mhttps://csp.withgoogle.com/csp/ads-afs-ui[0m
Request 133: [94mhttps://csp.withgoogle.com/csp/ads-afs-ui[0m
Request 134: [94mhttps://csp.withgoogle.com/csp/ads-afs-ui[0m
Request 135: [94mhttps://csp.withgoogle.com/csp/ads-afs-ui[0m
Request 136: [94mhttps://csp.withgoogle.com/csp/ads-afs-ui[0m
Request 137: [94mhttps://www.google.com/adsense/domains/caf.js[0m
Request 138: [94mhttps://csp.withgoogle.com/csp/ads-afs-ui[0m
Request 139: [94mhttps://csp.withgoogle.com/csp/ads-afs-ui[0m
Request 140: [94mhttps://csp.withgoogle.com/csp/ads-afs-ui[0m
Request 141: [94mhttps://csp.withgoogle.com/csp/ads-afs-ui[0m
Request 142: [94mhttps://csp.withgoogle.com/csp/ads-afs-ui[0m
Request 143: [94mhttps://csp.withgoogle.com/csp/ads-afs-ui[0m
Request 144: [94mhttps://csp.withgoogle.com/csp/ads-afs-ui[0m
Request 145: [94mhttps://csp.withgoogle.com/csp/ads-afs-ui[0m
Request 146: [94mhttps://csp.withgoogle.com/csp/ads-afs-ui[0m
Request 147: [94mhttps://csp.withgoogle.com/csp/ads-afs-ui[0m
Request 148: [94mhttps://csp.withgoogle.com/csp/ads-afs-ui[0m
Request 149: [94mhttps://csp.withgoogle.com/csp/ads-afs-ui[0m
Request 150: [94mhttps://csp.withgoogle.com/csp/ads-afs-ui[0m
Request 151: [94mhttps://csp.withgoogle.com/csp/ads-afs-ui[0m
Request 152: [94mhttps://csp.withgoogle.com/csp/ads-afs-ui[0m
Request 153: [94mhttps://csp.withgoogle.com/csp/ads-afs-ui[0m
Request 154: [94mhttps://csp.withgoogle.com/csp/ads-afs-ui[0m
Request 155: [94mhttps://csp.withgoogle.com/csp/ads-afs-ui[0m
Request 156: [94mhttps://csp.withgoogle.com/csp/ads-afs-ui[0m
Request 157: [94mhttps://csp.withgoogle.com/csp/ads-afs-ui[0m
Request 158: [94mhttps://csp.withgoogle.com/csp/ads-afs-ui[0m
Request 159: [94mhttps://csp.withgoogle.com/csp/ads-afs-ui[0m
Request 160: [94mhttps://csp.withgoogle.com/csp/ads-afs-ui[0m
Request 161: [94mhttps://csp.withgoogle.com/csp/ads-afs-ui[0m
Request 162: [94mhttps://csp.withgoogle.com/csp/ads-afs-ui[0m
Request 163: [94mhttps://csp.withgoogle.com/csp/ads-afs-ui[0m
Request 164: [94mhttps://csp.withgoogle.com/csp/ads-afs-ui[0m
Request 165: [94mhttps://csp.withgoogle.com/csp/ads-afs-ui[0m
Request 166: [94mhttps://csp.withgoogle.com/csp/ads-afs-ui[0m
Request 167: [94mhttps://csp.withgoogle.com/csp/ads-afs-ui[0m
Request 168: [94mhttps://csp.withgoogle.com/csp/ads-afs-ui[0m
Request 169: [94mhttps://csp.withgoogle.com/csp/ads-afs-ui[0m
Request 170: [94mhttps://csp.withgoogle.com/csp/ads-afs-ui[0m
Request 171: [94mhttps://csp.withgoogle.com/csp/ads-afs-ui[0m
Request 172: [94mhttps://csp.withgoogle.com/csp/ads-afs-ui[0m
Request 173: [94mhttps://csp.withgoogle.com/csp/ads-afs-ui[0m
Request 174: [94mhttps://fonts.googleapis.com/css[0m
Request 175: [94mhttps://fonts.googleapis.com/css[0m
Request 176: [94mhttps://afs.googleusercontent.com/ad_icons/standard/publisher_icon_image/call_to_action_arrow.svg[0m
Request 177: [94mhttps://afs.googleusercontent.com/ad_icons/standard/publisher_icon_image/call_to_action_arrow.svg[0m
Request 178: [94mhttps://fonts.gstatic.com/s/michroma/v16/PN_zRfy9qWD8fEagAPg9pTn5_PDb.woff2[0m
Request 179: [94mhttps://fonts.gstatic.com/s/michroma/v16/PN_zRfy9qWD8fEagAPg9pTn5_PDb.woff2[0m
Request 180: [94mhttps://www.google-analytics.com/analytics.js[0m
Request 181: [94mhttps://fonts.googleapis.com/css[0m
Request 182: [94mhttps://fonts.gstatic.com/s/quicksand/v30/6xK-dSZaM9iE8KbpRA_LJ3z8mH9BOJvgkP8o58a-wjwxUD2GFw.woff2[0m
Request 183: [94mhttps://farm.yffs.finance/_tr[0m
Request 184: [94mhttps://www.google-analytics.com/j/collect[0m
Request 185: [94mhttps://www.google.com/afs/gen_204[0m
Request 186: [94mhttps://www.google.com/afs/gen_204[0m
Request 187: [94mhttps://www.google.com/afs/gen_204[0m
Request 188: [94mchrome-extension://glepecflakcnfpeedbnclfdcabngidkh/notification.html[0m
Request 189: [94mchrome-extension://glepecflakcnfpeedbnclfdcabngidkh/index.css[0m
Request 190: [94mchrome-extension://glepecflakcnfpeedbnclfdcabngidkh/index-rtl.css[0m
Request 191: [94mchrome-extension://glepecflakcnfpeedbnclfdcabngidkh/images/logo/metamask-fox.svg[0m
Request 192: [94mchrome-extension://glepecflakcnfpeedbnclfdcabngidkh/images/spinner.gif[0m
Request 193: [94mchrome-extension://glepecflakcnfpeedbnclfdcabngidkh/globalthis.js[0m
Request 194: [94mchrome-extension://glepecflakcnfpeedbnclfdcabngidkh/sentry-install.js[0m
Request 195: [94mchrome-extension://glepecflakcnfpeedbnclfdcabngidkh/runtime-lavamoat.js[0m
Request 196: [94mchrome-extension://glepecflakcnfpeedbnclfdcabngidkh/lockdown-more.js[0m
Request 197: [94mchrome-extension://glepecflakcnfpeedbnclfdcabngidkh/policy-load.js[0m
Request 198: [94mchrome-extension://glepecflakcnfpeedbnclfdcabngidkh/common-0.js[0m
Request 199: [94mchrome-extension://glepecflakcnfpeedbnclfdcabngidkh/common-1.js[0m
Request 200: [94mchrome-extension://glepecflakcnfpeedbnclfdcabngidkh/common-2.js[0m
Request 201: [94mchrome-extension://glepecflakcnfpeedbnclfdcabngidkh/common-3.js[0m
Request 202: [94mchrome-extension://glepecflakcnfpeedbnclfdcabngidkh/common-4.js[0m
Request 203: [94mchrome-extension://glepecflakcnfpeedbnclfdcabngidkh/common-5.js[0m
Request 204: [94mchrome-extension://glepecflakcnfpeedbnclfdcabngidkh/common-6.js[0m
Request 205: [94mchrome-extension://glepecflakcnfpeedbnclfdcabngidkh/common-7.js[0m
Request 206: [94mchrome-extension://glepecflakcnfpeedbnclfdcabngidkh/common-8.js[0m
Request 207: [94mchrome-extension://glepecflakcnfpeedbnclfdcabngidkh/common-9.js[0m
Request 208: [94mchrome-extension://glepecflakcnfpeedbnclfdcabngidkh/ui-0.js[0m
Request 209: [94mchrome-extension://glepecflakcnfpeedbnclfdcabngidkh/ui-1.js[0m
Request 210: [94mchrome-extension://glepecflakcnfpeedbnclfdcabngidkh/ui-2.js[0m
Request 211: [94mchrome-extension://glepecflakcnfpeedbnclfdcabngidkh/ui-3.js[0m
Request 212: [94mchrome-extension://glepecflakcnfpeedbnclfdcabngidkh/ui-4.js[0m
Request 213: [94mchrome-extension://glepecflakcnfpeedbnclfdcabngidkh/ui-5.js[0m
Request 214: [94mchrome-extension://glepecflakcnfpeedbnclfdcabngidkh/ui-6.js[0m
Request 215: [94mchrome-extension://glepecflakcnfpeedbnclfdcabngidkh/ui-7.js[0m
Request 216: [94mchrome-extension://glepecflakcnfpeedbnclfdcabngidkh/ui-8.js[0m
Request 217: [94mchrome-extension://glepecflakcnfpeedbnclfdcabngidkh/ui-9.js[0m
Request 218: [94mchrome-extension://glepecflakcnfpeedbnclfdcabngidkh/react-gallery/carousel.min.css[0m
Request 219: [94mhttps://sentry.io/api/273505/envelope/[0m
Request 220: [94mchrome-extension://glepecflakcnfpeedbnclfdcabngidkh/_locales/en/messages.json[0m
Request 221: [94mchrome-extension://glepecflakcnfpeedbnclfdcabngidkh/_locales/en/messages.json[0m
Page closed: [94mchrome-extension://glepecflakcnfpeedbnclfdcabngidkh/notification.html[0m
No metamask popup found!
Page closed: [94mhttps://farm.yffs.finance/?caf&&query=Packing&afdToken=ChMI3JGT-eje_AIVyYj9Bx1gwgZREljcHWCNbItCubWwACTR9de-Wo6BiEzqlwOszDpyaE-ubT2t8fdMxU4cq6maP3sv_RS8Ze9HCA06qJexrSSzqREJEoLBcnhTi7pNvgaK9IRQb9o0cN2x2AIM&pcsa=false&nb=0&nm=10&is=750x477&nx=365&ny=118&clkt=1[0m
No sign or approve button found!
Waiting for 30000ms
Trying to shutdown
