Executing with arguments:  {
  printFrameHierarchy: true,
  debugLevel: 'verbose',
  headless: false,
  profilePath: undefined,
  secs: 30,
  links: undefined,
  url: 'https://live.leverj.io/',
  walletPath: 'metamask-chrome-10.22.2',
  destination: '../results/dapps/crawl',
  force: false,
  executablePath: '/Users/christof/.cache/puppeteer/chrome/mac-1056772/chrome-mac/Chromium.app/Contents/MacOS/Chromium'
}
Completed configuring new page. (about:blank)
Completed configuring new page. (chrome-extension://glepecflakcnfpeedbnclfdcabngidkh/home.html)
Request 1: [94mchrome-extension://glepecflakcnfpeedbnclfdcabngidkh/react-gallery/carousel.min.css[0m
Request 2: [94mhttps://sentry.io/api/273505/envelope/[0m
[94mTrying to import MetaMask connect...[0m
Request 3: [94mchrome-extension://glepecflakcnfpeedbnclfdcabngidkh/_locales/en/messages.json[0m
Request 4: [94mchrome-extension://glepecflakcnfpeedbnclfdcabngidkh/_locales/en/messages.json[0m
Request 5: [94mhttps://sentry.io/api/273505/envelope/[0m
Request 6: [94mhttps://sentry.io/api/273505/envelope/[0m
Request 7: [94mchrome-extension://glepecflakcnfpeedbnclfdcabngidkh/fonts/Euclid/EuclidCircularB-Regular-WebXL.ttf[0m
Request 8: [94mchrome-extension://glepecflakcnfpeedbnclfdcabngidkh/fonts/Euclid/EuclidCircularB-Medium.ttf[0m
Request 9: [94mchrome-extension://glepecflakcnfpeedbnclfdcabngidkh/images/logo/metamask-fox.svg[0m
Request 10: [94mhttps://sentry.io/api/273505/envelope/[0m
Request 11: [94mhttps://sentry.io/api/273505/envelope/[0m
Request 12: [94mchrome-extension://glepecflakcnfpeedbnclfdcabngidkh/images/metrics-chart.svg[0m
Request 13: [94mchrome-extension://glepecflakcnfpeedbnclfdcabngidkh/fonts/fontawesome/fa-solid-900.woff2[0m
Request 14: [94mchrome-extension://glepecflakcnfpeedbnclfdcabngidkh/fonts/Euclid/EuclidCircularB-Bold-WebXL.ttf[0m
Request 15: [94mhttps://sentry.io/api/273505/envelope/[0m
Request 16: [94mhttps://sentry.io/api/273505/envelope/[0m
Request 17: [94mhttps://sentry.io/api/273505/envelope/[0m
Request 18: [94mhttps://sentry.io/api/273505/envelope/[0m
Request 19: [94mchrome-extension://glepecflakcnfpeedbnclfdcabngidkh/fonts/Roboto/Roboto-Regular.ttf[0m
Request 20: [94mchrome-extension://glepecflakcnfpeedbnclfdcabngidkh/fonts/fontawesome/fa-regular-400.woff2[0m
Request 21: [94mhttps://sentry.io/api/273505/envelope/[0m
Request 22: [94mhttps://sentry.io/api/273505/envelope/[0m
[92mImporting MetaMask wallet was successful![0m
Visiting https://live.leverj.io/
Request 23: [94mhttps://live.leverj.io/[0m
Request 24: [94mhttps://sentry.io/api/273505/envelope/[0m
Request 25: [94mhttps://sentry.io/api/273505/envelope/[0m
Request 26: [94mchrome-extension://glepecflakcnfpeedbnclfdcabngidkh/images/eth_logo.svg[0m
Request 27: [94mhttps://live.leverj.io/css/spot.24a70e89.css[0m
Request 28: [94mhttps://live.leverj.io/js/big~spot.d97c25a1.js[0m
Request 29: [94mhttps://live.leverj.io/js/small~spot.81431921.js[0m
Request 30: [94mhttps://live.leverj.io/js/spot.88d55e6c.js[0m
Request 31: [94mhttps://live.leverj.io/spot/api/v1/[0m
Request 32: [94mhttps://live.leverj.io/favicon/favicon-32x32.png[0m
Request 33: [94mhttps://live.leverj.io/favicon/manifest.json[0m
Request 34: [94mhttps://live.leverj.io/favicon/favicon-32x32.png[0m
Request 35: [94mhttps://live.leverj.io/spot/socket.io/[0m
Request 36: [94mhttps://live.leverj.io/futures/api/v1/[0m
Request 37: [94mhttps://live.leverj.io/spot/socket.io/[0m
Request 38: [94mhttps://live.leverj.io/spot/socket.io/[0m
Request 39: [94mwss://live.leverj.io/spot/socket.io/[0m
Request 40: [94mwss://live.leverj.io/spot/socket.io/[0m
Request 41: [94mhttps://live.leverj.io/futures/socket.io/[0m
Request 42: [94mhttps://live.leverj.io/spot/api/v1/all/config[0m
Request 43: [94mhttps://live.leverj.io/futures/api/v1/all/config[0m
Request 44: [94mhttps://live.leverj.io/futures/socket.io/[0m
Request 45: [94mhttps://live.leverj.io/img/sprites.svg[0m
Request 46: [94mhttps://live.leverj.io/fonts/Avenir-Medium.28002881.woff2[0m
Request 47: [94mhttps://live.leverj.io/fonts/Avenir-Heavy.aea0197d.woff2[0m
Request 48: [94mhttps://live.leverj.io/fonts/roboto-mono-v13-latin-regular.d8ab6e6b.woff2[0m
Request 49: [94mhttps://live.leverj.io/futures/socket.io/[0m
Request 50: [94mhttps://live.leverj.io/spot/api/v1/all/info[0m
Request 51: [94mhttps://leverj.io/assets/images/leverj-logo.svg[0m
Request 52: [94mhttps://leverj.io/assets/images/join-the-levolution.jpg[0m
Request 53: [94mhttps://leverj.io/assets/images/trading-comp-stats.jpg[0m
Request 54: [94mhttps://leverj.io/assets/images/liquidity-rewards-program.jpg[0m
Request 55: [94mhttps://leverj.io/assets/images/l2-staking-live.jpg[0m
Request 56: [94mhttps://leverj.io/assets/images/referral-program.jpg[0m
Request 57: [94mhttps://leverj.io/assets/images/leverj-interface.png[0m
Request 58: [94mhttps://live.leverj.io/futures/api/v1/instrument/1/orderbook[0m
Request 59: [94mhttps://live.leverj.io/futures/api/v1/instrument/1/trade[0m
Request 60: [94mwss://live.leverj.io/spot/socket.io/[0m
Completed configuring new page. (chrome-extension://glepecflakcnfpeedbnclfdcabngidkh/notification.html)
Request 61: [94mhttps://live.leverj.io/futures/api/v1/all/info[0m
Request 62: [94mchrome-extension://glepecflakcnfpeedbnclfdcabngidkh/react-gallery/carousel.min.css[0m
Request 63: [94mhttps://sentry.io/api/273505/envelope/[0m
Request 64: [94mwss://live.leverj.io/futures/socket.io/[0m
Request 65: [94mhttps://live.leverj.io/spot/api/v1/all/info[0m
Request 66: [94mhttps://live.leverj.io/futures/api/v1/all/info[0m
Request 67: [94mchrome-extension://glepecflakcnfpeedbnclfdcabngidkh/_locales/en/messages.json[0m
Request 68: [94mchrome-extension://glepecflakcnfpeedbnclfdcabngidkh/_locales/en/messages.json[0m
Request 69: [94mwss://live.leverj.io/futures/socket.io/[0m
Request 70: [94mchrome-extension://glepecflakcnfpeedbnclfdcabngidkh/fonts/Euclid/EuclidCircularB-Bold-WebXL.ttf[0m
Request 71: [94mchrome-extension://glepecflakcnfpeedbnclfdcabngidkh/fonts/Euclid/EuclidCircularB-Regular-WebXL.ttf[0m
Request 72: [94mchrome-extension://glepecflakcnfpeedbnclfdcabngidkh/fonts/fontawesome/fa-solid-900.woff2[0m
Request 73: [94mchrome-extension://glepecflakcnfpeedbnclfdcabngidkh/fonts/Euclid/EuclidCircularB-Medium.ttf[0m
Request 74: [94mhttps://live.leverj.io/favicon/favicon-32x32.png[0m
Identified connect buttons: 
[ 'Connect Wallet', 'Connect', 'Wallet', 'connect' ]
Request 75: [94mhttps://live.leverj.io/spot/api/v1/all/info[0m
Request 76: [94mhttps://live.leverj.io/spot/api/v1/all/countries[0m
Found connect button: Connect Wallet
Request 77: [94mhttps://live.leverj.io/img/gb.85a97dab.svg[0m
Request 78: [94mhttps://live.leverj.io/fonts/Avenir-Book.ca2059b5.woff2[0m
Request 79: [94mhttps://live.leverj.io/fonts/roboto-mono-v13-latin-600.7577ca36.woff2[0m
Request 80: [94mhttps://live.leverj.io/futures/api/v1/all/info[0m
Exiting while loop: MetaMask popup open!
End of while loop: popup
Request 81: [94mhttps://sentry.io/api/273505/envelope/[0m
Request 82: [94mhttps://sentry.io/api/273505/envelope/[0m
Clicked next button!
Clicked continue button!
[92mSuccessfully connected MetaMask wallet![0m
Request 83: [94mhttps://live.leverj.io/fonts/roboto-mono-v13-latin-700.d6ba0e99.woff2[0m
Request 84: [94mhttps://sentry.io/api/273505/envelope/[0m
Request 85: [94mhttps://sentry.io/api/273505/envelope/[0m
Page closed: [94mchrome-extension://glepecflakcnfpeedbnclfdcabngidkh/notification.html#[0m
Request 86: [94mwss://live.leverj.io/spot/socket.io/[0m
Request 87: [94mwss://live.leverj.io/futures/socket.io/[0m
No sign or approve button found!
Request 88: [94mhttps://live.leverj.io/wallet[0m
Request 89: [94mhttps://live.leverj.io/css/spot.24a70e89.css[0m
Request 90: [94mhttps://live.leverj.io/js/big~spot.d97c25a1.js[0m
Request 91: [94mhttps://live.leverj.io/js/small~spot.81431921.js[0m
Request 92: [94mhttps://live.leverj.io/js/spot.88d55e6c.js[0m
Request 93: [94mhttps://live.leverj.io/fonts/Avenir-Medium.28002881.woff2[0m
Request 94: [94mhttps://live.leverj.io/fonts/Avenir-Book.ca2059b5.woff2[0m
Request 95: [94mhttps://live.leverj.io/fonts/Avenir-Heavy.aea0197d.woff2[0m
Request 96: [94mhttps://live.leverj.io/fonts/roboto-mono-v13-latin-regular.d8ab6e6b.woff2[0m
Request 97: [94mhttps://live.leverj.io/fonts/roboto-mono-v13-latin-600.7577ca36.woff2[0m
Request 98: [94mhttps://live.leverj.io/fonts/roboto-mono-v13-latin-700.d6ba0e99.woff2[0m
Request 99: [94mhttps://live.leverj.io/spot/api/v1/[0m
Request 100: [94mhttps://live.leverj.io/favicon/favicon-32x32.png[0m
Waiting for 30000ms
Request 101: [94mhttps://live.leverj.io/favicon/manifest.json[0m
Request 102: [94mhttps://live.leverj.io/favicon/favicon-32x32.png[0m
Request 103: [94mhttps://live.leverj.io/spot/socket.io/[0m
Request 104: [94mhttps://live.leverj.io/futures/api/v1/[0m
Request 105: [94mhttps://live.leverj.io/spot/socket.io/[0m
Request 106: [94mhttps://live.leverj.io/spot/socket.io/[0m
Request 107: [94mwss://live.leverj.io/spot/socket.io/[0m
Request 108: [94mwss://live.leverj.io/spot/socket.io/[0m
Request 109: [94mhttps://live.leverj.io/futures/socket.io/[0m
Request 110: [94mhttps://live.leverj.io/spot/api/v1/all/config[0m
Request 111: [94mhttps://live.leverj.io/futures/api/v1/all/config[0m
Request 112: [94mhttps://live.leverj.io/futures/socket.io/[0m
Request 113: [94mhttps://live.leverj.io/futures/socket.io/[0m
Request 114: [94mhttps://live.leverj.io/spot/api/v1/all/info[0m
Request 115: [94mhttps://live.leverj.io/spot/api/v1/all/countries[0m
Request 116: [94mhttps://live.leverj.io/futures/api/v1/instrument/1/orderbook[0m
Request 117: [94mwss://live.leverj.io/spot/socket.io/[0m
Request 118: [94mhttps://live.leverj.io/futures/api/v1/instrument/1/trade[0m
Request 119: [94mhttps://live.leverj.io/img/gb.85a97dab.svg[0m
Request 120: [94mhttps://live.leverj.io/futures/api/v1/all/info[0m
Request 121: [94mwss://live.leverj.io/futures/socket.io/[0m
Request 122: [94mhttps://live.leverj.io/spot/api/v1/all/info[0m
Request 123: [94mhttps://live.leverj.io/futures/api/v1/all/info[0m
Request 124: [94mwss://live.leverj.io/futures/socket.io/[0m
Request 125: [94mwss://live.leverj.io/spot/socket.io/[0m
Request 126: [94mwss://live.leverj.io/futures/socket.io/[0m
Page closed: [94mhttps://live.leverj.io/wallet[0m
Trying to shutdown
Page closed: [94mchrome-extension://glepecflakcnfpeedbnclfdcabngidkh/home.html#[0m
