Executing with arguments:  {
  printFrameHierarchy: true,
  debugLevel: 'verbose',
  headless: false,
  profilePath: undefined,
  secs: 30,
  links: undefined,
  url: 'https://melonprotocol.com/',
  walletPath: 'metamask-chrome-10.22.2',
  destination: '../results/dapps/crawl',
  force: false,
  executablePath: '/Users/christof/.cache/puppeteer/chrome/mac-1056772/chrome-mac/Chromium.app/Contents/MacOS/Chromium'
}
Completed configuring new page. (about:blank)
Completed configuring new page. (chrome-extension://glepecflakcnfpeedbnclfdcabngidkh/home.html)
Request 1: [94mchrome-extension://glepecflakcnfpeedbnclfdcabngidkh/react-gallery/carousel.min.css[0m
Request 2: [94mhttps://sentry.io/api/273505/envelope/[0m
[94mTrying to import MetaMask connect...[0m
Request 3: [94mchrome-extension://glepecflakcnfpeedbnclfdcabngidkh/_locales/en/messages.json[0m
Request 4: [94mchrome-extension://glepecflakcnfpeedbnclfdcabngidkh/_locales/en/messages.json[0m
Request 5: [94mhttps://sentry.io/api/273505/envelope/[0m
Request 6: [94mhttps://sentry.io/api/273505/envelope/[0m
Request 7: [94mchrome-extension://glepecflakcnfpeedbnclfdcabngidkh/fonts/Euclid/EuclidCircularB-Regular-WebXL.ttf[0m
Request 8: [94mchrome-extension://glepecflakcnfpeedbnclfdcabngidkh/fonts/Euclid/EuclidCircularB-Medium.ttf[0m
Request 9: [94mchrome-extension://glepecflakcnfpeedbnclfdcabngidkh/images/logo/metamask-fox.svg[0m
Request 10: [94mhttps://sentry.io/api/273505/envelope/[0m
Request 11: [94mhttps://sentry.io/api/273505/envelope/[0m
Request 12: [94mchrome-extension://glepecflakcnfpeedbnclfdcabngidkh/images/metrics-chart.svg[0m
Request 13: [94mchrome-extension://glepecflakcnfpeedbnclfdcabngidkh/fonts/fontawesome/fa-solid-900.woff2[0m
Request 14: [94mchrome-extension://glepecflakcnfpeedbnclfdcabngidkh/fonts/Euclid/EuclidCircularB-Bold-WebXL.ttf[0m
Request 15: [94mhttps://sentry.io/api/273505/envelope/[0m
Request 16: [94mhttps://sentry.io/api/273505/envelope/[0m
Request 17: [94mhttps://sentry.io/api/273505/envelope/[0m
Request 18: [94mhttps://sentry.io/api/273505/envelope/[0m
Request 19: [94mchrome-extension://glepecflakcnfpeedbnclfdcabngidkh/fonts/Roboto/Roboto-Regular.ttf[0m
Request 20: [94mchrome-extension://glepecflakcnfpeedbnclfdcabngidkh/fonts/fontawesome/fa-regular-400.woff2[0m
Request 21: [94mhttps://sentry.io/api/273505/envelope/[0m
Request 22: [94mhttps://sentry.io/api/273505/envelope/[0m
[92mImporting MetaMask wallet was successful![0m
Visiting https://melonprotocol.com/
Request 23: [94mhttps://melonprotocol.com/[0m
Request 24: [94mhttps://sentry.io/api/273505/envelope/[0m
Request 25: [94mhttps://sentry.io/api/273505/envelope/[0m
Request 26: [94mchrome-extension://glepecflakcnfpeedbnclfdcabngidkh/images/eth_logo.svg[0m
Request 27: [94mhttps://sentry.io/api/273505/envelope/[0m
Request 28: [94mhttps://melonprotocol.com/favicon.ico[0m
Identified connect buttons: 
[ 'sign' ]
Identified MetaMask buttons:
[]
No checkbox found!
Identified MetaMask buttons:
[]
No checkbox found!
Identified MetaMask buttons:
[]
No checkbox found!
Identified MetaMask buttons:
[]
No checkbox found!
Identified MetaMask buttons:
[]
No checkbox found!
Exiting while loop: Timeout!
End of while loop: timeout
Trying random clicks...
Screen dimensions:
{ width: 1512, height: 747 }
Random click at: 756 373.5
Random click at: 756 323.5
Random click at: 756 273.5
Random click at: 756 223.5
Request 29: [94mhttps://vercel.com/docs/custom-domains[0m
Random click at: 906 448.5
Random click at: 656 273.5
Random click at: 756 473.5
Request 30: [94mhttps://vercel.com/docs/custom-domains[0m
Request 31: [94mhttps://vercel.com/docs/concepts/projects/custom-domains[0m
Request 32: [94mhttps://vercel.com/docs/concepts/projects/domains[0m
Request 33: [94mhttps://assets.vercel.com/raw/upload/v1660068731/fonts/4/Inter.var.latin.woff2[0m
Request 34: [94mhttps://vercel.com/_next/static/css/df67a85013d84b19.css[0m
Request 35: [94mhttps://vercel.com/_next/static/css/f1fa8506be314fc6.css[0m
Request 36: [94mhttps://vercel.com/_next/static/css/97ca6ed5db30ccbc.css[0m
Request 37: [94mhttps://vercel.com/_next/static/chunks/webpack-de82c7eaed4fe5fc.js[0m
Request 38: [94mhttps://vercel.com/_next/static/chunks/framework-943b247166e4e8f7.js[0m
Request 39: [94mhttps://vercel.com/_next/static/chunks/main-e163490ac032540b.js[0m
Request 40: [94mhttps://vercel.com/_next/static/chunks/pages/_app-712d5e20c5810963.js[0m
Request 41: [94mhttps://vercel.com/_next/static/chunks/11591-98a3b12bff7c8ef8.js[0m
Request 42: [94mhttps://vercel.com/_next/static/chunks/87917-46bb1442f568547e.js[0m
Request 43: [94mhttps://vercel.com/_next/static/chunks/53091-8bbf5f221f7e8d97.js[0m
Request 44: [94mhttps://vercel.com/_next/static/chunks/48158-a35b0825e5aa8960.js[0m
Request 45: [94mhttps://vercel.com/_next/static/chunks/42794-b3e3e387917736eb.js[0m
Request 46: [94mhttps://vercel.com/_next/static/chunks/63174-99e8786f3bed9373.js[0m
Request 47: [94mhttps://vercel.com/_next/static/chunks/74316-87e17acbea6a853c.js[0m
Request 48: [94mhttps://vercel.com/_next/static/chunks/25117-ec9637ac6df59be5.js[0m
Request 49: [94mhttps://vercel.com/_next/static/chunks/28950-8c9359a0702c5cb1.js[0m
Request 50: [94mhttps://vercel.com/_next/static/chunks/57749-ea887927e73f35b5.js[0m
Request 51: [94mhttps://vercel.com/_next/static/chunks/pages/docs/concepts/projects/domains-ec738c58b987825c.js[0m
Request 52: [94mhttps://vercel.com/_next/static/LPP9O2rTfH46nKeaF1mHI/_buildManifest.js[0m
Request 53: [94mhttps://vercel.com/_next/static/LPP9O2rTfH46nKeaF1mHI/_ssgManifest.js[0m
Request 54: [94mhttps://assets.vercel.com/twemoji/1f62d.svg[0m
Request 55: [94mhttps://assets.vercel.com/twemoji/1f615.svg[0m
Request 56: [94mhttps://assets.vercel.com/twemoji/1f600.svg[0m
Request 57: [94mhttps://assets.vercel.com/twemoji/1f929.svg[0m
Request 58: [94mhttps://fonts.gstatic.com/s/robotomono/v22/L0xTDF4xlVMF-BfR8bXMIhJHg45mwgGEFl0_3vrtSM1J-gEPT5Ese6hmHSh0me8iUI0.woff2[0m
Request 59: [94mhttps://vercel.com/_next/image[0m
Request 60: [94mhttps://assets.vercel.com/image/upload/front/favicon/vercel/32x32.png[0m
Request 61: [94mhttps://vercel.com/_next/static/chunks/f69bbb46-6721c39e29eece12.js[0m
Request 62: [94mhttps://vercel.com/_next/static/chunks/76588-c5c931183584396e.js[0m
Request 63: [94mhttps://vercel.com/_next/static/chunks/16981-677d95dfc701f2bd.js[0m
Request 64: [94mhttps://vercel.com/_next/static/chunks/82366-5900bbd6dd8b5192.js[0m
Request 65: [94mhttps://vercel.com/_next/static/chunks/19928-7f76f20011b5b0f5.js[0m
Request 66: [94mhttps://vercel.com/_next/static/chunks/43527-95314fa1822fcc9a.js[0m
Request 67: [94mhttps://vercel.com/_next/static/chunks/39869-ca42f1972ca6eb53.js[0m
Request 68: [94mhttps://vercel.com/_next/static/chunks/59817.dfec8a1da63b2400.js[0m
Request 69: [94mhttps://vercel.com/_next/static/chunks/42466-1388081364dec882.js[0m
Request 70: [94mhttps://vercel.com/_next/static/chunks/46653-17916678f3e70e5d.js[0m
Request 71: [94mhttps://vercel.com/_next/static/chunks/6975-a632403bd27c1c16.js[0m
Request 72: [94mhttps://vercel.com/_next/static/chunks/41844-c9dd9c9324984c81.js[0m
Request 73: [94mhttps://vercel.com/_next/static/chunks/11643-adae890f388a628a.js[0m
Request 74: [94mhttps://vercel.com/_next/static/css/3182b2531cbc3262.css[0m
Request 75: [94mhttps://vercel.com/_next/static/chunks/68048-40ca81b6d41f2686.js[0m
Request 76: [94mhttps://vercel.com/_next/static/chunks/17369-4fa50df9157d6973.js[0m
Request 77: [94mhttps://vercel.com/_next/static/chunks/79447.5424926c13947117.js[0m
Request 78: [94mhttps://vercel.com/_next/static/css/767aefb1829a7416.css[0m
Request 79: [94mhttps://vercel.com/_next/static/chunks/16979.7d338344025bae14.js[0m
Request 80: [94mhttps://vercel.com/_next/static/css/a0444d4675969274.css[0m
Request 81: [94mhttps://vercel.com/_next/static/chunks/99764.046fbc4e2f073166.js[0m
Request 82: [94mhttps://vercel.com/_vercel/insights/script.js[0m
Request 83: [94mhttps://vitals.vercel-insights.com/v1/vitals[0m
Request 84: [94mhttps://vercel.com/api/jwt[0m
Request 85: [94mhttps://vercel.com/api/show-banner[0m
Request 86: [94mhttps://vercel.com/_next/static/chunks/36395-7ee14e4c06a97a2e.js[0m
Request 87: [94mhttps://vercel.com/_next/static/chunks/pages/docs-934f967143f6c69b.js[0m
Request 88: [94mhttps://vercel.com/_next/data/LPP9O2rTfH46nKeaF1mHI/guides.json[0m
Request 89: [94mhttps://vercel.com/_next/static/chunks/84413-627c920388ba26f3.js[0m
Request 90: [94mhttps://vercel.com/_next/static/chunks/pages/guides-d88d104f77b47a42.js[0m
Request 91: [94mhttps://vercel.com/_next/data/LPP9O2rTfH46nKeaF1mHI/docs/project-configuration.json[0m
Request 92: [94mhttps://vercel.com/_next/static/chunks/72839-837c687413f302e1.js[0m
Request 93: [94mhttps://vercel.com/_next/static/chunks/pages/docs/project-configuration-9c8cd7327e3f8667.js[0m
Request 94: [94mhttps://vercel.com/_next/data/LPP9O2rTfH46nKeaF1mHI/docs/deploy-button.json[0m
Request 95: [94mhttps://vercel.com/_next/static/chunks/33182-4b83cbb05e82f998.js[0m
Request 96: [94mhttps://vercel.com/_next/static/chunks/pages/docs/deploy-button-e6bdd13211a3ea52.js[0m
Request 97: [94mhttps://vercel.com/_next/data/LPP9O2rTfH46nKeaF1mHI/docs/rest-api.json[0m
Request 98: [94mhttps://vercel.com/_next/static/chunks/36886-2a93e29c063f8e9d.js[0m
Request 99: [94mhttps://vercel.com/_next/static/chunks/67734-be46213481105883.js[0m
Request 100: [94mhttps://vercel.com/_next/static/chunks/pages/docs/rest-api-5da0b5527be5119b.js[0m
Request 101: [94mhttps://vercel.com/_next/data/LPP9O2rTfH46nKeaF1mHI/docs/build-output-api/v3.json[0m
Request 102: [94mhttps://vercel.com/_next/static/chunks/pages/docs/build-output-api/v3-3555fc306d47fee9.js[0m
Request 103: [94mhttps://vercel.com/_next/data/LPP9O2rTfH46nKeaF1mHI/docs/errors.json[0m
Request 104: [94mhttps://vercel.com/_next/static/chunks/pages/docs/errors-0e7e5aeb3e541114.js[0m
Request 105: [94mhttps://vercel.com/_next/static/chunks/44322-7ab00a1e5ff01ff3.js[0m
Request 106: [94mhttps://vercel.com/_next/static/chunks/4888-7b1654911856a210.js[0m
Request 107: [94mhttps://vercel.com/_next/static/chunks/49314-8a77f30c9e52d7ce.js[0m
Request 108: [94mhttps://vercel.com/_next/static/chunks/pages/help-3309a3a1f8c7c8cd.js[0m
Request 109: [94mhttps://vercel.com/_next/data/LPP9O2rTfH46nKeaF1mHI/blog.json[0m
Request 110: [94mhttps://vercel.com/_next/static/chunks/45815-fe5d625cf22c47d9.js[0m
Request 111: [94mhttps://vercel.com/_next/static/chunks/61122-f5eabcfea385c61e.js[0m
Request 112: [94mhttps://vercel.com/_next/static/chunks/pages/blog-9705cf5d7ab119c6.js[0m
Request 113: [94mhttps://vercel.com/_next/data/LPP9O2rTfH46nKeaF1mHI/login.json[0m
Request 114: [94mhttps://vercel.com/_next/static/chunks/11306-ec6dd68aa2892e97.js[0m
Request 115: [94mhttps://vercel.com/_next/static/chunks/47247-6beaeedbec57aef8.js[0m
Request 116: [94mhttps://vercel.com/_next/static/chunks/11871-5ce9099b958d41c2.js[0m
Request 117: [94mhttps://vercel.com/_next/static/chunks/pages/login/%5B%5B...mode%5D%5D-3e48143a1f38ffa6.js[0m
Request 118: [94mhttps://vercel.com/_next/static/chunks/15555-16cb2692941a509a.js[0m
Request 119: [94mhttps://vercel.com/_next/static/chunks/21150-038ed486d72beeb3.js[0m
Request 120: [94mhttps://vercel.com/_next/static/chunks/82217-3ae26f72610ea6c5.js[0m
Request 121: [94mhttps://vercel.com/_next/static/chunks/65795-5bd1af5f9f44da14.js[0m
Request 122: [94mhttps://vercel.com/_next/static/chunks/32704-4ed8e5ec10e63dc1.js[0m
Request 123: [94mhttps://vercel.com/_next/static/chunks/pages/docs/concepts/get-started-02983fc9dc997a14.js[0m
Request 124: [94mhttps://vercel.com/_next/static/chunks/pages/docs/concepts/get-started/deploy-128f531de60621c7.js[0m
Request 125: [94mhttps://vercel.com/_next/static/chunks/pages/docs/concepts/dashboard-features-210ce1f76c1171e8.js[0m
Request 126: [94mhttps://vercel.com/_next/static/chunks/pages/docs/concepts/dashboard-features/overview-f8a0dbe0921c5c91.js[0m
Request 127: [94mhttps://vercel.com/_next/static/chunks/pages/docs/concepts/projects/overview-2a3f80dfaf99a31e.js[0m
Request 128: [94mhttps://vercel.com/_next/static/chunks/pages/docs/concepts/projects/domains/view-and-search-domains-d75880f851463abf.js[0m
Request 129: [94mhttps://vercel.com/_next/static/chunks/pages/docs/concepts/projects/domains/add-a-domain-a8ec97081c3ce2ae.js[0m
Request 130: [94mhttps://vercel.com/_next/static/chunks/pages/docs/concepts/projects/domains/deploying-and-redirecting-4cf4275bf8986b36.js[0m
Request 131: [94mhttps://vercel.com/_next/static/chunks/pages/docs/concepts/projects/domains/remove-a-domain-1a5f9eeaa144cb75.js[0m
Request 132: [94mhttps://vercel.com/_next/static/chunks/pages/docs/concepts/projects/domains/renew-a-domain-acea98ff7ed158e6.js[0m
Request 133: [94mhttps://vercel.com/_next/static/chunks/pages/docs/concepts/projects/domains/transfer-your-domain-5b6795d5c3710b81.js[0m
Request 134: [94mhttps://vercel.com/_next/static/chunks/pages/docs/concepts/projects/domains/assign-domain-to-a-git-branch-3b41cad5c78c8f4b.js[0m
Request 135: [94mhttps://vercel.com/_next/static/chunks/pages/docs/concepts/projects/domains/managing-dns-records-e891537949b20f9d.js[0m
Request 136: [94mhttps://vercel.com/_next/static/chunks/pages/docs/concepts/projects/domains/managing-nameservers-a6912827a517d741.js[0m
Request 137: [94mhttps://vercel.com/_next/static/chunks/pages/docs/concepts/projects/domains/custom-SSL-certificate-de35c4868b07d728.js[0m
Request 138: [94mhttps://vercel.com/_next/data/LPP9O2rTfH46nKeaF1mHI/docs/concepts/projects/environment-variables.json[0m
Request 139: [94mhttps://vercel.com/_next/static/chunks/44394-87737708f0b0b7c2.js[0m
Request 140: [94mhttps://vercel.com/_next/static/chunks/pages/docs/concepts/projects/environment-variables-d922545510796b85.js[0m
Request 141: [94mhttps://vercel.com/_next/static/chunks/pages/docs/concepts/projects/shared-environment-variables-5ee66fb26143a5e3.js[0m
Request 142: [94mhttps://vercel.com/_next/static/chunks/pages/docs/teams-and-accounts-7b448295e867cff6.js[0m
Request 143: [94mhttps://vercel.com/_next/static/chunks/pages/docs/teams-and-accounts/create-or-join-a-team-c477624b26c4af6d.js[0m
Request 144: [94mhttps://vercel.com/_next/static/chunks/pages/docs/concepts/deployments/overview-da6afcdf727ab044.js[0m
Request 145: [94mhttps://vercel.com/_next/static/chunks/pages/docs/concepts/deployments/configure-a-build-c23ca57ddd08c13d.js[0m
Request 146: [94mhttps://vercel.com/api/exp[0m
Request 147: [94mhttps://vercel.com/_vercel/insights/view[0m
Request 148: [94mhttps://cdn.sift.com/s.js[0m
Request 149: [94mhttps://vitals.vercel-insights.com/v1/vitals[0m
Request 150: [94mhttps://assets.vercel.com/image/upload/front/favicon/vercel/favicon.ico[0m
Request 151: [94mhttps://assets.vercel.com/image/upload/front/favicon/vercel/site.webmanifest[0m
Request 152: [94mhttps://hexagon-analytics.com/images/309809.gif[0m
Request 153: [94mhttps://vercel.com/status-api[0m
Request 154: [94mhttps://vercel.com/_next/static/css/f1fa8506be314fc6.css[0m
Request 155: [94mhttps://vercel.com/_next/static/css/97ca6ed5db30ccbc.css[0m
Request 156: [94mhttps://vercel.com/_next/static/chunks/36395-7ee14e4c06a97a2e.js[0m
Request 157: [94mhttps://vercel.com/_next/static/chunks/pages/docs-934f967143f6c69b.js[0m
Request 158: [94mhttps://vercel.com/_next/static/css/a1adfc6224c1e100.css[0m
Request 159: [94mhttps://cdn.ethyca.com/org/oueOVtbEu9DiFVB06nsApzwM2Dcx1DOHdf0gyahrE%3D/cookie.js[0m
Request 160: [94mhttps://vercel.com/_next/static/chunks/pages/docs/concepts/dashboard-features/overview-f8a0dbe0921c5c91.js[0m
Request 161: [94mhttps://vercel.com/_next/static/css/970e7c04a474f9f4.css[0m
Request 162: [94mhttps://vercel.com/_next/static/chunks/pages/docs/concepts/deployments/overview-da6afcdf727ab044.js[0m
Request 163: [94mhttps://vercel.com/_next/static/css/8206b507bac28e11.css[0m
Request 164: [94mhttps://vercel.com/_next/static/chunks/45815-fe5d625cf22c47d9.js[0m
Request 165: [94mhttps://vercel.com/_next/static/chunks/61122-f5eabcfea385c61e.js[0m
Request 166: [94mhttps://vercel.com/_next/static/chunks/pages/blog-9705cf5d7ab119c6.js[0m
Request 167: [94mhttps://vercel.com/_next/static/css/3182b2531cbc3262.css[0m
Request 168: [94mhttps://vercel.com/_next/static/css/20db8cdb99081bc3.css[0m
Request 169: [94mhttps://vercel.com/_next/static/chunks/15555-16cb2692941a509a.js[0m
Request 170: [94mhttps://vercel.com/_next/static/chunks/21150-038ed486d72beeb3.js[0m
Request 171: [94mhttps://vercel.com/_next/static/chunks/82217-3ae26f72610ea6c5.js[0m
Request 172: [94mhttps://vercel.com/_next/static/chunks/65795-5bd1af5f9f44da14.js[0m
Request 173: [94mhttps://vercel.com/_next/static/chunks/32704-4ed8e5ec10e63dc1.js[0m
Request 174: [94mhttps://vercel.com/_next/static/chunks/pages/docs/concepts/get-started/deploy-128f531de60621c7.js[0m
Request 175: [94mhttps://vercel.com/_next/static/css/5a8c90bcd5f9d7d8.css[0m
Request 176: [94mhttps://vercel.com/_next/static/css/68e0372632678986.css[0m
Request 177: [94mhttps://vercel.com/_next/static/chunks/72839-837c687413f302e1.js[0m
Request 178: [94mhttps://vercel.com/_next/static/chunks/33182-4b83cbb05e82f998.js[0m
Request 179: [94mhttps://vercel.com/_next/static/chunks/pages/docs/deploy-button-e6bdd13211a3ea52.js[0m
Request 180: [94mhttps://vercel.com/_next/static/css/9e0789fcccf5e1cb.css[0m
Request 181: [94mhttps://vercel.com/_next/static/chunks/pages/docs/errors-0e7e5aeb3e541114.js[0m
Request 182: [94mhttps://vercel.com/_next/static/css/17164bee9d0f46ec.css[0m
Request 183: [94mhttps://vercel.com/_next/static/chunks/pages/docs/build-output-api/v3-3555fc306d47fee9.js[0m
Request 184: [94mhttps://vercel.com/_next/static/css/98329ea9411decc2.css[0m
Request 185: [94mhttps://vercel.com/_next/static/chunks/pages/docs/concepts/projects/domains/remove-a-domain-1a5f9eeaa144cb75.js[0m
Request 186: [94mhttps://vercel.com/_next/static/css/9fe2d46fbfad87ce.css[0m
Request 187: [94mhttps://vercel.com/_next/static/chunks/pages/docs/concepts/projects/domains/renew-a-domain-acea98ff7ed158e6.js[0m
Request 188: [94mhttps://vercel.com/_next/static/chunks/pages/docs/concepts/dashboard-features-210ce1f76c1171e8.js[0m
Request 189: [94mhttps://vercel.com/_next/static/css/d46859918f517a72.css[0m
Request 190: [94mhttps://vercel.com/_next/static/chunks/pages/docs/concepts/projects/domains/assign-domain-to-a-git-branch-3b41cad5c78c8f4b.js[0m
Request 191: [94mhttps://vercel.com/_next/static/chunks/84413-627c920388ba26f3.js[0m
Request 192: [94mhttps://vercel.com/_next/static/chunks/pages/guides-d88d104f77b47a42.js[0m
Request 193: [94mhttps://vercel.com/_next/static/css/a41c1b6635e16189.css[0m
Request 194: [94mhttps://vercel.com/_next/static/chunks/36886-2a93e29c063f8e9d.js[0m
Request 195: [94mhttps://vercel.com/_next/static/chunks/67734-be46213481105883.js[0m
Request 196: [94mhttps://vercel.com/_next/static/chunks/pages/docs/rest-api-5da0b5527be5119b.js[0m
Request 197: [94mhttps://vercel.com/_next/static/css/5cde8c2faf0fce4f.css[0m
Request 198: [94mhttps://vercel.com/_next/static/chunks/pages/docs/concepts/projects/domains/view-and-search-domains-d75880f851463abf.js[0m
Request 199: [94mhttps://vercel.com/_next/static/chunks/pages/docs/concepts/projects/domains/managing-nameservers-a6912827a517d741.js[0m
Request 200: [94mhttps://vercel.com/_next/static/chunks/pages/docs/concepts/projects/domains/add-a-domain-a8ec97081c3ce2ae.js[0m
Request 201: [94mhttps://vercel.com/_next/static/css/1defc0fecb30da10.css[0m
Request 202: [94mhttps://vercel.com/_next/static/chunks/pages/docs/concepts/projects/overview-2a3f80dfaf99a31e.js[0m
Request 203: [94mhttps://vercel.com/_next/static/css/7be8ea2e6e2cef13.css[0m
Request 204: [94mhttps://vercel.com/_next/static/chunks/pages/docs/concepts/projects/domains/custom-SSL-certificate-de35c4868b07d728.js[0m
Request 205: [94mhttps://vercel.com/_next/static/css/36c6c93684e77ce5.css[0m
Request 206: [94mhttps://vercel.com/_next/static/chunks/pages/docs/concepts/projects/domains/managing-dns-records-e891537949b20f9d.js[0m
Request 207: [94mhttps://vercel.com/_next/static/chunks/pages/docs/concepts/deployments/configure-a-build-c23ca57ddd08c13d.js[0m
Request 208: [94mhttps://vercel.com/_next/static/css/56411d115fe0b2bb.css[0m
Request 209: [94mhttps://vercel.com/_next/static/chunks/pages/docs/concepts/projects/domains/deploying-and-redirecting-4cf4275bf8986b36.js[0m
Request 210: [94mhttps://vercel.com/_next/static/chunks/44322-7ab00a1e5ff01ff3.js[0m
Request 211: [94mhttps://vercel.com/_next/static/chunks/4888-7b1654911856a210.js[0m
Request 212: [94mhttps://vercel.com/_next/static/chunks/49314-8a77f30c9e52d7ce.js[0m
Request 213: [94mhttps://vercel.com/_next/static/chunks/pages/help-3309a3a1f8c7c8cd.js[0m
Request 214: [94mhttps://vercel.com/_next/static/css/2a1d9e55d3c51fe3.css[0m
Request 215: [94mhttps://vercel.com/_next/static/css/33ce0bb5ad6831bf.css[0m
Request 216: [94mhttps://vercel.com/_next/static/chunks/pages/docs/teams-and-accounts-7b448295e867cff6.js[0m
Request 217: [94mhttps://vercel.com/_next/static/css/5871298ec7776844.css[0m
Request 218: [94mhttps://vercel.com/_next/static/chunks/pages/docs/project-configuration-9c8cd7327e3f8667.js[0m
Request 219: [94mhttps://vercel.com/_next/static/css/e1c9460bbb5c1c02.css[0m
Request 220: [94mhttps://vercel.com/_next/static/chunks/44394-87737708f0b0b7c2.js[0m
Request 221: [94mhttps://vercel.com/_next/static/chunks/pages/docs/concepts/projects/environment-variables-d922545510796b85.js[0m
Request 222: [94mhttps://vercel.com/_next/static/css/7041c117f783100c.css[0m
Request 223: [94mhttps://vercel.com/_next/static/chunks/pages/docs/concepts/projects/shared-environment-variables-5ee66fb26143a5e3.js[0m
Request 224: [94mhttps://vercel.com/_next/static/css/f634a3498ee71226.css[0m
Request 225: [94mhttps://vercel.com/_next/static/chunks/pages/docs/concepts/get-started-02983fc9dc997a14.js[0m
Request 226: [94mhttps://vercel.com/_next/static/chunks/pages/docs/teams-and-accounts/create-or-join-a-team-c477624b26c4af6d.js[0m
Request 227: [94mhttps://vercel.com/_next/static/css/6e62bdf7798500a5.css[0m
Request 228: [94mhttps://vercel.com/_next/static/chunks/pages/docs/concepts/projects/domains/transfer-your-domain-5b6795d5c3710b81.js[0m
Request 229: [94mhttps://vercel.com/_next/static/chunks/11306-ec6dd68aa2892e97.js[0m
Request 230: [94mhttps://vercel.com/_next/static/chunks/47247-6beaeedbec57aef8.js[0m
Request 231: [94mhttps://vercel.com/_next/static/chunks/11871-5ce9099b958d41c2.js[0m
Request 232: [94mhttps://vercel.com/_next/static/chunks/pages/login/%5B%5B...mode%5D%5D-3e48143a1f38ffa6.js[0m
Request 233: [94mhttps://vercel.com/_next/static/css/4479a9a9d99e1aab.css[0m
Request 234: [94mhttps://vercel.com/_next/static/css/1bc79682cdb106bf.css[0m
Request 235: [94mchrome-extension://glepecflakcnfpeedbnclfdcabngidkh/notification.html[0m
Request 236: [94mchrome-extension://glepecflakcnfpeedbnclfdcabngidkh/index.css[0m
Request 237: [94mchrome-extension://glepecflakcnfpeedbnclfdcabngidkh/index-rtl.css[0m
Request 238: [94mchrome-extension://glepecflakcnfpeedbnclfdcabngidkh/images/logo/metamask-fox.svg[0m
Request 239: [94mchrome-extension://glepecflakcnfpeedbnclfdcabngidkh/images/spinner.gif[0m
Request 240: [94mchrome-extension://glepecflakcnfpeedbnclfdcabngidkh/globalthis.js[0m
Request 241: [94mchrome-extension://glepecflakcnfpeedbnclfdcabngidkh/sentry-install.js[0m
Request 242: [94mchrome-extension://glepecflakcnfpeedbnclfdcabngidkh/runtime-lavamoat.js[0m
Request 243: [94mchrome-extension://glepecflakcnfpeedbnclfdcabngidkh/lockdown-more.js[0m
Request 244: [94mchrome-extension://glepecflakcnfpeedbnclfdcabngidkh/policy-load.js[0m
Request 245: [94mchrome-extension://glepecflakcnfpeedbnclfdcabngidkh/common-0.js[0m
Request 246: [94mchrome-extension://glepecflakcnfpeedbnclfdcabngidkh/common-1.js[0m
Request 247: [94mchrome-extension://glepecflakcnfpeedbnclfdcabngidkh/common-2.js[0m
Request 248: [94mchrome-extension://glepecflakcnfpeedbnclfdcabngidkh/common-3.js[0m
Request 249: [94mchrome-extension://glepecflakcnfpeedbnclfdcabngidkh/common-4.js[0m
Request 250: [94mchrome-extension://glepecflakcnfpeedbnclfdcabngidkh/common-5.js[0m
Request 251: [94mchrome-extension://glepecflakcnfpeedbnclfdcabngidkh/common-6.js[0m
Request 252: [94mchrome-extension://glepecflakcnfpeedbnclfdcabngidkh/common-7.js[0m
Request 253: [94mchrome-extension://glepecflakcnfpeedbnclfdcabngidkh/common-8.js[0m
Request 254: [94mchrome-extension://glepecflakcnfpeedbnclfdcabngidkh/common-9.js[0m
Request 255: [94mchrome-extension://glepecflakcnfpeedbnclfdcabngidkh/ui-0.js[0m
Request 256: [94mchrome-extension://glepecflakcnfpeedbnclfdcabngidkh/ui-1.js[0m
Request 257: [94mchrome-extension://glepecflakcnfpeedbnclfdcabngidkh/ui-2.js[0m
Request 258: [94mchrome-extension://glepecflakcnfpeedbnclfdcabngidkh/ui-3.js[0m
Request 259: [94mchrome-extension://glepecflakcnfpeedbnclfdcabngidkh/ui-4.js[0m
Request 260: [94mchrome-extension://glepecflakcnfpeedbnclfdcabngidkh/ui-5.js[0m
Request 261: [94mchrome-extension://glepecflakcnfpeedbnclfdcabngidkh/ui-6.js[0m
Request 262: [94mchrome-extension://glepecflakcnfpeedbnclfdcabngidkh/ui-7.js[0m
Request 263: [94mchrome-extension://glepecflakcnfpeedbnclfdcabngidkh/ui-8.js[0m
Request 264: [94mchrome-extension://glepecflakcnfpeedbnclfdcabngidkh/ui-9.js[0m
Request 265: [94mchrome-extension://glepecflakcnfpeedbnclfdcabngidkh/react-gallery/carousel.min.css[0m
Request 266: [94mhttps://sentry.io/api/273505/envelope/[0m
Request 267: [94mhttps://vitals.vercel-insights.com/v1/vitals[0m
Request 268: [94mhttps://vitals.vercel-insights.com/v1/vitals[0m
Request 269: [94mchrome-extension://glepecflakcnfpeedbnclfdcabngidkh/_locales/en/messages.json[0m
Request 270: [94mchrome-extension://glepecflakcnfpeedbnclfdcabngidkh/_locales/en/messages.json[0m
Page closed: [94mchrome-extension://glepecflakcnfpeedbnclfdcabngidkh/notification.html[0m
No metamask popup found!
Page closed: [94mhttps://vercel.com/docs/concepts/projects/domains#assigning-a-domain-to-a-git-branch[0m
No sign or approve button found!
Waiting for 30000ms
Trying to shutdown
