Executing with arguments:  {
  printFrameHierarchy: true,
  debugLevel: 'verbose',
  headless: false,
  profilePath: undefined,
  secs: 30,
  links: undefined,
  url: 'https://rcn.market/',
  walletPath: 'metamask-chrome-10.22.2',
  destination: '../results/dapps/crawl',
  force: false,
  executablePath: '/Users/christof/.cache/puppeteer/chrome/mac-1056772/chrome-mac/Chromium.app/Contents/MacOS/Chromium'
}
Completed configuring new page. (about:blank)
Completed configuring new page. (chrome-extension://glepecflakcnfpeedbnclfdcabngidkh/home.html)
Request 1: [94mchrome-extension://glepecflakcnfpeedbnclfdcabngidkh/react-gallery/carousel.min.css[0m
Request 2: [94mhttps://sentry.io/api/273505/envelope/[0m
[94mTrying to import MetaMask connect...[0m
Request 3: [94mchrome-extension://glepecflakcnfpeedbnclfdcabngidkh/_locales/en/messages.json[0m
Request 4: [94mchrome-extension://glepecflakcnfpeedbnclfdcabngidkh/_locales/en/messages.json[0m
Request 5: [94mhttps://sentry.io/api/273505/envelope/[0m
Request 6: [94mhttps://sentry.io/api/273505/envelope/[0m
Request 7: [94mchrome-extension://glepecflakcnfpeedbnclfdcabngidkh/fonts/Euclid/EuclidCircularB-Regular-WebXL.ttf[0m
Request 8: [94mchrome-extension://glepecflakcnfpeedbnclfdcabngidkh/fonts/Euclid/EuclidCircularB-Medium.ttf[0m
Request 9: [94mchrome-extension://glepecflakcnfpeedbnclfdcabngidkh/images/logo/metamask-fox.svg[0m
Request 10: [94mhttps://sentry.io/api/273505/envelope/[0m
Request 11: [94mhttps://sentry.io/api/273505/envelope/[0m
Request 12: [94mchrome-extension://glepecflakcnfpeedbnclfdcabngidkh/images/metrics-chart.svg[0m
Request 13: [94mchrome-extension://glepecflakcnfpeedbnclfdcabngidkh/fonts/fontawesome/fa-solid-900.woff2[0m
Request 14: [94mchrome-extension://glepecflakcnfpeedbnclfdcabngidkh/fonts/Euclid/EuclidCircularB-Bold-WebXL.ttf[0m
Request 15: [94mhttps://sentry.io/api/273505/envelope/[0m
Request 16: [94mhttps://sentry.io/api/273505/envelope/[0m
Request 17: [94mhttps://sentry.io/api/273505/envelope/[0m
Request 18: [94mhttps://sentry.io/api/273505/envelope/[0m
Request 19: [94mchrome-extension://glepecflakcnfpeedbnclfdcabngidkh/fonts/Roboto/Roboto-Regular.ttf[0m
Request 20: [94mchrome-extension://glepecflakcnfpeedbnclfdcabngidkh/fonts/fontawesome/fa-regular-400.woff2[0m
Request 21: [94mhttps://sentry.io/api/273505/envelope/[0m
Request 22: [94mhttps://sentry.io/api/273505/envelope/[0m
[92mImporting MetaMask wallet was successful![0m
Visiting https://rcn.market/
Request 23: [94mhttps://rcn.market/[0m
Request 24: [94mhttps://sentry.io/api/273505/envelope/[0m
Request 25: [94mhttps://sentry.io/api/273505/envelope/[0m
Request 26: [94mchrome-extension://glepecflakcnfpeedbnclfdcabngidkh/images/eth_logo.svg[0m
Request 27: [94mhttps://fonts.googleapis.com/css[0m
Request 28: [94mhttps://fonts.googleapis.com/icon[0m
Request 29: [94mhttps://use.fontawesome.com/releases/v5.6.3/css/all.css[0m
Request 30: [94mhttps://use.typekit.net/vrp4lvb.css[0m
Request 31: [94mhttps://use.fontawesome.com/releases/v5.6.3/js/all.js[0m
Request 32: [94mhttps://d33wubrfki0l68.cloudfront.net/js/77e97ccdda35742bf3e65149c3320347cde55c75/runtime.8aab96a211c85bf82c5f.js[0m
Request 33: [94mhttps://d33wubrfki0l68.cloudfront.net/bundles/6c56b1d0a418e7f2cc42bd0905160c1d748d7a34.js[0m
Request 34: [94mhttps://p.typekit.net/p.css[0m
Request 35: [94mhttps://www.googletagmanager.com/gtm.js[0m
Request 36: [94mhttps://www.google-analytics.com/analytics.js[0m
Request 37: [94mhttps://use.typekit.net/af/705e94/00000000000000003b9b3062/27/l[0m
Request 38: [94mhttps://ipcountry-api.rcn.loans/[0m
Request 39: [94mhttps://use.fontawesome.com/releases/v5.6.3/webfonts/fa-solid-900.woff2[0m
Request 40: [94mhttps://fonts.gstatic.com/s/roboto/v30/KFOlCnqEu92Fr1MmWUlfBBc4AMP6lQ.woff2[0m
Request 41: [94mhttps://fonts.gstatic.com/s/roboto/v30/KFOmCnqEu92Fr1Mu4mxKKTU1Kg.woff2[0m
Request 42: [94mhttps://use.typekit.net/af/949f99/00000000000000003b9b3068/27/l[0m
Request 43: [94mhttps://new-api-mainnet-diaspore-usdc.rcn.loans/status[0m
Request 44: [94mhttps://new-api-mainnet-diaspore-usdc.rcn.loans/lent/undefined[0m
Request 45: [94mhttps://rcn.market/13.7e32da7d726eea3314c5.js[0m
Request 46: [94mhttps://new-api-mainnet-diaspore-usdc.rcn.loans/borrowed/undefined[0m
Request 47: [94mhttps://rcn.market/assets/isologo.svg[0m
Request 48: [94mhttps://rcn.market/assets/isologotypo.svg[0m
Request 49: [94mhttps://rcn.market/assets/usdc.png[0m
Request 50: [94mhttps://rcn.market/assets/chain-ethereum.svg[0m
Request 51: [94mhttps://rcn.market/assets/rcn.png[0m
Request 52: [94mhttps://rcn.market/null[0m
Request 53: [94mhttps://rcn.market/assets/defi-pulse.svg[0m
Request 54: [94mhttps://use.fontawesome.com/releases/v5.6.3/webfonts/fa-brands-400.woff2[0m
Request 55: [94mhttps://rcn.market/assets/favicon.png[0m
Request 56: [94mhttps://old-api-mainnet-diaspore.rcn.loans/borrowed/undefined[0m
Request 57: [94mhttps://old-api-mainnet-diaspore.rcn.loans/lent/undefined[0m
Request 58: [94mhttps://www.google-analytics.com/j/collect[0m
Request 59: [94mhttps://rcn.market/1.987ebe148705f466efd6.js[0m
Request 60: [94mhttps://rcn.market/3.de8e49a1c38d3a2c5215.js[0m
Request 61: [94mhttps://rcn.market/4.56e007a259aa8a11e0b4.js[0m
Request 62: [94mhttps://rcn.market/common.5560edc571dba7c3f14b.js[0m
Request 63: [94mhttps://rcn.market/14.56b8c34c698c16355ded.js[0m
Request 64: [94mhttps://rcn.market/17.4aed7ede52369adc0a75.js[0m
Request 65: [94mhttps://rcn.market/15.da1a379629c6cd9fa8d7.js[0m
Request 66: [94mhttps://rcn.market/18.7f2459d467fb46405d94.js[0m
Request 67: [94mhttps://rcn.market/10.a6dcae771519875ae9fe.js[0m
Request 68: [94mhttps://rcn.market/19.6f2f3235896cd4a89ee3.js[0m
Request 69: [94mhttps://rcn.market/16.024535bec004fd0bc3e1.js[0m
Request 70: [94mhttps://rcn.market/12.5cb553d7b13c2f69a27f.js[0m
Request 71: [94mhttps://rcn.market/9.1ca60db400ea2490cb43.js[0m
Request 72: [94mhttps://rcn.market/11.28ea8e4db36df68be860.js[0m
Request 73: [94mhttps://rcn.market/assets/home/home-lend-desktop.png[0m
Request 74: [94mhttps://rcn.market/assets/home/home-lend-mobile.png[0m
Request 75: [94mhttps://rcn.market/assets/home/home-borrow-desktop.png[0m
Request 76: [94mhttps://rcn.market/assets/home/home-borrow-mobile.png[0m
Request 77: [94mhttps://rcn.market/assets/home/home-myloans-desktop.png[0m
Request 78: [94mhttps://rcn.market/assets/home/home-myloans-mobile.png[0m
Request 79: [94mhttps://rcn.market/assets/home/home-connect.png[0m
Request 80: [94mhttps://rcn.market/assets/logo-metamask.svg[0m
Request 81: [94mhttps://rcn.market/assets/logo-coinbase.png[0m
Request 82: [94mhttps://rcn.market/assets/logo-walletconnect.svg[0m
Request 83: [94mhttps://rcn.market/home-bg.c0591ba74cff90027e0c.svg[0m
Request 84: [94mhttps://use.typekit.net/af/d82519/00000000000000003b9b306a/27/l[0m
Request 85: [94mhttps://use.typekit.net/af/576d53/00000000000000003b9b3066/27/l[0m
Request 86: [94mhttps://stats.g.doubleclick.net/j/collect[0m
Request 87: [94mhttps://old-api-mainnet-diaspore.rcn.loans/status[0m
Request 88: [94mhttps://rcn.market/assets/favicon.png[0m
Identified connect buttons: 
[ 'Connect', 'Wallet', 'connect', 'wallet', 'account' ]
Found connect button: Connect
Request 89: [94mhttps://fonts.gstatic.com/s/roboto/v30/KFOlCnqEu92Fr1MmEU9fBBc4AMP6lQ.woff2[0m
Request 90: [94mhttps://rcn.market/MaterialIcons-Regular.570eb83859dc23dd0eec.woff2[0m
Identified MetaMask buttons:
[ 'MetaMask', 'MetaMask ', 'metamask' ]
Found MetaMask button: MetaMask
Completed configuring new page. (chrome-extension://glepecflakcnfpeedbnclfdcabngidkh/notification.html)
Request 91: [94mchrome-extension://glepecflakcnfpeedbnclfdcabngidkh/react-gallery/carousel.min.css[0m
Request 92: [94mhttps://sentry.io/api/273505/envelope/[0m
Request 93: [94mchrome-extension://glepecflakcnfpeedbnclfdcabngidkh/_locales/en/messages.json[0m
Request 94: [94mchrome-extension://glepecflakcnfpeedbnclfdcabngidkh/_locales/en/messages.json[0m
Request 95: [94mchrome-extension://glepecflakcnfpeedbnclfdcabngidkh/fonts/Euclid/EuclidCircularB-Bold-WebXL.ttf[0m
Request 96: [94mchrome-extension://glepecflakcnfpeedbnclfdcabngidkh/fonts/Euclid/EuclidCircularB-Regular-WebXL.ttf[0m
Request 97: [94mchrome-extension://glepecflakcnfpeedbnclfdcabngidkh/fonts/fontawesome/fa-solid-900.woff2[0m
Request 98: [94mchrome-extension://glepecflakcnfpeedbnclfdcabngidkh/fonts/Euclid/EuclidCircularB-Medium.ttf[0m
Request 99: [94mhttps://rcn.market/assets/favicon.png[0m
No checkbox found!
Exiting while loop: MetaMask popup open!
End of while loop: popup
Request 100: [94mhttps://sentry.io/api/273505/envelope/[0m
Request 101: [94mhttps://sentry.io/api/273505/envelope/[0m
Clicked next button!
Clicked continue button!
[92mSuccessfully connected MetaMask wallet![0m
Request 102: [94mhttps://new-api-mainnet-diaspore-usdc.rcn.loans/lent/0x7e4ABd63A7C8314Cc28D388303472353D884f292[0m
Request 103: [94mhttps://new-api-mainnet-diaspore-usdc.rcn.loans/borrowed/0x7e4ABd63A7C8314Cc28D388303472353D884f292[0m
Request 104: [94mhttps://hapi.rcn.loans/is_registered/0x7e4ABd63A7C8314Cc28D388303472353D884f292[0m
Request 105: [94mhttps://new-api-mainnet-diaspore-usdc.rcn.loans/lent/0x7e4ABd63A7C8314Cc28D388303472353D884f292[0m
Request 106: [94mhttps://old-api-mainnet-diaspore.rcn.loans/lent/0x7e4ABd63A7C8314Cc28D388303472353D884f292[0m
Request 107: [94mhttps://old-api-mainnet-diaspore.rcn.loans/borrowed/0x7e4ABd63A7C8314Cc28D388303472353D884f292[0m
Request 108: [94mhttps://old-api-mainnet-diaspore.rcn.loans/lent/0x7e4ABd63A7C8314Cc28D388303472353D884f292[0m
Request 109: [94mhttps://sentry.io/api/273505/envelope/[0m
Request 110: [94mhttps://sentry.io/api/273505/envelope/[0m
Page closed: [94mchrome-extension://glepecflakcnfpeedbnclfdcabngidkh/notification.html#[0m
No sign or approve button found!
Request 111: [94mhttps://rcn.market/[0m
Request 112: [94mhttps://fonts.googleapis.com/css[0m
Request 113: [94mhttps://fonts.googleapis.com/icon[0m
Request 114: [94mhttps://use.fontawesome.com/releases/v5.6.3/css/all.css[0m
Request 115: [94mhttps://use.typekit.net/vrp4lvb.css[0m
Request 116: [94mhttps://use.fontawesome.com/releases/v5.6.3/js/all.js[0m
Request 117: [94mhttps://d33wubrfki0l68.cloudfront.net/js/77e97ccdda35742bf3e65149c3320347cde55c75/runtime.8aab96a211c85bf82c5f.js[0m
Request 118: [94mhttps://d33wubrfki0l68.cloudfront.net/bundles/6c56b1d0a418e7f2cc42bd0905160c1d748d7a34.js[0m
Request 119: [94mhttps://p.typekit.net/p.css[0m
Request 120: [94mhttps://www.googletagmanager.com/gtm.js[0m
Request 121: [94mhttps://www.google-analytics.com/analytics.js[0m
Request 122: [94mhttps://fonts.gstatic.com/s/roboto/v30/KFOmCnqEu92Fr1Mu4mxKKTU1Kg.woff2[0m
Request 123: [94mhttps://fonts.gstatic.com/s/roboto/v30/KFOlCnqEu92Fr1MmEU9fBBc4AMP6lQ.woff2[0m
Request 124: [94mhttps://fonts.gstatic.com/s/roboto/v30/KFOlCnqEu92Fr1MmWUlfBBc4AMP6lQ.woff2[0m
Request 125: [94mhttps://use.fontawesome.com/releases/v5.6.3/webfonts/fa-brands-400.woff2[0m
Request 126: [94mhttps://use.fontawesome.com/releases/v5.6.3/webfonts/fa-solid-900.woff2[0m
Request 127: [94mhttps://use.typekit.net/af/949f99/00000000000000003b9b3068/27/l[0m
Request 128: [94mhttps://use.typekit.net/af/d82519/00000000000000003b9b306a/27/l[0m
Request 129: [94mhttps://use.typekit.net/af/576d53/00000000000000003b9b3066/27/l[0m
Request 130: [94mhttps://use.typekit.net/af/705e94/00000000000000003b9b3062/27/l[0m
Request 131: [94mhttps://rcn.market/MaterialIcons-Regular.570eb83859dc23dd0eec.woff2[0m
Request 132: [94mhttps://ipcountry-api.rcn.loans/[0m
Request 133: [94mhttps://rcn.market/assets/isologo.svg[0m
Request 134: [94mhttps://rcn.market/assets/isologotypo.svg[0m
Request 135: [94mhttps://rcn.market/assets/usdc.png[0m
Request 136: [94mhttps://new-api-mainnet-diaspore-usdc.rcn.loans/status[0m
Request 137: [94mhttps://rcn.market/assets/chain-ethereum.svg[0m
Request 138: [94mhttps://rcn.market/assets/rcn.png[0m
Request 139: [94mhttps://rcn.market/assets/logo-metamask.svg[0m
Request 140: [94mhttps://rcn.market/assets/defi-pulse.svg[0m
Request 141: [94mhttps://new-api-mainnet-diaspore-usdc.rcn.loans/lent/undefined[0m
Request 142: [94mhttps://rcn.market/13.7e32da7d726eea3314c5.js[0m
Request 143: [94mhttps://new-api-mainnet-diaspore-usdc.rcn.loans/borrowed/undefined[0m
Request 144: [94mhttps://rcn.market/assets/favicon.png[0m
Waiting for 30000ms
Request 145: [94mhttps://old-api-mainnet-diaspore.rcn.loans/status[0m
Request 146: [94mhttps://rcn.market/assets/home/home-lend-desktop.png[0m
Request 147: [94mhttps://rcn.market/assets/home/home-lend-mobile.png[0m
Request 148: [94mhttps://rcn.market/assets/home/home-borrow-desktop.png[0m
Request 149: [94mhttps://rcn.market/assets/home/home-borrow-mobile.png[0m
Request 150: [94mhttps://rcn.market/assets/home/home-myloans-desktop.png[0m
Request 151: [94mhttps://rcn.market/assets/home/home-myloans-mobile.png[0m
Request 152: [94mhttps://rcn.market/assets/home/home-connect.png[0m
Request 153: [94mhttps://rcn.market/assets/logo-coinbase.png[0m
Request 154: [94mhttps://rcn.market/assets/logo-walletconnect.svg[0m
Request 155: [94mhttps://rcn.market/1.987ebe148705f466efd6.js[0m
Request 156: [94mhttps://rcn.market/3.de8e49a1c38d3a2c5215.js[0m
Request 157: [94mhttps://rcn.market/4.56e007a259aa8a11e0b4.js[0m
Request 158: [94mhttps://rcn.market/common.5560edc571dba7c3f14b.js[0m
Request 159: [94mhttps://rcn.market/14.56b8c34c698c16355ded.js[0m
Request 160: [94mhttps://rcn.market/17.4aed7ede52369adc0a75.js[0m
Request 161: [94mhttps://rcn.market/15.da1a379629c6cd9fa8d7.js[0m
Request 162: [94mhttps://rcn.market/18.7f2459d467fb46405d94.js[0m
Request 163: [94mhttps://rcn.market/10.a6dcae771519875ae9fe.js[0m
Request 164: [94mhttps://rcn.market/19.6f2f3235896cd4a89ee3.js[0m
Request 165: [94mhttps://rcn.market/16.024535bec004fd0bc3e1.js[0m
Request 166: [94mhttps://rcn.market/12.5cb553d7b13c2f69a27f.js[0m
Request 167: [94mhttps://rcn.market/9.1ca60db400ea2490cb43.js[0m
Request 168: [94mhttps://rcn.market/11.28ea8e4db36df68be860.js[0m
Request 169: [94mhttps://rcn.market/home-bg.c0591ba74cff90027e0c.svg[0m
Request 170: [94mhttps://www.google-analytics.com/j/collect[0m
Request 171: [94mhttps://old-api-mainnet-diaspore.rcn.loans/borrowed/undefined[0m
Request 172: [94mhttps://old-api-mainnet-diaspore.rcn.loans/lent/undefined[0m
Request 173: [94mhttps://rcn.market/assets/favicon.png[0m
Request 174: [94mhttps://new-api-mainnet-diaspore-usdc.rcn.loans/lent/0x7e4ABd63A7C8314Cc28D388303472353D884f292[0m
Request 175: [94mhttps://new-api-mainnet-diaspore-usdc.rcn.loans/borrowed/0x7e4ABd63A7C8314Cc28D388303472353D884f292[0m
Request 176: [94mhttps://hapi.rcn.loans/is_registered/0x7e4ABd63A7C8314Cc28D388303472353D884f292[0m
Request 177: [94mhttps://new-api-mainnet-diaspore-usdc.rcn.loans/lent/0x7e4ABd63A7C8314Cc28D388303472353D884f292[0m
Request 178: [94mhttps://old-api-mainnet-diaspore.rcn.loans/borrowed/0x7e4ABd63A7C8314Cc28D388303472353D884f292[0m
Request 179: [94mhttps://old-api-mainnet-diaspore.rcn.loans/lent/0x7e4ABd63A7C8314Cc28D388303472353D884f292[0m
Request 180: [94mhttps://old-api-mainnet-diaspore.rcn.loans/lent/0x7e4ABd63A7C8314Cc28D388303472353D884f292[0m
Page closed: [94mhttps://rcn.market/[0m
Trying to shutdown
Page closed: [94mchrome-extension://glepecflakcnfpeedbnclfdcabngidkh/home.html#[0m
