Executing with arguments:  {
  printFrameHierarchy: true,
  debugLevel: 'verbose',
  headless: false,
  profilePath: undefined,
  secs: 30,
  links: undefined,
  url: 'https://socialbi.io/shop/',
  walletPath: 'metamask-chrome-10.22.2',
  destination: '../results/dapps/crawl',
  force: false,
  executablePath: '/Users/christof/.cache/puppeteer/chrome/mac-1056772/chrome-mac/Chromium.app/Contents/MacOS/Chromium'
}
Completed configuring new page. (about:blank)
Completed configuring new page. (chrome-extension://glepecflakcnfpeedbnclfdcabngidkh/home.html)
Request 1: [94mchrome-extension://glepecflakcnfpeedbnclfdcabngidkh/react-gallery/carousel.min.css[0m
Request 2: [94mhttps://sentry.io/api/273505/envelope/[0m
[94mTrying to import MetaMask connect...[0m
Request 3: [94mchrome-extension://glepecflakcnfpeedbnclfdcabngidkh/_locales/en/messages.json[0m
Request 4: [94mchrome-extension://glepecflakcnfpeedbnclfdcabngidkh/_locales/en/messages.json[0m
Request 5: [94mhttps://sentry.io/api/273505/envelope/[0m
Request 6: [94mhttps://sentry.io/api/273505/envelope/[0m
Request 7: [94mchrome-extension://glepecflakcnfpeedbnclfdcabngidkh/fonts/Euclid/EuclidCircularB-Regular-WebXL.ttf[0m
Request 8: [94mchrome-extension://glepecflakcnfpeedbnclfdcabngidkh/fonts/Euclid/EuclidCircularB-Medium.ttf[0m
Request 9: [94mchrome-extension://glepecflakcnfpeedbnclfdcabngidkh/images/logo/metamask-fox.svg[0m
Request 10: [94mhttps://sentry.io/api/273505/envelope/[0m
Request 11: [94mhttps://sentry.io/api/273505/envelope/[0m
Request 12: [94mchrome-extension://glepecflakcnfpeedbnclfdcabngidkh/images/metrics-chart.svg[0m
Request 13: [94mchrome-extension://glepecflakcnfpeedbnclfdcabngidkh/fonts/fontawesome/fa-solid-900.woff2[0m
Request 14: [94mchrome-extension://glepecflakcnfpeedbnclfdcabngidkh/fonts/Euclid/EuclidCircularB-Bold-WebXL.ttf[0m
Request 15: [94mhttps://sentry.io/api/273505/envelope/[0m
Request 16: [94mhttps://sentry.io/api/273505/envelope/[0m
Request 17: [94mhttps://sentry.io/api/273505/envelope/[0m
Request 18: [94mhttps://sentry.io/api/273505/envelope/[0m
Request 19: [94mchrome-extension://glepecflakcnfpeedbnclfdcabngidkh/fonts/Roboto/Roboto-Regular.ttf[0m
Request 20: [94mchrome-extension://glepecflakcnfpeedbnclfdcabngidkh/fonts/fontawesome/fa-regular-400.woff2[0m
Request 21: [94mhttps://sentry.io/api/273505/envelope/[0m
Request 22: [94mhttps://sentry.io/api/273505/envelope/[0m
[92mImporting MetaMask wallet was successful![0m
Visiting https://socialbi.io/shop/
Request 23: [94mhttps://socialbi.io/shop/[0m
Request 24: [94mhttps://sentry.io/api/273505/envelope/[0m
Request 25: [94mhttps://sentry.io/api/273505/envelope/[0m
Request 26: [94mchrome-extension://glepecflakcnfpeedbnclfdcabngidkh/images/eth_logo.svg[0m
Request 27: [94mhttps://socialbi.io/wp-content/themes/cryptop/core/css/gutenberg.css[0m
Request 28: [94mhttps://socialbi.io/wp-content/plugins/contact-form-7/includes/css/styles.css[0m
Request 29: [94mhttps://socialbi.io/wp-content/plugins/cws-essentials//assets/css/main.css[0m
Request 30: [94mhttps://socialbi.io/wp-content/plugins/premiumcoding-crypto-coins/css/crypto-style.css[0m
Request 31: [94mhttps://socialbi.io/wp-content/plugins/premiumcoding-crypto-coins/css/breaking-news-ticker.css[0m
Request 32: [94mhttps://socialbi.io/wp-content/plugins/revslider/public/assets/css/rs6.css[0m
Request 33: [94mhttps://fonts.googleapis.com/css[0m
Request 34: [94mhttps://socialbi.io/wp-content/themes/cryptop/fonts/font-awesome/font-awesome.css[0m
Request 35: [94mhttps://socialbi.io/wp-content/themes/cryptop/css/jquery.fancybox.css[0m
Request 36: [94mhttps://socialbi.io/wp-content/themes/cryptop/css/select2.css[0m
Request 37: [94mhttps://socialbi.io/wp-content/themes/cryptop/css/animate.css[0m
Request 38: [94mhttps://socialbi.io/wp-includes/js/wp-emoji-release.min.js[0m
Request 39: [94mhttp://socialbi.io/wp-content/plugins/cws-svgicons/cwssvgi_f.css[0m
Request 40: [94mhttps://socialbi.io/wp-content/themes/cryptop/fonts/flaticon/flaticon.css[0m
Request 41: [94mhttps://socialbi.io/wp-content/themes/cryptop/fonts/cws-iconpack/flaticon.css[0m
Request 42: [94mhttps://socialbi.io/wp-content/themes/cryptop/css/main.css[0m
Request 43: [94mhttps://socialbi.io/wp-content/themes/cryptop/style.css[0m
Request 44: [94mhttps://socialbi.io/wp-includes/js/jquery/jquery.min.js[0m
Request 45: [94mhttps://socialbi.io/wp-includes/js/jquery/jquery-migrate.min.js[0m
Request 46: [94mhttps://socialbi.io/wp-content/plugins/cws-megamenu/assets/js/cws_megamenu_front.js[0m
Request 47: [94mhttps://socialbi.io/wp-content/plugins/premiumcoding-crypto-coins/js/crypto-js.js[0m
Request 48: [94mhttps://use.fontawesome.com/30ede005b9.js[0m
Request 49: [94mhttps://socialbi.io/wp-content/plugins/premiumcoding-crypto-coins/js/breaking-news-ticker.js[0m
Request 50: [94mhttps://socialbi.io/wp-content/plugins/revslider/public/assets/js/rbtools.min.js[0m
Request 51: [94mhttps://socialbi.io/wp-content/plugins/revslider/public/assets/js/rs6.min.js[0m
Request 52: [94mhttps://socialbi.io/wp-content/themes/cryptop/js/scripts.js[0m
Request 53: [94mhttps://socialbi.io/wp-content/themes/cryptop/js/sticky_sidebar.js[0m
Request 54: [94mhttps://socialbi.io/wp-content/themes/cryptop/js/jquery.easing.1.3.min.js[0m
Request 55: [94mhttps://socialbi.io/wp-content/uploads/2020/10/socialbi-amarillo-con-7_00fb00311_3203.png[0m
Request 56: [94mhttps://socialbi.io/wp-content/uploads/2020/10/socialbi-amarillo-con-7_01f400610_3203.png[0m
Request 57: [94mhttps://socialbi.io/wp-content/uploads/2020/09/beorus-logo-completo200.png[0m
Request 58: [94mhttps://socialbi.io/wp-content/uploads/2020/11/DOLARES-SBI-RAFFLE-PLATA_004600461_3508.png[0m
Request 59: [94mhttps://socialbi.io/wp-content/uploads/2020/11/DOLARES-SBI-RAFFLE-VERDE_004600461_3510.png[0m
Request 60: [94mhttps://socialbi.io/wp-content/uploads/2020/11/DOLARES-SBI-RAFFLE-AZUL_004600461_3506.png[0m
Request 61: [94mhttps://socialbi.io/wp-content/uploads/2020/11/DOLARES-SBI-RAFFLE-ROSADO_004600461_3509.png[0m
Request 62: [94mhttps://socialbi.io/wp-content/uploads/2018/11/playstation-5-gana-rifa_004600461_3364.jpg[0m
Request 63: [94mhttps://socialbi.io/wp-content/plugins/contact-form-7/includes/swv/js/index.js[0m
Request 64: [94mhttps://socialbi.io/wp-content/plugins/contact-form-7/includes/js/index.js[0m
Request 65: [94mhttps://socialbi.io/wp-content/plugins/cws-essentials/assets/js/ajax_plugin.js[0m
Request 66: [94mhttps://socialbi.io/wp-content/themes/cryptop/js/slick.min.js[0m
Request 67: [94mhttp://socialbi.io/wp-content/plugins/cws-essentials/assets/js/simple-likes-public.js[0m
Request 68: [94mhttps://use.fontawesome.com/webfontloader/1.6.24/webfontloader.js[0m
Request 69: [94mhttp://socialbi.io/wp-content/plugins/cws-svgicons/cwssvgi_f.js[0m
Request 70: [94mhttps://socialbi.io/wp-content/uploads/2020/11/cropped-SBI-TOKEN-32x32.png[0m
Request 71: [94mhttps://socialbi.io/wp-content/uploads/2018/12/slider_onepage_05.jpg[0m
Request 72: [94mhttps://socialbi.io/wp-content/themes/cryptop/fonts/cws-iconpack/Flaticon.woff[0m
Request 73: [94mhttps://fonts.gstatic.com/s/anaheim/v14/8vII7w042Wp87g4G4UPeEWxdO_0.woff2[0m
Request 74: [94mhttps://socialbi.io/wp-content/themes/cryptop/fonts/font-awesome/fontawesome-webfont.woff2[0m
Request 75: [94mhttps://use.fontawesome.com/30ede005b9.css[0m
Request 76: [94mhttps://use.fontawesome.com/releases/v4.6.3/css/font-awesome-css.min.css[0m
Request 77: [94mhttps://use.fontawesome.com/releases/v4.6.3/fonts/fontawesome-webfont.woff2[0m
Request 78: [94mhttps://socialbi.io/wp-content/uploads/2020/10/socialbi-amarillo-con-7_00fb00311_3203@2x.png[0m
Request 79: [94mhttps://socialbi.io/wp-content/uploads/2020/11/DOLARES-SBI-RAFFLE-PLATA_004600461_3508@2x.png[0m
Request 80: [94mhttps://socialbi.io/wp-content/uploads/2020/11/DOLARES-SBI-RAFFLE-VERDE_004600461_3510@2x.png[0m
Request 81: [94mhttps://socialbi.io/wp-content/uploads/2020/11/DOLARES-SBI-RAFFLE-AZUL_004600461_3506@2x.png[0m
Request 82: [94mhttps://socialbi.io/wp-content/uploads/2020/11/DOLARES-SBI-RAFFLE-ROSADO_004600461_3509@2x.png[0m
Request 83: [94mhttps://socialbi.io/wp-content/uploads/2018/11/playstation-5-gana-rifa_004600461_3364@2x.jpg[0m
Request 84: [94mhttps://socialbi.io/wp-content/uploads/2020/11/cropped-SBI-TOKEN-32x32.png[0m
Identified connect buttons: 
[ 'Wallet' ]
Identified MetaMask buttons:
[ 'MetaMask', 'MetaMask ', 'metamask' ]
No checkbox found!
Identified MetaMask buttons:
[ 'MetaMask', 'MetaMask ', 'metamask' ]
No checkbox found!
Identified MetaMask buttons:
[ 'MetaMask', 'MetaMask ', 'metamask' ]
No checkbox found!
Identified MetaMask buttons:
[ 'MetaMask', 'MetaMask ', 'metamask' ]
No checkbox found!
Exiting while loop: Timeout!
End of while loop: timeout
Trying random clicks...
Screen dimensions:
{ width: 1512, height: 747 }
Request 85: [94mhttp://socialbi.io/wp-content/uploads/2018/12/slider_onepage_05.jpg[0m
Random click at: 756 373.5
Request 86: [94mhttp://socialbi.io/wp-content/uploads/2018/12/slider_onepage_05.jpg[0m
Random click at: 756 323.5
Random click at: 756 273.5
Random click at: 756 223.5
Random click at: 906 448.5
Random click at: 656 273.5
Random click at: 756 473.5
Request 87: [94mchrome-extension://glepecflakcnfpeedbnclfdcabngidkh/notification.html[0m
Request 88: [94mchrome-extension://glepecflakcnfpeedbnclfdcabngidkh/index.css[0m
Request 89: [94mchrome-extension://glepecflakcnfpeedbnclfdcabngidkh/index-rtl.css[0m
Request 90: [94mchrome-extension://glepecflakcnfpeedbnclfdcabngidkh/images/logo/metamask-fox.svg[0m
Request 91: [94mchrome-extension://glepecflakcnfpeedbnclfdcabngidkh/images/spinner.gif[0m
Request 92: [94mchrome-extension://glepecflakcnfpeedbnclfdcabngidkh/globalthis.js[0m
Request 93: [94mchrome-extension://glepecflakcnfpeedbnclfdcabngidkh/sentry-install.js[0m
Request 94: [94mchrome-extension://glepecflakcnfpeedbnclfdcabngidkh/runtime-lavamoat.js[0m
Request 95: [94mchrome-extension://glepecflakcnfpeedbnclfdcabngidkh/lockdown-more.js[0m
Request 96: [94mchrome-extension://glepecflakcnfpeedbnclfdcabngidkh/policy-load.js[0m
Request 97: [94mchrome-extension://glepecflakcnfpeedbnclfdcabngidkh/common-0.js[0m
Request 98: [94mchrome-extension://glepecflakcnfpeedbnclfdcabngidkh/common-1.js[0m
Request 99: [94mchrome-extension://glepecflakcnfpeedbnclfdcabngidkh/common-2.js[0m
Request 100: [94mchrome-extension://glepecflakcnfpeedbnclfdcabngidkh/common-3.js[0m
Request 101: [94mchrome-extension://glepecflakcnfpeedbnclfdcabngidkh/common-4.js[0m
Request 102: [94mchrome-extension://glepecflakcnfpeedbnclfdcabngidkh/common-5.js[0m
Request 103: [94mchrome-extension://glepecflakcnfpeedbnclfdcabngidkh/common-6.js[0m
Request 104: [94mchrome-extension://glepecflakcnfpeedbnclfdcabngidkh/common-7.js[0m
Request 105: [94mchrome-extension://glepecflakcnfpeedbnclfdcabngidkh/common-8.js[0m
Request 106: [94mchrome-extension://glepecflakcnfpeedbnclfdcabngidkh/common-9.js[0m
Request 107: [94mchrome-extension://glepecflakcnfpeedbnclfdcabngidkh/ui-0.js[0m
Request 108: [94mchrome-extension://glepecflakcnfpeedbnclfdcabngidkh/ui-1.js[0m
Request 109: [94mchrome-extension://glepecflakcnfpeedbnclfdcabngidkh/ui-2.js[0m
Request 110: [94mchrome-extension://glepecflakcnfpeedbnclfdcabngidkh/ui-3.js[0m
Request 111: [94mchrome-extension://glepecflakcnfpeedbnclfdcabngidkh/ui-4.js[0m
Request 112: [94mchrome-extension://glepecflakcnfpeedbnclfdcabngidkh/ui-5.js[0m
Request 113: [94mchrome-extension://glepecflakcnfpeedbnclfdcabngidkh/ui-6.js[0m
Request 114: [94mchrome-extension://glepecflakcnfpeedbnclfdcabngidkh/ui-7.js[0m
Request 115: [94mchrome-extension://glepecflakcnfpeedbnclfdcabngidkh/ui-8.js[0m
Request 116: [94mchrome-extension://glepecflakcnfpeedbnclfdcabngidkh/ui-9.js[0m
Request 117: [94mchrome-extension://glepecflakcnfpeedbnclfdcabngidkh/react-gallery/carousel.min.css[0m
Request 118: [94mhttps://sentry.io/api/273505/envelope/[0m
Request 119: [94mchrome-extension://glepecflakcnfpeedbnclfdcabngidkh/_locales/en/messages.json[0m
Request 120: [94mchrome-extension://glepecflakcnfpeedbnclfdcabngidkh/_locales/en/messages.json[0m
Page closed: [94mchrome-extension://glepecflakcnfpeedbnclfdcabngidkh/notification.html[0m
No metamask popup found!
Page closed: [94mhttps://socialbi.io/shop/[0m
No sign or approve button found!
Waiting for 30000ms
Trying to shutdown
