Executing with arguments:  {
  printFrameHierarchy: true,
  debugLevel: 'verbose',
  headless: false,
  profilePath: undefined,
  secs: 30,
  links: undefined,
  url: 'https://sunrisegaming-dao.com/',
  walletPath: 'metamask-chrome-10.22.2',
  destination: '../results/dapps/crawl',
  force: false,
  executablePath: '/Users/christof/.cache/puppeteer/chrome/mac-1056772/chrome-mac/Chromium.app/Contents/MacOS/Chromium'
}
Completed configuring new page. (about:blank)
Completed configuring new page. (chrome-extension://glepecflakcnfpeedbnclfdcabngidkh/home.html)
Request 1: [94mchrome-extension://glepecflakcnfpeedbnclfdcabngidkh/react-gallery/carousel.min.css[0m
Request 2: [94mhttps://sentry.io/api/273505/envelope/[0m
[94mTrying to import MetaMask connect...[0m
Request 3: [94mchrome-extension://glepecflakcnfpeedbnclfdcabngidkh/_locales/en/messages.json[0m
Request 4: [94mchrome-extension://glepecflakcnfpeedbnclfdcabngidkh/_locales/en/messages.json[0m
Request 5: [94mhttps://sentry.io/api/273505/envelope/[0m
Request 6: [94mhttps://sentry.io/api/273505/envelope/[0m
Request 7: [94mchrome-extension://glepecflakcnfpeedbnclfdcabngidkh/fonts/Euclid/EuclidCircularB-Regular-WebXL.ttf[0m
Request 8: [94mchrome-extension://glepecflakcnfpeedbnclfdcabngidkh/fonts/Euclid/EuclidCircularB-Medium.ttf[0m
Request 9: [94mchrome-extension://glepecflakcnfpeedbnclfdcabngidkh/images/logo/metamask-fox.svg[0m
Request 10: [94mhttps://sentry.io/api/273505/envelope/[0m
Request 11: [94mhttps://sentry.io/api/273505/envelope/[0m
Request 12: [94mchrome-extension://glepecflakcnfpeedbnclfdcabngidkh/images/metrics-chart.svg[0m
Request 13: [94mchrome-extension://glepecflakcnfpeedbnclfdcabngidkh/fonts/fontawesome/fa-solid-900.woff2[0m
Request 14: [94mchrome-extension://glepecflakcnfpeedbnclfdcabngidkh/fonts/Euclid/EuclidCircularB-Bold-WebXL.ttf[0m
Request 15: [94mhttps://sentry.io/api/273505/envelope/[0m
Request 16: [94mhttps://sentry.io/api/273505/envelope/[0m
Request 17: [94mhttps://sentry.io/api/273505/envelope/[0m
Request 18: [94mhttps://sentry.io/api/273505/envelope/[0m
Request 19: [94mchrome-extension://glepecflakcnfpeedbnclfdcabngidkh/fonts/Roboto/Roboto-Regular.ttf[0m
Request 20: [94mchrome-extension://glepecflakcnfpeedbnclfdcabngidkh/fonts/fontawesome/fa-regular-400.woff2[0m
Request 21: [94mhttps://sentry.io/api/273505/envelope/[0m
Request 22: [94mhttps://sentry.io/api/273505/envelope/[0m
[92mImporting MetaMask wallet was successful![0m
Visiting https://sunrisegaming-dao.com/
Request 23: [94mhttps://sunrisegaming-dao.com/[0m
Request 24: [94mhttps://sentry.io/api/273505/envelope/[0m
Request 25: [94mhttps://sentry.io/api/273505/envelope/[0m
Request 26: [94mchrome-extension://glepecflakcnfpeedbnclfdcabngidkh/images/eth_logo.svg[0m
Request 27: [94mhttps://unicons.iconscout.com/release/v2.1.5/css/unicons.css[0m
Request 28: [94mhttps://fonts.googleapis.com/css2[0m
Request 29: [94mhttps://sunrisegaming-dao.com/_nuxt/0f27fd1.js[0m
Request 30: [94mhttps://sunrisegaming-dao.com/_nuxt/83176fb.js[0m
Request 31: [94mhttps://sunrisegaming-dao.com/_nuxt/e7fb05b.js[0m
Request 32: [94mhttps://sunrisegaming-dao.com/_nuxt/4c89770.js[0m
Request 33: [94mhttps://sunrisegaming-dao.com/_nuxt/7f8e784.js[0m
Request 34: [94mhttps://sunrisegaming-dao.com/_nuxt/8be43c4.js[0m
Request 35: [94mhttps://sunrisegaming-dao.com/_nuxt/3614759.js[0m
Request 36: [94mhttps://sunrisegaming-dao.com/images/logo-sunrise.svg[0m
Request 37: [94mhttps://sunrisegaming-dao.com/images/icon-close.png[0m
Request 38: [94mhttps://sunrisegaming-dao.com/images/icon-youtube.svg[0m
Request 39: [94mhttps://sunrisegaming-dao.com/images/icon-twitter.svg[0m
Request 40: [94mhttps://sunrisegaming-dao.com/images/icon-telegram.svg[0m
Request 41: [94mhttps://sunrisegaming-dao.com/images/icon-medium.svg[0m
Request 42: [94mhttps://sunrisegaming-dao.com/images/icon-discord.svg[0m
Request 43: [94mhttps://sunrisegaming-dao.com/images/sunc_title.png[0m
Request 44: [94mhttps://sunrisegaming-dao.com/images/green-icon-youtube.svg[0m
Request 45: [94mhttps://sunrisegaming-dao.com/images/green-icon-twitter.svg[0m
Request 46: [94mhttps://sunrisegaming-dao.com/images/green-icon-telegram.svg[0m
Request 47: [94mhttps://sunrisegaming-dao.com/images/green-icon-medium.svg[0m
Request 48: [94mhttps://sunrisegaming-dao.com/images/green-icon-discord.svg[0m
Request 49: [94mhttps://sunrisegaming-dao.com/images/staking_1920_2_PC.jpeg[0m
Request 50: [94mhttps://sunrisegaming-dao.com/images/staking_768.jpeg[0m
Request 51: [94mhttps://sunrisegaming-dao.com/images/bg-about-1.png[0m
Request 52: [94mhttps://sunrisegaming-dao.com/images/bg-about-2.png[0m
Request 53: [94mhttps://sunrisegaming-dao.com/images/bg-feature.png[0m
Request 54: [94mhttps://sunrisegaming-dao.com/images/feature_1.png[0m
Request 55: [94mhttps://sunrisegaming-dao.com/images/feature_2.png[0m
Request 56: [94mhttps://sunrisegaming-dao.com/images/feature_2_mobile.png[0m
Request 57: [94mhttps://sunrisegaming-dao.com/images/feature_3.png[0m
Request 58: [94mhttps://sunrisegaming-dao.com/images/feature_3_mobile.png[0m
Request 59: [94mhttps://sunrisegaming-dao.com/images/feature_4.png[0m
Request 60: [94mhttps://sunrisegaming-dao.com/images/feature_4_mobile.png[0m
Request 61: [94mhttps://sunrisegaming-dao.com/images/cf.png[0m
Request 62: [94mhttps://sunrisegaming-dao.com/images/logo-owner.png[0m
Request 63: [94mhttps://sunrisegaming-dao.com/images/token-ownership-mobile-img.png[0m
Request 64: [94mhttps://sunrisegaming-dao.com/images/ino_884_1100.png[0m
Request 65: [94mhttps://sunrisegaming-dao.com/images/auction_884_1540.png[0m
Request 66: [94mhttps://sunrisegaming-dao.com/images/marketplace1116_708.png[0m
Request 67: [94mhttps://sunrisegaming-dao.com/images/lobby.png[0m
Request 68: [94mhttps://sunrisegaming-dao.com/images/time1.png[0m
Request 69: [94mhttps://sunrisegaming-dao.com/images/time2.png[0m
Request 70: [94mhttps://sunrisegaming-dao.com/images/time3.png[0m
Request 71: [94mhttps://sunrisegaming-dao.com/images/time4.png[0m
Request 72: [94mhttps://sunrisegaming-dao.com/images/time5.png[0m
Request 73: [94mhttps://sunrisegaming-dao.com/images/time6.png[0m
Request 74: [94mhttps://sunrisegaming-dao.com/images/member_01.png[0m
Request 75: [94mhttps://sunrisegaming-dao.com/images/member_02.png[0m
Request 76: [94mhttps://sunrisegaming-dao.com/images/member_03.png[0m
Request 77: [94mhttps://sunrisegaming-dao.com/images/member_04.png[0m
Request 78: [94mhttps://sunrisegaming-dao.com/images/logo-uniswap.svg[0m
Request 79: [94mhttps://sunrisegaming-dao.com/images/logo-debank.svg[0m
Request 80: [94mhttps://sunrisegaming-dao.com/images/logo-dapper.svg[0m
Request 81: [94mhttps://sunrisegaming-dao.com/images/logo-dextools.svg[0m
Request 82: [94mhttps://sunrisegaming-dao.com/images/logo-coingecko.svg[0m
Request 83: [94mhttps://sunrisegaming-dao.com/images/logo-eth.svg[0m
Request 84: [94mhttps://sunrisegaming-dao.com/images/logo-burn.svg[0m
Request 85: [94mhttps://sunrisegaming-dao.com/images/logo-footer.svg[0m
Request 86: [94mhttps://www.googletagmanager.com/gtm.js[0m
Request 87: [94mhttps://sunrisegaming-dao.com/images/bg-mobile.jpg[0m
Request 88: [94mhttps://sunrisegaming-dao.com/images/mov_bg.png[0m
Request 89: [94mhttps://sunrisegaming-dao.com/images/feature_1_bg.png[0m
Request 90: [94mhttps://sunrisegaming-dao.com/images/bg-gd.png[0m
Request 91: [94mhttps://sunrisegaming-dao.com/images/bg.jpg[0m
Request 92: [94mhttps://fonts.gstatic.com/s/roboto/v30/KFOlCnqEu92Fr1MmWUlfBBc4AMP6lQ.woff2[0m
Request 93: [94mhttps://fonts.gstatic.com/s/roboto/v30/KFOlCnqEu92Fr1MmEU9fBBc4AMP6lQ.woff2[0m
Request 94: [94mhttps://fonts.gstatic.com/s/chivo/v18/va9I4kzIxd1KFrBoQeNVkqDO.woff2[0m
Request 95: [94mhttps://unicons.iconscout.com/release/v2.1.5/fonts/unicons-2.woff2[0m
Request 96: [94mhttps://fonts.gstatic.com/s/roboto/v30/KFOmCnqEu92Fr1Mu4mxKKTU1Kg.woff2[0m
Request 97: [94mhttps://api.sunrisegaming-dao.com/api/v1/Banner[0m
Request 98: [94mhttps://api.sunrisegaming-dao.com/api/v1/Tweet[0m
Request 99: [94mhttps://sunrisegaming-dao.com/favicon.ico[0m
Completed configuring new page. (chrome-extension://glepecflakcnfpeedbnclfdcabngidkh/notification.html)
Request 100: [94mchrome-extension://glepecflakcnfpeedbnclfdcabngidkh/react-gallery/carousel.min.css[0m
Request 101: [94mhttps://sunrisegaming-dao.com/images/icon-line-heart.svg[0m
Request 102: [94mhttps://sunrisegaming-dao.com/images/icon-retweet.svg[0m
Request 103: [94mhttps://sentry.io/api/273505/envelope/[0m
Request 104: [94mhttps://www.googletagmanager.com/gtag/js[0m
Request 105: [94mhttps://region1.google-analytics.com/g/collect[0m
Request 106: [94mchrome-extension://glepecflakcnfpeedbnclfdcabngidkh/_locales/en/messages.json[0m
Request 107: [94mchrome-extension://glepecflakcnfpeedbnclfdcabngidkh/_locales/en/messages.json[0m
Request 108: [94mchrome-extension://glepecflakcnfpeedbnclfdcabngidkh/fonts/Euclid/EuclidCircularB-Bold-WebXL.ttf[0m
Request 109: [94mchrome-extension://glepecflakcnfpeedbnclfdcabngidkh/fonts/Euclid/EuclidCircularB-Regular-WebXL.ttf[0m
Request 110: [94mchrome-extension://glepecflakcnfpeedbnclfdcabngidkh/fonts/fontawesome/fa-solid-900.woff2[0m
Request 111: [94mchrome-extension://glepecflakcnfpeedbnclfdcabngidkh/fonts/Euclid/EuclidCircularB-Medium.ttf[0m
Request 112: [94mhttps://sunrisegaming-dao.com/favicon.ico[0m
Request 113: [94mhttps://sunrisegaming-dao.com/favicon.ico[0m
Identified connect buttons: 
[ 'connect wallet', 'sign', 'connect', 'wallet', 'account' ]
Found connect button: connect wallet
Exiting while loop: MetaMask popup open!
End of while loop: popup
Request 114: [94mhttps://sentry.io/api/273505/envelope/[0m
Request 115: [94mhttps://sentry.io/api/273505/envelope/[0m
Clicked next button!
Clicked continue button!
[92mSuccessfully connected MetaMask wallet![0m
Request 116: [94mhttps://sentry.io/api/273505/envelope/[0m
Request 117: [94mhttps://sentry.io/api/273505/envelope/[0m
Page closed: [94mchrome-extension://glepecflakcnfpeedbnclfdcabngidkh/notification.html#[0m
No sign or approve button found!
Request 118: [94mhttps://sunrisegaming-dao.com/[0m
Request 119: [94mhttps://region1.google-analytics.com/g/collect[0m
Request 120: [94mhttps://unicons.iconscout.com/release/v2.1.5/css/unicons.css[0m
Request 121: [94mhttps://fonts.googleapis.com/css2[0m
Request 122: [94mhttps://sunrisegaming-dao.com/_nuxt/0f27fd1.js[0m
Request 123: [94mhttps://sunrisegaming-dao.com/_nuxt/83176fb.js[0m
Request 124: [94mhttps://sunrisegaming-dao.com/_nuxt/e7fb05b.js[0m
Request 125: [94mhttps://sunrisegaming-dao.com/_nuxt/4c89770.js[0m
Request 126: [94mhttps://sunrisegaming-dao.com/_nuxt/7f8e784.js[0m
Request 127: [94mhttps://sunrisegaming-dao.com/_nuxt/8be43c4.js[0m
Request 128: [94mhttps://sunrisegaming-dao.com/_nuxt/3614759.js[0m
Request 129: [94mhttps://sunrisegaming-dao.com/images/logo-sunrise.svg[0m
Request 130: [94mhttps://sunrisegaming-dao.com/images/icon-close.png[0m
Request 131: [94mhttps://sunrisegaming-dao.com/images/icon-youtube.svg[0m
Request 132: [94mhttps://sunrisegaming-dao.com/images/icon-twitter.svg[0m
Request 133: [94mhttps://sunrisegaming-dao.com/images/icon-telegram.svg[0m
Request 134: [94mhttps://sunrisegaming-dao.com/images/icon-medium.svg[0m
Request 135: [94mhttps://sunrisegaming-dao.com/images/icon-discord.svg[0m
Request 136: [94mhttps://sunrisegaming-dao.com/images/sunc_title.png[0m
Request 137: [94mhttps://sunrisegaming-dao.com/images/green-icon-youtube.svg[0m
Request 138: [94mhttps://sunrisegaming-dao.com/images/green-icon-twitter.svg[0m
Request 139: [94mhttps://sunrisegaming-dao.com/images/green-icon-telegram.svg[0m
Request 140: [94mhttps://sunrisegaming-dao.com/images/green-icon-medium.svg[0m
Request 141: [94mhttps://sunrisegaming-dao.com/images/green-icon-discord.svg[0m
Request 142: [94mhttps://sunrisegaming-dao.com/images/staking_1920_2_PC.jpeg[0m
Request 143: [94mhttps://sunrisegaming-dao.com/images/staking_768.jpeg[0m
Request 144: [94mhttps://sunrisegaming-dao.com/images/bg-about-1.png[0m
Request 145: [94mhttps://sunrisegaming-dao.com/images/bg-about-2.png[0m
Request 146: [94mhttps://sunrisegaming-dao.com/images/bg-feature.png[0m
Request 147: [94mhttps://sunrisegaming-dao.com/images/feature_1.png[0m
Request 148: [94mhttps://sunrisegaming-dao.com/images/feature_2.png[0m
Request 149: [94mhttps://sunrisegaming-dao.com/images/feature_2_mobile.png[0m
Request 150: [94mhttps://sunrisegaming-dao.com/images/feature_3.png[0m
Request 151: [94mhttps://sunrisegaming-dao.com/images/feature_3_mobile.png[0m
Request 152: [94mhttps://sunrisegaming-dao.com/images/feature_4.png[0m
Request 153: [94mhttps://sunrisegaming-dao.com/images/feature_4_mobile.png[0m
Request 154: [94mhttps://sunrisegaming-dao.com/images/cf.png[0m
Request 155: [94mhttps://sunrisegaming-dao.com/images/logo-owner.png[0m
Request 156: [94mhttps://sunrisegaming-dao.com/images/token-ownership-mobile-img.png[0m
Request 157: [94mhttps://sunrisegaming-dao.com/images/ino_884_1100.png[0m
Request 158: [94mhttps://sunrisegaming-dao.com/images/auction_884_1540.png[0m
Request 159: [94mhttps://sunrisegaming-dao.com/images/marketplace1116_708.png[0m
Request 160: [94mhttps://sunrisegaming-dao.com/images/lobby.png[0m
Request 161: [94mhttps://sunrisegaming-dao.com/images/time1.png[0m
Request 162: [94mhttps://sunrisegaming-dao.com/images/time2.png[0m
Request 163: [94mhttps://sunrisegaming-dao.com/images/time3.png[0m
Request 164: [94mhttps://sunrisegaming-dao.com/images/time4.png[0m
Request 165: [94mhttps://sunrisegaming-dao.com/images/time5.png[0m
Request 166: [94mhttps://sunrisegaming-dao.com/images/time6.png[0m
Request 167: [94mhttps://sunrisegaming-dao.com/images/member_01.png[0m
Request 168: [94mhttps://sunrisegaming-dao.com/images/member_02.png[0m
Request 169: [94mhttps://sunrisegaming-dao.com/images/member_03.png[0m
Request 170: [94mhttps://sunrisegaming-dao.com/images/member_04.png[0m
Request 171: [94mhttps://sunrisegaming-dao.com/images/logo-uniswap.svg[0m
Request 172: [94mhttps://sunrisegaming-dao.com/images/logo-debank.svg[0m
Request 173: [94mhttps://sunrisegaming-dao.com/images/logo-dapper.svg[0m
Request 174: [94mhttps://sunrisegaming-dao.com/images/logo-dextools.svg[0m
Request 175: [94mhttps://sunrisegaming-dao.com/images/logo-coingecko.svg[0m
Request 176: [94mhttps://sunrisegaming-dao.com/images/logo-eth.svg[0m
Request 177: [94mhttps://sunrisegaming-dao.com/images/logo-burn.svg[0m
Request 178: [94mhttps://sunrisegaming-dao.com/images/logo-footer.svg[0m
Request 179: [94mhttps://www.googletagmanager.com/gtm.js[0m
Request 180: [94mhttps://unicons.iconscout.com/release/v2.1.5/fonts/unicons-2.woff2[0m
Request 181: [94mhttps://fonts.gstatic.com/s/chivo/v18/va9I4kzIxd1KFrBoQeNVkqDO.woff2[0m
Request 182: [94mhttps://fonts.gstatic.com/s/roboto/v30/KFOmCnqEu92Fr1Mu4mxKKTU1Kg.woff2[0m
Request 183: [94mhttps://fonts.gstatic.com/s/roboto/v30/KFOlCnqEu92Fr1MmEU9fBBc4AMP6lQ.woff2[0m
Request 184: [94mhttps://fonts.gstatic.com/s/roboto/v30/KFOlCnqEu92Fr1MmWUlfBBc4AMP6lQ.woff2[0m
Request 185: [94mhttps://sunrisegaming-dao.com/images/bg-mobile.jpg[0m
Request 186: [94mhttps://sunrisegaming-dao.com/images/mov_bg.png[0m
Request 187: [94mhttps://sunrisegaming-dao.com/images/feature_1_bg.png[0m
Request 188: [94mhttps://sunrisegaming-dao.com/images/bg-gd.png[0m
Request 189: [94mhttps://sunrisegaming-dao.com/images/bg.jpg[0m
Request 190: [94mhttps://api.sunrisegaming-dao.com/api/v1/Banner[0m
Request 191: [94mhttps://api.sunrisegaming-dao.com/api/v1/Tweet[0m
Request 192: [94mhttps://sunrisegaming-dao.com/favicon.ico[0m
Waiting for 30000ms
Request 193: [94mhttps://www.googletagmanager.com/gtag/js[0m
Request 194: [94mhttps://sunrisegaming-dao.com/images/icon-line-heart.svg[0m
Request 195: [94mhttps://sunrisegaming-dao.com/images/icon-retweet.svg[0m
Request 196: [94mhttps://sunrisegaming-dao.com/favicon.ico[0m
Request 197: [94mhttps://region1.google-analytics.com/g/collect[0m
Page closed: [94mhttps://sunrisegaming-dao.com/[0m
Trying to shutdown
Page closed: [94mchrome-extension://glepecflakcnfpeedbnclfdcabngidkh/home.html#[0m
