Executing with arguments:  {
  printFrameHierarchy: true,
  debugLevel: 'verbose',
  headless: false,
  profilePath: undefined,
  secs: 30,
  links: undefined,
  url: 'https://swaps.mycelium.xyz/',
  walletPath: 'metamask-chrome-10.22.2',
  destination: '../results/dapps/crawl',
  force: false,
  executablePath: '/Users/christof/.cache/puppeteer/chrome/mac-1056772/chrome-mac/Chromium.app/Contents/MacOS/Chromium'
}
Completed configuring new page. (about:blank)
Completed configuring new page. (chrome-extension://glepecflakcnfpeedbnclfdcabngidkh/home.html)
Request 1: [94mchrome-extension://glepecflakcnfpeedbnclfdcabngidkh/react-gallery/carousel.min.css[0m
Request 2: [94mhttps://sentry.io/api/273505/envelope/[0m
[94mTrying to import MetaMask connect...[0m
Request 3: [94mchrome-extension://glepecflakcnfpeedbnclfdcabngidkh/_locales/en/messages.json[0m
Request 4: [94mchrome-extension://glepecflakcnfpeedbnclfdcabngidkh/_locales/en/messages.json[0m
Request 5: [94mhttps://sentry.io/api/273505/envelope/[0m
Request 6: [94mhttps://sentry.io/api/273505/envelope/[0m
Request 7: [94mchrome-extension://glepecflakcnfpeedbnclfdcabngidkh/fonts/Euclid/EuclidCircularB-Regular-WebXL.ttf[0m
Request 8: [94mchrome-extension://glepecflakcnfpeedbnclfdcabngidkh/fonts/Euclid/EuclidCircularB-Medium.ttf[0m
Request 9: [94mchrome-extension://glepecflakcnfpeedbnclfdcabngidkh/images/logo/metamask-fox.svg[0m
Request 10: [94mhttps://sentry.io/api/273505/envelope/[0m
Request 11: [94mhttps://sentry.io/api/273505/envelope/[0m
Request 12: [94mchrome-extension://glepecflakcnfpeedbnclfdcabngidkh/images/metrics-chart.svg[0m
Request 13: [94mchrome-extension://glepecflakcnfpeedbnclfdcabngidkh/fonts/fontawesome/fa-solid-900.woff2[0m
Request 14: [94mchrome-extension://glepecflakcnfpeedbnclfdcabngidkh/fonts/Euclid/EuclidCircularB-Bold-WebXL.ttf[0m
Request 15: [94mhttps://sentry.io/api/273505/envelope/[0m
Request 16: [94mhttps://sentry.io/api/273505/envelope/[0m
Request 17: [94mhttps://sentry.io/api/273505/envelope/[0m
Request 18: [94mhttps://sentry.io/api/273505/envelope/[0m
Request 19: [94mchrome-extension://glepecflakcnfpeedbnclfdcabngidkh/fonts/Roboto/Roboto-Regular.ttf[0m
Request 20: [94mchrome-extension://glepecflakcnfpeedbnclfdcabngidkh/fonts/fontawesome/fa-regular-400.woff2[0m
Request 21: [94mhttps://sentry.io/api/273505/envelope/[0m
Request 22: [94mhttps://sentry.io/api/273505/envelope/[0m
[92mImporting MetaMask wallet was successful![0m
Visiting https://swaps.mycelium.xyz/
Request 23: [94mhttps://swaps.mycelium.xyz/[0m
Request 24: [94mhttps://sentry.io/api/273505/envelope/[0m
Request 25: [94mhttps://sentry.io/api/273505/envelope/[0m
Request 26: [94mchrome-extension://glepecflakcnfpeedbnclfdcabngidkh/images/eth_logo.svg[0m
Request 27: [94mhttps://use.typekit.net/klm0viv.css[0m
Request 28: [94mhttps://swaps.mycelium.xyz/static/css/8.cc7f35df.chunk.css[0m
Request 29: [94mhttps://swaps.mycelium.xyz/static/css/main.bec93e78.chunk.css[0m
Request 30: [94mhttps://swaps.mycelium.xyz/static/js/8.88c1a3ce.chunk.js[0m
Request 31: [94mhttps://swaps.mycelium.xyz/static/js/main.dddab94a.chunk.js[0m
Request 32: [94mhttps://widget.usersnap.com/global/load/2588e01d-f08f-41be-b127-1c036f878c0b[0m
Request 33: [94mhttps://p.typekit.net/p.css[0m
Request 34: [94mhttps://delicate-virulent-tab.arbitrum-mainnet.quiknode.pro/24771c09eefd5e867b9659f7271421ecd2c3f850/[0m
Request 35: [94mhttps://delicate-virulent-tab.arbitrum-mainnet.quiknode.pro/24771c09eefd5e867b9659f7271421ecd2c3f850/[0m
Request 36: [94mhttps://delicate-virulent-tab.arbitrum-mainnet.quiknode.pro/24771c09eefd5e867b9659f7271421ecd2c3f850/[0m
Request 37: [94mhttps://delicate-virulent-tab.arbitrum-mainnet.quiknode.pro/24771c09eefd5e867b9659f7271421ecd2c3f850/[0m
Request 38: [94mhttps://delicate-virulent-tab.arbitrum-mainnet.quiknode.pro/24771c09eefd5e867b9659f7271421ecd2c3f850/[0m
Request 39: [94mhttps://delicate-virulent-tab.arbitrum-mainnet.quiknode.pro/24771c09eefd5e867b9659f7271421ecd2c3f850/[0m
Request 40: [94mhttps://www.googletagmanager.com/gtag/js[0m
Request 41: [94mhttps://pricing.mycelium.xyz/prices[0m
Request 42: [94mhttps://api.tracer.finance/trs/prices[0m
Request 43: [94mhttps://api.tracer.finance/trs/tradingRewards[0m
Request 44: [94mhttps://cdn.segment.com/v1/projects/EydXm4auQBRgpG49m7Szmo9lDmtmVfhX/settings[0m
Request 45: [94mhttps://dev.api.mycelium.xyz/trs/candles[0m
Request 46: [94mhttps://swaps.mycelium.xyz/static/media/logo_MYC.15694ede.svg[0m
Request 47: [94mhttps://swaps.mycelium.xyz/static/media/logo_MYC_small.d38887cb.svg[0m
Request 48: [94mhttps://swaps.mycelium.xyz/static/media/ic_arbitrum_24.dd77229f.svg[0m
Request 49: [94mhttps://swaps.mycelium.xyz/static/media/ic_selector_dropdowns.ad2f3aa9.svg[0m
Request 50: [94mhttps://swaps.mycelium.xyz/static/media/ic_wallet_24.692792ab.svg[0m
Request 51: [94mhttps://swaps.mycelium.xyz/static/media/chevron-down.47c12799.svg[0m
Request 52: [94mhttps://swaps.mycelium.xyz/static/media/background_mesh_mobile.eff4fa34.png[0m
Request 53: [94mhttps://swaps.mycelium.xyz/static/media/ic_nav_close.c32f0281.svg[0m
Request 54: [94mhttps://swaps.mycelium.xyz/static/media/myc_pools_short.290fe0b1.svg[0m
Request 55: [94mhttps://swaps.mycelium.xyz/static/media/long.2e0e188a.svg[0m
Request 56: [94mhttps://swaps.mycelium.xyz/static/media/short.bceae94a.svg[0m
Request 57: [94mhttps://swaps.mycelium.xyz/static/media/swap.c3654462.svg[0m
Request 58: [94mhttps://swaps.mycelium.xyz/static/media/live.ac3aeb94.svg[0m
Request 59: [94mhttps://swaps.mycelium.xyz/static/media/event-graphic.e9b6dc14.png[0m
Request 60: [94mhttps://swaps.mycelium.xyz/static/media/close.c3685b77.svg[0m
Request 61: [94mhttps://delicate-virulent-tab.arbitrum-mainnet.quiknode.pro/24771c09eefd5e867b9659f7271421ecd2c3f850/[0m
Request 62: [94mhttps://delicate-virulent-tab.arbitrum-mainnet.quiknode.pro/24771c09eefd5e867b9659f7271421ecd2c3f850/[0m
Request 63: [94mhttps://delicate-virulent-tab.arbitrum-mainnet.quiknode.pro/24771c09eefd5e867b9659f7271421ecd2c3f850/[0m
Request 64: [94mhttps://delicate-virulent-tab.arbitrum-mainnet.quiknode.pro/24771c09eefd5e867b9659f7271421ecd2c3f850/[0m
Request 65: [94mhttps://delicate-virulent-tab.arbitrum-mainnet.quiknode.pro/24771c09eefd5e867b9659f7271421ecd2c3f850/[0m
Request 66: [94mhttps://delicate-virulent-tab.arbitrum-mainnet.quiknode.pro/24771c09eefd5e867b9659f7271421ecd2c3f850/[0m
Request 67: [94mhttps://swaps.mycelium.xyz/static/media/inter-v11-latin-regular.c96fe5ff.woff2[0m
Request 68: [94mhttps://swaps.mycelium.xyz/static/media/inter-v12-latin-700.54321e26.woff2[0m
Request 69: [94mhttps://swaps.mycelium.xyz/static/media/inter-v11-latin-600.ee12ccf9.woff2[0m
Request 70: [94mhttps://use.typekit.net/af/3040b7/00000000000000007735cc82/30/l[0m
Request 71: [94mhttps://swaps.mycelium.xyz/favicon/favicon-32x32.png[0m
Request 72: [94mhttps://resources.usersnap.com/widget-assets/js/entries/globalSetup/57bd280e70c60fe8c111.js[0m
Request 73: [94mhttps://resources.usersnap.com/widget-assets/js/entries/setup/26c1036b9f70a5651451.js[0m
Request 74: [94mhttps://swaps.mycelium.xyz/static/js/9.0a1b37e1.chunk.js[0m
Request 75: [94mhttps://resources.usersnap.com/widget-assets/js/entries/buttonV2/9636918124dc8f8f6dac.js[0m
Request 76: [94mwss://delicate-virulent-tab.arbitrum-mainnet.quiknode.pro/24771c09eefd5e867b9659f7271421ecd2c3f850/[0m
Request 77: [94mhttps://fonts.googleapis.com/css2[0m
Request 78: [94mhttps://swaps.mycelium.xyz/static/js/schemaFilter.47877181.chunk.js[0m
Request 79: [94mhttps://fonts.gstatic.com/s/inter/v12/UcC73FwrK3iLTeHuS_fvQtMwCp50KnMa1ZL7W0Q5nw.woff2[0m
Request 80: [94mhttps://cdn.segment.com/next-integrations/actions/fullstory/3c8a0b7f8a55c5822f32.js[0m
Request 81: [94mhttps://cdn.segment.com/next-integrations/actions/688.js[0m
Request 82: [94mhttps://cdn.segment.com/next-integrations/integrations/hotjar/1.4.0/hotjar.dynamic.js.gz[0m
Request 83: [94mhttps://edge.fullstory.com/s/fs.js[0m
Request 84: [94mhttps://cdn.segment.com/next-integrations/integrations/vendor/commons.c42222c4cb2f8913500f.js.gz[0m
Request 85: [94mhttps://static.hotjar.com/c/hotjar-3104365.js[0m
Request 86: [94mhttps://api.segment.io/v1/p[0m
Request 87: [94mhttps://rs.fullstory.com/rec/page[0m
Request 88: [94mhttps://script.hotjar.com/modules.ea0a6d6a741d5de8308e.js[0m
Request 89: [94mhttps://vars.hotjar.com/box-ff00c703c3bbdf54ae44ee858d64f69e.html[0m
Request 90: [94mhttps://in.hotjar.com/api/v2/client/sites/3104365/visit-data[0m
Request 91: [94mhttps://vc.hotjar.io/sessions/3104365[0m
Request 92: [94mhttps://swaps.mycelium.xyz/favicon/site.webmanifest[0m
Request 93: [94mhttps://swaps.mycelium.xyz/favicon/favicon.ico[0m
Request 94: [94mhttps://pricing.mycelium.xyz/prices[0m
Request 95: [94mhttps://api.tracer.finance/trs/prices[0m
Request 96: [94mhttps://pricing.mycelium.xyz/prices[0m
Request 97: [94mhttps://delicate-virulent-tab.arbitrum-mainnet.quiknode.pro/24771c09eefd5e867b9659f7271421ecd2c3f850/[0m
Request 98: [94mhttps://delicate-virulent-tab.arbitrum-mainnet.quiknode.pro/24771c09eefd5e867b9659f7271421ecd2c3f850/[0m
Request 99: [94mhttps://delicate-virulent-tab.arbitrum-mainnet.quiknode.pro/24771c09eefd5e867b9659f7271421ecd2c3f850/[0m
Request 100: [94mhttps://delicate-virulent-tab.arbitrum-mainnet.quiknode.pro/24771c09eefd5e867b9659f7271421ecd2c3f850/[0m
Request 101: [94mhttps://delicate-virulent-tab.arbitrum-mainnet.quiknode.pro/24771c09eefd5e867b9659f7271421ecd2c3f850/[0m
Request 102: [94mhttps://delicate-virulent-tab.arbitrum-mainnet.quiknode.pro/24771c09eefd5e867b9659f7271421ecd2c3f850/[0m
Request 103: [94mhttps://delicate-virulent-tab.arbitrum-mainnet.quiknode.pro/24771c09eefd5e867b9659f7271421ecd2c3f850/[0m
Request 104: [94mhttps://delicate-virulent-tab.arbitrum-mainnet.quiknode.pro/24771c09eefd5e867b9659f7271421ecd2c3f850/[0m
Request 105: [94mhttps://delicate-virulent-tab.arbitrum-mainnet.quiknode.pro/24771c09eefd5e867b9659f7271421ecd2c3f850/[0m
Request 106: [94mhttps://delicate-virulent-tab.arbitrum-mainnet.quiknode.pro/24771c09eefd5e867b9659f7271421ecd2c3f850/[0m
Request 107: [94mhttps://delicate-virulent-tab.arbitrum-mainnet.quiknode.pro/24771c09eefd5e867b9659f7271421ecd2c3f850/[0m
Request 108: [94mhttps://delicate-virulent-tab.arbitrum-mainnet.quiknode.pro/24771c09eefd5e867b9659f7271421ecd2c3f850/[0m
Request 109: [94mhttps://api.tracer.finance/trs/tradingRewards[0m
Request 110: [94mhttps://api.tracer.finance/trs/prices[0m
Request 111: [94mhttps://pricing.mycelium.xyz/prices[0m
Request 112: [94mhttps://api.tracer.finance/trs/prices[0m
Request 113: [94mhttps://pricing.mycelium.xyz/prices[0m
Request 114: [94mhttps://api.tracer.finance/trs/prices[0m
Request 115: [94mhttps://api.tracer.finance/trs/tradingRewards[0m
Request 116: [94mhttps://delicate-virulent-tab.arbitrum-mainnet.quiknode.pro/24771c09eefd5e867b9659f7271421ecd2c3f850/[0m
Request 117: [94mhttps://delicate-virulent-tab.arbitrum-mainnet.quiknode.pro/24771c09eefd5e867b9659f7271421ecd2c3f850/[0m
Request 118: [94mhttps://delicate-virulent-tab.arbitrum-mainnet.quiknode.pro/24771c09eefd5e867b9659f7271421ecd2c3f850/[0m
Request 119: [94mhttps://delicate-virulent-tab.arbitrum-mainnet.quiknode.pro/24771c09eefd5e867b9659f7271421ecd2c3f850/[0m
Request 120: [94mhttps://delicate-virulent-tab.arbitrum-mainnet.quiknode.pro/24771c09eefd5e867b9659f7271421ecd2c3f850/[0m
Request 121: [94mhttps://delicate-virulent-tab.arbitrum-mainnet.quiknode.pro/24771c09eefd5e867b9659f7271421ecd2c3f850/[0m
Request 122: [94mhttps://delicate-virulent-tab.arbitrum-mainnet.quiknode.pro/24771c09eefd5e867b9659f7271421ecd2c3f850/[0m
Request 123: [94mhttps://delicate-virulent-tab.arbitrum-mainnet.quiknode.pro/24771c09eefd5e867b9659f7271421ecd2c3f850/[0m
Request 124: [94mhttps://delicate-virulent-tab.arbitrum-mainnet.quiknode.pro/24771c09eefd5e867b9659f7271421ecd2c3f850/[0m
Request 125: [94mhttps://delicate-virulent-tab.arbitrum-mainnet.quiknode.pro/24771c09eefd5e867b9659f7271421ecd2c3f850/[0m
Request 126: [94mhttps://delicate-virulent-tab.arbitrum-mainnet.quiknode.pro/24771c09eefd5e867b9659f7271421ecd2c3f850/[0m
Request 127: [94mhttps://delicate-virulent-tab.arbitrum-mainnet.quiknode.pro/24771c09eefd5e867b9659f7271421ecd2c3f850/[0m
Identified connect buttons: 
[ 'Connect Wallet', 'Connect', 'sign', 'Wallet', 'connect', 'wallet' ]
Request 128: [94mhttps://region1.google-analytics.com/g/collect[0m
Request 129: [94mhttps://swaps.mycelium.xyz/static/media/metamask.02e3ec27.png[0m
Request 130: [94mhttps://swaps.mycelium.xyz/static/media/coinbaseWallet.7a7d6edc.png[0m
Request 131: [94mhttps://swaps.mycelium.xyz/static/media/walletconnect-circle-blue.03da5e3f.svg[0m
Found connect button: Connect Wallet
Request 132: [94mhttps://api.segment.io/v1/t[0m
Request 133: [94mhttps://pricing.mycelium.xyz/prices[0m
Request 134: [94mhttps://api.tracer.finance/trs/prices[0m
Identified MetaMask buttons:
[ 'MetaMask', 'metamask' ]
Found MetaMask button: MetaMask
Request 135: [94mhttps://api.segment.io/v1/t[0m
Completed configuring new page. (chrome-extension://glepecflakcnfpeedbnclfdcabngidkh/notification.html)
Request 136: [94mchrome-extension://glepecflakcnfpeedbnclfdcabngidkh/react-gallery/carousel.min.css[0m
Request 137: [94mhttps://pricing.mycelium.xyz/prices[0m
Request 138: [94mhttps://sentry.io/api/273505/envelope/[0m
Request 139: [94mhttps://api.tracer.finance/trs/prices[0m
Request 140: [94mhttps://api.tracer.finance/trs/tradingRewards[0m
Request 141: [94mchrome-extension://glepecflakcnfpeedbnclfdcabngidkh/_locales/en/messages.json[0m
Request 142: [94mchrome-extension://glepecflakcnfpeedbnclfdcabngidkh/_locales/en/messages.json[0m
Request 143: [94mchrome-extension://glepecflakcnfpeedbnclfdcabngidkh/fonts/Euclid/EuclidCircularB-Bold-WebXL.ttf[0m
Request 144: [94mchrome-extension://glepecflakcnfpeedbnclfdcabngidkh/fonts/Euclid/EuclidCircularB-Regular-WebXL.ttf[0m
Request 145: [94mchrome-extension://glepecflakcnfpeedbnclfdcabngidkh/fonts/fontawesome/fa-solid-900.woff2[0m
Request 146: [94mchrome-extension://glepecflakcnfpeedbnclfdcabngidkh/fonts/Euclid/EuclidCircularB-Medium.ttf[0m
Request 147: [94mhttps://swaps.mycelium.xyz/favicon/favicon-32x32.png[0m
Request 148: [94mhttps://delicate-virulent-tab.arbitrum-mainnet.quiknode.pro/24771c09eefd5e867b9659f7271421ecd2c3f850/[0m
Request 149: [94mhttps://delicate-virulent-tab.arbitrum-mainnet.quiknode.pro/24771c09eefd5e867b9659f7271421ecd2c3f850/[0m
Request 150: [94mhttps://delicate-virulent-tab.arbitrum-mainnet.quiknode.pro/24771c09eefd5e867b9659f7271421ecd2c3f850/[0m
Request 151: [94mhttps://delicate-virulent-tab.arbitrum-mainnet.quiknode.pro/24771c09eefd5e867b9659f7271421ecd2c3f850/[0m
Request 152: [94mhttps://delicate-virulent-tab.arbitrum-mainnet.quiknode.pro/24771c09eefd5e867b9659f7271421ecd2c3f850/[0m
Request 153: [94mhttps://delicate-virulent-tab.arbitrum-mainnet.quiknode.pro/24771c09eefd5e867b9659f7271421ecd2c3f850/[0m
Request 154: [94mhttps://delicate-virulent-tab.arbitrum-mainnet.quiknode.pro/24771c09eefd5e867b9659f7271421ecd2c3f850/[0m
Request 155: [94mhttps://delicate-virulent-tab.arbitrum-mainnet.quiknode.pro/24771c09eefd5e867b9659f7271421ecd2c3f850/[0m
Request 156: [94mhttps://delicate-virulent-tab.arbitrum-mainnet.quiknode.pro/24771c09eefd5e867b9659f7271421ecd2c3f850/[0m
Request 157: [94mhttps://delicate-virulent-tab.arbitrum-mainnet.quiknode.pro/24771c09eefd5e867b9659f7271421ecd2c3f850/[0m
Request 158: [94mhttps://delicate-virulent-tab.arbitrum-mainnet.quiknode.pro/24771c09eefd5e867b9659f7271421ecd2c3f850/[0m
Request 159: [94mhttps://delicate-virulent-tab.arbitrum-mainnet.quiknode.pro/24771c09eefd5e867b9659f7271421ecd2c3f850/[0m
No checkbox found!
Request 160: [94mhttps://pricing.mycelium.xyz/prices[0m
Request 161: [94mhttps://api.tracer.finance/trs/prices[0m
Exiting while loop: MetaMask popup open!
End of while loop: popup
Request 162: [94mhttps://pricing.mycelium.xyz/prices[0m
Request 163: [94mhttps://api.tracer.finance/trs/prices[0m
Request 164: [94mhttps://region1.google-analytics.com/g/collect[0m
Request 165: [94mhttps://api.tracer.finance/trs/tradingRewards[0m
Request 166: [94mhttps://pricing.mycelium.xyz/prices[0m
Request 167: [94mhttps://api.tracer.finance/trs/prices[0m
Request 168: [94mhttps://delicate-virulent-tab.arbitrum-mainnet.quiknode.pro/24771c09eefd5e867b9659f7271421ecd2c3f850/[0m
Request 169: [94mhttps://delicate-virulent-tab.arbitrum-mainnet.quiknode.pro/24771c09eefd5e867b9659f7271421ecd2c3f850/[0m
Request 170: [94mhttps://delicate-virulent-tab.arbitrum-mainnet.quiknode.pro/24771c09eefd5e867b9659f7271421ecd2c3f850/[0m
Request 171: [94mhttps://delicate-virulent-tab.arbitrum-mainnet.quiknode.pro/24771c09eefd5e867b9659f7271421ecd2c3f850/[0m
Request 172: [94mhttps://delicate-virulent-tab.arbitrum-mainnet.quiknode.pro/24771c09eefd5e867b9659f7271421ecd2c3f850/[0m
Request 173: [94mhttps://delicate-virulent-tab.arbitrum-mainnet.quiknode.pro/24771c09eefd5e867b9659f7271421ecd2c3f850/[0m
Request 174: [94mhttps://delicate-virulent-tab.arbitrum-mainnet.quiknode.pro/24771c09eefd5e867b9659f7271421ecd2c3f850/[0m
Request 175: [94mhttps://delicate-virulent-tab.arbitrum-mainnet.quiknode.pro/24771c09eefd5e867b9659f7271421ecd2c3f850/[0m
Request 176: [94mhttps://delicate-virulent-tab.arbitrum-mainnet.quiknode.pro/24771c09eefd5e867b9659f7271421ecd2c3f850/[0m
Request 177: [94mhttps://delicate-virulent-tab.arbitrum-mainnet.quiknode.pro/24771c09eefd5e867b9659f7271421ecd2c3f850/[0m
Request 178: [94mhttps://delicate-virulent-tab.arbitrum-mainnet.quiknode.pro/24771c09eefd5e867b9659f7271421ecd2c3f850/[0m
Request 179: [94mhttps://delicate-virulent-tab.arbitrum-mainnet.quiknode.pro/24771c09eefd5e867b9659f7271421ecd2c3f850/[0m
Request 180: [94mhttps://sentry.io/api/273505/envelope/[0m
Request 181: [94mhttps://sentry.io/api/273505/envelope/[0m
Clicked next button!
Clicked continue button!
[92mSuccessfully connected MetaMask wallet![0m
Request 182: [94mhttps://pricing.mycelium.xyz/prices[0m
Request 183: [94mhttps://api.tracer.finance/trs/prices[0m
Request 184: [94mhttps://sentry.io/api/273505/envelope/[0m
Request 185: [94mhttps://sentry.io/api/273505/envelope/[0m
Page closed: [94mchrome-extension://glepecflakcnfpeedbnclfdcabngidkh/notification.html#[0m
Request 186: [94mhttps://api.tracer.finance/trs/prices[0m
Request 187: [94mhttps://pricing.mycelium.xyz/prices[0m
Request 188: [94mhttps://api.tracer.finance/trs/tradingRewards[0m
Request 189: [94mhttps://delicate-virulent-tab.arbitrum-mainnet.quiknode.pro/24771c09eefd5e867b9659f7271421ecd2c3f850/[0m
Request 190: [94mhttps://delicate-virulent-tab.arbitrum-mainnet.quiknode.pro/24771c09eefd5e867b9659f7271421ecd2c3f850/[0m
Request 191: [94mhttps://delicate-virulent-tab.arbitrum-mainnet.quiknode.pro/24771c09eefd5e867b9659f7271421ecd2c3f850/[0m
Request 192: [94mhttps://delicate-virulent-tab.arbitrum-mainnet.quiknode.pro/24771c09eefd5e867b9659f7271421ecd2c3f850/[0m
Request 193: [94mhttps://delicate-virulent-tab.arbitrum-mainnet.quiknode.pro/24771c09eefd5e867b9659f7271421ecd2c3f850/[0m
Request 194: [94mhttps://delicate-virulent-tab.arbitrum-mainnet.quiknode.pro/24771c09eefd5e867b9659f7271421ecd2c3f850/[0m
Request 195: [94mhttps://delicate-virulent-tab.arbitrum-mainnet.quiknode.pro/24771c09eefd5e867b9659f7271421ecd2c3f850/[0m
Request 196: [94mhttps://delicate-virulent-tab.arbitrum-mainnet.quiknode.pro/24771c09eefd5e867b9659f7271421ecd2c3f850/[0m
Request 197: [94mhttps://delicate-virulent-tab.arbitrum-mainnet.quiknode.pro/24771c09eefd5e867b9659f7271421ecd2c3f850/[0m
Request 198: [94mhttps://delicate-virulent-tab.arbitrum-mainnet.quiknode.pro/24771c09eefd5e867b9659f7271421ecd2c3f850/[0m
Request 199: [94mhttps://delicate-virulent-tab.arbitrum-mainnet.quiknode.pro/24771c09eefd5e867b9659f7271421ecd2c3f850/[0m
Request 200: [94mhttps://delicate-virulent-tab.arbitrum-mainnet.quiknode.pro/24771c09eefd5e867b9659f7271421ecd2c3f850/[0m
Request 201: [94mhttps://api.tracer.finance/trs/prices[0m
Request 202: [94mhttps://pricing.mycelium.xyz/prices[0m
Request 203: [94mhttps://api.tracer.finance/trs/prices[0m
Request 204: [94mhttps://pricing.mycelium.xyz/prices[0m
Request 205: [94mhttps://api.tracer.finance/trs/tradingRewards[0m
Request 206: [94mhttps://delicate-virulent-tab.arbitrum-mainnet.quiknode.pro/24771c09eefd5e867b9659f7271421ecd2c3f850/[0m
Request 207: [94mhttps://delicate-virulent-tab.arbitrum-mainnet.quiknode.pro/24771c09eefd5e867b9659f7271421ecd2c3f850/[0m
Request 208: [94mhttps://delicate-virulent-tab.arbitrum-mainnet.quiknode.pro/24771c09eefd5e867b9659f7271421ecd2c3f850/[0m
Request 209: [94mhttps://delicate-virulent-tab.arbitrum-mainnet.quiknode.pro/24771c09eefd5e867b9659f7271421ecd2c3f850/[0m
Request 210: [94mhttps://delicate-virulent-tab.arbitrum-mainnet.quiknode.pro/24771c09eefd5e867b9659f7271421ecd2c3f850/[0m
Request 211: [94mhttps://delicate-virulent-tab.arbitrum-mainnet.quiknode.pro/24771c09eefd5e867b9659f7271421ecd2c3f850/[0m
Request 212: [94mhttps://api.tracer.finance/trs/prices[0m
Request 213: [94mhttps://delicate-virulent-tab.arbitrum-mainnet.quiknode.pro/24771c09eefd5e867b9659f7271421ecd2c3f850/[0m
Request 214: [94mhttps://delicate-virulent-tab.arbitrum-mainnet.quiknode.pro/24771c09eefd5e867b9659f7271421ecd2c3f850/[0m
Request 215: [94mhttps://delicate-virulent-tab.arbitrum-mainnet.quiknode.pro/24771c09eefd5e867b9659f7271421ecd2c3f850/[0m
Request 216: [94mhttps://delicate-virulent-tab.arbitrum-mainnet.quiknode.pro/24771c09eefd5e867b9659f7271421ecd2c3f850/[0m
Request 217: [94mhttps://delicate-virulent-tab.arbitrum-mainnet.quiknode.pro/24771c09eefd5e867b9659f7271421ecd2c3f850/[0m
Request 218: [94mhttps://delicate-virulent-tab.arbitrum-mainnet.quiknode.pro/24771c09eefd5e867b9659f7271421ecd2c3f850/[0m
Request 219: [94mhttps://pricing.mycelium.xyz/prices[0m
Request 220: [94mhttps://api.tracer.finance/trs/prices[0m
Request 221: [94mhttps://pricing.mycelium.xyz/prices[0m
Request 222: [94mhttps://api.tracer.finance/trs/tradingRewards[0m
Request 223: [94mhttps://api.tracer.finance/trs/prices[0m
Request 224: [94mhttps://pricing.mycelium.xyz/prices[0m
Request 225: [94mhttps://delicate-virulent-tab.arbitrum-mainnet.quiknode.pro/24771c09eefd5e867b9659f7271421ecd2c3f850/[0m
Request 226: [94mhttps://delicate-virulent-tab.arbitrum-mainnet.quiknode.pro/24771c09eefd5e867b9659f7271421ecd2c3f850/[0m
Request 227: [94mhttps://delicate-virulent-tab.arbitrum-mainnet.quiknode.pro/24771c09eefd5e867b9659f7271421ecd2c3f850/[0m
Request 228: [94mhttps://delicate-virulent-tab.arbitrum-mainnet.quiknode.pro/24771c09eefd5e867b9659f7271421ecd2c3f850/[0m
Request 229: [94mhttps://delicate-virulent-tab.arbitrum-mainnet.quiknode.pro/24771c09eefd5e867b9659f7271421ecd2c3f850/[0m
Request 230: [94mhttps://delicate-virulent-tab.arbitrum-mainnet.quiknode.pro/24771c09eefd5e867b9659f7271421ecd2c3f850/[0m
Request 231: [94mhttps://delicate-virulent-tab.arbitrum-mainnet.quiknode.pro/24771c09eefd5e867b9659f7271421ecd2c3f850/[0m
Request 232: [94mhttps://delicate-virulent-tab.arbitrum-mainnet.quiknode.pro/24771c09eefd5e867b9659f7271421ecd2c3f850/[0m
Request 233: [94mhttps://delicate-virulent-tab.arbitrum-mainnet.quiknode.pro/24771c09eefd5e867b9659f7271421ecd2c3f850/[0m
Request 234: [94mhttps://delicate-virulent-tab.arbitrum-mainnet.quiknode.pro/24771c09eefd5e867b9659f7271421ecd2c3f850/[0m
Request 235: [94mhttps://delicate-virulent-tab.arbitrum-mainnet.quiknode.pro/24771c09eefd5e867b9659f7271421ecd2c3f850/[0m
Request 236: [94mhttps://delicate-virulent-tab.arbitrum-mainnet.quiknode.pro/24771c09eefd5e867b9659f7271421ecd2c3f850/[0m
Request 237: [94mhttps://api.tracer.finance/trs/prices[0m
Request 238: [94mhttps://pricing.mycelium.xyz/prices[0m
Request 239: [94mhttps://api.tracer.finance/trs/prices[0m
Request 240: [94mhttps://pricing.mycelium.xyz/prices[0m
Request 241: [94mhttps://api.tracer.finance/trs/tradingRewards[0m
Request 242: [94mhttps://delicate-virulent-tab.arbitrum-mainnet.quiknode.pro/24771c09eefd5e867b9659f7271421ecd2c3f850/[0m
Request 243: [94mhttps://delicate-virulent-tab.arbitrum-mainnet.quiknode.pro/24771c09eefd5e867b9659f7271421ecd2c3f850/[0m
Request 244: [94mhttps://delicate-virulent-tab.arbitrum-mainnet.quiknode.pro/24771c09eefd5e867b9659f7271421ecd2c3f850/[0m
Request 245: [94mhttps://delicate-virulent-tab.arbitrum-mainnet.quiknode.pro/24771c09eefd5e867b9659f7271421ecd2c3f850/[0m
Request 246: [94mhttps://delicate-virulent-tab.arbitrum-mainnet.quiknode.pro/24771c09eefd5e867b9659f7271421ecd2c3f850/[0m
Request 247: [94mhttps://delicate-virulent-tab.arbitrum-mainnet.quiknode.pro/24771c09eefd5e867b9659f7271421ecd2c3f850/[0m
Request 248: [94mhttps://delicate-virulent-tab.arbitrum-mainnet.quiknode.pro/24771c09eefd5e867b9659f7271421ecd2c3f850/[0m
Request 249: [94mhttps://delicate-virulent-tab.arbitrum-mainnet.quiknode.pro/24771c09eefd5e867b9659f7271421ecd2c3f850/[0m
Request 250: [94mhttps://delicate-virulent-tab.arbitrum-mainnet.quiknode.pro/24771c09eefd5e867b9659f7271421ecd2c3f850/[0m
Request 251: [94mhttps://delicate-virulent-tab.arbitrum-mainnet.quiknode.pro/24771c09eefd5e867b9659f7271421ecd2c3f850/[0m
Request 252: [94mhttps://delicate-virulent-tab.arbitrum-mainnet.quiknode.pro/24771c09eefd5e867b9659f7271421ecd2c3f850/[0m
Request 253: [94mhttps://delicate-virulent-tab.arbitrum-mainnet.quiknode.pro/24771c09eefd5e867b9659f7271421ecd2c3f850/[0m
Request 254: [94mhttps://api.tracer.finance/trs/prices[0m
Request 255: [94mhttps://pricing.mycelium.xyz/prices[0m
Request 256: [94mhttps://api.tracer.finance/trs/prices[0m
Request 257: [94mhttps://pricing.mycelium.xyz/prices[0m
Request 258: [94mhttps://api.tracer.finance/trs/tradingRewards[0m
Request 259: [94mhttps://api.tracer.finance/trs/prices[0m
Request 260: [94mhttps://delicate-virulent-tab.arbitrum-mainnet.quiknode.pro/24771c09eefd5e867b9659f7271421ecd2c3f850/[0m
Request 261: [94mhttps://delicate-virulent-tab.arbitrum-mainnet.quiknode.pro/24771c09eefd5e867b9659f7271421ecd2c3f850/[0m
Request 262: [94mhttps://delicate-virulent-tab.arbitrum-mainnet.quiknode.pro/24771c09eefd5e867b9659f7271421ecd2c3f850/[0m
Request 263: [94mhttps://delicate-virulent-tab.arbitrum-mainnet.quiknode.pro/24771c09eefd5e867b9659f7271421ecd2c3f850/[0m
Request 264: [94mhttps://delicate-virulent-tab.arbitrum-mainnet.quiknode.pro/24771c09eefd5e867b9659f7271421ecd2c3f850/[0m
Request 265: [94mhttps://delicate-virulent-tab.arbitrum-mainnet.quiknode.pro/24771c09eefd5e867b9659f7271421ecd2c3f850/[0m
Request 266: [94mhttps://pricing.mycelium.xyz/prices[0m
Request 267: [94mhttps://delicate-virulent-tab.arbitrum-mainnet.quiknode.pro/24771c09eefd5e867b9659f7271421ecd2c3f850/[0m
Request 268: [94mhttps://delicate-virulent-tab.arbitrum-mainnet.quiknode.pro/24771c09eefd5e867b9659f7271421ecd2c3f850/[0m
Request 269: [94mhttps://delicate-virulent-tab.arbitrum-mainnet.quiknode.pro/24771c09eefd5e867b9659f7271421ecd2c3f850/[0m
Request 270: [94mhttps://delicate-virulent-tab.arbitrum-mainnet.quiknode.pro/24771c09eefd5e867b9659f7271421ecd2c3f850/[0m
Request 271: [94mhttps://delicate-virulent-tab.arbitrum-mainnet.quiknode.pro/24771c09eefd5e867b9659f7271421ecd2c3f850/[0m
Request 272: [94mhttps://delicate-virulent-tab.arbitrum-mainnet.quiknode.pro/24771c09eefd5e867b9659f7271421ecd2c3f850/[0m
Request 273: [94mhttps://api.tracer.finance/trs/prices[0m
Request 274: [94mhttps://pricing.mycelium.xyz/prices[0m
Request 275: [94mhttps://api.tracer.finance/trs/tradingRewards[0m
Request 276: [94mhttps://api.tracer.finance/trs/prices[0m
Request 277: [94mhttps://pricing.mycelium.xyz/prices[0m
Request 278: [94mhttps://delicate-virulent-tab.arbitrum-mainnet.quiknode.pro/24771c09eefd5e867b9659f7271421ecd2c3f850/[0m
Request 279: [94mhttps://delicate-virulent-tab.arbitrum-mainnet.quiknode.pro/24771c09eefd5e867b9659f7271421ecd2c3f850/[0m
Request 280: [94mhttps://delicate-virulent-tab.arbitrum-mainnet.quiknode.pro/24771c09eefd5e867b9659f7271421ecd2c3f850/[0m
Request 281: [94mhttps://delicate-virulent-tab.arbitrum-mainnet.quiknode.pro/24771c09eefd5e867b9659f7271421ecd2c3f850/[0m
Request 282: [94mhttps://delicate-virulent-tab.arbitrum-mainnet.quiknode.pro/24771c09eefd5e867b9659f7271421ecd2c3f850/[0m
Request 283: [94mhttps://delicate-virulent-tab.arbitrum-mainnet.quiknode.pro/24771c09eefd5e867b9659f7271421ecd2c3f850/[0m
Request 284: [94mhttps://delicate-virulent-tab.arbitrum-mainnet.quiknode.pro/24771c09eefd5e867b9659f7271421ecd2c3f850/[0m
Request 285: [94mhttps://delicate-virulent-tab.arbitrum-mainnet.quiknode.pro/24771c09eefd5e867b9659f7271421ecd2c3f850/[0m
Request 286: [94mhttps://delicate-virulent-tab.arbitrum-mainnet.quiknode.pro/24771c09eefd5e867b9659f7271421ecd2c3f850/[0m
Request 287: [94mhttps://delicate-virulent-tab.arbitrum-mainnet.quiknode.pro/24771c09eefd5e867b9659f7271421ecd2c3f850/[0m
Request 288: [94mhttps://delicate-virulent-tab.arbitrum-mainnet.quiknode.pro/24771c09eefd5e867b9659f7271421ecd2c3f850/[0m
Request 289: [94mhttps://delicate-virulent-tab.arbitrum-mainnet.quiknode.pro/24771c09eefd5e867b9659f7271421ecd2c3f850/[0m
Request 290: [94mhttps://api.tracer.finance/trs/prices[0m
Request 291: [94mhttps://pricing.mycelium.xyz/prices[0m
No sign or approve button found!
Request 292: [94mhttps://swaps.mycelium.xyz/[0m
Request 293: [94mhttps://region1.google-analytics.com/g/collect[0m
Request 294: [94mhttps://use.typekit.net/klm0viv.css[0m
Request 295: [94mhttps://swaps.mycelium.xyz/static/css/8.cc7f35df.chunk.css[0m
Request 296: [94mhttps://swaps.mycelium.xyz/static/css/main.bec93e78.chunk.css[0m
Request 297: [94mhttps://swaps.mycelium.xyz/static/js/8.88c1a3ce.chunk.js[0m
Request 298: [94mhttps://swaps.mycelium.xyz/static/js/main.dddab94a.chunk.js[0m
Request 299: [94mhttps://widget.usersnap.com/global/load/2588e01d-f08f-41be-b127-1c036f878c0b[0m
Request 300: [94mhttps://p.typekit.net/p.css[0m
Request 301: [94mhttps://use.typekit.net/af/3040b7/00000000000000007735cc82/30/l[0m
Request 302: [94mhttps://swaps.mycelium.xyz/static/media/inter-v11-latin-600.ee12ccf9.woff2[0m
Request 303: [94mhttps://www.googletagmanager.com/gtag/js[0m
Request 304: [94mhttps://swaps.mycelium.xyz/static/media/logo_MYC.15694ede.svg[0m
Request 305: [94mhttps://swaps.mycelium.xyz/static/media/logo_MYC_small.d38887cb.svg[0m
Request 306: [94mhttps://swaps.mycelium.xyz/static/media/ic_arbitrum_24.dd77229f.svg[0m
Request 307: [94mhttps://swaps.mycelium.xyz/static/media/ic_selector_dropdowns.ad2f3aa9.svg[0m
Request 308: [94mhttps://swaps.mycelium.xyz/static/media/ic_wallet_24.692792ab.svg[0m
Request 309: [94mhttps://swaps.mycelium.xyz/static/media/chevron-down.47c12799.svg[0m
Request 310: [94mhttps://swaps.mycelium.xyz/static/media/background_mesh_mobile.eff4fa34.png[0m
Request 311: [94mhttps://swaps.mycelium.xyz/static/media/ic_nav_close.c32f0281.svg[0m
Request 312: [94mhttps://swaps.mycelium.xyz/static/media/myc_pools_short.290fe0b1.svg[0m
Request 313: [94mhttps://swaps.mycelium.xyz/static/media/long.2e0e188a.svg[0m
Request 314: [94mhttps://swaps.mycelium.xyz/static/media/short.bceae94a.svg[0m
Request 315: [94mhttps://swaps.mycelium.xyz/static/media/swap.c3654462.svg[0m
Request 316: [94mhttps://swaps.mycelium.xyz/static/media/live.ac3aeb94.svg[0m
Request 317: [94mhttps://swaps.mycelium.xyz/static/media/event-graphic.e9b6dc14.png[0m
Request 318: [94mhttps://swaps.mycelium.xyz/static/media/close.c3685b77.svg[0m
Request 319: [94mhttps://pricing.mycelium.xyz/prices[0m
Request 320: [94mhttps://api.tracer.finance/trs/prices[0m
Request 321: [94mhttps://api.tracer.finance/trs/tradingRewards[0m
Request 322: [94mhttps://cdn.segment.com/v1/projects/EydXm4auQBRgpG49m7Szmo9lDmtmVfhX/settings[0m
Request 323: [94mhttps://delicate-virulent-tab.arbitrum-mainnet.quiknode.pro/24771c09eefd5e867b9659f7271421ecd2c3f850/[0m
Request 324: [94mhttps://delicate-virulent-tab.arbitrum-mainnet.quiknode.pro/24771c09eefd5e867b9659f7271421ecd2c3f850/[0m
Request 325: [94mhttps://delicate-virulent-tab.arbitrum-mainnet.quiknode.pro/24771c09eefd5e867b9659f7271421ecd2c3f850/[0m
Request 326: [94mhttps://delicate-virulent-tab.arbitrum-mainnet.quiknode.pro/24771c09eefd5e867b9659f7271421ecd2c3f850/[0m
Request 327: [94mhttps://delicate-virulent-tab.arbitrum-mainnet.quiknode.pro/24771c09eefd5e867b9659f7271421ecd2c3f850/[0m
Request 328: [94mhttps://delicate-virulent-tab.arbitrum-mainnet.quiknode.pro/24771c09eefd5e867b9659f7271421ecd2c3f850/[0m
Request 329: [94mhttps://dev.api.mycelium.xyz/trs/candles[0m
Request 330: [94mhttps://delicate-virulent-tab.arbitrum-mainnet.quiknode.pro/24771c09eefd5e867b9659f7271421ecd2c3f850/[0m
Request 331: [94mhttps://delicate-virulent-tab.arbitrum-mainnet.quiknode.pro/24771c09eefd5e867b9659f7271421ecd2c3f850/[0m
Request 332: [94mhttps://delicate-virulent-tab.arbitrum-mainnet.quiknode.pro/24771c09eefd5e867b9659f7271421ecd2c3f850/[0m
Request 333: [94mhttps://delicate-virulent-tab.arbitrum-mainnet.quiknode.pro/24771c09eefd5e867b9659f7271421ecd2c3f850/[0m
Request 334: [94mhttps://delicate-virulent-tab.arbitrum-mainnet.quiknode.pro/24771c09eefd5e867b9659f7271421ecd2c3f850/[0m
Request 335: [94mhttps://delicate-virulent-tab.arbitrum-mainnet.quiknode.pro/24771c09eefd5e867b9659f7271421ecd2c3f850/[0m
Request 336: [94mhttps://swaps.mycelium.xyz/static/media/inter-v11-latin-regular.c96fe5ff.woff2[0m
Request 337: [94mhttps://swaps.mycelium.xyz/static/media/inter-v12-latin-700.54321e26.woff2[0m
Request 338: [94mhttps://swaps.mycelium.xyz/favicon/favicon-32x32.png[0m
Waiting for 30000ms
Request 339: [94mhttps://resources.usersnap.com/widget-assets/js/entries/globalSetup/57bd280e70c60fe8c111.js[0m
Request 340: [94mhttps://swaps.mycelium.xyz/static/js/9.0a1b37e1.chunk.js[0m
Request 341: [94mhttps://swaps.mycelium.xyz/static/js/schemaFilter.47877181.chunk.js[0m
Request 342: [94mhttps://resources.usersnap.com/widget-assets/js/entries/setup/26c1036b9f70a5651451.js[0m
Request 343: [94mwss://delicate-virulent-tab.arbitrum-mainnet.quiknode.pro/24771c09eefd5e867b9659f7271421ecd2c3f850/[0m
Request 344: [94mhttps://cdn.segment.com/next-integrations/actions/fullstory/3c8a0b7f8a55c5822f32.js[0m
Request 345: [94mhttps://resources.usersnap.com/widget-assets/js/entries/buttonV2/9636918124dc8f8f6dac.js[0m
Request 346: [94mhttps://cdn.segment.com/next-integrations/actions/688.js[0m
Request 347: [94mhttps://cdn.segment.com/next-integrations/integrations/hotjar/1.4.0/hotjar.dynamic.js.gz[0m
Request 348: [94mhttps://edge.fullstory.com/s/fs.js[0m
Request 349: [94mhttps://fonts.googleapis.com/css2[0m
Request 350: [94mhttps://cdn.segment.com/next-integrations/integrations/vendor/commons.c42222c4cb2f8913500f.js.gz[0m
Request 351: [94mhttps://fonts.gstatic.com/s/inter/v12/UcC73FwrK3iLTeHuS_fvQtMwCp50KnMa1ZL7W0Q5nw.woff2[0m
Request 352: [94mhttps://rs.fullstory.com/rec/page[0m
Request 353: [94mhttps://static.hotjar.com/c/hotjar-3104365.js[0m
Request 354: [94mhttps://api.segment.io/v1/p[0m
Request 355: [94mhttps://script.hotjar.com/modules.ea0a6d6a741d5de8308e.js[0m
Request 356: [94mhttps://swaps.mycelium.xyz/favicon/favicon.ico[0m
Request 357: [94mhttps://swaps.mycelium.xyz/favicon/site.webmanifest[0m
Request 358: [94mhttps://vars.hotjar.com/box-ff00c703c3bbdf54ae44ee858d64f69e.html[0m
Request 359: [94mhttps://in.hotjar.com/api/v2/client/sites/3104365/visit-data[0m
Request 360: [94mhttps://pricing.mycelium.xyz/prices[0m
Request 361: [94mhttps://api.tracer.finance/trs/prices[0m
Request 362: [94mhttps://pricing.mycelium.xyz/prices[0m
Request 363: [94mhttps://api.tracer.finance/trs/prices[0m
Request 364: [94mhttps://delicate-virulent-tab.arbitrum-mainnet.quiknode.pro/24771c09eefd5e867b9659f7271421ecd2c3f850/[0m
Request 365: [94mhttps://delicate-virulent-tab.arbitrum-mainnet.quiknode.pro/24771c09eefd5e867b9659f7271421ecd2c3f850/[0m
Request 366: [94mhttps://delicate-virulent-tab.arbitrum-mainnet.quiknode.pro/24771c09eefd5e867b9659f7271421ecd2c3f850/[0m
Request 367: [94mhttps://delicate-virulent-tab.arbitrum-mainnet.quiknode.pro/24771c09eefd5e867b9659f7271421ecd2c3f850/[0m
Request 368: [94mhttps://delicate-virulent-tab.arbitrum-mainnet.quiknode.pro/24771c09eefd5e867b9659f7271421ecd2c3f850/[0m
Request 369: [94mhttps://delicate-virulent-tab.arbitrum-mainnet.quiknode.pro/24771c09eefd5e867b9659f7271421ecd2c3f850/[0m
Request 370: [94mhttps://delicate-virulent-tab.arbitrum-mainnet.quiknode.pro/24771c09eefd5e867b9659f7271421ecd2c3f850/[0m
Request 371: [94mhttps://delicate-virulent-tab.arbitrum-mainnet.quiknode.pro/24771c09eefd5e867b9659f7271421ecd2c3f850/[0m
Request 372: [94mhttps://delicate-virulent-tab.arbitrum-mainnet.quiknode.pro/24771c09eefd5e867b9659f7271421ecd2c3f850/[0m
Request 373: [94mhttps://delicate-virulent-tab.arbitrum-mainnet.quiknode.pro/24771c09eefd5e867b9659f7271421ecd2c3f850/[0m
Request 374: [94mhttps://delicate-virulent-tab.arbitrum-mainnet.quiknode.pro/24771c09eefd5e867b9659f7271421ecd2c3f850/[0m
Request 375: [94mhttps://delicate-virulent-tab.arbitrum-mainnet.quiknode.pro/24771c09eefd5e867b9659f7271421ecd2c3f850/[0m
Request 376: [94mhttps://api.tracer.finance/trs/tradingRewards[0m
Request 377: [94mhttps://api.tracer.finance/trs/prices[0m
Request 378: [94mhttps://pricing.mycelium.xyz/prices[0m
Request 379: [94mhttps://api.tracer.finance/trs/prices[0m
Request 380: [94mhttps://pricing.mycelium.xyz/prices[0m
Request 381: [94mhttps://api.tracer.finance/trs/tradingRewards[0m
Request 382: [94mhttps://delicate-virulent-tab.arbitrum-mainnet.quiknode.pro/24771c09eefd5e867b9659f7271421ecd2c3f850/[0m
Request 383: [94mhttps://delicate-virulent-tab.arbitrum-mainnet.quiknode.pro/24771c09eefd5e867b9659f7271421ecd2c3f850/[0m
Request 384: [94mhttps://delicate-virulent-tab.arbitrum-mainnet.quiknode.pro/24771c09eefd5e867b9659f7271421ecd2c3f850/[0m
Request 385: [94mhttps://delicate-virulent-tab.arbitrum-mainnet.quiknode.pro/24771c09eefd5e867b9659f7271421ecd2c3f850/[0m
Request 386: [94mhttps://delicate-virulent-tab.arbitrum-mainnet.quiknode.pro/24771c09eefd5e867b9659f7271421ecd2c3f850/[0m
Request 387: [94mhttps://delicate-virulent-tab.arbitrum-mainnet.quiknode.pro/24771c09eefd5e867b9659f7271421ecd2c3f850/[0m
Request 388: [94mhttps://delicate-virulent-tab.arbitrum-mainnet.quiknode.pro/24771c09eefd5e867b9659f7271421ecd2c3f850/[0m
Request 389: [94mhttps://delicate-virulent-tab.arbitrum-mainnet.quiknode.pro/24771c09eefd5e867b9659f7271421ecd2c3f850/[0m
Request 390: [94mhttps://delicate-virulent-tab.arbitrum-mainnet.quiknode.pro/24771c09eefd5e867b9659f7271421ecd2c3f850/[0m
Request 391: [94mhttps://delicate-virulent-tab.arbitrum-mainnet.quiknode.pro/24771c09eefd5e867b9659f7271421ecd2c3f850/[0m
Request 392: [94mhttps://delicate-virulent-tab.arbitrum-mainnet.quiknode.pro/24771c09eefd5e867b9659f7271421ecd2c3f850/[0m
Request 393: [94mhttps://delicate-virulent-tab.arbitrum-mainnet.quiknode.pro/24771c09eefd5e867b9659f7271421ecd2c3f850/[0m
Request 394: [94mhttps://api.tracer.finance/trs/prices[0m
Request 395: [94mhttps://pricing.mycelium.xyz/prices[0m
Request 396: [94mhttps://api.tracer.finance/trs/prices[0m
Request 397: [94mhttps://pricing.mycelium.xyz/prices[0m
Request 398: [94mhttps://api.tracer.finance/trs/tradingRewards[0m
Request 399: [94mhttps://delicate-virulent-tab.arbitrum-mainnet.quiknode.pro/24771c09eefd5e867b9659f7271421ecd2c3f850/[0m
Request 400: [94mhttps://delicate-virulent-tab.arbitrum-mainnet.quiknode.pro/24771c09eefd5e867b9659f7271421ecd2c3f850/[0m
Request 401: [94mhttps://delicate-virulent-tab.arbitrum-mainnet.quiknode.pro/24771c09eefd5e867b9659f7271421ecd2c3f850/[0m
Request 402: [94mhttps://delicate-virulent-tab.arbitrum-mainnet.quiknode.pro/24771c09eefd5e867b9659f7271421ecd2c3f850/[0m
Request 403: [94mhttps://delicate-virulent-tab.arbitrum-mainnet.quiknode.pro/24771c09eefd5e867b9659f7271421ecd2c3f850/[0m
Request 404: [94mhttps://delicate-virulent-tab.arbitrum-mainnet.quiknode.pro/24771c09eefd5e867b9659f7271421ecd2c3f850/[0m
Request 405: [94mhttps://delicate-virulent-tab.arbitrum-mainnet.quiknode.pro/24771c09eefd5e867b9659f7271421ecd2c3f850/[0m
Request 406: [94mhttps://delicate-virulent-tab.arbitrum-mainnet.quiknode.pro/24771c09eefd5e867b9659f7271421ecd2c3f850/[0m
Request 407: [94mhttps://delicate-virulent-tab.arbitrum-mainnet.quiknode.pro/24771c09eefd5e867b9659f7271421ecd2c3f850/[0m
Request 408: [94mhttps://delicate-virulent-tab.arbitrum-mainnet.quiknode.pro/24771c09eefd5e867b9659f7271421ecd2c3f850/[0m
Request 409: [94mhttps://delicate-virulent-tab.arbitrum-mainnet.quiknode.pro/24771c09eefd5e867b9659f7271421ecd2c3f850/[0m
Request 410: [94mhttps://delicate-virulent-tab.arbitrum-mainnet.quiknode.pro/24771c09eefd5e867b9659f7271421ecd2c3f850/[0m
Request 411: [94mhttps://api.tracer.finance/trs/prices[0m
Request 412: [94mhttps://pricing.mycelium.xyz/prices[0m
Request 413: [94mhttps://api.tracer.finance/trs/prices[0m
Request 414: [94mhttps://pricing.mycelium.xyz/prices[0m
Request 415: [94mhttps://api.tracer.finance/trs/prices[0m
Request 416: [94mhttps://pricing.mycelium.xyz/prices[0m
Request 417: [94mhttps://api.tracer.finance/trs/tradingRewards[0m
Request 418: [94mhttps://delicate-virulent-tab.arbitrum-mainnet.quiknode.pro/24771c09eefd5e867b9659f7271421ecd2c3f850/[0m
Request 419: [94mhttps://delicate-virulent-tab.arbitrum-mainnet.quiknode.pro/24771c09eefd5e867b9659f7271421ecd2c3f850/[0m
Request 420: [94mhttps://delicate-virulent-tab.arbitrum-mainnet.quiknode.pro/24771c09eefd5e867b9659f7271421ecd2c3f850/[0m
Request 421: [94mhttps://delicate-virulent-tab.arbitrum-mainnet.quiknode.pro/24771c09eefd5e867b9659f7271421ecd2c3f850/[0m
Request 422: [94mhttps://delicate-virulent-tab.arbitrum-mainnet.quiknode.pro/24771c09eefd5e867b9659f7271421ecd2c3f850/[0m
Request 423: [94mhttps://delicate-virulent-tab.arbitrum-mainnet.quiknode.pro/24771c09eefd5e867b9659f7271421ecd2c3f850/[0m
Request 424: [94mhttps://delicate-virulent-tab.arbitrum-mainnet.quiknode.pro/24771c09eefd5e867b9659f7271421ecd2c3f850/[0m
Request 425: [94mhttps://delicate-virulent-tab.arbitrum-mainnet.quiknode.pro/24771c09eefd5e867b9659f7271421ecd2c3f850/[0m
Request 426: [94mhttps://delicate-virulent-tab.arbitrum-mainnet.quiknode.pro/24771c09eefd5e867b9659f7271421ecd2c3f850/[0m
Request 427: [94mhttps://delicate-virulent-tab.arbitrum-mainnet.quiknode.pro/24771c09eefd5e867b9659f7271421ecd2c3f850/[0m
Request 428: [94mhttps://delicate-virulent-tab.arbitrum-mainnet.quiknode.pro/24771c09eefd5e867b9659f7271421ecd2c3f850/[0m
Request 429: [94mhttps://delicate-virulent-tab.arbitrum-mainnet.quiknode.pro/24771c09eefd5e867b9659f7271421ecd2c3f850/[0m
Request 430: [94mhttps://api.tracer.finance/trs/prices[0m
Request 431: [94mhttps://pricing.mycelium.xyz/prices[0m
Request 432: [94mhttps://api.tracer.finance/trs/prices[0m
Request 433: [94mhttps://pricing.mycelium.xyz/prices[0m
Request 434: [94mhttps://api.tracer.finance/trs/tradingRewards[0m
Request 435: [94mhttps://delicate-virulent-tab.arbitrum-mainnet.quiknode.pro/24771c09eefd5e867b9659f7271421ecd2c3f850/[0m
Request 436: [94mhttps://delicate-virulent-tab.arbitrum-mainnet.quiknode.pro/24771c09eefd5e867b9659f7271421ecd2c3f850/[0m
Request 437: [94mhttps://delicate-virulent-tab.arbitrum-mainnet.quiknode.pro/24771c09eefd5e867b9659f7271421ecd2c3f850/[0m
Request 438: [94mhttps://delicate-virulent-tab.arbitrum-mainnet.quiknode.pro/24771c09eefd5e867b9659f7271421ecd2c3f850/[0m
Request 439: [94mhttps://delicate-virulent-tab.arbitrum-mainnet.quiknode.pro/24771c09eefd5e867b9659f7271421ecd2c3f850/[0m
Request 440: [94mhttps://delicate-virulent-tab.arbitrum-mainnet.quiknode.pro/24771c09eefd5e867b9659f7271421ecd2c3f850/[0m
Request 441: [94mhttps://delicate-virulent-tab.arbitrum-mainnet.quiknode.pro/24771c09eefd5e867b9659f7271421ecd2c3f850/[0m
Request 442: [94mhttps://delicate-virulent-tab.arbitrum-mainnet.quiknode.pro/24771c09eefd5e867b9659f7271421ecd2c3f850/[0m
Request 443: [94mhttps://delicate-virulent-tab.arbitrum-mainnet.quiknode.pro/24771c09eefd5e867b9659f7271421ecd2c3f850/[0m
Request 444: [94mhttps://delicate-virulent-tab.arbitrum-mainnet.quiknode.pro/24771c09eefd5e867b9659f7271421ecd2c3f850/[0m
Request 445: [94mhttps://delicate-virulent-tab.arbitrum-mainnet.quiknode.pro/24771c09eefd5e867b9659f7271421ecd2c3f850/[0m
Request 446: [94mhttps://delicate-virulent-tab.arbitrum-mainnet.quiknode.pro/24771c09eefd5e867b9659f7271421ecd2c3f850/[0m
Request 447: [94mhttps://api.tracer.finance/trs/prices[0m
Request 448: [94mhttps://pricing.mycelium.xyz/prices[0m
Request 449: [94mhttps://api.tracer.finance/trs/prices[0m
Request 450: [94mhttps://pricing.mycelium.xyz/prices[0m
Page closed: [94mhttps://swaps.mycelium.xyz/[0m
Trying to shutdown
Page closed: [94mchrome-extension://glepecflakcnfpeedbnclfdcabngidkh/home.html#[0m
