Executing with arguments:  {
  printFrameHierarchy: true,
  debugLevel: 'verbose',
  headless: false,
  profilePath: undefined,
  secs: 30,
  links: undefined,
  url: 'https://vercel.com/docs/concepts/projects/domains#assigning-a-domain-to-a-git-branch',
  walletPath: 'metamask-chrome-10.22.2',
  destination: '../results/dapps/crawl',
  force: false,
  executablePath: '/Users/christof/.cache/puppeteer/chrome/mac-1056772/chrome-mac/Chromium.app/Contents/MacOS/Chromium'
}
Completed configuring new page. (about:blank)
Completed configuring new page. (chrome-extension://glepecflakcnfpeedbnclfdcabngidkh/home.html)
Request 1: [94mchrome-extension://glepecflakcnfpeedbnclfdcabngidkh/react-gallery/carousel.min.css[0m
Request 2: [94mhttps://sentry.io/api/273505/envelope/[0m
[94mTrying to import MetaMask connect...[0m
Request 3: [94mchrome-extension://glepecflakcnfpeedbnclfdcabngidkh/_locales/en/messages.json[0m
Request 4: [94mchrome-extension://glepecflakcnfpeedbnclfdcabngidkh/_locales/en/messages.json[0m
Request 5: [94mhttps://sentry.io/api/273505/envelope/[0m
Request 6: [94mhttps://sentry.io/api/273505/envelope/[0m
Request 7: [94mchrome-extension://glepecflakcnfpeedbnclfdcabngidkh/fonts/Euclid/EuclidCircularB-Regular-WebXL.ttf[0m
Request 8: [94mchrome-extension://glepecflakcnfpeedbnclfdcabngidkh/fonts/Euclid/EuclidCircularB-Medium.ttf[0m
Request 9: [94mchrome-extension://glepecflakcnfpeedbnclfdcabngidkh/images/logo/metamask-fox.svg[0m
Request 10: [94mhttps://sentry.io/api/273505/envelope/[0m
Request 11: [94mhttps://sentry.io/api/273505/envelope/[0m
Request 12: [94mchrome-extension://glepecflakcnfpeedbnclfdcabngidkh/images/metrics-chart.svg[0m
Request 13: [94mchrome-extension://glepecflakcnfpeedbnclfdcabngidkh/fonts/fontawesome/fa-solid-900.woff2[0m
Request 14: [94mchrome-extension://glepecflakcnfpeedbnclfdcabngidkh/fonts/Euclid/EuclidCircularB-Bold-WebXL.ttf[0m
Request 15: [94mhttps://sentry.io/api/273505/envelope/[0m
Request 16: [94mhttps://sentry.io/api/273505/envelope/[0m
Request 17: [94mhttps://sentry.io/api/273505/envelope/[0m
Request 18: [94mhttps://sentry.io/api/273505/envelope/[0m
Request 19: [94mchrome-extension://glepecflakcnfpeedbnclfdcabngidkh/fonts/Roboto/Roboto-Regular.ttf[0m
Request 20: [94mchrome-extension://glepecflakcnfpeedbnclfdcabngidkh/fonts/fontawesome/fa-regular-400.woff2[0m
Request 21: [94mhttps://sentry.io/api/273505/envelope/[0m
Request 22: [94mhttps://sentry.io/api/273505/envelope/[0m
[92mImporting MetaMask wallet was successful![0m
Visiting https://vercel.com/docs/concepts/projects/domains#assigning-a-domain-to-a-git-branch
Request 23: [94mhttps://vercel.com/docs/concepts/projects/domains[0m
Request 24: [94mhttps://sentry.io/api/273505/envelope/[0m
Request 25: [94mhttps://sentry.io/api/273505/envelope/[0m
Request 26: [94mchrome-extension://glepecflakcnfpeedbnclfdcabngidkh/images/eth_logo.svg[0m
Request 27: [94mhttps://assets.vercel.com/raw/upload/v1660068731/fonts/4/Inter.var.latin.woff2[0m
Request 28: [94mhttps://vercel.com/_next/static/css/6b0d152bdfee257f.css[0m
Request 29: [94mhttps://vercel.com/_next/static/css/f1fa8506be314fc6.css[0m
Request 30: [94mhttps://vercel.com/_next/static/css/97ca6ed5db30ccbc.css[0m
Request 31: [94mhttps://vercel.com/_next/static/chunks/webpack-7c1f6811746c21bd.js[0m
Request 32: [94mhttps://vercel.com/_next/static/chunks/framework-943b247166e4e8f7.js[0m
Request 33: [94mhttps://vercel.com/_next/static/chunks/main-e163490ac032540b.js[0m
Request 34: [94mhttps://vercel.com/_next/static/chunks/pages/_app-712d5e20c5810963.js[0m
Request 35: [94mhttps://vercel.com/_next/static/chunks/11591-98a3b12bff7c8ef8.js[0m
Request 36: [94mhttps://vercel.com/_next/static/chunks/87917-46bb1442f568547e.js[0m
Request 37: [94mhttps://vercel.com/_next/static/chunks/53091-8bbf5f221f7e8d97.js[0m
Request 38: [94mhttps://vercel.com/_next/static/chunks/48158-a35b0825e5aa8960.js[0m
Request 39: [94mhttps://vercel.com/_next/static/chunks/42794-b3e3e387917736eb.js[0m
Request 40: [94mhttps://vercel.com/_next/static/chunks/63174-99e8786f3bed9373.js[0m
Request 41: [94mhttps://vercel.com/_next/static/chunks/74316-87e17acbea6a853c.js[0m
Request 42: [94mhttps://vercel.com/_next/static/chunks/25117-ec9637ac6df59be5.js[0m
Request 43: [94mhttps://vercel.com/_next/static/chunks/28950-8c9359a0702c5cb1.js[0m
Request 44: [94mhttps://vercel.com/_next/static/chunks/57749-ea887927e73f35b5.js[0m
Request 45: [94mhttps://vercel.com/_next/static/chunks/pages/docs/concepts/projects/domains-e9c9ccaee2ae74bb.js[0m
Request 46: [94mhttps://vercel.com/_next/static/EE-HEGiIPKCwgmgeksd36/_buildManifest.js[0m
Request 47: [94mhttps://vercel.com/_next/static/EE-HEGiIPKCwgmgeksd36/_ssgManifest.js[0m
Request 48: [94mhttps://vercel.com/_next/image[0m
Request 49: [94mhttps://vercel.com/_next/image[0m
Request 50: [94mhttps://vercel.com/_next/image[0m
Request 51: [94mhttps://vercel.com/_next/image[0m
Request 52: [94mhttps://vercel.com/_next/image[0m
Request 53: [94mhttps://assets.vercel.com/twemoji/1f62d.svg[0m
Request 54: [94mhttps://assets.vercel.com/twemoji/1f615.svg[0m
Request 55: [94mhttps://assets.vercel.com/twemoji/1f600.svg[0m
Request 56: [94mhttps://assets.vercel.com/twemoji/1f929.svg[0m
Request 57: [94mhttps://assets.vercel.com/image/upload/front/favicon/vercel/32x32.png[0m
Request 58: [94mhttps://fonts.gstatic.com/s/robotomono/v22/L0xTDF4xlVMF-BfR8bXMIhJHg45mwgGEFl0_3vrtSM1J-gEPT5Ese6hmHSh0me8iUI0.woff2[0m
Request 59: [94mhttps://vercel.com/_next/static/chunks/f69bbb46-6721c39e29eece12.js[0m
Request 60: [94mhttps://vercel.com/_next/static/chunks/76588-c5c931183584396e.js[0m
Request 61: [94mhttps://vercel.com/_next/static/chunks/16981-677d95dfc701f2bd.js[0m
Request 62: [94mhttps://vercel.com/_next/static/chunks/82366-5900bbd6dd8b5192.js[0m
Request 63: [94mhttps://vercel.com/_next/static/chunks/19928-7f76f20011b5b0f5.js[0m
Request 64: [94mhttps://vercel.com/_next/static/chunks/43527-95314fa1822fcc9a.js[0m
Request 65: [94mhttps://vercel.com/_next/static/chunks/39869-ca42f1972ca6eb53.js[0m
Request 66: [94mhttps://vercel.com/_next/static/chunks/59817.dfec8a1da63b2400.js[0m
Request 67: [94mhttps://vercel.com/_next/static/chunks/42466-1388081364dec882.js[0m
Request 68: [94mhttps://vercel.com/_next/static/chunks/46653-17916678f3e70e5d.js[0m
Request 69: [94mhttps://vercel.com/_next/static/chunks/6975-a632403bd27c1c16.js[0m
Request 70: [94mhttps://vercel.com/_next/static/chunks/41844-c9dd9c9324984c81.js[0m
Request 71: [94mhttps://vercel.com/_next/static/chunks/11643-adae890f388a628a.js[0m
Request 72: [94mhttps://vercel.com/_next/static/css/3182b2531cbc3262.css[0m
Request 73: [94mhttps://vercel.com/_next/static/chunks/68048-40ca81b6d41f2686.js[0m
Request 74: [94mhttps://vercel.com/_next/static/chunks/17369-4fa50df9157d6973.js[0m
Request 75: [94mhttps://vercel.com/_next/static/chunks/79447.5424926c13947117.js[0m
Request 76: [94mhttps://vercel.com/_next/static/css/767aefb1829a7416.css[0m
Request 77: [94mhttps://vercel.com/_next/static/chunks/16979.7d338344025bae14.js[0m
Request 78: [94mhttps://vercel.com/_next/static/css/a0444d4675969274.css[0m
Request 79: [94mhttps://vercel.com/_next/static/chunks/99764.046fbc4e2f073166.js[0m
Request 80: [94mhttps://vercel.com/_vercel/insights/script.js[0m
Request 81: [94mhttps://vercel.com/api/jwt[0m
Request 82: [94mhttps://vercel.com/api/show-banner[0m
Request 83: [94mhttps://vercel.com/api/exp[0m
Request 84: [94mhttps://vercel.com/_next/static/chunks/36395-7ee14e4c06a97a2e.js[0m
Request 85: [94mhttps://vercel.com/_next/static/chunks/pages/docs-b016208ac9e12d9a.js[0m
Request 86: [94mhttps://vercel.com/_next/data/EE-HEGiIPKCwgmgeksd36/guides.json[0m
Request 87: [94mhttps://vercel.com/_next/static/chunks/84413-627c920388ba26f3.js[0m
Request 88: [94mhttps://vercel.com/_next/static/chunks/pages/guides-d88d104f77b47a42.js[0m
Request 89: [94mhttps://vercel.com/_next/data/EE-HEGiIPKCwgmgeksd36/docs/project-configuration.json[0m
Request 90: [94mhttps://vercel.com/_next/static/chunks/72839-837c687413f302e1.js[0m
Request 91: [94mhttps://vercel.com/_next/static/chunks/pages/docs/project-configuration-c705ecb81f3873ad.js[0m
Request 92: [94mhttps://vercel.com/_next/data/EE-HEGiIPKCwgmgeksd36/docs/deploy-button.json[0m
Request 93: [94mhttps://vercel.com/_next/static/chunks/33182-4b83cbb05e82f998.js[0m
Request 94: [94mhttps://vercel.com/_next/static/chunks/pages/docs/deploy-button-922f59d967bc80c1.js[0m
Request 95: [94mhttps://vercel.com/_next/data/EE-HEGiIPKCwgmgeksd36/docs/rest-api.json[0m
Request 96: [94mhttps://vercel.com/_next/static/chunks/36886-2a93e29c063f8e9d.js[0m
Request 97: [94mhttps://vercel.com/_next/static/chunks/67734-be46213481105883.js[0m
Request 98: [94mhttps://vercel.com/_next/static/chunks/pages/docs/rest-api-74b4aeacf06eb839.js[0m
Request 99: [94mhttps://vercel.com/_next/data/EE-HEGiIPKCwgmgeksd36/docs/build-output-api/v3.json[0m
Request 100: [94mhttps://vercel.com/_next/static/chunks/pages/docs/build-output-api/v3-d0f256e5923a08c7.js[0m
Request 101: [94mhttps://vercel.com/_next/data/EE-HEGiIPKCwgmgeksd36/docs/errors.json[0m
Request 102: [94mhttps://vercel.com/_next/static/chunks/pages/docs/errors-ed407e95624a0d1b.js[0m
Request 103: [94mhttps://vercel.com/_next/static/chunks/44322-7ab00a1e5ff01ff3.js[0m
Request 104: [94mhttps://vercel.com/_next/static/chunks/4888-7b1654911856a210.js[0m
Request 105: [94mhttps://vercel.com/_next/static/chunks/49314-8a77f30c9e52d7ce.js[0m
Request 106: [94mhttps://vercel.com/_next/static/chunks/pages/help-3309a3a1f8c7c8cd.js[0m
Request 107: [94mhttps://vercel.com/_next/data/EE-HEGiIPKCwgmgeksd36/blog.json[0m
Request 108: [94mhttps://vercel.com/_next/static/chunks/45815-fe5d625cf22c47d9.js[0m
Request 109: [94mhttps://vercel.com/_next/static/chunks/61122-f5eabcfea385c61e.js[0m
Request 110: [94mhttps://vercel.com/_next/static/chunks/pages/blog-9705cf5d7ab119c6.js[0m
Request 111: [94mhttps://vercel.com/_next/data/EE-HEGiIPKCwgmgeksd36/login.json[0m
Request 112: [94mhttps://vercel.com/_next/static/chunks/11306-ec6dd68aa2892e97.js[0m
Request 113: [94mhttps://vercel.com/_next/static/chunks/47247-6beaeedbec57aef8.js[0m
Request 114: [94mhttps://vercel.com/_next/static/chunks/11871-5ce9099b958d41c2.js[0m
Request 115: [94mhttps://vercel.com/_next/static/chunks/pages/login/%5B%5B...mode%5D%5D-3e48143a1f38ffa6.js[0m
Request 116: [94mhttps://vercel.com/_next/static/chunks/15555-16cb2692941a509a.js[0m
Request 117: [94mhttps://vercel.com/_next/static/chunks/65446-ecb0dc23dfe58381.js[0m
Request 118: [94mhttps://vercel.com/_next/static/chunks/94001-cddd08ef18d15422.js[0m
Request 119: [94mhttps://vercel.com/_next/static/chunks/23882-47d31e978d77caf2.js[0m
Request 120: [94mhttps://vercel.com/_next/static/chunks/39004-7fc0ff2c4187d3d2.js[0m
Request 121: [94mhttps://vercel.com/_next/static/chunks/pages/docs/concepts/get-started-74173a1ee7ca8535.js[0m
Request 122: [94mhttps://vercel.com/_next/static/chunks/pages/docs/concepts/get-started/deploy-0f9098004a5bea32.js[0m
Request 123: [94mhttps://vercel.com/_next/static/chunks/pages/docs/concepts/dashboard-features-0562c9458d020011.js[0m
Request 124: [94mhttps://vercel.com/_next/static/chunks/pages/docs/concepts/dashboard-features/overview-214696c0f371c261.js[0m
Request 125: [94mhttps://vercel.com/_next/static/chunks/pages/docs/concepts/projects/overview-3014296365f3d205.js[0m
Request 126: [94mhttps://vercel.com/_next/static/chunks/pages/docs/concepts/projects/domains/view-and-search-domains-cd8146c051d86989.js[0m
Request 127: [94mhttps://vercel.com/_next/static/chunks/pages/docs/concepts/projects/domains/add-a-domain-d118ac54731c71f6.js[0m
Request 128: [94mhttps://vercel.com/_next/static/chunks/pages/docs/concepts/projects/domains/deploying-and-redirecting-5e8684973969dbf9.js[0m
Request 129: [94mhttps://vercel.com/_next/static/chunks/pages/docs/concepts/projects/domains/remove-a-domain-7b8a61ea13e70499.js[0m
Request 130: [94mhttps://vercel.com/_next/static/chunks/pages/docs/concepts/projects/domains/renew-a-domain-9ca558814cccf9ff.js[0m
Request 131: [94mhttps://vercel.com/_next/static/chunks/pages/docs/concepts/projects/domains/transfer-your-domain-54f199bef8b3e9cd.js[0m
Request 132: [94mhttps://vercel.com/_next/static/chunks/pages/docs/concepts/projects/domains/assign-domain-to-a-git-branch-c5592510e1a2786f.js[0m
Request 133: [94mhttps://vercel.com/_next/static/chunks/pages/docs/concepts/projects/domains/managing-dns-records-2e818feb0c9ef71d.js[0m
Request 134: [94mhttps://vercel.com/_next/static/chunks/pages/docs/concepts/projects/domains/managing-nameservers-85d304b89307165b.js[0m
Request 135: [94mhttps://vercel.com/_next/static/chunks/pages/docs/concepts/projects/domains/custom-SSL-certificate-a2193d192bb2fbb9.js[0m
Request 136: [94mhttps://vercel.com/_next/data/EE-HEGiIPKCwgmgeksd36/docs/concepts/projects/environment-variables.json[0m
Request 137: [94mhttps://vercel.com/_next/static/chunks/44394-87737708f0b0b7c2.js[0m
Request 138: [94mhttps://vercel.com/_next/static/chunks/pages/docs/concepts/projects/environment-variables-db788c73fb8eed5c.js[0m
Request 139: [94mhttps://vercel.com/_next/static/chunks/pages/docs/concepts/projects/shared-environment-variables-3a301f7097f12e8a.js[0m
Request 140: [94mhttps://vercel.com/_next/static/chunks/pages/docs/teams-and-accounts-9bd6f7c64eeaadfd.js[0m
Request 141: [94mhttps://vercel.com/_next/static/chunks/pages/docs/teams-and-accounts/create-or-join-a-team-d8138021a118b612.js[0m
Request 142: [94mhttps://vercel.com/_next/static/chunks/pages/docs/concepts/deployments/overview-eb7d229f732448a3.js[0m
Request 143: [94mhttps://vercel.com/_next/static/chunks/pages/docs/concepts/deployments/configure-a-build-8daf2041a1ae8fcd.js[0m
Request 144: [94mhttps://vercel.com/_vercel/insights/view[0m
Request 145: [94mhttps://cdn.sift.com/s.js[0m
Request 146: [94mhttps://vitals.vercel-insights.com/v1/vitals[0m
Request 147: [94mhttps://assets.vercel.com/image/upload/front/favicon/vercel/site.webmanifest[0m
Request 148: [94mhttps://assets.vercel.com/image/upload/front/favicon/vercel/favicon.ico[0m
Request 149: [94mhttps://vercel.com/status-api[0m
Request 150: [94mhttps://hexagon-analytics.com/images/928886.gif[0m
Request 151: [94mhttps://vercel.com/_next/static/css/f1fa8506be314fc6.css[0m
Request 152: [94mhttps://vercel.com/_next/static/css/97ca6ed5db30ccbc.css[0m
Request 153: [94mhttps://cdn.ethyca.com/org/oueOVtbEu9DiFVB06nsApzwM2Dcx1DOHdf0gyahrE%3D/cookie.js[0m
Request 154: [94mhttps://vercel.com/_next/static/chunks/pages/docs/concepts/projects/overview-3014296365f3d205.js[0m
Request 155: [94mhttps://vercel.com/_next/static/css/7be8ea2e6e2cef13.css[0m
Request 156: [94mhttps://vercel.com/_next/static/chunks/36395-7ee14e4c06a97a2e.js[0m
Request 157: [94mhttps://vercel.com/_next/static/chunks/pages/docs-b016208ac9e12d9a.js[0m
Request 158: [94mhttps://vercel.com/_next/static/css/a1adfc6224c1e100.css[0m
Request 159: [94mhttps://vercel.com/_next/static/chunks/84413-627c920388ba26f3.js[0m
Request 160: [94mhttps://vercel.com/_next/static/chunks/pages/guides-d88d104f77b47a42.js[0m
Request 161: [94mhttps://vercel.com/_next/static/css/a41c1b6635e16189.css[0m
Request 162: [94mhttps://vercel.com/_next/static/chunks/72839-837c687413f302e1.js[0m
Request 163: [94mhttps://vercel.com/_next/static/chunks/pages/docs/project-configuration-c705ecb81f3873ad.js[0m
Request 164: [94mhttps://vercel.com/_next/static/css/e1c9460bbb5c1c02.css[0m
Request 165: [94mhttps://vercel.com/_next/static/chunks/33182-4b83cbb05e82f998.js[0m
Request 166: [94mhttps://vercel.com/_next/static/chunks/pages/docs/deploy-button-922f59d967bc80c1.js[0m
Request 167: [94mhttps://vercel.com/_next/static/css/9e0789fcccf5e1cb.css[0m
Request 168: [94mhttps://vercel.com/_next/static/chunks/pages/docs/build-output-api/v3-d0f256e5923a08c7.js[0m
Request 169: [94mhttps://vercel.com/_next/static/css/98329ea9411decc2.css[0m
Request 170: [94mhttps://vercel.com/_next/static/chunks/44322-7ab00a1e5ff01ff3.js[0m
Request 171: [94mhttps://vercel.com/_next/static/chunks/4888-7b1654911856a210.js[0m
Request 172: [94mhttps://vercel.com/_next/static/chunks/49314-8a77f30c9e52d7ce.js[0m
Request 173: [94mhttps://vercel.com/_next/static/chunks/pages/help-3309a3a1f8c7c8cd.js[0m
Request 174: [94mhttps://vercel.com/_next/static/css/2a1d9e55d3c51fe3.css[0m
Request 175: [94mhttps://vercel.com/_next/static/css/33ce0bb5ad6831bf.css[0m
Request 176: [94mhttps://vercel.com/_next/static/chunks/pages/docs/concepts/deployments/configure-a-build-8daf2041a1ae8fcd.js[0m
Request 177: [94mhttps://vercel.com/_next/static/css/56411d115fe0b2bb.css[0m
Request 178: [94mhttps://vercel.com/_next/static/chunks/pages/docs/errors-ed407e95624a0d1b.js[0m
Request 179: [94mhttps://vercel.com/_next/static/css/17164bee9d0f46ec.css[0m
Request 180: [94mhttps://vercel.com/_next/static/chunks/45815-fe5d625cf22c47d9.js[0m
Request 181: [94mhttps://vercel.com/_next/static/chunks/61122-f5eabcfea385c61e.js[0m
Request 182: [94mhttps://vercel.com/_next/static/chunks/pages/blog-9705cf5d7ab119c6.js[0m
Request 183: [94mhttps://vercel.com/_next/static/css/3182b2531cbc3262.css[0m
Request 184: [94mhttps://vercel.com/_next/static/css/20db8cdb99081bc3.css[0m
Request 185: [94mhttps://vercel.com/_next/static/chunks/11306-ec6dd68aa2892e97.js[0m
Request 186: [94mhttps://vercel.com/_next/static/chunks/47247-6beaeedbec57aef8.js[0m
Request 187: [94mhttps://vercel.com/_next/static/chunks/11871-5ce9099b958d41c2.js[0m
Request 188: [94mhttps://vercel.com/_next/static/chunks/pages/login/%5B%5B...mode%5D%5D-3e48143a1f38ffa6.js[0m
Request 189: [94mhttps://vercel.com/_next/static/css/4479a9a9d99e1aab.css[0m
Request 190: [94mhttps://vercel.com/_next/static/css/1bc79682cdb106bf.css[0m
Request 191: [94mhttps://vercel.com/_next/static/chunks/36886-2a93e29c063f8e9d.js[0m
Request 192: [94mhttps://vercel.com/_next/static/chunks/67734-be46213481105883.js[0m
Request 193: [94mhttps://vercel.com/_next/static/chunks/pages/docs/rest-api-74b4aeacf06eb839.js[0m
Request 194: [94mhttps://vercel.com/_next/static/css/5cde8c2faf0fce4f.css[0m
Request 195: [94mhttps://vercel.com/_next/static/chunks/15555-16cb2692941a509a.js[0m
Request 196: [94mhttps://vercel.com/_next/static/chunks/pages/docs/concepts/dashboard-features-0562c9458d020011.js[0m
Request 197: [94mhttps://vercel.com/_next/static/css/d46859918f517a72.css[0m
Request 198: [94mhttps://vercel.com/_next/static/chunks/pages/docs/concepts/projects/domains/managing-dns-records-2e818feb0c9ef71d.js[0m
Request 199: [94mhttps://vercel.com/_next/static/css/9fe2d46fbfad87ce.css[0m
Request 200: [94mhttps://vercel.com/_next/static/chunks/pages/docs/concepts/dashboard-features/overview-214696c0f371c261.js[0m
Request 201: [94mhttps://vercel.com/_next/static/css/970e7c04a474f9f4.css[0m
Request 202: [94mhttps://vercel.com/_next/static/chunks/65446-ecb0dc23dfe58381.js[0m
Request 203: [94mhttps://vercel.com/_next/static/chunks/94001-cddd08ef18d15422.js[0m
Request 204: [94mhttps://vercel.com/_next/static/chunks/23882-47d31e978d77caf2.js[0m
Request 205: [94mhttps://vercel.com/_next/static/chunks/39004-7fc0ff2c4187d3d2.js[0m
Request 206: [94mhttps://vercel.com/_next/static/chunks/pages/docs/concepts/get-started/deploy-0f9098004a5bea32.js[0m
Request 207: [94mhttps://vercel.com/_next/static/css/5a8c90bcd5f9d7d8.css[0m
Request 208: [94mhttps://vercel.com/_next/static/css/68e0372632678986.css[0m
Request 209: [94mhttps://vercel.com/_next/static/chunks/pages/docs/concepts/projects/domains/managing-nameservers-85d304b89307165b.js[0m
Request 210: [94mhttps://vercel.com/_next/static/chunks/pages/docs/concepts/projects/domains/assign-domain-to-a-git-branch-c5592510e1a2786f.js[0m
Request 211: [94mhttps://vercel.com/_next/static/chunks/pages/docs/concepts/projects/domains/transfer-your-domain-54f199bef8b3e9cd.js[0m
Request 212: [94mhttps://vercel.com/_next/static/chunks/pages/docs/concepts/projects/domains/remove-a-domain-7b8a61ea13e70499.js[0m
Request 213: [94mhttps://vercel.com/_next/static/chunks/pages/docs/concepts/projects/domains/custom-SSL-certificate-a2193d192bb2fbb9.js[0m
Request 214: [94mhttps://vercel.com/_next/static/css/36c6c93684e77ce5.css[0m
Request 215: [94mhttps://vercel.com/_next/static/chunks/pages/docs/concepts/projects/domains/add-a-domain-d118ac54731c71f6.js[0m
Request 216: [94mhttps://vercel.com/_next/static/css/1defc0fecb30da10.css[0m
Request 217: [94mhttps://vercel.com/_next/static/chunks/pages/docs/concepts/projects/shared-environment-variables-3a301f7097f12e8a.js[0m
Request 218: [94mhttps://vercel.com/_next/static/css/f634a3498ee71226.css[0m
Request 219: [94mhttps://vercel.com/_next/static/chunks/pages/docs/concepts/projects/domains/view-and-search-domains-cd8146c051d86989.js[0m
Request 220: [94mhttps://vercel.com/_next/static/chunks/pages/docs/concepts/deployments/overview-eb7d229f732448a3.js[0m
Request 221: [94mhttps://vercel.com/_next/static/css/8206b507bac28e11.css[0m
Request 222: [94mhttps://vercel.com/_next/static/chunks/44394-87737708f0b0b7c2.js[0m
Request 223: [94mhttps://vercel.com/_next/static/chunks/pages/docs/concepts/projects/environment-variables-db788c73fb8eed5c.js[0m
Request 224: [94mhttps://vercel.com/_next/static/css/7041c117f783100c.css[0m
Request 225: [94mhttps://vercel.com/_next/static/chunks/pages/docs/teams-and-accounts-9bd6f7c64eeaadfd.js[0m
Request 226: [94mhttps://vercel.com/_next/static/css/5871298ec7776844.css[0m
Request 227: [94mhttps://vercel.com/_next/static/chunks/pages/docs/teams-and-accounts/create-or-join-a-team-d8138021a118b612.js[0m
Request 228: [94mhttps://vercel.com/_next/static/css/6e62bdf7798500a5.css[0m
Request 229: [94mhttps://vercel.com/_next/static/chunks/pages/docs/concepts/projects/domains/deploying-and-redirecting-5e8684973969dbf9.js[0m
Request 230: [94mhttps://vercel.com/_next/static/chunks/pages/docs/concepts/projects/domains/renew-a-domain-9ca558814cccf9ff.js[0m
Request 231: [94mhttps://vercel.com/_next/static/chunks/pages/docs/concepts/get-started-74173a1ee7ca8535.js[0m
Identified connect buttons: 
[ 'sign', 'connect', 'account', 'Account' ]
Request 232: [94mhttps://vercel.com/_next/static/chunks/pages/docs/concepts/git-9bfb780d159bd326.js[0m
Request 233: [94mhttps://vercel.com/_next/static/chunks/pages/docs/concepts/git/vercel-for-github-e47d106681a7c6e7.js[0m
Request 234: [94mhttps://vercel.com/_next/static/chunks/pages/docs/concepts/monorepos-f24e329803d0cd96.js[0m
Request 235: [94mhttps://vercel.com/_next/static/chunks/pages/docs/concepts/monorepos/turborepo-5e24436053cbd9d4.js[0m
Request 236: [94mhttps://vercel.com/_next/static/chunks/pages/docs/concepts/functions/serverless-functions-250e7cd1a7edde10.js[0m
Request 237: [94mhttps://vercel.com/_next/static/chunks/pages/docs/concepts/functions/serverless-functions/edge-caching-8d1b853a2af3ceba.js[0m
Request 238: [94mhttps://vercel.com/_next/static/chunks/pages/docs/concepts/functions/edge-functions-49aebaac13537e8b.js[0m
Request 239: [94mhttps://vercel.com/_next/static/chunks/18271-da0a3f1ac81fad34.js[0m
Request 240: [94mhttps://vercel.com/_next/static/chunks/pages/docs/concepts/functions/edge-functions/quickstart-88625699011a4ce9.js[0m
Request 241: [94mhttps://vercel.com/_next/static/chunks/pages/docs/concepts/functions/edge-middleware-05d7d98504443b7a.js[0m
Request 242: [94mhttps://vercel.com/_next/static/chunks/pages/docs/concepts/functions/edge-middleware/quickstart-54fcc7f880189b16.js[0m
Request 243: [94mhttps://vercel.com/_next/static/chunks/14278-51e24466af6055b5.js[0m
Request 244: [94mhttps://vercel.com/_next/static/chunks/pages/docs/concepts/incremental-static-regeneration/overview-0f26b3252fb76108.js[0m
Request 245: [94mhttps://vercel.com/_next/static/chunks/pages/docs/concepts/incremental-static-regeneration/quickstart-beb90027459cec0c.js[0m
Request 246: [94mhttps://vercel.com/_next/static/chunks/pages/docs/concepts/image-optimization-9d9543042f456057.js[0m
Request 247: [94mhttps://vercel.com/_next/static/chunks/pages/docs/concepts/image-optimization/examples-5ed391efe0e71a6b.js[0m
Request 248: [94mhttps://vercel.com/_next/static/chunks/pages/docs/concepts/analytics-6b243f340fc3d096.js[0m
Request 249: [94mhttps://vercel.com/_next/static/chunks/pages/docs/concepts/analytics/audiences-0fd7b897ad81f7c0.js[0m
Request 250: [94mhttps://vercel.com/_next/static/chunks/pages/docs/concepts/edge-network/overview-ffe34c52b8ddcdb8.js[0m
Request 251: [94mhttps://vercel.com/_next/static/chunks/pages/docs/concepts/edge-network/edge-config-bf3f84dd2acfa0fb.js[0m
Request 252: [94mhttps://vercel.com/_next/static/chunks/45624-9a9b15fabb724928.js[0m
Request 253: [94mhttps://vercel.com/_next/static/chunks/pages/docs/concepts/edge-network/edge-config/get-started-8b47d54d1f5ca032.js[0m
Request 254: [94mhttps://vercel.com/_next/static/chunks/pages/docs/integrations-32939813cf0154c6.js[0m
Request 255: [94mhttps://vercel.com/_next/static/chunks/pages/docs/integrations/using-an-integration-faa7ea5991a1a6e2.js[0m
Request 256: [94mhttps://vercel.com/_next/static/chunks/pages/docs/cli-92b54b021d25c316.js[0m
Request 257: [94mhttps://vercel.com/_next/static/chunks/pages/docs/cli/deploying-from-cli-686e21fde8cc61e6.js[0m
Request 258: [94mhttps://vercel.com/_next/static/chunks/pages/docs/concepts/next.js/overview-258173ce79286ce3.js[0m
Request 259: [94mhttps://vercel.com/_next/static/chunks/pages/docs/concepts/limits/overview-91952a8009e0f6d1.js[0m
Request 260: [94mhttps://vercel.com/_next/static/chunks/pages/docs/concepts/limits/usage-4e2896f949ceb497.js[0m
Request 261: [94mhttps://vercel.com/_next/static/chunks/pages/docs/concepts/payments-and-billing/overview-4b7b6db1bbdcaf2e.js[0m
Request 262: [94mhttps://vercel.com/_next/static/chunks/pages/docs/concepts/payments-and-billing/free-trials-9b1dea5454f7b8e9.js[0m
Request 263: [94mhttps://vercel.com/_next/static/chunks/pages/docs/concepts/production-checklist-c220fa58e15477c5.js[0m
Request 264: [94mhttps://vercel.com/_next/static/chunks/pages/docs/concepts/release-phases-35cdd8579e2025a2.js[0m
Request 265: [94mhttps://vercel.com/_next/static/chunks/14278-51e24466af6055b5.js[0m
Request 266: [94mhttps://vercel.com/_next/static/chunks/pages/docs/concepts/incremental-static-regeneration/overview-0f26b3252fb76108.js[0m
Request 267: [94mhttps://vercel.com/_next/static/css/789c51cb24ddaab1.css[0m
Request 268: [94mhttps://vercel.com/_next/static/chunks/pages/docs/concepts/monorepos/turborepo-5e24436053cbd9d4.js[0m
Request 269: [94mhttps://vercel.com/_next/static/css/154ffa71efe1d40c.css[0m
Request 270: [94mhttps://vercel.com/_next/static/chunks/pages/docs/concepts/git/vercel-for-github-e47d106681a7c6e7.js[0m
Request 271: [94mhttps://vercel.com/_next/static/css/58178091632b1710.css[0m
Request 272: [94mhttps://vercel.com/_next/static/chunks/pages/docs/concepts/image-optimization-9d9543042f456057.js[0m
Request 273: [94mhttps://vercel.com/_next/static/css/8c11d326fadf1ac4.css[0m
Request 274: [94mhttps://vercel.com/_next/static/chunks/pages/docs/concepts/analytics/audiences-0fd7b897ad81f7c0.js[0m
Request 275: [94mhttps://vercel.com/_next/static/css/d4f4ee1662764e86.css[0m
Request 276: [94mhttps://vercel.com/_next/static/chunks/pages/docs/concepts/analytics-6b243f340fc3d096.js[0m
Request 277: [94mhttps://vercel.com/_next/static/css/93bf332d088d3734.css[0m
Request 278: [94mhttps://vercel.com/_next/static/chunks/pages/docs/concepts/git-9bfb780d159bd326.js[0m
Request 279: [94mhttps://vercel.com/_next/static/css/b73a9caaabc79145.css[0m
Request 280: [94mhttps://vercel.com/_next/static/chunks/pages/docs/integrations/using-an-integration-faa7ea5991a1a6e2.js[0m
Request 281: [94mhttps://vercel.com/_next/static/css/4e295eb3b83707c7.css[0m
Request 282: [94mhttps://vercel.com/_next/static/chunks/pages/docs/concepts/incremental-static-regeneration/quickstart-beb90027459cec0c.js[0m
Request 283: [94mhttps://vercel.com/_next/static/css/440e825bc5f7bfb1.css[0m
Request 284: [94mhttps://vercel.com/_next/static/chunks/pages/docs/concepts/next.js/overview-258173ce79286ce3.js[0m
Request 285: [94mhttps://vercel.com/_next/static/css/f4ac9ed1f3f0b7ac.css[0m
Request 286: [94mhttps://vercel.com/_next/static/chunks/pages/docs/concepts/monorepos-f24e329803d0cd96.js[0m
Request 287: [94mhttps://vercel.com/_next/static/css/ff51e6ca2585e5a6.css[0m
Request 288: [94mhttps://vercel.com/_next/static/chunks/pages/docs/concepts/edge-network/edge-config-bf3f84dd2acfa0fb.js[0m
Request 289: [94mhttps://vercel.com/_next/static/css/a59ac4513273b4c1.css[0m
Request 290: [94mhttps://vercel.com/_next/static/chunks/pages/docs/cli-92b54b021d25c316.js[0m
Request 291: [94mhttps://vercel.com/_next/static/css/19c6393b511e1232.css[0m
Request 292: [94mhttps://vercel.com/_next/static/chunks/pages/docs/concepts/payments-and-billing/free-trials-9b1dea5454f7b8e9.js[0m
Request 293: [94mhttps://vercel.com/_next/static/css/c00332ac0138a8ba.css[0m
Request 294: [94mhttps://vercel.com/_next/static/chunks/pages/docs/concepts/release-phases-35cdd8579e2025a2.js[0m
Request 295: [94mhttps://vercel.com/_next/static/css/009946b59322ac69.css[0m
Request 296: [94mhttps://vercel.com/_next/static/chunks/pages/docs/integrations-32939813cf0154c6.js[0m
Request 297: [94mhttps://vercel.com/_next/static/css/8e93fea3349b1a5f.css[0m
Request 298: [94mhttps://vercel.com/_next/static/chunks/pages/docs/concepts/functions/serverless-functions-250e7cd1a7edde10.js[0m
Request 299: [94mhttps://vercel.com/_next/static/css/041421f335a0e1b7.css[0m
Request 300: [94mhttps://vercel.com/_next/static/chunks/pages/docs/concepts/production-checklist-c220fa58e15477c5.js[0m
Request 301: [94mhttps://vercel.com/_next/static/css/d696f656da67ecfc.css[0m
Request 302: [94mhttps://vercel.com/_next/static/chunks/45624-9a9b15fabb724928.js[0m
Request 303: [94mhttps://vercel.com/_next/static/chunks/pages/docs/concepts/edge-network/edge-config/get-started-8b47d54d1f5ca032.js[0m
Request 304: [94mhttps://vercel.com/_next/static/css/e0ed11bc02744877.css[0m
Request 305: [94mhttps://vercel.com/_next/static/chunks/pages/docs/cli/deploying-from-cli-686e21fde8cc61e6.js[0m
Request 306: [94mhttps://vercel.com/_next/static/css/8f4595722e0647c6.css[0m
Request 307: [94mhttps://vercel.com/_next/static/chunks/pages/docs/concepts/limits/usage-4e2896f949ceb497.js[0m
Request 308: [94mhttps://vercel.com/_next/static/css/b605b4f3f995f881.css[0m
Request 309: [94mhttps://vercel.com/_next/static/chunks/pages/docs/concepts/functions/serverless-functions/edge-caching-8d1b853a2af3ceba.js[0m
Request 310: [94mhttps://vercel.com/_next/static/chunks/pages/docs/concepts/edge-network/overview-ffe34c52b8ddcdb8.js[0m
Request 311: [94mhttps://vercel.com/_next/static/chunks/pages/docs/concepts/functions/edge-functions-49aebaac13537e8b.js[0m
Request 312: [94mhttps://vercel.com/_next/static/css/45c55680706189b0.css[0m
Request 313: [94mhttps://vercel.com/_next/static/chunks/pages/docs/concepts/payments-and-billing/overview-4b7b6db1bbdcaf2e.js[0m
Request 314: [94mhttps://vercel.com/_next/static/chunks/18271-da0a3f1ac81fad34.js[0m
Request 315: [94mhttps://vercel.com/_next/static/chunks/pages/docs/concepts/functions/edge-middleware-05d7d98504443b7a.js[0m
Request 316: [94mhttps://vercel.com/_next/static/css/1cb1ba8e33123909.css[0m
Request 317: [94mhttps://vercel.com/_next/static/chunks/pages/docs/concepts/image-optimization/examples-5ed391efe0e71a6b.js[0m
Request 318: [94mhttps://vercel.com/_next/static/chunks/pages/docs/concepts/functions/edge-functions/quickstart-88625699011a4ce9.js[0m
Request 319: [94mhttps://vercel.com/_next/static/css/090af567f7abde6e.css[0m
Request 320: [94mhttps://vercel.com/_next/static/chunks/pages/docs/concepts/limits/overview-91952a8009e0f6d1.js[0m
Request 321: [94mhttps://vercel.com/_next/static/css/7adb1d6c2f6d9668.css[0m
Request 322: [94mhttps://vercel.com/_next/static/chunks/pages/docs/concepts/functions/edge-middleware/quickstart-54fcc7f880189b16.js[0m
Request 323: [94mhttps://vercel.com/_next/static/css/e571187dfefc0fac.css[0m
Identified MetaMask buttons:
[]
Found checkbox!
Checkbox clicked! Trying option 1...
Identified MetaMask buttons:
[]
Found checkbox!
Checkbox clicked! Trying option 2...
Identified MetaMask buttons:
[]
Found checkbox!
Checkbox clicked! Trying option 2...
Identified MetaMask buttons:
[]
Found checkbox!
Checkbox clicked! Trying option 2...
Identified MetaMask buttons:
[]
Found checkbox!
Checkbox clicked! Trying option 2...
Exiting while loop: Timeout!
End of while loop: timeout
Trying random clicks...
Screen dimensions:
{ width: 1512, height: 747 }
Request 324: [94mhttps://vercel.com/status-api[0m
Random click at: 756 373.5
Random click at: 756 323.5
Random click at: 756 273.5
Random click at: 756 223.5
Random click at: 906 448.5
Random click at: 656 273.5
Random click at: 756 473.5
Request 325: [94mchrome-extension://glepecflakcnfpeedbnclfdcabngidkh/notification.html[0m
Request 326: [94mchrome-extension://glepecflakcnfpeedbnclfdcabngidkh/index.css[0m
Request 327: [94mchrome-extension://glepecflakcnfpeedbnclfdcabngidkh/index-rtl.css[0m
Request 328: [94mchrome-extension://glepecflakcnfpeedbnclfdcabngidkh/images/logo/metamask-fox.svg[0m
Request 329: [94mchrome-extension://glepecflakcnfpeedbnclfdcabngidkh/images/spinner.gif[0m
Request 330: [94mchrome-extension://glepecflakcnfpeedbnclfdcabngidkh/globalthis.js[0m
Request 331: [94mchrome-extension://glepecflakcnfpeedbnclfdcabngidkh/sentry-install.js[0m
Request 332: [94mchrome-extension://glepecflakcnfpeedbnclfdcabngidkh/runtime-lavamoat.js[0m
Request 333: [94mchrome-extension://glepecflakcnfpeedbnclfdcabngidkh/lockdown-more.js[0m
Request 334: [94mchrome-extension://glepecflakcnfpeedbnclfdcabngidkh/policy-load.js[0m
Request 335: [94mchrome-extension://glepecflakcnfpeedbnclfdcabngidkh/common-0.js[0m
Request 336: [94mchrome-extension://glepecflakcnfpeedbnclfdcabngidkh/common-1.js[0m
Request 337: [94mchrome-extension://glepecflakcnfpeedbnclfdcabngidkh/common-2.js[0m
Request 338: [94mchrome-extension://glepecflakcnfpeedbnclfdcabngidkh/common-3.js[0m
Request 339: [94mchrome-extension://glepecflakcnfpeedbnclfdcabngidkh/common-4.js[0m
Request 340: [94mchrome-extension://glepecflakcnfpeedbnclfdcabngidkh/common-5.js[0m
Request 341: [94mchrome-extension://glepecflakcnfpeedbnclfdcabngidkh/common-6.js[0m
Request 342: [94mchrome-extension://glepecflakcnfpeedbnclfdcabngidkh/common-7.js[0m
Request 343: [94mchrome-extension://glepecflakcnfpeedbnclfdcabngidkh/common-8.js[0m
Request 344: [94mchrome-extension://glepecflakcnfpeedbnclfdcabngidkh/common-9.js[0m
Request 345: [94mchrome-extension://glepecflakcnfpeedbnclfdcabngidkh/ui-0.js[0m
Request 346: [94mchrome-extension://glepecflakcnfpeedbnclfdcabngidkh/ui-1.js[0m
Request 347: [94mchrome-extension://glepecflakcnfpeedbnclfdcabngidkh/ui-2.js[0m
Request 348: [94mchrome-extension://glepecflakcnfpeedbnclfdcabngidkh/ui-3.js[0m
Request 349: [94mchrome-extension://glepecflakcnfpeedbnclfdcabngidkh/ui-4.js[0m
Request 350: [94mchrome-extension://glepecflakcnfpeedbnclfdcabngidkh/ui-5.js[0m
Request 351: [94mchrome-extension://glepecflakcnfpeedbnclfdcabngidkh/ui-6.js[0m
Request 352: [94mchrome-extension://glepecflakcnfpeedbnclfdcabngidkh/ui-7.js[0m
Request 353: [94mchrome-extension://glepecflakcnfpeedbnclfdcabngidkh/ui-8.js[0m
Request 354: [94mchrome-extension://glepecflakcnfpeedbnclfdcabngidkh/ui-9.js[0m
Request 355: [94mchrome-extension://glepecflakcnfpeedbnclfdcabngidkh/react-gallery/carousel.min.css[0m
Request 356: [94mhttps://sentry.io/api/273505/envelope/[0m
Request 357: [94mhttps://vitals.vercel-insights.com/v1/vitals[0m
Request 358: [94mchrome-extension://glepecflakcnfpeedbnclfdcabngidkh/_locales/en/messages.json[0m
Request 359: [94mchrome-extension://glepecflakcnfpeedbnclfdcabngidkh/_locales/en/messages.json[0m
Page closed: [94mchrome-extension://glepecflakcnfpeedbnclfdcabngidkh/notification.html[0m
No metamask popup found!
Page closed: [94mhttps://vercel.com/docs/concepts/projects/domains#assigning-a-domain-to-a-git-branch[0m
No sign or approve button found!
Waiting for 30000ms
Trying to shutdown
