Executing with arguments:  {
  printFrameHierarchy: true,
  debugLevel: 'verbose',
  headless: false,
  profilePath: undefined,
  secs: 30,
  links: undefined,
  url: 'https://wealthmountain.app/binance',
  walletPath: 'metamask-chrome-10.22.2',
  destination: '../results/dapps/crawl',
  force: false,
  executablePath: '/Users/christof/.cache/puppeteer/chrome/mac-1056772/chrome-mac/Chromium.app/Contents/MacOS/Chromium'
}
Completed configuring new page. (about:blank)
Completed configuring new page. (chrome-extension://glepecflakcnfpeedbnclfdcabngidkh/home.html)
Request 1: [94mchrome-extension://glepecflakcnfpeedbnclfdcabngidkh/react-gallery/carousel.min.css[0m
Request 2: [94mhttps://sentry.io/api/273505/envelope/[0m
[94mTrying to import MetaMask connect...[0m
Request 3: [94mchrome-extension://glepecflakcnfpeedbnclfdcabngidkh/_locales/en/messages.json[0m
Request 4: [94mchrome-extension://glepecflakcnfpeedbnclfdcabngidkh/_locales/en/messages.json[0m
Request 5: [94mhttps://sentry.io/api/273505/envelope/[0m
Request 6: [94mhttps://sentry.io/api/273505/envelope/[0m
Request 7: [94mchrome-extension://glepecflakcnfpeedbnclfdcabngidkh/fonts/Euclid/EuclidCircularB-Regular-WebXL.ttf[0m
Request 8: [94mchrome-extension://glepecflakcnfpeedbnclfdcabngidkh/fonts/Euclid/EuclidCircularB-Medium.ttf[0m
Request 9: [94mchrome-extension://glepecflakcnfpeedbnclfdcabngidkh/images/logo/metamask-fox.svg[0m
Request 10: [94mhttps://sentry.io/api/273505/envelope/[0m
Request 11: [94mhttps://sentry.io/api/273505/envelope/[0m
Request 12: [94mchrome-extension://glepecflakcnfpeedbnclfdcabngidkh/images/metrics-chart.svg[0m
Request 13: [94mchrome-extension://glepecflakcnfpeedbnclfdcabngidkh/fonts/fontawesome/fa-solid-900.woff2[0m
Request 14: [94mchrome-extension://glepecflakcnfpeedbnclfdcabngidkh/fonts/Euclid/EuclidCircularB-Bold-WebXL.ttf[0m
Request 15: [94mhttps://sentry.io/api/273505/envelope/[0m
Request 16: [94mhttps://sentry.io/api/273505/envelope/[0m
Request 17: [94mhttps://sentry.io/api/273505/envelope/[0m
Request 18: [94mhttps://sentry.io/api/273505/envelope/[0m
Request 19: [94mchrome-extension://glepecflakcnfpeedbnclfdcabngidkh/fonts/Roboto/Roboto-Regular.ttf[0m
Request 20: [94mchrome-extension://glepecflakcnfpeedbnclfdcabngidkh/fonts/fontawesome/fa-regular-400.woff2[0m
Request 21: [94mhttps://sentry.io/api/273505/envelope/[0m
Request 22: [94mhttps://sentry.io/api/273505/envelope/[0m
[92mImporting MetaMask wallet was successful![0m
Visiting https://wealthmountain.app/binance
Request 23: [94mhttps://wealthmountain.app/binance[0m
Request 24: [94mhttps://sentry.io/api/273505/envelope/[0m
Request 25: [94mhttps://sentry.io/api/273505/envelope/[0m
Request 26: [94mchrome-extension://glepecflakcnfpeedbnclfdcabngidkh/images/eth_logo.svg[0m
Request 27: [94mhttps://www.googletagmanager.com/gtag/js[0m
Request 28: [94mhttps://www.googletagmanager.com/gtag/js[0m
Request 29: [94mhttps://wealthmountain.app/static/js/main.52d48f80.js[0m
Request 30: [94mhttps://wealthmountain.app/static/css/main.947644ce.css[0m
Request 31: [94mhttps://www.google-analytics.com/analytics.js[0m
Request 32: [94mhttps://www.googletagmanager.com/gtag/js[0m
Request 33: [94mhttps://region1.google-analytics.com/g/collect[0m
Request 34: [94mhttps://wealthmountain.app/favicon.ico[0m
Request 35: [94mhttps://wealthmountain.app/static/media/wm-poppins.b4169bcff515272af9bc.png[0m
Request 36: [94mhttps://wealthmountain.app/static/media/ad.82da96283e4de1ddef65.gif[0m
Request 37: [94mhttps://wealthmountain.app/static/media/drop-icon.64d3ab7780dbea298294.png[0m
Request 38: [94mhttps://wealthmountain.app/static/media/lock-icon.e5ebdf0b352055e8d98c.png[0m
Request 39: [94mhttps://wealthmountain.app/static/media/wealthMountainLogoHome.c9c152cf0a83272ed0c7.png[0m
Request 40: [94mhttps://wealthmountain.app/static/js/64.d02b62a8.chunk.js[0m
Request 41: [94mhttps://wealthmountain.app/static/media/wm-icon.7cef3101e86cd1e0bdab.png[0m
Request 42: [94mhttps://wealthmountain.app/static/media/wm-icon-blue.928ea2cd6b18af50ab7e.png[0m
Request 43: [94mhttps://wealthmountain.app/static/media/Poppins-SemiBold.ac8d04b620e54be9b0f0.ttf[0m
Request 44: [94mhttps://wealthmountain.app/static/media/source.df87f53caf449a3b7572.ttf[0m
Request 45: [94mhttps://wealthmountain.app/static/js/163.a684733f.chunk.js[0m
Request 46: [94mhttps://wealthmountain.app/static/js/563.00b4db7e.chunk.js[0m
Request 47: [94mhttps://wealthmountain.app/static/media/seedify.4aee1f99eb4e61b248f8.png[0m
Request 48: [94mhttps://wealthmountain.app/static/media/bscpad.ddea99df22c27392a87f.png[0m
Request 49: [94mhttps://wealthmountain.app/static/media/unicrypt.baed8fb79d40adedf220.png[0m
Request 50: [94mhttps://wealthmountain.app/static/media/dxsale.d12a53164db762f86a2e.png[0m
Request 51: [94mhttps://premium-storefronts.s3.amazonaws.com/storefronts/pancakeswap/assets/logo.png[0m
Request 52: [94mhttps://busd.demountain.finance/logo.png[0m
Request 53: [94mhttps://app.furio.io/images/furio-logo.svg[0m
Request 54: [94mhttps://uploads-ssl.webflow.com/626750e08fae692078d1df59/6312594ce2519f2a82a3c986_MDB_Logo_Shadow-p-500.png[0m
Request 55: [94mhttps://blxn.io/static/media/white-slogan.f2c3afbb3cc8afa5421d.png[0m
Request 56: [94mhttps://www.google-analytics.com/j/collect[0m
Request 57: [94mhttps://bsc-dataseed1.binance.org/[0m
Request 58: [94mhttps://bsc-dataseed1.binance.org/[0m
Request 59: [94mhttps://bsc-dataseed1.binance.org/[0m
Request 60: [94mhttps://bsc-dataseed1.binance.org/[0m
Request 61: [94mhttps://bsc-dataseed1.binance.org/[0m
Request 62: [94mhttps://bsc-dataseed1.binance.org/[0m
Request 63: [94mhttps://bsc-dataseed1.binance.org/[0m
Request 64: [94mhttps://bsc-dataseed1.binance.org/[0m
Request 65: [94mhttps://bsc-dataseed1.binance.org/[0m
Request 66: [94mhttps://bsc-dataseed1.binance.org/[0m
Request 67: [94mhttps://bsc-dataseed1.binance.org/[0m
Request 68: [94mhttps://bsc-dataseed1.binance.org/[0m
Request 69: [94mhttps://bsc-dataseed1.binance.org/[0m
Request 70: [94mhttps://bsc-dataseed1.binance.org/[0m
Request 71: [94mhttps://bsc-dataseed1.binance.org/[0m
Request 72: [94mhttps://bsc-dataseed1.binance.org/[0m
Request 73: [94mhttps://bsc-dataseed1.binance.org/[0m
Request 74: [94mhttps://bsc-dataseed1.binance.org/[0m
Request 75: [94mhttps://bsc-dataseed1.binance.org/[0m
Request 76: [94mhttps://bsc-dataseed1.binance.org/[0m
Request 77: [94mhttps://explorer-api.walletconnect.com/v3/wallets[0m
Request 78: [94mhttps://wealthmountain.app/static/js/419.ab378d8f.chunk.js[0m
Request 79: [94mhttps://wealthmountain.app/static/js/942.d6db03ca.chunk.js[0m
Request 80: [94mhttps://bsc-dataseed1.binance.org/[0m
Request 81: [94mhttps://bsc-dataseed1.binance.org/[0m
Request 82: [94mhttps://bsc-dataseed1.binance.org/[0m
Request 83: [94mhttps://bsc-dataseed1.binance.org/[0m
Request 84: [94mhttps://bsc-dataseed1.binance.org/[0m
Request 85: [94mhttps://bsc-dataseed1.binance.org/[0m
Request 86: [94mhttps://bsc-dataseed1.binance.org/[0m
Request 87: [94mhttps://bsc-dataseed1.binance.org/[0m
Request 88: [94mhttps://bsc-dataseed1.binance.org/[0m
Request 89: [94mhttps://bsc-dataseed1.binance.org/[0m
Request 90: [94mhttps://bsc-dataseed1.binance.org/[0m
Request 91: [94mhttps://bsc-dataseed1.binance.org/[0m
Request 92: [94mhttps://bsc-dataseed1.binance.org/[0m
Request 93: [94mhttps://bsc-dataseed1.binance.org/[0m
Request 94: [94mhttps://bsc-dataseed1.binance.org/[0m
Request 95: [94mhttps://bsc-dataseed1.binance.org/[0m
Request 96: [94mhttps://bsc-dataseed1.binance.org/[0m
Request 97: [94mhttps://bsc-dataseed1.binance.org/[0m
Request 98: [94mhttps://bsc-dataseed1.binance.org/[0m
Request 99: [94mhttps://bsc-dataseed1.binance.org/[0m
Request 100: [94mhttps://bsc-dataseed1.binance.org/[0m
Request 101: [94mhttps://bsc-dataseed1.binance.org/[0m
Request 102: [94mhttps://bsc-dataseed1.binance.org/[0m
Request 103: [94mhttps://bsc-dataseed1.binance.org/[0m
Request 104: [94mhttps://bsc-dataseed1.binance.org/[0m
Request 105: [94mhttps://bsc-dataseed1.binance.org/[0m
Request 106: [94mhttps://bsc-dataseed1.binance.org/[0m
Request 107: [94mhttps://bsc-dataseed1.binance.org/[0m
Request 108: [94mhttps://bsc-dataseed1.binance.org/[0m
Request 109: [94mhttps://bsc-dataseed1.binance.org/[0m
Request 110: [94mhttps://bsc-dataseed1.binance.org/[0m
Request 111: [94mhttps://bsc-dataseed1.binance.org/[0m
Request 112: [94mhttps://bsc-dataseed1.binance.org/[0m
Request 113: [94mhttps://bsc-dataseed1.binance.org/[0m
Request 114: [94mhttps://bsc-dataseed1.binance.org/[0m
Request 115: [94mhttps://bsc-dataseed1.binance.org/[0m
Request 116: [94mhttps://bsc-dataseed1.binance.org/[0m
Request 117: [94mhttps://bsc-dataseed1.binance.org/[0m
Request 118: [94mhttps://bsc-dataseed1.binance.org/[0m
Request 119: [94mhttps://bsc-dataseed1.binance.org/[0m
Request 120: [94mhttps://bsc-dataseed1.binance.org/[0m
Request 121: [94mhttps://bsc-dataseed1.binance.org/[0m
Request 122: [94mhttps://bsc-dataseed1.binance.org/[0m
Request 123: [94mhttps://bsc-dataseed1.binance.org/[0m
Request 124: [94mwss://r.bridge.walletconnect.org/[0m
Request 125: [94mhttps://bsc-dataseed1.binance.org/[0m
Request 126: [94mhttps://bsc-dataseed1.binance.org/[0m
Request 127: [94mhttps://bsc-dataseed1.binance.org/[0m
Request 128: [94mhttps://bsc-dataseed1.binance.org/[0m
Request 129: [94mhttps://bsc-dataseed1.binance.org/[0m
Request 130: [94mhttps://bsc-dataseed1.binance.org/[0m
Request 131: [94mhttps://bsc-dataseed1.binance.org/[0m
Request 132: [94mhttps://bsc-dataseed1.binance.org/[0m
Request 133: [94mhttps://bsc-dataseed1.binance.org/[0m
Request 134: [94mhttps://bsc-dataseed1.binance.org/[0m
Request 135: [94mhttps://bsc-dataseed1.binance.org/[0m
Request 136: [94mhttps://bsc-dataseed1.binance.org/[0m
Request 137: [94mhttps://bsc-dataseed1.binance.org/[0m
Request 138: [94mhttps://bsc-dataseed1.binance.org/[0m
Request 139: [94mhttps://bsc-dataseed1.binance.org/[0m
Request 140: [94mhttps://bsc-dataseed1.binance.org/[0m
Request 141: [94mhttps://bsc-dataseed1.binance.org/[0m
Request 142: [94mhttps://bsc-dataseed1.binance.org/[0m
Request 143: [94mhttps://bsc-dataseed1.binance.org/[0m
Request 144: [94mhttps://bsc-dataseed1.binance.org/[0m
Request 145: [94mhttps://bsc-dataseed1.binance.org/[0m
Request 146: [94mhttps://bsc-dataseed1.binance.org/[0m
Request 147: [94mhttps://explorer-api.walletconnect.com/v3/logo/lg/7a33d7f1-3d12-4b5c-f3ee-5cd83cb1b500[0m
Request 148: [94mhttps://explorer-api.walletconnect.com/v3/logo/lg/0528ee7e-16d1-4089-21e3-bbfb41933100[0m
Request 149: [94mhttps://explorer-api.walletconnect.com/v3/logo/lg/ce5fbfe8-13b5-4f5f-184a-34f6ee7a3d00[0m
Request 150: [94mhttps://explorer-api.walletconnect.com/v3/logo/lg/5195e9db-94d8-4579-6f11-ef553be95100[0m
Request 151: [94mhttps://explorer-api.walletconnect.com/v3/logo/lg/a1cb2777-f8f9-49b0-53fd-443d20ee0b00[0m
Request 152: [94mhttps://explorer-api.walletconnect.com/v3/logo/lg/1991f85d-43d4-4165-3502-cd6ef8312b00[0m
Request 153: [94mhttps://explorer-api.walletconnect.com/v3/logo/lg/d22b2a4b-5562-49ba-506b-6d5986914600[0m
Request 154: [94mhttps://explorer-api.walletconnect.com/v3/logo/lg/1bf33a89-b049-4a1c-d1f6-4dd7419ee400[0m
Request 155: [94mhttps://explorer-api.walletconnect.com/v3/logo/lg/f216b371-96cf-409a-9d88-296392b85800[0m
Request 156: [94mhttps://explorer-api.walletconnect.com/v3/logo/lg/2cd67b4c-282b-4809-e7c0-a88cd5116f00[0m
Request 157: [94mhttps://explorer-api.walletconnect.com/v2/logo/lg/619537c0-2ff3-4c78-9ed8-a05e7567f300[0m
Request 158: [94mhttps://explorer-api.walletconnect.com/v2/logo/lg/f8068a7f-83d7-4190-1f94-78154a12c600[0m
Request 159: [94mhttps://explorer-api.walletconnect.com/v2/logo/lg/39890ad8-5b2e-4df6-5db4-2ff5cf4bb300[0m
Request 160: [94mhttps://explorer-api.walletconnect.com/v2/logo/lg/125e828e-9936-4451-a8f2-949c119b7400[0m
Request 161: [94mhttps://explorer-api.walletconnect.com/v2/logo/lg/93564157-2e8e-4ce7-81df-b264dbee9b00[0m
Request 162: [94mhttps://bsc-dataseed1.binance.org/[0m
Request 163: [94mhttps://bsc-dataseed1.binance.org/[0m
Request 164: [94mhttps://bsc-dataseed1.binance.org/[0m
Request 165: [94mhttps://bsc-dataseed1.binance.org/[0m
Request 166: [94mhttps://bsc-dataseed1.binance.org/[0m
Request 167: [94mhttps://bsc-dataseed1.binance.org/[0m
Request 168: [94mhttps://bsc-dataseed1.binance.org/[0m
Request 169: [94mhttps://bsc-dataseed1.binance.org/[0m
Request 170: [94mhttps://bsc-dataseed1.binance.org/[0m
Request 171: [94mhttps://bsc-dataseed1.binance.org/[0m
Request 172: [94mhttps://bsc-dataseed1.binance.org/[0m
Request 173: [94mhttps://bsc-dataseed1.binance.org/[0m
Request 174: [94mhttps://bsc-dataseed1.binance.org/[0m
Request 175: [94mhttps://bsc-dataseed1.binance.org/[0m
Request 176: [94mhttps://bsc-dataseed1.binance.org/[0m
Request 177: [94mhttps://bsc-dataseed1.binance.org/[0m
Request 178: [94mhttps://bsc-dataseed1.binance.org/[0m
Request 179: [94mhttps://bsc-dataseed1.binance.org/[0m
Request 180: [94mhttps://bsc-dataseed1.binance.org/[0m
Request 181: [94mhttps://bsc-dataseed1.binance.org/[0m
Request 182: [94mhttps://bsc-dataseed1.binance.org/[0m
Request 183: [94mhttps://bsc-dataseed1.binance.org/[0m
Request 184: [94mhttps://bsc-dataseed1.binance.org/[0m
Request 185: [94mhttps://bsc-dataseed1.binance.org/[0m
Request 186: [94mwss://www.walletlink.org/rpc[0m
Request 187: [94mhttps://bsc-dataseed1.binance.org/[0m
Request 188: [94mhttps://bsc-dataseed1.binance.org/[0m
Request 189: [94mhttps://bsc-dataseed1.binance.org/[0m
Request 190: [94mhttps://bsc-dataseed1.binance.org/[0m
Request 191: [94mhttps://bsc-dataseed1.binance.org/[0m
Request 192: [94mhttps://bsc-dataseed1.binance.org/[0m
Request 193: [94mhttps://wealthmountain.app/manifest.json[0m
Request 194: [94mhttps://bsc-dataseed1.binance.org/[0m
Request 195: [94mhttps://bsc-dataseed1.binance.org/[0m
Request 196: [94mhttps://wealthmountain.app/favicon.ico[0m
Request 197: [94mhttps://wealthmountain.app/logo192.png[0m
Request 198: [94mwss://www.walletlink.org/rpc[0m
Request 199: [94mwss://www.walletlink.org/rpc[0m
Request 200: [94mhttps://bsc-dataseed1.binance.org/[0m
Request 201: [94mhttps://bsc-dataseed1.binance.org/[0m
Request 202: [94mhttps://bsc-dataseed1.binance.org/[0m
Request 203: [94mhttps://bsc-dataseed1.binance.org/[0m
Request 204: [94mhttps://bsc-dataseed1.binance.org/[0m
Request 205: [94mhttps://bsc-dataseed1.binance.org/[0m
Request 206: [94mhttps://bsc-dataseed1.binance.org/[0m
Request 207: [94mhttps://bsc-dataseed1.binance.org/[0m
Request 208: [94mhttps://bsc-dataseed1.binance.org/[0m
Request 209: [94mhttps://bsc-dataseed1.binance.org/[0m
Request 210: [94mhttps://bsc-dataseed1.binance.org/[0m
Request 211: [94mhttps://bsc-dataseed1.binance.org/[0m
Request 212: [94mhttps://bsc-dataseed1.binance.org/[0m
Request 213: [94mhttps://bsc-dataseed1.binance.org/[0m
Request 214: [94mhttps://bsc-dataseed1.binance.org/[0m
Request 215: [94mhttps://bsc-dataseed1.binance.org/[0m
Request 216: [94mhttps://bsc-dataseed1.binance.org/[0m
Request 217: [94mhttps://bsc-dataseed1.binance.org/[0m
Request 218: [94mhttps://bsc-dataseed1.binance.org/[0m
Request 219: [94mhttps://bsc-dataseed1.binance.org/[0m
Request 220: [94mhttps://bsc-dataseed1.binance.org/[0m
Request 221: [94mhttps://bsc-dataseed1.binance.org/[0m
Request 222: [94mhttps://region1.google-analytics.com/g/collect[0m
Identified connect buttons: 
[ 'Wallet', 'connect' ]
Request 223: [94mwss://www.walletlink.org/rpc[0m
Identified MetaMask buttons:
[]
Found checkbox!
Checkbox clicked! Trying option 1...
Identified MetaMask buttons:
[]
Request 224: [94mwss://www.walletlink.org/rpc[0m
Found checkbox!
Checkbox clicked! Trying option 2...
Identified MetaMask buttons:
[]
Found checkbox!
Checkbox clicked! Trying option 2...
Request 225: [94mwss://www.walletlink.org/rpc[0m
Identified MetaMask buttons:
[]
Found checkbox!
Checkbox clicked! Trying option 2...
Identified MetaMask buttons:
[]
Found checkbox!
Checkbox clicked! Trying option 2...
Request 226: [94mwss://www.walletlink.org/rpc[0m
Exiting while loop: Timeout!
End of while loop: timeout
Trying random clicks...
Screen dimensions:
{ width: 1512, height: 747 }
Random click at: 756 373.5
Random click at: 756 323.5
Random click at: 756 273.5
Random click at: 756 223.5
Random click at: 906 448.5
Random click at: 656 273.5
Random click at: 756 473.5
Request 227: [94mchrome-extension://glepecflakcnfpeedbnclfdcabngidkh/notification.html[0m
Request 228: [94mchrome-extension://glepecflakcnfpeedbnclfdcabngidkh/index.css[0m
Request 229: [94mchrome-extension://glepecflakcnfpeedbnclfdcabngidkh/index-rtl.css[0m
Request 230: [94mchrome-extension://glepecflakcnfpeedbnclfdcabngidkh/images/logo/metamask-fox.svg[0m
Request 231: [94mchrome-extension://glepecflakcnfpeedbnclfdcabngidkh/images/spinner.gif[0m
Request 232: [94mchrome-extension://glepecflakcnfpeedbnclfdcabngidkh/globalthis.js[0m
Request 233: [94mchrome-extension://glepecflakcnfpeedbnclfdcabngidkh/sentry-install.js[0m
Request 234: [94mchrome-extension://glepecflakcnfpeedbnclfdcabngidkh/runtime-lavamoat.js[0m
Request 235: [94mchrome-extension://glepecflakcnfpeedbnclfdcabngidkh/lockdown-more.js[0m
Request 236: [94mchrome-extension://glepecflakcnfpeedbnclfdcabngidkh/policy-load.js[0m
Request 237: [94mchrome-extension://glepecflakcnfpeedbnclfdcabngidkh/common-0.js[0m
Request 238: [94mchrome-extension://glepecflakcnfpeedbnclfdcabngidkh/common-1.js[0m
Request 239: [94mchrome-extension://glepecflakcnfpeedbnclfdcabngidkh/common-2.js[0m
Request 240: [94mchrome-extension://glepecflakcnfpeedbnclfdcabngidkh/common-3.js[0m
Request 241: [94mchrome-extension://glepecflakcnfpeedbnclfdcabngidkh/common-4.js[0m
Request 242: [94mchrome-extension://glepecflakcnfpeedbnclfdcabngidkh/common-5.js[0m
Request 243: [94mchrome-extension://glepecflakcnfpeedbnclfdcabngidkh/common-6.js[0m
Request 244: [94mchrome-extension://glepecflakcnfpeedbnclfdcabngidkh/common-7.js[0m
Request 245: [94mchrome-extension://glepecflakcnfpeedbnclfdcabngidkh/common-8.js[0m
Request 246: [94mchrome-extension://glepecflakcnfpeedbnclfdcabngidkh/common-9.js[0m
Request 247: [94mchrome-extension://glepecflakcnfpeedbnclfdcabngidkh/ui-0.js[0m
Request 248: [94mchrome-extension://glepecflakcnfpeedbnclfdcabngidkh/ui-1.js[0m
Request 249: [94mchrome-extension://glepecflakcnfpeedbnclfdcabngidkh/ui-2.js[0m
Request 250: [94mchrome-extension://glepecflakcnfpeedbnclfdcabngidkh/ui-3.js[0m
Request 251: [94mchrome-extension://glepecflakcnfpeedbnclfdcabngidkh/ui-4.js[0m
Request 252: [94mchrome-extension://glepecflakcnfpeedbnclfdcabngidkh/ui-5.js[0m
Request 253: [94mchrome-extension://glepecflakcnfpeedbnclfdcabngidkh/ui-6.js[0m
Request 254: [94mchrome-extension://glepecflakcnfpeedbnclfdcabngidkh/ui-7.js[0m
Request 255: [94mchrome-extension://glepecflakcnfpeedbnclfdcabngidkh/ui-8.js[0m
Request 256: [94mchrome-extension://glepecflakcnfpeedbnclfdcabngidkh/ui-9.js[0m
Request 257: [94mchrome-extension://glepecflakcnfpeedbnclfdcabngidkh/react-gallery/carousel.min.css[0m
Request 258: [94mhttps://sentry.io/api/273505/envelope/[0m
Request 259: [94mwss://www.walletlink.org/rpc[0m
Request 260: [94mchrome-extension://glepecflakcnfpeedbnclfdcabngidkh/_locales/en/messages.json[0m
Request 261: [94mchrome-extension://glepecflakcnfpeedbnclfdcabngidkh/_locales/en/messages.json[0m
Page closed: [94mchrome-extension://glepecflakcnfpeedbnclfdcabngidkh/notification.html[0m
No metamask popup found!
Page closed: [94mhttps://wealthmountain.app/binance[0m
No sign or approve button found!
Waiting for 30000ms
Trying to shutdown
