Executing with arguments:  {
  printFrameHierarchy: true,
  debugLevel: 'verbose',
  headless: false,
  profilePath: undefined,
  secs: 30,
  links: undefined,
  url: 'https://www.morpher.com/dex',
  walletPath: 'metamask-chrome-10.22.2',
  destination: '../results/dapps/crawl',
  force: false,
  executablePath: '/Users/christof/.cache/puppeteer/chrome/mac-1056772/chrome-mac/Chromium.app/Contents/MacOS/Chromium'
}
Completed configuring new page. (about:blank)
Completed configuring new page. (chrome-extension://glepecflakcnfpeedbnclfdcabngidkh/home.html)
Request 1: [94mchrome-extension://glepecflakcnfpeedbnclfdcabngidkh/react-gallery/carousel.min.css[0m
Request 2: [94mhttps://sentry.io/api/273505/envelope/[0m
[94mTrying to import MetaMask connect...[0m
Request 3: [94mchrome-extension://glepecflakcnfpeedbnclfdcabngidkh/_locales/en/messages.json[0m
Request 4: [94mchrome-extension://glepecflakcnfpeedbnclfdcabngidkh/_locales/en/messages.json[0m
Request 5: [94mhttps://sentry.io/api/273505/envelope/[0m
Request 6: [94mhttps://sentry.io/api/273505/envelope/[0m
Request 7: [94mchrome-extension://glepecflakcnfpeedbnclfdcabngidkh/fonts/Euclid/EuclidCircularB-Regular-WebXL.ttf[0m
Request 8: [94mchrome-extension://glepecflakcnfpeedbnclfdcabngidkh/fonts/Euclid/EuclidCircularB-Medium.ttf[0m
Request 9: [94mchrome-extension://glepecflakcnfpeedbnclfdcabngidkh/images/logo/metamask-fox.svg[0m
Request 10: [94mhttps://sentry.io/api/273505/envelope/[0m
Request 11: [94mhttps://sentry.io/api/273505/envelope/[0m
Request 12: [94mchrome-extension://glepecflakcnfpeedbnclfdcabngidkh/images/metrics-chart.svg[0m
Request 13: [94mchrome-extension://glepecflakcnfpeedbnclfdcabngidkh/fonts/fontawesome/fa-solid-900.woff2[0m
Request 14: [94mchrome-extension://glepecflakcnfpeedbnclfdcabngidkh/fonts/Euclid/EuclidCircularB-Bold-WebXL.ttf[0m
Request 15: [94mhttps://sentry.io/api/273505/envelope/[0m
Request 16: [94mhttps://sentry.io/api/273505/envelope/[0m
Request 17: [94mhttps://sentry.io/api/273505/envelope/[0m
Request 18: [94mhttps://sentry.io/api/273505/envelope/[0m
Request 19: [94mchrome-extension://glepecflakcnfpeedbnclfdcabngidkh/fonts/Roboto/Roboto-Regular.ttf[0m
Request 20: [94mchrome-extension://glepecflakcnfpeedbnclfdcabngidkh/fonts/fontawesome/fa-regular-400.woff2[0m
Request 21: [94mhttps://sentry.io/api/273505/envelope/[0m
Request 22: [94mhttps://sentry.io/api/273505/envelope/[0m
[92mImporting MetaMask wallet was successful![0m
Visiting https://www.morpher.com/dex
Request 23: [94mhttps://www.morpher.com/dex[0m
Request 24: [94mhttps://sentry.io/api/273505/envelope/[0m
Request 25: [94mhttps://sentry.io/api/273505/envelope/[0m
Request 26: [94mchrome-extension://glepecflakcnfpeedbnclfdcabngidkh/images/eth_logo.svg[0m
Request 27: [94mhttps://www.morpher.com/dex/css/app.d4b4166e.css[0m
Request 28: [94mhttps://www.morpher.com/dex/js/app.b42a195d.js[0m
Request 29: [94mhttps://www.morpher.com/dex/js/chunk-vendors.b2ad67c9.js[0m
Request 30: [94mhttps://h.clarity.ms/s/0.6.31/clarity.js[0m
Request 31: [94mhttps://www.clarity.ms/tag/5e8m8xwe4j[0m
Request 32: [94mhttps://www.googletagmanager.com/gtag/js[0m
Request 33: [94mhttps://www.morpher.com/dex/img/morpher_logo.a3ae9e51.svg[0m
Request 34: [94mhttps://www.morpher.com/dex/img/en.e5564902.svg[0m
Request 35: [94mhttps://www.morpher.com/dex/img/de.d810f621.svg[0m
Request 36: [94mhttps://www.morpher.com/dex/img/ru.6e8cc30d.svg[0m
Request 37: [94mhttps://www.morpher.com/dex/img/pt.70a47eed.svg[0m
Request 38: [94mhttps://www.morpher.com/dex/img/ar.61f9f9f9.svg[0m
Request 39: [94mhttps://www.morpher.com/dex/img/zh.7f8455b7.svg[0m
Request 40: [94mhttps://www.morpher.com/dex/img/ja.1f905d23.svg[0m
Request 41: [94mhttps://www.morpher.com/dex/img/bs.834689d8.svg[0m
Request 42: [94mhttps://fonts.googleapis.com/css[0m
Request 43: [94mhttps://www.clarity.ms/tag/5e8m8xwe4j[0m
Request 44: [94mhttps://trade-api.morpher.com/graphql[0m
Request 45: [94mhttps://trade-api.morpher.com/graphql[0m
Request 46: [94mhttps://trade-api.morpher.com/graphql[0m
Request 47: [94mhttps://tokens.coingecko.com/uniswap/all.json[0m
Request 48: [94mhttps://ethgasstation.info/api/ethgasAPI.json[0m
Request 49: [94mwss://trade-api.morpher.com/graphql[0m
Request 50: [94mhttps://www.morpher.com/dex/img/icons/favicon-32x32.png[0m
Request 51: [94mhttps://fonts.gstatic.com/s/rubik/v23/iJWKBXyIfDnIV7nBrXyw023e.woff2[0m
Request 52: [94mhttps://fonts.gstatic.com/s/roboto/v30/KFOmCnqEu92Fr1Mu4mxKKTU1Kg.woff2[0m
Request 53: [94mhttps://fonts.gstatic.com/s/roboto/v30/KFOlCnqEu92Fr1MmWUlfBBc4AMP6lQ.woff2[0m
Request 54: [94mhttps://region1.google-analytics.com/g/collect[0m
Request 55: [94mwss://trade-api.morpher.com/graphql[0m
Request 56: [94mhttps://trade-api.morpher.com/graphql[0m
Request 57: [94mhttps://www.clarity.ms/eus-f/s/0.7.1/clarity.js[0m
Request 58: [94mhttps://m.clarity.ms/collect[0m
Request 59: [94mhttps://www.morpher.com/dex/manifest.json[0m
Request 60: [94mhttps://www.morpher.com/dex/img/icons/favicon-32x32.png[0m
Request 61: [94mhttps://www.morpher.com/img/icons/favicon-196x196.png[0m
Request 62: [94mhttps://m.clarity.ms/collect[0m
Request 63: [94mhttps://region1.google-analytics.com/g/collect[0m
Identified connect buttons: 
[
  ' Connect Wallet ',
  'Connect Wallet',
  'Connect',
  'Wallet',
  'connect'
]
Request 64: [94mhttps://trade-api.morpher.com/graphql[0m
Request 65: [94mhttps://trade-api.morpher.com/graphql[0m
Found connect button:  Connect Wallet 
Request 66: [94mhttps://www.morpher.com/dex/img/metamask_logo.c879a582.svg[0m
Request 67: [94mhttps://www.morpher.com/dex/img/walletconnect_logo.37f2bc6e.svg[0m
Request 68: [94mhttps://www.morpher.com/dex/img/coinbase_wallet_logo.74c13e33.svg[0m
Request 69: [94mhttps://www.morpher.com/dex/img/portis_logo.805b2921.svg[0m
Request 70: [94mhttps://m.clarity.ms/collect[0m
Identified MetaMask buttons:
[ 'metamask', 'Metamask' ]
Found MetaMask button: Metamask
Completed configuring new page. (chrome-extension://glepecflakcnfpeedbnclfdcabngidkh/notification.html)
Request 71: [94mchrome-extension://glepecflakcnfpeedbnclfdcabngidkh/react-gallery/carousel.min.css[0m
Request 72: [94mhttps://sentry.io/api/273505/envelope/[0m
Request 73: [94mchrome-extension://glepecflakcnfpeedbnclfdcabngidkh/_locales/en/messages.json[0m
Request 74: [94mchrome-extension://glepecflakcnfpeedbnclfdcabngidkh/_locales/en/messages.json[0m
Request 75: [94mchrome-extension://glepecflakcnfpeedbnclfdcabngidkh/fonts/Euclid/EuclidCircularB-Bold-WebXL.ttf[0m
Request 76: [94mchrome-extension://glepecflakcnfpeedbnclfdcabngidkh/fonts/Euclid/EuclidCircularB-Regular-WebXL.ttf[0m
Request 77: [94mchrome-extension://glepecflakcnfpeedbnclfdcabngidkh/fonts/fontawesome/fa-solid-900.woff2[0m
Request 78: [94mchrome-extension://glepecflakcnfpeedbnclfdcabngidkh/fonts/Euclid/EuclidCircularB-Medium.ttf[0m
Request 79: [94mhttps://www.morpher.com/dex/img/icons/favicon-32x32.png[0m
No checkbox found!
Request 80: [94mhttps://m.clarity.ms/collect[0m
Exiting while loop: MetaMask popup open!
End of while loop: popup
Request 81: [94mhttps://sentry.io/api/273505/envelope/[0m
Request 82: [94mhttps://sentry.io/api/273505/envelope/[0m
Clicked next button!
Clicked continue button!
[92mSuccessfully connected MetaMask wallet![0m
Request 83: [94mhttps://trade-api.morpher.com/graphql[0m
Request 84: [94mhttps://trade-api.morpher.com/graphql[0m
Request 85: [94mhttps://trade-api.morpher.com/graphql[0m
Request 86: [94mhttps://fonts.gstatic.com/s/roboto/v30/KFOlCnqEu92Fr1MmEU9fBBc4AMP6lQ.woff2[0m
Request 87: [94mhttps://assets.coingecko.com/coins/images/12619/small/morpher_200_200.png[0m
Request 88: [94mwss://trade-api.morpher.com/graphql[0m
Request 89: [94mhttps://tokens.coingecko.com/uniswap/all.json[0m
Request 90: [94mhttps://sentry.io/api/273505/envelope/[0m
Request 91: [94mhttps://sentry.io/api/273505/envelope/[0m
Page closed: [94mchrome-extension://glepecflakcnfpeedbnclfdcabngidkh/notification.html#[0m
Request 92: [94mhttps://m.clarity.ms/collect[0m
Request 93: [94mhttps://region1.google-analytics.com/g/collect[0m
No sign or approve button found!
Request 94: [94mhttps://www.morpher.com/dex[0m
Request 95: [94mhttps://region1.google-analytics.com/g/collect[0m
Request 96: [94mhttps://m.clarity.ms/collect[0m
Request 97: [94mhttps://www.morpher.com/dex/css/app.d4b4166e.css[0m
Request 98: [94mhttps://www.morpher.com/dex/js/app.b42a195d.js[0m
Request 99: [94mhttps://www.morpher.com/dex/js/chunk-vendors.b2ad67c9.js[0m
Request 100: [94mhttps://h.clarity.ms/s/0.6.31/clarity.js[0m
Request 101: [94mhttps://www.clarity.ms/tag/5e8m8xwe4j[0m
Request 102: [94mhttps://www.googletagmanager.com/gtag/js[0m
Request 103: [94mhttps://www.morpher.com/dex/img/morpher_logo.a3ae9e51.svg[0m
Request 104: [94mhttps://www.morpher.com/dex/img/en.e5564902.svg[0m
Request 105: [94mhttps://www.morpher.com/dex/img/de.d810f621.svg[0m
Request 106: [94mhttps://www.morpher.com/dex/img/ru.6e8cc30d.svg[0m
Request 107: [94mhttps://www.morpher.com/dex/img/pt.70a47eed.svg[0m
Request 108: [94mhttps://www.morpher.com/dex/img/ar.61f9f9f9.svg[0m
Request 109: [94mhttps://www.morpher.com/dex/img/zh.7f8455b7.svg[0m
Request 110: [94mhttps://www.morpher.com/dex/img/ja.1f905d23.svg[0m
Request 111: [94mhttps://www.morpher.com/dex/img/bs.834689d8.svg[0m
Request 112: [94mhttps://fonts.googleapis.com/css[0m
Request 113: [94mhttps://fonts.gstatic.com/s/roboto/v30/KFOmCnqEu92Fr1Mu4mxKKTU1Kg.woff2[0m
Request 114: [94mhttps://fonts.gstatic.com/s/roboto/v30/KFOlCnqEu92Fr1MmEU9fBBc4AMP6lQ.woff2[0m
Request 115: [94mhttps://fonts.gstatic.com/s/roboto/v30/KFOlCnqEu92Fr1MmWUlfBBc4AMP6lQ.woff2[0m
Request 116: [94mhttps://fonts.gstatic.com/s/rubik/v23/iJWKBXyIfDnIV7nBrXyw023e.woff2[0m
Request 117: [94mhttps://trade-api.morpher.com/graphql[0m
Request 118: [94mhttps://trade-api.morpher.com/graphql[0m
Request 119: [94mhttps://trade-api.morpher.com/graphql[0m
Request 120: [94mhttps://ethgasstation.info/api/ethgasAPI.json[0m
Request 121: [94mwss://trade-api.morpher.com/graphql[0m
Request 122: [94mhttps://www.morpher.com/dex/img/icons/favicon-32x32.png[0m
Waiting for 30000ms
Request 123: [94mhttps://www.clarity.ms/eus-f/s/0.7.1/clarity.js[0m
Request 124: [94mwss://trade-api.morpher.com/graphql[0m
Request 125: [94mhttps://trade-api.morpher.com/graphql[0m
Request 126: [94mhttps://www.morpher.com/dex/img/icons/favicon-32x32.png[0m
Request 127: [94mhttps://www.morpher.com/dex/manifest.json[0m
Request 128: [94mhttps://www.morpher.com/img/icons/favicon-196x196.png[0m
Request 129: [94mhttps://trade-api.morpher.com/graphql[0m
Request 130: [94mhttps://m.clarity.ms/collect[0m
Request 131: [94mhttps://assets.coingecko.com/coins/images/12619/small/morpher_200_200.png[0m
Request 132: [94mhttps://trade-api.morpher.com/graphql[0m
Request 133: [94mwss://trade-api.morpher.com/graphql[0m
Request 134: [94mhttps://tokens.coingecko.com/uniswap/all.json[0m
Request 135: [94mhttps://m.clarity.ms/collect[0m
Request 136: [94mhttps://region1.google-analytics.com/g/collect[0m
Page closed: [94mhttps://www.morpher.com/dex[0m
Trying to shutdown
Page closed: [94mchrome-extension://glepecflakcnfpeedbnclfdcabngidkh/home.html#[0m
