Executing with arguments:  {
  printFrameHierarchy: true,
  debugLevel: 'verbose',
  headless: false,
  profilePath: undefined,
  secs: 30,
  links: undefined,
  url: 'https://www.p2vswap.io/',
  walletPath: 'metamask-chrome-10.22.2',
  destination: '../results/dapps/crawl',
  force: false,
  executablePath: '/Users/christof/.cache/puppeteer/chrome/mac-1056772/chrome-mac/Chromium.app/Contents/MacOS/Chromium'
}
Completed configuring new page. (about:blank)
Completed configuring new page. (chrome-extension://glepecflakcnfpeedbnclfdcabngidkh/home.html)
Request 1: [94mchrome-extension://glepecflakcnfpeedbnclfdcabngidkh/react-gallery/carousel.min.css[0m
Request 2: [94mhttps://sentry.io/api/273505/envelope/[0m
[94mTrying to import MetaMask connect...[0m
Request 3: [94mchrome-extension://glepecflakcnfpeedbnclfdcabngidkh/_locales/en/messages.json[0m
Request 4: [94mchrome-extension://glepecflakcnfpeedbnclfdcabngidkh/_locales/en/messages.json[0m
Request 5: [94mhttps://sentry.io/api/273505/envelope/[0m
Request 6: [94mhttps://sentry.io/api/273505/envelope/[0m
Request 7: [94mchrome-extension://glepecflakcnfpeedbnclfdcabngidkh/fonts/Euclid/EuclidCircularB-Regular-WebXL.ttf[0m
Request 8: [94mchrome-extension://glepecflakcnfpeedbnclfdcabngidkh/fonts/Euclid/EuclidCircularB-Medium.ttf[0m
Request 9: [94mchrome-extension://glepecflakcnfpeedbnclfdcabngidkh/images/logo/metamask-fox.svg[0m
Request 10: [94mhttps://sentry.io/api/273505/envelope/[0m
Request 11: [94mhttps://sentry.io/api/273505/envelope/[0m
Request 12: [94mchrome-extension://glepecflakcnfpeedbnclfdcabngidkh/images/metrics-chart.svg[0m
Request 13: [94mchrome-extension://glepecflakcnfpeedbnclfdcabngidkh/fonts/fontawesome/fa-solid-900.woff2[0m
Request 14: [94mchrome-extension://glepecflakcnfpeedbnclfdcabngidkh/fonts/Euclid/EuclidCircularB-Bold-WebXL.ttf[0m
Request 15: [94mhttps://sentry.io/api/273505/envelope/[0m
Request 16: [94mhttps://sentry.io/api/273505/envelope/[0m
Request 17: [94mhttps://sentry.io/api/273505/envelope/[0m
Request 18: [94mhttps://sentry.io/api/273505/envelope/[0m
Request 19: [94mchrome-extension://glepecflakcnfpeedbnclfdcabngidkh/fonts/Roboto/Roboto-Regular.ttf[0m
Request 20: [94mchrome-extension://glepecflakcnfpeedbnclfdcabngidkh/fonts/fontawesome/fa-regular-400.woff2[0m
Request 21: [94mhttps://sentry.io/api/273505/envelope/[0m
Request 22: [94mhttps://sentry.io/api/273505/envelope/[0m
[92mImporting MetaMask wallet was successful![0m
Visiting https://www.p2vswap.io/
Request 23: [94mhttps://www.p2vswap.io/[0m
Request 24: [94mhttps://sentry.io/api/273505/envelope/[0m
Request 25: [94mhttps://sentry.io/api/273505/envelope/[0m
Request 26: [94mchrome-extension://glepecflakcnfpeedbnclfdcabngidkh/images/eth_logo.svg[0m
Request 27: [94mhttps://www.p2vswap.io/_next/static/chunks/webpack-8271b090be4d067b.js[0m
Request 28: [94mhttps://www.p2vswap.io/_next/static/chunks/framework-560765ab0625ba27.js[0m
Request 29: [94mhttps://www.p2vswap.io/_next/static/chunks/main-b2e4ff79d22b1b45.js[0m
Request 30: [94mhttps://www.p2vswap.io/_next/static/chunks/pages/_app-f4c3ec9c4ab5301f.js[0m
Request 31: [94mhttps://www.p2vswap.io/_next/static/chunks/1314-80c06bac084f18ac.js[0m
Request 32: [94mhttps://www.p2vswap.io/_next/static/chunks/5855-cab53a3c375bcbe0.js[0m
Request 33: [94mhttps://www.p2vswap.io/_next/static/chunks/6129-f646437f7bbcaf95.js[0m
Request 34: [94mhttps://www.p2vswap.io/_next/static/chunks/2164-cd300371143f8eee.js[0m
Request 35: [94mhttps://www.p2vswap.io/_next/static/chunks/4999-67c2c1058e50e6b4.js[0m
Request 36: [94mhttps://www.p2vswap.io/_next/static/chunks/7826-f46f81e9608d82d8.js[0m
Request 37: [94mhttps://www.p2vswap.io/_next/static/chunks/511-d896371d59137559.js[0m
Request 38: [94mhttps://www.p2vswap.io/_next/static/chunks/4679-b7f56244961c9a23.js[0m
Request 39: [94mhttps://www.p2vswap.io/_next/static/chunks/pages/index-ac0310a2297ae1b1.js[0m
Request 40: [94mhttps://www.p2vswap.io/_next/static/EhzRD6Z-iX0lzF72uEmRe/_buildManifest.js[0m
Request 41: [94mhttps://www.p2vswap.io/_next/static/EhzRD6Z-iX0lzF72uEmRe/_ssgManifest.js[0m
Request 42: [94mhttps://www.p2vswap.io/_next/static/EhzRD6Z-iX0lzF72uEmRe/_middlewareManifest.js[0m
Request 43: [94mdata:text/javascript[0m
Request 44: [94mhttps://bsc-dataseed1.ninicoin.io/[0m
Request 45: [94mhttps://bsc-dataseed1.ninicoin.io/[0m
Request 46: [94mhttps://www.p2vswap.io/_next/static/chunks/393.1a46f8786c009ee1.js[0m
Request 47: [94mhttps://www.p2vswap.io/_next/static/chunks/3664.123cb31afaf93186.js[0m
Request 48: [94mhttps://bsc-dataseed1.ninicoin.io/[0m
Request 49: [94mhttps://bsc.streamingfast.io/subgraphs/name/pancakeswap/exchange-v2[0m
Request 50: [94mhttps://bsc-dataseed1.ninicoin.io/[0m
Request 51: [94mhttps://www.p2vswap.io/_next/static/chunks/1914.0c5cef32881fa388.js[0m
Request 52: [94mhttps://www.p2vswap.io/_next/static/chunks/8406.a18432fd6db6578a.js[0m
Request 53: [94mhttps://bsc-dataseed1.ninicoin.io/[0m
Request 54: [94mhttps://www.p2vswap.io/images/156x40.svg[0m
Request 55: [94mhttps://www.p2vswap.io/images/swap.png[0m
Request 56: [94mhttps://p2vdex.netlify.app/images/tokens/0xF52E83D80EDF8e5b39476316E9e5247caAe58411.svg[0m
Request 57: [94mhttps://bsc.streamingfast.io/subgraphs/name/pancakeswap/exchange-v2[0m
Request 58: [94mhttps://bsc-dataseed1.ninicoin.io/[0m
Request 59: [94mhttps://bsc-dataseed.binance.org/[0m
Request 60: [94mhttps://bsc-dataseed.binance.org/[0m
Request 61: [94mhttps://www.p2vswap.io/favicon.svg[0m
Request 62: [94mhttps://bsc-dataseed.binance.org/[0m
Request 63: [94mhttps://bsc-dataseed.binance.org/[0m
Request 64: [94mhttps://bsc-dataseed.binance.org/[0m
Request 65: [94mhttps://bsc-dataseed.binance.org/[0m
Request 66: [94mhttps://bsc-dataseed1.ninicoin.io/[0m
Request 67: [94mhttps://bsc-dataseed1.ninicoin.io/[0m
Request 68: [94mhttps://bsc-dataseed1.ninicoin.io/[0m
Request 69: [94mhttps://bsc-dataseed1.ninicoin.io/[0m
Request 70: [94mhttps://bsc-dataseed1.ninicoin.io/[0m
Request 71: [94mhttps://bsc-dataseed1.ninicoin.io/[0m
Request 72: [94mhttps://bsc-dataseed.binance.org/[0m
Request 73: [94mhttps://bsc-dataseed.binance.org/[0m
Request 74: [94mhttps://bsc-dataseed.binance.org/[0m
Request 75: [94mhttps://bsc-dataseed.binance.org/[0m
Request 76: [94mhttps://bsc-dataseed.binance.org/[0m
Request 77: [94mhttps://bsc-dataseed.binance.org/[0m
Request 78: [94mhttps://api.thegraph.com/subgraphs/name/pancakeswap/blocks[0m
Request 79: [94mhttps://api.thegraph.com/subgraphs/name/pancakeswap/blocks[0m
Request 80: [94mhttps://bsc-dataseed.binance.org/[0m
Request 81: [94mhttps://bsc-dataseed.binance.org/[0m
Request 82: [94mhttps://bsc-dataseed.binance.org/[0m
Request 83: [94mhttps://bsc-dataseed.binance.org/[0m
Request 84: [94mhttps://bsc-dataseed.binance.org/[0m
Request 85: [94mhttps://bsc-dataseed.binance.org/[0m
Request 86: [94mhttps://bsc-dataseed.binance.org/[0m
Request 87: [94mhttps://bsc-dataseed.binance.org/[0m
Request 88: [94mhttps://bsc-dataseed.binance.org/[0m
Request 89: [94mhttps://bsc-dataseed.binance.org/[0m
Request 90: [94mhttps://bsc-dataseed.binance.org/[0m
Request 91: [94mhttps://bsc-dataseed.binance.org/[0m
Request 92: [94mhttps://tokens.pancakeswap.finance/pancakeswap-extended.json[0m
Request 93: [94mhttps://tokens.pancakeswap.finance/pancakeswap-top-100.json[0m
Request 94: [94mhttps://tokens.pancakeswap.finance/cmc.json[0m
Request 95: [94mhttps://tokens.pancakeswap.finance/coingecko.json[0m
Request 96: [94mhttps://bsc-dataseed.binance.org/[0m
Request 97: [94mhttps://bsc-dataseed.binance.org/[0m
Request 98: [94mhttps://bsc-dataseed.binance.org/[0m
Request 99: [94mhttps://bsc-dataseed.binance.org/[0m
Request 100: [94mhttps://bsc-dataseed.binance.org/[0m
Request 101: [94mhttps://bsc-dataseed.binance.org/[0m
Request 102: [94mhttps://bsc.streamingfast.io/subgraphs/name/pancakeswap/exchange-v2[0m
Request 103: [94mhttps://bsc.streamingfast.io/subgraphs/name/pancakeswap/exchange-v2[0m
Request 104: [94mhttps://bsc.streamingfast.io/subgraphs/name/pancakeswap/exchange-v2[0m
Request 105: [94mhttps://bsc.streamingfast.io/subgraphs/name/pancakeswap/exchange-v2[0m
Request 106: [94mhttps://www.p2vswap.io/manifest.json[0m
Request 107: [94mhttps://www.p2vswap.io/favicon.svg[0m
Request 108: [94mhttps://www.p2vswap.io/logo.svg[0m
Request 109: [94mhttps://bsc-dataseed1.ninicoin.io/[0m
Request 110: [94mhttps://bsc-dataseed1.ninicoin.io/[0m
Request 111: [94mhttps://www.p2vswap.io/images/cake.svg[0m
Request 112: [94mhttps://bsc-dataseed1.ninicoin.io/[0m
Request 113: [94mhttps://bsc-dataseed1.ninicoin.io/[0m
Request 114: [94mhttps://bsc-dataseed.binance.org/[0m
Request 115: [94mhttps://bsc-dataseed.binance.org/[0m
Request 116: [94mhttps://bsc-dataseed.binance.org/[0m
Request 117: [94mhttps://bsc-dataseed.binance.org/[0m
Request 118: [94mhttps://bsc-dataseed.binance.org/[0m
Request 119: [94mhttps://bsc-dataseed.binance.org/[0m
Request 120: [94mhttps://bsc-dataseed.binance.org/[0m
Request 121: [94mhttps://bsc-dataseed.binance.org/[0m
Request 122: [94mhttps://bsc-dataseed.binance.org/[0m
Request 123: [94mhttps://bsc-dataseed.binance.org/[0m
Request 124: [94mhttps://bsc-dataseed1.ninicoin.io/[0m
Request 125: [94mhttps://bsc-dataseed1.ninicoin.io/[0m
Request 126: [94mhttps://bsc-dataseed1.ninicoin.io/[0m
Request 127: [94mhttps://bsc-dataseed1.ninicoin.io/[0m
Request 128: [94mhttps://bsc-dataseed1.ninicoin.io/[0m
Request 129: [94mhttps://bsc-dataseed1.ninicoin.io/[0m
Identified connect buttons: 
[ 'Connect Wallet', 'Connect', 'Wallet', 'connect' ]
Found connect button: Connect Wallet
Request 130: [94mhttps://bsc-dataseed1.ninicoin.io/[0m
Request 131: [94mhttps://bsc-dataseed1.ninicoin.io/[0m
Request 132: [94mhttps://bsc-dataseed1.ninicoin.io/[0m
Request 133: [94mhttps://bsc-dataseed1.ninicoin.io/[0m
Request 134: [94mhttps://bsc-dataseed.binance.org/[0m
Request 135: [94mhttps://bsc-dataseed.binance.org/[0m
Request 136: [94mhttps://bsc-dataseed.binance.org/[0m
Request 137: [94mhttps://bsc-dataseed.binance.org/[0m
Request 138: [94mhttps://bsc-dataseed.binance.org/[0m
Request 139: [94mhttps://bsc-dataseed.binance.org/[0m
Request 140: [94mhttps://bsc-dataseed.binance.org/[0m
Request 141: [94mhttps://bsc-dataseed.binance.org/[0m
Request 142: [94mhttps://bsc-dataseed.binance.org/[0m
Request 143: [94mhttps://bsc-dataseed.binance.org/[0m
Identified MetaMask buttons:
[ 'metamask', 'Metamask' ]
Found MetaMask button: Metamask
Completed configuring new page. (chrome-extension://glepecflakcnfpeedbnclfdcabngidkh/notification.html)
Request 144: [94mchrome-extension://glepecflakcnfpeedbnclfdcabngidkh/react-gallery/carousel.min.css[0m
Request 145: [94mhttps://sentry.io/api/273505/envelope/[0m
Found checkbox!
Request 146: [94mhttps://bsc-dataseed1.ninicoin.io/[0m
Request 147: [94mhttps://bsc-dataseed1.ninicoin.io/[0m
Request 148: [94mhttps://bsc-dataseed1.ninicoin.io/[0m
Request 149: [94mhttps://bsc-dataseed1.ninicoin.io/[0m
Checkbox clicked! Trying option 1...
Request 150: [94mhttps://bsc-dataseed1.ninicoin.io/[0m
Request 151: [94mhttps://bsc-dataseed1.ninicoin.io/[0m
Request 152: [94mhttps://bsc-dataseed.binance.org/[0m
Request 153: [94mhttps://bsc-dataseed.binance.org/[0m
Request 154: [94mhttps://bsc-dataseed1.ninicoin.io/[0m
Request 155: [94mhttps://bsc-dataseed1.ninicoin.io/[0m
Request 156: [94mhttps://bsc-dataseed1.ninicoin.io/[0m
Request 157: [94mhttps://bsc-dataseed1.ninicoin.io/[0m
Request 158: [94mhttps://bsc-dataseed.binance.org/[0m
Request 159: [94mhttps://bsc-dataseed.binance.org/[0m
Request 160: [94mchrome-extension://glepecflakcnfpeedbnclfdcabngidkh/_locales/en/messages.json[0m
Request 161: [94mchrome-extension://glepecflakcnfpeedbnclfdcabngidkh/_locales/en/messages.json[0m
Request 162: [94mhttps://bsc-dataseed.binance.org/[0m
Request 163: [94mhttps://bsc-dataseed.binance.org/[0m
Request 164: [94mchrome-extension://glepecflakcnfpeedbnclfdcabngidkh/fonts/Euclid/EuclidCircularB-Bold-WebXL.ttf[0m
Request 165: [94mchrome-extension://glepecflakcnfpeedbnclfdcabngidkh/fonts/Euclid/EuclidCircularB-Regular-WebXL.ttf[0m
Request 166: [94mchrome-extension://glepecflakcnfpeedbnclfdcabngidkh/fonts/fontawesome/fa-solid-900.woff2[0m
Request 167: [94mchrome-extension://glepecflakcnfpeedbnclfdcabngidkh/fonts/Euclid/EuclidCircularB-Medium.ttf[0m
Request 168: [94mhttps://www.p2vswap.io/favicon.svg[0m
Request 169: [94mhttps://bsc-dataseed.binance.org/[0m
Request 170: [94mhttps://bsc-dataseed.binance.org/[0m
Request 171: [94mhttps://bsc-dataseed.binance.org/[0m
Request 172: [94mhttps://bsc-dataseed.binance.org/[0m
Exiting while loop: MetaMask popup open!
End of while loop: popup
Request 173: [94mhttps://bsc-dataseed1.ninicoin.io/[0m
Request 174: [94mhttps://bsc-dataseed1.ninicoin.io/[0m
Request 175: [94mhttps://bsc-dataseed1.ninicoin.io/[0m
Request 176: [94mhttps://bsc-dataseed1.ninicoin.io/[0m
Request 177: [94mhttps://bsc-dataseed1.ninicoin.io/[0m
Request 178: [94mhttps://bsc-dataseed1.ninicoin.io/[0m
Request 179: [94mhttps://sentry.io/api/273505/envelope/[0m
Request 180: [94mhttps://sentry.io/api/273505/envelope/[0m
Clicked next button!
Clicked continue button!
[92mSuccessfully connected MetaMask wallet![0m
Request 181: [94mhttps://sentry.io/api/273505/envelope/[0m
Request 182: [94mhttps://sentry.io/api/273505/envelope/[0m
Request 183: [94mchrome-extension://glepecflakcnfpeedbnclfdcabngidkh/images/eth_logo.svg[0m
Request 184: [94mhttps://sentry.io/api/273505/envelope/[0m
Request 185: [94mhttps://sentry.io/api/273505/envelope/[0m
Request 186: [94mhttps://chainid.network/chains.json[0m
Request 187: [94mhttps://bsc-dataseed1.ninicoin.io/[0m
Request 188: [94mhttps://bsc-dataseed1.ninicoin.io/[0m
Request 189: [94mhttps://bsc-dataseed1.ninicoin.io/[0m
Request 190: [94mhttps://bsc-dataseed1.ninicoin.io/[0m
Request 191: [94mhttps://bsc-dataseed.binance.org/[0m
Request 192: [94mhttps://bsc-dataseed.binance.org/[0m
Request 193: [94mhttps://bsc-dataseed.binance.org/[0m
Request 194: [94mhttps://bsc-dataseed.binance.org/[0m
Request 195: [94mhttps://bsc-dataseed.binance.org/[0m
Request 196: [94mhttps://bsc-dataseed.binance.org/[0m
Request 197: [94mhttps://bsc-dataseed.binance.org/[0m
Request 198: [94mhttps://bsc-dataseed.binance.org/[0m
Request 199: [94mhttps://bsc-dataseed.binance.org/[0m
Request 200: [94mhttps://bsc-dataseed.binance.org/[0m
Request 201: [94mhttps://bsc-dataseed1.ninicoin.io/[0m
Request 202: [94mhttps://bsc-dataseed1.ninicoin.io/[0m
Request 203: [94mhttps://bsc-dataseed1.ninicoin.io/[0m
Request 204: [94mhttps://bsc-dataseed1.ninicoin.io/[0m
Request 205: [94mhttps://bsc-dataseed1.ninicoin.io/[0m
Request 206: [94mhttps://bsc-dataseed1.ninicoin.io/[0m
Request 207: [94mhttps://bsc-dataseed1.ninicoin.io/[0m
Request 208: [94mhttps://bsc-dataseed1.ninicoin.io/[0m
Request 209: [94mhttps://bsc-dataseed1.ninicoin.io/[0m
Request 210: [94mhttps://bsc-dataseed1.ninicoin.io/[0m
Request 211: [94mhttps://bsc-dataseed.binance.org/[0m
Request 212: [94mhttps://bsc-dataseed.binance.org/[0m
Request 213: [94mhttps://bsc-dataseed.binance.org/[0m
Request 214: [94mhttps://bsc-dataseed.binance.org/[0m
Request 215: [94mhttps://bsc-dataseed.binance.org/[0m
Request 216: [94mhttps://bsc-dataseed.binance.org/[0m
Request 217: [94mhttps://bsc-dataseed.binance.org/[0m
Request 218: [94mhttps://bsc-dataseed.binance.org/[0m
Request 219: [94mhttps://bsc-dataseed.binance.org/[0m
Request 220: [94mhttps://bsc-dataseed.binance.org/[0m
Request 221: [94mhttps://bsc-dataseed1.ninicoin.io/[0m
Request 222: [94mhttps://bsc-dataseed1.ninicoin.io/[0m
Request 223: [94mhttps://bsc-dataseed1.ninicoin.io/[0m
Request 224: [94mhttps://bsc-dataseed1.ninicoin.io/[0m
Request 225: [94mhttps://bsc-dataseed.binance.org/[0m
Request 226: [94mhttps://bsc-dataseed.binance.org/[0m
Request 227: [94mhttps://bsc-dataseed.binance.org/[0m
Request 228: [94mhttps://bsc-dataseed.binance.org/[0m
Request 229: [94mhttps://bsc-dataseed.binance.org/[0m
Request 230: [94mhttps://bsc-dataseed.binance.org/[0m
Request 231: [94mhttps://bsc-dataseed.binance.org/[0m
Request 232: [94mhttps://bsc-dataseed.binance.org/[0m
Request 233: [94mhttps://bsc-dataseed.binance.org/[0m
Request 234: [94mhttps://bsc-dataseed.binance.org/[0m
Request 235: [94mhttps://bsc-dataseed1.ninicoin.io/[0m
Request 236: [94mhttps://bsc-dataseed1.ninicoin.io/[0m
Request 237: [94mhttps://bsc-dataseed1.ninicoin.io/[0m
Request 238: [94mhttps://bsc-dataseed1.ninicoin.io/[0m
Request 239: [94mhttps://bsc-dataseed1.ninicoin.io/[0m
Request 240: [94mhttps://bsc-dataseed1.ninicoin.io/[0m
Request 241: [94mhttps://bsc-dataseed1.ninicoin.io/[0m
Request 242: [94mhttps://bsc-dataseed1.ninicoin.io/[0m
Request 243: [94mhttps://bsc-dataseed1.ninicoin.io/[0m
Request 244: [94mhttps://bsc-dataseed1.ninicoin.io/[0m
Request 245: [94mhttps://bsc-dataseed.binance.org/[0m
Request 246: [94mhttps://bsc-dataseed.binance.org/[0m
Request 247: [94mhttps://bsc-dataseed.binance.org/[0m
Request 248: [94mhttps://bsc-dataseed.binance.org/[0m
Request 249: [94mhttps://bsc-dataseed.binance.org/[0m
Request 250: [94mhttps://bsc-dataseed.binance.org/[0m
Request 251: [94mhttps://bsc-dataseed.binance.org/[0m
Request 252: [94mhttps://bsc-dataseed.binance.org/[0m
Request 253: [94mhttps://bsc-dataseed.binance.org/[0m
Request 254: [94mhttps://bsc-dataseed.binance.org/[0m
Request 255: [94mhttps://bsc-dataseed1.ninicoin.io/[0m
Request 256: [94mhttps://bsc-dataseed1.ninicoin.io/[0m
Request 257: [94mhttps://bsc-dataseed1.ninicoin.io/[0m
Request 258: [94mhttps://bsc-dataseed1.ninicoin.io/[0m
Request 259: [94mhttps://bsc-dataseed.binance.org/[0m
Request 260: [94mhttps://bsc-dataseed.binance.org/[0m
Request 261: [94mhttps://bsc-dataseed.binance.org/[0m
Request 262: [94mhttps://bsc-dataseed.binance.org/[0m
Request 263: [94mhttps://bsc-dataseed.binance.org/[0m
Request 264: [94mhttps://bsc-dataseed.binance.org/[0m
Request 265: [94mhttps://bsc-dataseed.binance.org/[0m
Request 266: [94mhttps://bsc-dataseed.binance.org/[0m
Request 267: [94mhttps://bsc-dataseed.binance.org/[0m
Request 268: [94mhttps://bsc-dataseed.binance.org/[0m
Request 269: [94mhttps://bsc-dataseed1.ninicoin.io/[0m
Request 270: [94mhttps://bsc-dataseed1.ninicoin.io/[0m
Request 271: [94mhttps://bsc-dataseed1.ninicoin.io/[0m
Request 272: [94mhttps://bsc-dataseed1.ninicoin.io/[0m
Request 273: [94mhttps://bsc-dataseed1.ninicoin.io/[0m
Request 274: [94mhttps://bsc-dataseed1.ninicoin.io/[0m
Request 275: [94mhttps://bsc-dataseed1.ninicoin.io/[0m
Request 276: [94mhttps://bsc-dataseed1.ninicoin.io/[0m
Request 277: [94mhttps://bsc-dataseed1.ninicoin.io/[0m
Request 278: [94mhttps://bsc-dataseed1.ninicoin.io/[0m
Request 279: [94mhttps://bsc-dataseed.binance.org/[0m
Request 280: [94mhttps://bsc-dataseed.binance.org/[0m
Request 281: [94mhttps://bsc-dataseed.binance.org/[0m
Request 282: [94mhttps://bsc-dataseed.binance.org/[0m
Request 283: [94mhttps://bsc-dataseed.binance.org/[0m
Request 284: [94mhttps://bsc-dataseed.binance.org/[0m
Request 285: [94mhttps://bsc-dataseed.binance.org/[0m
Request 286: [94mhttps://bsc-dataseed.binance.org/[0m
Request 287: [94mhttps://bsc-dataseed.binance.org/[0m
Request 288: [94mhttps://bsc-dataseed.binance.org/[0m
Request 289: [94mchrome-extension://glepecflakcnfpeedbnclfdcabngidkh/images/bnb.png[0m
Clicked on approve and switch network button!
No sign or approve button found!
Request 290: [94mhttps://www.p2vswap.io/[0m
Request 291: [94mhttps://sentry.io/api/273505/envelope/[0m
Request 292: [94mhttps://sentry.io/api/273505/envelope/[0m
Request 293: [94mhttps://token-api.metaswap.codefi.network/tokens/0x38[0m
Request 294: [94mhttps://token-api.metaswap.codefi.network/tokens/0x38[0m
Request 295: [94mhttps://token-api.metaswap.codefi.network/tokens/0x38[0m
Page closed: [94mchrome-extension://glepecflakcnfpeedbnclfdcabngidkh/notification.html#[0m
Request 296: [94mhttps://graphigo.prd.galaxy.eco/query[0m
Request 297: [94mhttps://bsc-dataseed1.ninicoin.io/[0m
Request 298: [94mhttps://graphigo.prd.galaxy.eco/query[0m
Request 299: [94mhttps://bsc-dataseed1.ninicoin.io/[0m
Request 300: [94mhttps://bsc-dataseed1.ninicoin.io/[0m
Request 301: [94mhttps://bsc-dataseed1.ninicoin.io/[0m
Request 302: [94mhttps://www.p2vswap.io/_next/static/chunks/webpack-8271b090be4d067b.js[0m
Request 303: [94mhttps://www.p2vswap.io/_next/static/chunks/framework-560765ab0625ba27.js[0m
Request 304: [94mhttps://www.p2vswap.io/_next/static/chunks/main-b2e4ff79d22b1b45.js[0m
Request 305: [94mhttps://www.p2vswap.io/_next/static/chunks/pages/_app-f4c3ec9c4ab5301f.js[0m
Request 306: [94mhttps://www.p2vswap.io/_next/static/chunks/1314-80c06bac084f18ac.js[0m
Request 307: [94mhttps://www.p2vswap.io/_next/static/chunks/5855-cab53a3c375bcbe0.js[0m
Request 308: [94mhttps://www.p2vswap.io/_next/static/chunks/6129-f646437f7bbcaf95.js[0m
Request 309: [94mhttps://www.p2vswap.io/_next/static/chunks/2164-cd300371143f8eee.js[0m
Request 310: [94mhttps://www.p2vswap.io/_next/static/chunks/4999-67c2c1058e50e6b4.js[0m
Request 311: [94mhttps://www.p2vswap.io/_next/static/chunks/7826-f46f81e9608d82d8.js[0m
Request 312: [94mhttps://www.p2vswap.io/_next/static/chunks/511-d896371d59137559.js[0m
Request 313: [94mhttps://www.p2vswap.io/_next/static/chunks/4679-b7f56244961c9a23.js[0m
Request 314: [94mhttps://www.p2vswap.io/_next/static/chunks/pages/index-ac0310a2297ae1b1.js[0m
Request 315: [94mhttps://www.p2vswap.io/_next/static/EhzRD6Z-iX0lzF72uEmRe/_buildManifest.js[0m
Request 316: [94mhttps://www.p2vswap.io/_next/static/EhzRD6Z-iX0lzF72uEmRe/_ssgManifest.js[0m
Request 317: [94mhttps://www.p2vswap.io/_next/static/EhzRD6Z-iX0lzF72uEmRe/_middlewareManifest.js[0m
Request 318: [94mdata:text/javascript[0m
Request 319: [94mchrome-extension://glepecflakcnfpeedbnclfdcabngidkh/images/bnb.png[0m
Request 320: [94mhttps://www.p2vswap.io/_next/static/chunks/393.1a46f8786c009ee1.js[0m
Request 321: [94mhttps://www.p2vswap.io/_next/static/chunks/3664.123cb31afaf93186.js[0m
Request 322: [94mhttps://bsc.streamingfast.io/subgraphs/name/pancakeswap/exchange-v2[0m
Request 323: [94mhttps://www.p2vswap.io/images/156x40.svg[0m
Request 324: [94mhttps://www.p2vswap.io/images/cake.svg[0m
Request 325: [94mhttps://www.p2vswap.io/_next/static/chunks/1914.0c5cef32881fa388.js[0m
Request 326: [94mhttps://www.p2vswap.io/_next/static/chunks/8406.a18432fd6db6578a.js[0m
Request 327: [94mhttps://www.p2vswap.io/images/swap.png[0m
Request 328: [94mhttps://p2vdex.netlify.app/images/tokens/0xF52E83D80EDF8e5b39476316E9e5247caAe58411.svg[0m
Request 329: [94mhttps://bsc.streamingfast.io/subgraphs/name/pancakeswap/exchange-v2[0m
Request 330: [94mhttps://www.p2vswap.io/favicon.svg[0m
Waiting for 30000ms
Request 331: [94mhttps://bsc-dataseed1.ninicoin.io/[0m
Request 332: [94mhttps://bsc-dataseed1.ninicoin.io/[0m
Request 333: [94mhttps://bsc-dataseed.binance.org/[0m
Request 334: [94mhttps://bsc-dataseed.binance.org/[0m
Request 335: [94mhttps://bsc-dataseed.binance.org/[0m
Request 336: [94mhttps://bsc-dataseed.binance.org/[0m
Request 337: [94mhttps://api.thegraph.com/subgraphs/name/pancakeswap/blocks[0m
Request 338: [94mhttps://api.thegraph.com/subgraphs/name/pancakeswap/blocks[0m
Request 339: [94mhttps://tokens.pancakeswap.finance/pancakeswap-extended.json[0m
Request 340: [94mhttps://tokens.pancakeswap.finance/pancakeswap-top-100.json[0m
Request 341: [94mhttps://tokens.pancakeswap.finance/cmc.json[0m
Request 342: [94mhttps://tokens.pancakeswap.finance/coingecko.json[0m
Request 343: [94mhttps://www.p2vswap.io/favicon.svg[0m
Request 344: [94mhttps://bsc-dataseed1.ninicoin.io/[0m
Request 345: [94mhttps://bsc-dataseed1.ninicoin.io/[0m
Request 346: [94mhttps://bsc-dataseed1.ninicoin.io/[0m
Request 347: [94mhttps://bsc-dataseed1.ninicoin.io/[0m
Request 348: [94mhttps://www.p2vswap.io/manifest.json[0m
Request 349: [94mhttps://bsc-dataseed.binance.org/[0m
Request 350: [94mhttps://bsc-dataseed.binance.org/[0m
Request 351: [94mhttps://bsc-dataseed.binance.org/[0m
Request 352: [94mhttps://bsc-dataseed.binance.org/[0m
Request 353: [94mhttps://graphigo.prd.galaxy.eco/query[0m
Request 354: [94mhttps://bsc-dataseed1.ninicoin.io/[0m
Request 355: [94mhttps://bsc-dataseed1.ninicoin.io/[0m
Request 356: [94mhttps://graphigo.prd.galaxy.eco/query[0m
Request 357: [94mhttps://bsc-dataseed1.ninicoin.io/[0m
Request 358: [94mhttps://bsc-dataseed1.ninicoin.io/[0m
Request 359: [94mhttps://bsc-dataseed1.ninicoin.io/[0m
Request 360: [94mhttps://bsc-dataseed1.ninicoin.io/[0m
Request 361: [94mhttps://bsc-dataseed1.ninicoin.io/[0m
Request 362: [94mhttps://bsc-dataseed1.ninicoin.io/[0m
Request 363: [94mhttps://bsc-dataseed1.ninicoin.io/[0m
Request 364: [94mhttps://bsc-dataseed1.ninicoin.io/[0m
Request 365: [94mhttps://bsc-dataseed.binance.org/[0m
Request 366: [94mhttps://bsc-dataseed.binance.org/[0m
Request 367: [94mhttps://bsc-dataseed.binance.org/[0m
Request 368: [94mhttps://bsc-dataseed.binance.org/[0m
Request 369: [94mhttps://bsc-dataseed.binance.org/[0m
Request 370: [94mhttps://bsc-dataseed.binance.org/[0m
Request 371: [94mhttps://bsc-dataseed1.ninicoin.io/[0m
Request 372: [94mhttps://bsc-dataseed1.ninicoin.io/[0m
Request 373: [94mhttps://www.p2vswap.io/logo.svg[0m
Request 374: [94mhttps://bsc-dataseed.binance.org/[0m
Request 375: [94mhttps://bsc-dataseed.binance.org/[0m
Request 376: [94mhttps://bsc-dataseed.binance.org/[0m
Request 377: [94mhttps://bsc-dataseed.binance.org/[0m
Request 378: [94mhttps://bsc-dataseed.binance.org/[0m
Request 379: [94mhttps://bsc-dataseed.binance.org/[0m
Request 380: [94mhttps://bsc.streamingfast.io/subgraphs/name/pancakeswap/exchange-v2[0m
Request 381: [94mhttps://bsc.streamingfast.io/subgraphs/name/pancakeswap/exchange-v2[0m
Request 382: [94mhttps://bsc-dataseed.binance.org/[0m
Request 383: [94mhttps://bsc-dataseed.binance.org/[0m
Request 384: [94mhttps://bsc-dataseed.binance.org/[0m
Request 385: [94mhttps://bsc-dataseed.binance.org/[0m
Request 386: [94mhttps://bsc-dataseed.binance.org/[0m
Request 387: [94mhttps://bsc-dataseed.binance.org/[0m
Request 388: [94mhttps://bsc.streamingfast.io/subgraphs/name/pancakeswap/exchange-v2[0m
Request 389: [94mhttps://bsc.streamingfast.io/subgraphs/name/pancakeswap/exchange-v2[0m
Request 390: [94mhttps://bsc-dataseed.binance.org/[0m
Request 391: [94mhttps://bsc-dataseed.binance.org/[0m
Request 392: [94mhttps://bsc-dataseed.binance.org/[0m
Request 393: [94mhttps://bsc-dataseed.binance.org/[0m
Request 394: [94mhttps://bsc-dataseed1.ninicoin.io/[0m
Request 395: [94mhttps://bsc-dataseed1.ninicoin.io/[0m
Request 396: [94mhttps://bsc-dataseed1.ninicoin.io/[0m
Request 397: [94mhttps://bsc-dataseed1.ninicoin.io/[0m
Request 398: [94mhttps://bsc-dataseed.binance.org/[0m
Request 399: [94mhttps://bsc-dataseed.binance.org/[0m
Request 400: [94mhttps://bsc-dataseed.binance.org/[0m
Request 401: [94mhttps://bsc-dataseed.binance.org/[0m
Request 402: [94mhttps://bsc-dataseed.binance.org/[0m
Request 403: [94mhttps://bsc-dataseed.binance.org/[0m
Request 404: [94mhttps://bsc-dataseed.binance.org/[0m
Request 405: [94mhttps://bsc-dataseed.binance.org/[0m
Request 406: [94mhttps://bsc-dataseed.binance.org/[0m
Request 407: [94mhttps://bsc-dataseed.binance.org/[0m
Request 408: [94mhttps://bsc-dataseed1.ninicoin.io/[0m
Request 409: [94mhttps://bsc-dataseed1.ninicoin.io/[0m
Request 410: [94mhttps://bsc-dataseed1.ninicoin.io/[0m
Request 411: [94mhttps://bsc-dataseed1.ninicoin.io/[0m
Request 412: [94mhttps://bsc-dataseed1.ninicoin.io/[0m
Request 413: [94mhttps://bsc-dataseed1.ninicoin.io/[0m
Request 414: [94mhttps://bsc-dataseed1.ninicoin.io/[0m
Request 415: [94mhttps://bsc-dataseed1.ninicoin.io/[0m
Request 416: [94mhttps://bsc-dataseed1.ninicoin.io/[0m
Request 417: [94mhttps://bsc-dataseed1.ninicoin.io/[0m
Request 418: [94mhttps://bsc-dataseed1.ninicoin.io/[0m
Request 419: [94mhttps://bsc-dataseed1.ninicoin.io/[0m
Request 420: [94mhttps://bsc-dataseed.binance.org/[0m
Request 421: [94mhttps://bsc-dataseed.binance.org/[0m
Request 422: [94mhttps://bsc-dataseed.binance.org/[0m
Request 423: [94mhttps://bsc-dataseed.binance.org/[0m
Request 424: [94mhttps://bsc-dataseed.binance.org/[0m
Request 425: [94mhttps://bsc-dataseed.binance.org/[0m
Request 426: [94mhttps://bsc-dataseed.binance.org/[0m
Request 427: [94mhttps://bsc-dataseed.binance.org/[0m
Request 428: [94mhttps://bsc-dataseed.binance.org/[0m
Request 429: [94mhttps://bsc-dataseed.binance.org/[0m
Request 430: [94mhttps://bsc-dataseed1.ninicoin.io/[0m
Request 431: [94mhttps://bsc-dataseed1.ninicoin.io/[0m
Request 432: [94mhttps://bsc-dataseed1.ninicoin.io/[0m
Request 433: [94mhttps://bsc-dataseed1.ninicoin.io/[0m
Request 434: [94mhttps://bsc-dataseed.binance.org/[0m
Request 435: [94mhttps://bsc-dataseed.binance.org/[0m
Request 436: [94mhttps://bsc-dataseed.binance.org/[0m
Request 437: [94mhttps://bsc-dataseed.binance.org/[0m
Request 438: [94mhttps://bsc-dataseed.binance.org/[0m
Request 439: [94mhttps://bsc-dataseed.binance.org/[0m
Request 440: [94mhttps://bsc-dataseed.binance.org/[0m
Request 441: [94mhttps://bsc-dataseed.binance.org/[0m
Request 442: [94mhttps://bsc-dataseed.binance.org/[0m
Request 443: [94mhttps://bsc-dataseed.binance.org/[0m
Request 444: [94mhttps://bsc-dataseed1.ninicoin.io/[0m
Request 445: [94mhttps://bsc-dataseed1.ninicoin.io/[0m
Request 446: [94mhttps://bsc-dataseed1.ninicoin.io/[0m
Request 447: [94mhttps://bsc-dataseed1.ninicoin.io/[0m
Request 448: [94mhttps://bsc-dataseed1.ninicoin.io/[0m
Request 449: [94mhttps://bsc-dataseed1.ninicoin.io/[0m
Request 450: [94mhttps://bsc-dataseed1.ninicoin.io/[0m
Request 451: [94mhttps://bsc-dataseed1.ninicoin.io/[0m
Request 452: [94mhttps://bsc-dataseed1.ninicoin.io/[0m
Request 453: [94mhttps://bsc-dataseed1.ninicoin.io/[0m
Request 454: [94mhttps://bsc-dataseed.binance.org/[0m
Request 455: [94mhttps://bsc-dataseed.binance.org/[0m
Request 456: [94mhttps://bsc-dataseed.binance.org/[0m
Request 457: [94mhttps://bsc-dataseed.binance.org/[0m
Request 458: [94mhttps://bsc-dataseed.binance.org/[0m
Request 459: [94mhttps://bsc-dataseed.binance.org/[0m
Request 460: [94mhttps://bsc-dataseed.binance.org/[0m
Request 461: [94mhttps://bsc-dataseed.binance.org/[0m
Request 462: [94mhttps://bsc-dataseed.binance.org/[0m
Request 463: [94mhttps://bsc-dataseed.binance.org/[0m
Request 464: [94mhttps://bsc-dataseed1.ninicoin.io/[0m
Request 465: [94mhttps://bsc-dataseed1.ninicoin.io/[0m
Request 466: [94mhttps://bsc-dataseed1.ninicoin.io/[0m
Request 467: [94mhttps://bsc-dataseed1.ninicoin.io/[0m
Request 468: [94mhttps://bsc-dataseed1.ninicoin.io/[0m
Request 469: [94mhttps://bsc-dataseed1.ninicoin.io/[0m
Page closed: [94mhttps://www.p2vswap.io/[0m
Trying to shutdown
Page closed: [94mchrome-extension://glepecflakcnfpeedbnclfdcabngidkh/home.html#[0m
