Executing with arguments:  {
  printFrameHierarchy: true,
  debugLevel: 'verbose',
  headless: false,
  profilePath: undefined,
  secs: 30,
  links: undefined,
  url: 'https://www.plexus.app/',
  walletPath: 'metamask-chrome-10.22.2',
  destination: '../results/dapps/crawl',
  force: false,
  executablePath: '/Users/christof/.cache/puppeteer/chrome/mac-1056772/chrome-mac/Chromium.app/Contents/MacOS/Chromium'
}
Completed configuring new page. (about:blank)
Completed configuring new page. (chrome-extension://glepecflakcnfpeedbnclfdcabngidkh/home.html)
Request 1: [94mchrome-extension://glepecflakcnfpeedbnclfdcabngidkh/react-gallery/carousel.min.css[0m
Request 2: [94mhttps://sentry.io/api/273505/envelope/[0m
[94mTrying to import MetaMask connect...[0m
Request 3: [94mchrome-extension://glepecflakcnfpeedbnclfdcabngidkh/_locales/en/messages.json[0m
Request 4: [94mchrome-extension://glepecflakcnfpeedbnclfdcabngidkh/_locales/en/messages.json[0m
Request 5: [94mhttps://sentry.io/api/273505/envelope/[0m
Request 6: [94mhttps://sentry.io/api/273505/envelope/[0m
Request 7: [94mchrome-extension://glepecflakcnfpeedbnclfdcabngidkh/fonts/Euclid/EuclidCircularB-Regular-WebXL.ttf[0m
Request 8: [94mchrome-extension://glepecflakcnfpeedbnclfdcabngidkh/fonts/Euclid/EuclidCircularB-Medium.ttf[0m
Request 9: [94mchrome-extension://glepecflakcnfpeedbnclfdcabngidkh/images/logo/metamask-fox.svg[0m
Request 10: [94mhttps://sentry.io/api/273505/envelope/[0m
Request 11: [94mhttps://sentry.io/api/273505/envelope/[0m
Request 12: [94mchrome-extension://glepecflakcnfpeedbnclfdcabngidkh/images/metrics-chart.svg[0m
Request 13: [94mchrome-extension://glepecflakcnfpeedbnclfdcabngidkh/fonts/fontawesome/fa-solid-900.woff2[0m
Request 14: [94mchrome-extension://glepecflakcnfpeedbnclfdcabngidkh/fonts/Euclid/EuclidCircularB-Bold-WebXL.ttf[0m
Request 15: [94mhttps://sentry.io/api/273505/envelope/[0m
Request 16: [94mhttps://sentry.io/api/273505/envelope/[0m
Request 17: [94mhttps://sentry.io/api/273505/envelope/[0m
Request 18: [94mhttps://sentry.io/api/273505/envelope/[0m
Request 19: [94mchrome-extension://glepecflakcnfpeedbnclfdcabngidkh/fonts/Roboto/Roboto-Regular.ttf[0m
Request 20: [94mchrome-extension://glepecflakcnfpeedbnclfdcabngidkh/fonts/fontawesome/fa-regular-400.woff2[0m
Request 21: [94mhttps://sentry.io/api/273505/envelope/[0m
Request 22: [94mhttps://sentry.io/api/273505/envelope/[0m
[92mImporting MetaMask wallet was successful![0m
Visiting https://www.plexus.app/
Request 23: [94mhttps://www.plexus.app/[0m
Request 24: [94mhttps://sentry.io/api/273505/envelope/[0m
Request 25: [94mhttps://sentry.io/api/273505/envelope/[0m
Request 26: [94mchrome-extension://glepecflakcnfpeedbnclfdcabngidkh/images/eth_logo.svg[0m
Request 27: [94mhttps://www.plexus.app/_next/static/css/0a4ec652d6028205.css[0m
Request 28: [94mhttps://www.plexus.app/_next/static/chunks/webpack-74582568097edcf3.js[0m
Request 29: [94mhttps://www.plexus.app/_next/static/chunks/framework-21e3f028c1d5b784.js[0m
Request 30: [94mhttps://www.plexus.app/_next/static/chunks/main-19746c76ff96a4c6.js[0m
Request 31: [94mhttps://www.plexus.app/_next/static/chunks/pages/_app-7ca92491baf6fbba.js[0m
Request 32: [94mhttps://www.plexus.app/_next/static/chunks/664-cc2d5af012691ea3.js[0m
Request 33: [94mhttps://www.plexus.app/_next/static/chunks/813-8b6a9f45c53657be.js[0m
Request 34: [94mhttps://www.plexus.app/_next/static/chunks/912-3899224457f56fbe.js[0m
Request 35: [94mhttps://www.plexus.app/_next/static/chunks/389-1e7284de91476f91.js[0m
Request 36: [94mhttps://www.plexus.app/_next/static/chunks/619-71af8febbd7171e7.js[0m
Request 37: [94mhttps://www.plexus.app/_next/static/chunks/738-b91ff08593d52c49.js[0m
Request 38: [94mhttps://www.plexus.app/_next/static/chunks/804-1a76662e1a8fb57a.js[0m
Request 39: [94mhttps://www.plexus.app/_next/static/chunks/pages/index-2e4e9b1a8b90cd01.js[0m
Request 40: [94mhttps://www.plexus.app/_next/static/KVv2g1QEZeQWSYZPM_Sug/_buildManifest.js[0m
Request 41: [94mhttps://www.plexus.app/_next/static/KVv2g1QEZeQWSYZPM_Sug/_ssgManifest.js[0m
Request 42: [94mhttps://use.typekit.net/hcy6kyx.css[0m
Request 43: [94mhttps://www.plexus.app/_next/image[0m
Request 44: [94mhttps://www.plexus.app/_next/image[0m
Request 45: [94mhttps://www.plexus.app/_next/image[0m
Request 46: [94mhttps://www.plexus.app/_next/image[0m
Request 47: [94mhttps://www.plexus.app/_next/image[0m
Request 48: [94mhttps://www.plexus.app/_next/image[0m
Request 49: [94mhttps://www.plexus.app/_next/image[0m
Request 50: [94mhttps://www.plexus.app/assets/intergrate/network/Evmos.svg[0m
Request 51: [94mhttps://www.plexus.app/assets/intergrate/network/Bitcoin%20Cash.svg[0m
Request 52: [94mhttps://www.plexus.app/assets/intergrate/network/Ki.svg[0m
Request 53: [94mhttps://www.plexus.app/assets/intergrate/network/Crypto.org.svg[0m
Request 54: [94mhttps://www.plexus.app/assets/intergrate/network/Sentinel.svg[0m
Request 55: [94mhttps://www.plexus.app/assets/intergrate/network/Desmos.svg[0m
Request 56: [94mhttps://www.plexus.app/assets/intergrate/network/Comdex.svg[0m
Request 57: [94mhttps://www.plexus.app/assets/intergrate/network/Gnosis.svg[0m
Request 58: [94mhttps://www.plexus.app/assets/intergrate/network/Starname.svg[0m
Request 59: [94mhttps://www.plexus.app/assets/intergrate/network/Lum%20Network.svg[0m
Request 60: [94mhttps://www.plexus.app/assets/intergrate/network/e-Money.svg[0m
Request 61: [94mhttps://www.plexus.app/assets/intergrate/network/BitCanna.svg[0m
Request 62: [94mhttps://www.plexus.app/assets/intergrate/network/Kujira.svg[0m
Request 63: [94mhttps://www.plexus.app/assets/intergrate/network/Umee.svg[0m
Request 64: [94mhttps://www.plexus.app/assets/intergrate/network/Persistence.svg[0m
Request 65: [94mhttps://www.plexus.app/assets/intergrate/network/BSC.svg[0m
Request 66: [94mhttps://www.plexus.app/assets/intergrate/network/Polygon.svg[0m
Request 67: [94mhttps://www.plexus.app/assets/intergrate/network/Ethereum.svg[0m
Request 68: [94mhttps://www.plexus.app/assets/intergrate/network/Arbitrum.svg[0m
Request 69: [94mhttps://www.plexus.app/assets/intergrate/network/Optimism.svg[0m
Request 70: [94mhttps://www.plexus.app/assets/intergrate/network/Osmosis.svg[0m
Request 71: [94mhttps://www.plexus.app/assets/intergrate/network/Solana.svg[0m
Request 72: [94mhttps://www.plexus.app/assets/intergrate/network/Fantom.svg[0m
Request 73: [94mhttps://www.plexus.app/assets/intergrate/network/Cosmos.svg[0m
Request 74: [94mhttps://www.plexus.app/assets/intergrate/network/Juno.svg[0m
Request 75: [94mhttps://www.plexus.app/assets/intergrate/network/OKX%20Chain.svg[0m
Request 76: [94mhttps://www.plexus.app/assets/intergrate/network/Cronos.svg[0m
Request 77: [94mhttps://www.plexus.app/assets/intergrate/network/Heco.svg[0m
Request 78: [94mhttps://www.plexus.app/assets/intergrate/network/MoonRiver.svg[0m
Request 79: [94mhttps://www.plexus.app/assets/intergrate/network/Aurora.svg[0m
Request 80: [94mhttps://www.plexus.app/assets/intergrate/network/Harmony.svg[0m
Request 81: [94mhttps://www.plexus.app/assets/intergrate/network/LiteCoin.svg[0m
Request 82: [94mhttps://www.plexus.app/assets/intergrate/network/Thorchain.svg[0m
Request 83: [94mhttps://www.plexus.app/assets/intergrate/network/Avalanche.svg[0m
Request 84: [94mhttps://www.plexus.app/assets/intergrate/network/Bitcoin.svg[0m
Request 85: [94mhttps://www.plexus.app/assets/intergrate/network/Regen%20Network.svg[0m
Request 86: [94mhttps://www.plexus.app/assets/intergrate/network/Stargaze.svg[0m
Request 87: [94mhttps://www.plexus.app/assets/intergrate/network/Fuse.svg[0m
Request 88: [94mhttps://www.plexus.app/assets/intergrate/network/Akash.svg[0m
Request 89: [94mhttps://www.plexus.app/_next/image[0m
Request 90: [94mhttps://www.plexus.app/_next/image[0m
Request 91: [94mhttps://www.plexus.app/_next/image[0m
Request 92: [94mhttps://www.plexus.app/_next/image[0m
Request 93: [94mhttps://www.plexus.app/_next/image[0m
Request 94: [94mhttps://www.plexus.app/_next/image[0m
Request 95: [94mhttps://www.plexus.app/_next/image[0m
Request 96: [94mhttps://www.plexus.app/_next/image[0m
Request 97: [94mhttps://www.plexus.app/_next/image[0m
Request 98: [94mhttps://www.plexus.app/_next/image[0m
Request 99: [94mhttps://www.plexus.app/_next/image[0m
Request 100: [94mhttps://www.plexus.app/_next/image[0m
Request 101: [94mhttps://www.plexus.app/_next/image[0m
Request 102: [94mhttps://www.plexus.app/_next/image[0m
Request 103: [94mhttps://www.plexus.app/_next/image[0m
Request 104: [94mhttps://www.plexus.app/_next/image[0m
Request 105: [94mhttps://www.plexus.app/_next/image[0m
Request 106: [94mhttps://www.plexus.app/_next/image[0m
Request 107: [94mhttps://www.plexus.app/_next/image[0m
Request 108: [94mhttps://www.plexus.app/_next/image[0m
Request 109: [94mhttps://www.plexus.app/_next/image[0m
Request 110: [94mhttps://www.plexus.app/_next/image[0m
Request 111: [94mhttps://www.plexus.app/_next/image[0m
Request 112: [94mhttps://p.typekit.net/p.css[0m
Request 113: [94mhttps://api.plexus.app/v1/wallet/check[0m
Request 114: [94mhttps://www.plexus.app/_next/static/chunks/591.05ad2b8ed6ea5416.js[0m
Request 115: [94mhttps://fonts.gstatic.com/s/poppins/v20/pxiByp8kv8JHgFVrLGT9Z1xlFd2JQEk.woff2[0m
Request 116: [94mhttps://use.typekit.net/af/f2b266/00000000000000007735fdb4/30/l[0m
Request 117: [94mhttps://fonts.gstatic.com/s/poppins/v20/pxiByp8kv8JHgFVrLEj6Z1xlFd2JQEk.woff2[0m
Request 118: [94mhttps://api.plexus.app/v1/wallet/check[0m
Request 119: [94mhttps://www.plexus.app/assets/img/plexus_circle_logo.png[0m
Request 120: [94mhttps://www.plexus.app/assets/video/SBT_video.mp4[0m
Request 121: [94mhttps://www.plexus.app/_next/static/chunks/pages/swap-38290be6220178ae.js[0m
Request 122: [94mhttps://www.plexus.app/_next/static/chunks/pages/referral-79e2a1deba4a324b.js[0m
Request 123: [94mhttps://www.plexus.app/_next/static/chunks/pages/leaderboard-0f83670555b8a113.js[0m
Request 124: [94mhttps://www.plexus.app/_next/static/chunks/pages/referral-79e2a1deba4a324b.js[0m
Request 125: [94mhttps://www.plexus.app/_next/static/chunks/pages/leaderboard-0f83670555b8a113.js[0m
Request 126: [94mhttps://www.plexus.app/_next/static/chunks/pages/swap-38290be6220178ae.js[0m
Request 127: [94mhttps://www.plexus.app/assets/img/plexus_circle_logo.png[0m
Identified connect buttons: 
[
  'Connect Wallet',
  'Connect',
  'sign',
  'Wallet',
  'connect',
  'wallet',
  'Account'
]
Found connect button: Connect Wallet
Identified MetaMask buttons:
[ 'metamask' ]
No checkbox found!
Identified MetaMask buttons:
[ 'metamask' ]
No checkbox found!
Identified MetaMask buttons:
[ 'metamask' ]
No checkbox found!
Identified MetaMask buttons:
[ 'metamask' ]
No checkbox found!
Identified MetaMask buttons:
[ 'metamask' ]
No checkbox found!
Exiting while loop: Timeout!
End of while loop: timeout
Trying random clicks...
Screen dimensions:
{ width: 1512, height: 747 }
Random click at: 756 373.5
Random click at: 756 323.5
Random click at: 756 273.5
Random click at: 756 223.5
Random click at: 906 448.5
Random click at: 656 273.5
Random click at: 756 473.5
Request 128: [94mchrome-extension://glepecflakcnfpeedbnclfdcabngidkh/notification.html[0m
Request 129: [94mchrome-extension://glepecflakcnfpeedbnclfdcabngidkh/index.css[0m
Request 130: [94mchrome-extension://glepecflakcnfpeedbnclfdcabngidkh/index-rtl.css[0m
Request 131: [94mchrome-extension://glepecflakcnfpeedbnclfdcabngidkh/images/logo/metamask-fox.svg[0m
Request 132: [94mchrome-extension://glepecflakcnfpeedbnclfdcabngidkh/images/spinner.gif[0m
Request 133: [94mchrome-extension://glepecflakcnfpeedbnclfdcabngidkh/globalthis.js[0m
Request 134: [94mchrome-extension://glepecflakcnfpeedbnclfdcabngidkh/sentry-install.js[0m
Request 135: [94mchrome-extension://glepecflakcnfpeedbnclfdcabngidkh/runtime-lavamoat.js[0m
Request 136: [94mchrome-extension://glepecflakcnfpeedbnclfdcabngidkh/lockdown-more.js[0m
Request 137: [94mchrome-extension://glepecflakcnfpeedbnclfdcabngidkh/policy-load.js[0m
Request 138: [94mchrome-extension://glepecflakcnfpeedbnclfdcabngidkh/common-0.js[0m
Request 139: [94mchrome-extension://glepecflakcnfpeedbnclfdcabngidkh/common-1.js[0m
Request 140: [94mchrome-extension://glepecflakcnfpeedbnclfdcabngidkh/common-2.js[0m
Request 141: [94mchrome-extension://glepecflakcnfpeedbnclfdcabngidkh/common-3.js[0m
Request 142: [94mchrome-extension://glepecflakcnfpeedbnclfdcabngidkh/common-4.js[0m
Request 143: [94mchrome-extension://glepecflakcnfpeedbnclfdcabngidkh/common-5.js[0m
Request 144: [94mchrome-extension://glepecflakcnfpeedbnclfdcabngidkh/common-6.js[0m
Request 145: [94mchrome-extension://glepecflakcnfpeedbnclfdcabngidkh/common-7.js[0m
Request 146: [94mchrome-extension://glepecflakcnfpeedbnclfdcabngidkh/common-8.js[0m
Request 147: [94mchrome-extension://glepecflakcnfpeedbnclfdcabngidkh/common-9.js[0m
Request 148: [94mchrome-extension://glepecflakcnfpeedbnclfdcabngidkh/ui-0.js[0m
Request 149: [94mchrome-extension://glepecflakcnfpeedbnclfdcabngidkh/ui-1.js[0m
Request 150: [94mchrome-extension://glepecflakcnfpeedbnclfdcabngidkh/ui-2.js[0m
Request 151: [94mchrome-extension://glepecflakcnfpeedbnclfdcabngidkh/ui-3.js[0m
Request 152: [94mchrome-extension://glepecflakcnfpeedbnclfdcabngidkh/ui-4.js[0m
Request 153: [94mchrome-extension://glepecflakcnfpeedbnclfdcabngidkh/ui-5.js[0m
Request 154: [94mchrome-extension://glepecflakcnfpeedbnclfdcabngidkh/ui-6.js[0m
Request 155: [94mchrome-extension://glepecflakcnfpeedbnclfdcabngidkh/ui-7.js[0m
Request 156: [94mchrome-extension://glepecflakcnfpeedbnclfdcabngidkh/ui-8.js[0m
Request 157: [94mchrome-extension://glepecflakcnfpeedbnclfdcabngidkh/ui-9.js[0m
Request 158: [94mchrome-extension://glepecflakcnfpeedbnclfdcabngidkh/react-gallery/carousel.min.css[0m
Request 159: [94mhttps://sentry.io/api/273505/envelope/[0m
Request 160: [94mchrome-extension://glepecflakcnfpeedbnclfdcabngidkh/_locales/en/messages.json[0m
Request 161: [94mchrome-extension://glepecflakcnfpeedbnclfdcabngidkh/_locales/en/messages.json[0m
Page closed: [94mchrome-extension://glepecflakcnfpeedbnclfdcabngidkh/notification.html[0m
No metamask popup found!
Page closed: [94mhttps://www.plexus.app/[0m
No sign or approve button found!
Waiting for 30000ms
Trying to shutdown
