Executing with arguments:  {
  printFrameHierarchy: true,
  debugLevel: 'verbose',
  headless: false,
  profilePath: undefined,
  secs: 30,
  links: undefined,
  url: 'https://www.xdao.app/137',
  walletPath: 'metamask-chrome-10.22.2',
  destination: '../results/dapps/crawl',
  force: false,
  executablePath: '/Users/christof/.cache/puppeteer/chrome/mac-1056772/chrome-mac/Chromium.app/Contents/MacOS/Chromium'
}
Completed configuring new page. (about:blank)
Completed configuring new page. (chrome-extension://glepecflakcnfpeedbnclfdcabngidkh/home.html)
Request 1: [94mchrome-extension://glepecflakcnfpeedbnclfdcabngidkh/react-gallery/carousel.min.css[0m
Request 2: [94mhttps://sentry.io/api/273505/envelope/[0m
[94mTrying to import MetaMask connect...[0m
Request 3: [94mchrome-extension://glepecflakcnfpeedbnclfdcabngidkh/_locales/en/messages.json[0m
Request 4: [94mchrome-extension://glepecflakcnfpeedbnclfdcabngidkh/_locales/en/messages.json[0m
Request 5: [94mhttps://sentry.io/api/273505/envelope/[0m
Request 6: [94mhttps://sentry.io/api/273505/envelope/[0m
Request 7: [94mchrome-extension://glepecflakcnfpeedbnclfdcabngidkh/fonts/Euclid/EuclidCircularB-Regular-WebXL.ttf[0m
Request 8: [94mchrome-extension://glepecflakcnfpeedbnclfdcabngidkh/fonts/Euclid/EuclidCircularB-Medium.ttf[0m
Request 9: [94mchrome-extension://glepecflakcnfpeedbnclfdcabngidkh/images/logo/metamask-fox.svg[0m
Request 10: [94mhttps://sentry.io/api/273505/envelope/[0m
Request 11: [94mhttps://sentry.io/api/273505/envelope/[0m
Request 12: [94mchrome-extension://glepecflakcnfpeedbnclfdcabngidkh/images/metrics-chart.svg[0m
Request 13: [94mchrome-extension://glepecflakcnfpeedbnclfdcabngidkh/fonts/fontawesome/fa-solid-900.woff2[0m
Request 14: [94mchrome-extension://glepecflakcnfpeedbnclfdcabngidkh/fonts/Euclid/EuclidCircularB-Bold-WebXL.ttf[0m
Request 15: [94mhttps://sentry.io/api/273505/envelope/[0m
Request 16: [94mhttps://sentry.io/api/273505/envelope/[0m
Request 17: [94mhttps://sentry.io/api/273505/envelope/[0m
Request 18: [94mhttps://sentry.io/api/273505/envelope/[0m
Request 19: [94mchrome-extension://glepecflakcnfpeedbnclfdcabngidkh/fonts/Roboto/Roboto-Regular.ttf[0m
Request 20: [94mchrome-extension://glepecflakcnfpeedbnclfdcabngidkh/fonts/fontawesome/fa-regular-400.woff2[0m
Request 21: [94mhttps://sentry.io/api/273505/envelope/[0m
Request 22: [94mhttps://sentry.io/api/273505/envelope/[0m
[92mImporting MetaMask wallet was successful![0m
Visiting https://www.xdao.app/137
Request 23: [94mhttps://www.xdao.app/137[0m
Request 24: [94mhttps://sentry.io/api/273505/envelope/[0m
Request 25: [94mhttps://sentry.io/api/273505/envelope/[0m
Request 26: [94mchrome-extension://glepecflakcnfpeedbnclfdcabngidkh/images/eth_logo.svg[0m
Request 27: [94mhttps://www.xdao.app/js/script.js[0m
Request 28: [94mhttps://www.xdao.app/_next/static/css/0cc2bd9d6cb68d2f.css[0m
Request 29: [94mhttps://www.xdao.app/_next/static/chunks/webpack-b5208999627d11b8.js[0m
Request 30: [94mhttps://www.xdao.app/_next/static/chunks/framework-568b840ecff66744.js[0m
Request 31: [94mhttps://www.xdao.app/_next/static/chunks/main-1b65b4d780a38c27.js[0m
Request 32: [94mhttps://www.xdao.app/_next/static/chunks/pages/_app-c85ff319c2100377.js[0m
Request 33: [94mhttps://www.xdao.app/_next/static/chunks/2911-8406af512786a1fc.js[0m
Request 34: [94mhttps://www.xdao.app/_next/static/chunks/3029-a3ec91f63c3fdc2c.js[0m
Request 35: [94mhttps://www.xdao.app/_next/static/chunks/4904-448f07daf4a4371d.js[0m
Request 36: [94mhttps://www.xdao.app/_next/static/chunks/4628-f0e39388e080b5fe.js[0m
Request 37: [94mhttps://www.xdao.app/_next/static/chunks/pages/%5BchainId%5D-d756708707372ec4.js[0m
Request 38: [94mhttps://www.xdao.app/_next/static/lpSa0eEPwFeTE8wiQlT7b/_buildManifest.js[0m
Request 39: [94mhttps://www.xdao.app/_next/static/lpSa0eEPwFeTE8wiQlT7b/_ssgManifest.js[0m
Request 40: [94mhttps://www.xdao.app/_next/static/lpSa0eEPwFeTE8wiQlT7b/_middlewareManifest.js[0m
Request 41: [94mhttps://www.xdao.app/api/event[0m
Request 42: [94mhttps://www.xdao.app/favicon.svg[0m
Request 43: [94mhttps://www.xdao.app/images/networks/matic.svg[0m
Request 44: [94mhttps://www.xdao.app/images/home-conect-your-wallet.svg[0m
Request 45: [94mhttps://www.xdao.app/_next/static/media/manrope-latin-variable-wghtOnly-normal.f34385da.woff2[0m
Request 46: [94mhttps://www.xdao.app/favicon.svg[0m
Request 47: [94mhttps://www.xdao.app/_next/static/chunks/pages/%5BchainId%5D/ecosystem-90785832ccad4d1e.js[0m
Request 48: [94mhttps://www.xdao.app/_next/static/chunks/175-848ec8673f9eef33.js[0m
Request 49: [94mhttps://www.xdao.app/_next/static/chunks/7960-49a6ef778cc2501d.js[0m
Request 50: [94mhttps://www.xdao.app/_next/static/chunks/pages/%5BchainId%5D/modules-940cd2ee5c4fc597.js[0m
Request 51: [94mhttps://www.xdao.app/_next/static/chunks/1477-ac3807d446b94878.js[0m
Request 52: [94mhttps://www.xdao.app/_next/static/chunks/pages/%5BchainId%5D/dao/create-88aa405acb53aac8.js[0m
Request 53: [94mhttps://www.xdao.app/_next/static/chunks/29107295-6897908d5a7c7dbe.js[0m
Request 54: [94mhttps://www.xdao.app/_next/static/chunks/7623-bfb56610bf54f8d5.js[0m
Request 55: [94mhttps://www.xdao.app/_next/static/chunks/5167-b34d9fe4a019b586.js[0m
Request 56: [94mhttps://www.xdao.app/_next/static/chunks/pages/%5BchainId%5D/swap-cf029b7bbc6389ae.js[0m
Request 57: [94mhttps://www.xdao.app/_next/static/chunks/pages/%5BchainId%5D/bridge-c3834e5b40800ab9.js[0m
Request 58: [94mhttps://www.xdao.app/_next/static/chunks/1762-0aa6d12e7e3fe361.js[0m
Request 59: [94mhttps://www.xdao.app/_next/static/chunks/3978-21e5b53bdff2188a.js[0m
Request 60: [94mhttps://www.xdao.app/_next/static/chunks/8764-593a836a579a1569.js[0m
Request 61: [94mhttps://www.xdao.app/_next/static/chunks/1516-627d4aaac60a6bb0.js[0m
Request 62: [94mhttps://www.xdao.app/_next/static/chunks/pages/%5BchainId%5D/connect-228b625e2340cd2c.js[0m
Request 63: [94mhttps://www.xdao.app/_next/static/chunks/pages/%5BchainId%5D/quest-42fd8510de7c6548.js[0m
Request 64: [94mhttps://www.xdao.app/_next/static/chunks/175-848ec8673f9eef33.js[0m
Request 65: [94mhttps://www.xdao.app/_next/static/chunks/7960-49a6ef778cc2501d.js[0m
Request 66: [94mhttps://www.xdao.app/_next/static/chunks/pages/%5BchainId%5D/modules-940cd2ee5c4fc597.js[0m
Request 67: [94mhttps://www.xdao.app/_next/static/chunks/29107295-6897908d5a7c7dbe.js[0m
Request 68: [94mhttps://www.xdao.app/_next/static/chunks/7623-bfb56610bf54f8d5.js[0m
Request 69: [94mhttps://www.xdao.app/_next/static/chunks/5167-b34d9fe4a019b586.js[0m
Request 70: [94mhttps://www.xdao.app/_next/static/chunks/pages/%5BchainId%5D/bridge-c3834e5b40800ab9.js[0m
Request 71: [94mhttps://www.xdao.app/_next/static/chunks/pages/%5BchainId%5D/quest-42fd8510de7c6548.js[0m
Request 72: [94mhttps://www.xdao.app/_next/static/chunks/1762-0aa6d12e7e3fe361.js[0m
Request 73: [94mhttps://www.xdao.app/_next/static/chunks/3978-21e5b53bdff2188a.js[0m
Request 74: [94mhttps://www.xdao.app/_next/static/chunks/8764-593a836a579a1569.js[0m
Request 75: [94mhttps://www.xdao.app/_next/static/chunks/1516-627d4aaac60a6bb0.js[0m
Request 76: [94mhttps://www.xdao.app/_next/static/chunks/pages/%5BchainId%5D/connect-228b625e2340cd2c.js[0m
Request 77: [94mhttps://www.xdao.app/_next/static/chunks/1477-ac3807d446b94878.js[0m
Request 78: [94mhttps://www.xdao.app/_next/static/chunks/pages/%5BchainId%5D/dao/create-88aa405acb53aac8.js[0m
Request 79: [94mhttps://www.xdao.app/_next/static/chunks/pages/%5BchainId%5D/ecosystem-90785832ccad4d1e.js[0m
Request 80: [94mhttps://www.xdao.app/_next/static/chunks/pages/%5BchainId%5D/swap-cf029b7bbc6389ae.js[0m
Identified connect buttons: 
[ 'Connect Wallet', 'Connect', 'sign', 'Wallet', 'connect', 'wallet' ]
Found connect button: Connect Wallet
Request 81: [94mhttps://www.xdao.app/images/metamask-fox.svg[0m
Request 82: [94mhttps://www.xdao.app/images/walletconnect.svg[0m
Request 83: [94mhttps://www.xdao.app/images/coinbase-wallet.svg[0m
Identified MetaMask buttons:
[ 'MetaMask', 'metamask' ]
Found MetaMask button: MetaMask
Found checkbox!
Checkbox clicked! Trying option 1...
Completed configuring new page. (chrome-extension://glepecflakcnfpeedbnclfdcabngidkh/notification.html)
Request 84: [94mchrome-extension://glepecflakcnfpeedbnclfdcabngidkh/react-gallery/carousel.min.css[0m
Request 85: [94mhttps://sentry.io/api/273505/envelope/[0m
Request 86: [94mchrome-extension://glepecflakcnfpeedbnclfdcabngidkh/_locales/en/messages.json[0m
Request 87: [94mchrome-extension://glepecflakcnfpeedbnclfdcabngidkh/_locales/en/messages.json[0m
Exiting while loop: MetaMask popup open!
End of while loop: popup
Request 88: [94mchrome-extension://glepecflakcnfpeedbnclfdcabngidkh/fonts/Euclid/EuclidCircularB-Bold-WebXL.ttf[0m
Request 89: [94mchrome-extension://glepecflakcnfpeedbnclfdcabngidkh/fonts/Euclid/EuclidCircularB-Regular-WebXL.ttf[0m
Request 90: [94mchrome-extension://glepecflakcnfpeedbnclfdcabngidkh/fonts/fontawesome/fa-solid-900.woff2[0m
Request 91: [94mchrome-extension://glepecflakcnfpeedbnclfdcabngidkh/fonts/Euclid/EuclidCircularB-Medium.ttf[0m
Request 92: [94mhttps://www.xdao.app/favicon.svg[0m
Request 93: [94mhttps://sentry.io/api/273505/envelope/[0m
Request 94: [94mhttps://sentry.io/api/273505/envelope/[0m
Clicked next button!
Clicked continue button!
[92mSuccessfully connected MetaMask wallet![0m
Request 95: [94mhttps://www.xdao.app/api/getFirebaseFile[0m
Request 96: [94mhttps://www.xdao.app/api/getFirebaseFile[0m
Request 97: [94mhttps://www.xdao.app/api/getFirebaseFile[0m
Request 98: [94mhttps://www.xdao.app/api/getFirebaseFile[0m
Request 99: [94mhttps://www.xdao.app/images/token/home-banner.webp[0m
Request 100: [94mhttps://www.xdao.app/_next/static/chunks/pages/%5BchainId%5D/claim-2c97c94e7d67498e.js[0m
Request 101: [94mhttps://polygon-mainnet.nodereal.io/v1/4760050f989e48f798b5c084d3eaae8f[0m
Request 102: [94mhttps://polygon-mainnet.nodereal.io/v1/4760050f989e48f798b5c084d3eaae8f[0m
Request 103: [94mhttps://polygon-mainnet.nodereal.io/v1/4760050f989e48f798b5c084d3eaae8f[0m
Request 104: [94mhttps://polygon-mainnet.nodereal.io/v1/4760050f989e48f798b5c084d3eaae8f[0m
Request 105: [94mhttps://polygon-mainnet.nodereal.io/v1/4760050f989e48f798b5c084d3eaae8f[0m
Request 106: [94mhttps://polygon-mainnet.nodereal.io/v1/4760050f989e48f798b5c084d3eaae8f[0m
Request 107: [94mhttps://polygon-mainnet.nodereal.io/v1/4760050f989e48f798b5c084d3eaae8f[0m
Request 108: [94mhttps://polygon-mainnet.nodereal.io/v1/4760050f989e48f798b5c084d3eaae8f[0m
Request 109: [94mhttps://www.xdao.app/_next/static/chunks/pages/%5BchainId%5D/claim-2c97c94e7d67498e.js[0m
Request 110: [94mhttps://polygon-mainnet.nodereal.io/v1/4760050f989e48f798b5c084d3eaae8f[0m
Request 111: [94mhttps://polygon-mainnet.nodereal.io/v1/4760050f989e48f798b5c084d3eaae8f[0m
Request 112: [94mhttps://polygon-mainnet.nodereal.io/v1/4760050f989e48f798b5c084d3eaae8f[0m
Request 113: [94mhttps://polygon-mainnet.nodereal.io/v1/4760050f989e48f798b5c084d3eaae8f[0m
Request 114: [94mhttps://polygon-mainnet.nodereal.io/v1/4760050f989e48f798b5c084d3eaae8f[0m
Request 115: [94mhttps://polygon-mainnet.nodereal.io/v1/4760050f989e48f798b5c084d3eaae8f[0m
Request 116: [94mhttps://polygon-mainnet.nodereal.io/v1/4760050f989e48f798b5c084d3eaae8f[0m
Request 117: [94mhttps://polygon-mainnet.nodereal.io/v1/4760050f989e48f798b5c084d3eaae8f[0m
Request 118: [94mhttps://polygon-mainnet.nodereal.io/v1/4760050f989e48f798b5c084d3eaae8f[0m
Request 119: [94mhttps://polygon-mainnet.nodereal.io/v1/4760050f989e48f798b5c084d3eaae8f[0m
Request 120: [94mhttps://polygon-mainnet.nodereal.io/v1/4760050f989e48f798b5c084d3eaae8f[0m
Request 121: [94mhttps://polygon-mainnet.nodereal.io/v1/4760050f989e48f798b5c084d3eaae8f[0m
Request 122: [94mhttps://polygon-mainnet.nodereal.io/v1/4760050f989e48f798b5c084d3eaae8f[0m
Request 123: [94mhttps://polygon-mainnet.nodereal.io/v1/4760050f989e48f798b5c084d3eaae8f[0m
Request 124: [94mhttps://polygon-mainnet.nodereal.io/v1/4760050f989e48f798b5c084d3eaae8f[0m
Request 125: [94mhttps://polygon-mainnet.nodereal.io/v1/4760050f989e48f798b5c084d3eaae8f[0m
Request 126: [94mhttps://polygon-mainnet.nodereal.io/v1/4760050f989e48f798b5c084d3eaae8f[0m
Request 127: [94mhttps://polygon-mainnet.nodereal.io/v1/4760050f989e48f798b5c084d3eaae8f[0m
Request 128: [94mhttps://polygon-mainnet.nodereal.io/v1/4760050f989e48f798b5c084d3eaae8f[0m
Request 129: [94mhttps://polygon-mainnet.nodereal.io/v1/4760050f989e48f798b5c084d3eaae8f[0m
Request 130: [94mhttps://polygon-mainnet.nodereal.io/v1/4760050f989e48f798b5c084d3eaae8f[0m
Request 131: [94mhttps://polygon-mainnet.nodereal.io/v1/4760050f989e48f798b5c084d3eaae8f[0m
Request 132: [94mhttps://polygon-mainnet.nodereal.io/v1/4760050f989e48f798b5c084d3eaae8f[0m
Request 133: [94mhttps://polygon-mainnet.nodereal.io/v1/4760050f989e48f798b5c084d3eaae8f[0m
Request 134: [94mhttps://polygon-mainnet.nodereal.io/v1/4760050f989e48f798b5c084d3eaae8f[0m
Request 135: [94mhttps://polygon-mainnet.nodereal.io/v1/4760050f989e48f798b5c084d3eaae8f[0m
Request 136: [94mhttps://polygon-mainnet.nodereal.io/v1/4760050f989e48f798b5c084d3eaae8f[0m
Request 137: [94mhttps://polygon-mainnet.nodereal.io/v1/4760050f989e48f798b5c084d3eaae8f[0m
Request 138: [94mhttps://polygon-mainnet.nodereal.io/v1/4760050f989e48f798b5c084d3eaae8f[0m
Request 139: [94mhttps://polygon-mainnet.nodereal.io/v1/4760050f989e48f798b5c084d3eaae8f[0m
Request 140: [94mhttps://polygon-mainnet.nodereal.io/v1/4760050f989e48f798b5c084d3eaae8f[0m
Request 141: [94mhttps://polygon-mainnet.nodereal.io/v1/4760050f989e48f798b5c084d3eaae8f[0m
Request 142: [94mhttps://sentry.io/api/273505/envelope/[0m
Request 143: [94mhttps://sentry.io/api/273505/envelope/[0m
Request 144: [94mhttps://polygon-mainnet.nodereal.io/v1/4760050f989e48f798b5c084d3eaae8f[0m
Request 145: [94mhttps://polygon-mainnet.nodereal.io/v1/4760050f989e48f798b5c084d3eaae8f[0m
Request 146: [94mhttps://polygon-mainnet.nodereal.io/v1/4760050f989e48f798b5c084d3eaae8f[0m
Request 147: [94mhttps://polygon-mainnet.nodereal.io/v1/4760050f989e48f798b5c084d3eaae8f[0m
Request 148: [94mhttps://polygon-mainnet.nodereal.io/v1/4760050f989e48f798b5c084d3eaae8f[0m
Request 149: [94mhttps://polygon-mainnet.nodereal.io/v1/4760050f989e48f798b5c084d3eaae8f[0m
Request 150: [94mhttps://polygon-mainnet.nodereal.io/v1/4760050f989e48f798b5c084d3eaae8f[0m
Request 151: [94mhttps://polygon-mainnet.nodereal.io/v1/4760050f989e48f798b5c084d3eaae8f[0m
Page closed: [94mchrome-extension://glepecflakcnfpeedbnclfdcabngidkh/notification.html#[0m
Request 152: [94mhttps://polygon-mainnet.nodereal.io/v1/4760050f989e48f798b5c084d3eaae8f[0m
Request 153: [94mhttps://polygon-mainnet.nodereal.io/v1/4760050f989e48f798b5c084d3eaae8f[0m
Request 154: [94mhttps://polygon-mainnet.nodereal.io/v1/4760050f989e48f798b5c084d3eaae8f[0m
Request 155: [94mhttps://polygon-mainnet.nodereal.io/v1/4760050f989e48f798b5c084d3eaae8f[0m
Request 156: [94mhttps://polygon-mainnet.nodereal.io/v1/4760050f989e48f798b5c084d3eaae8f[0m
Request 157: [94mhttps://polygon-mainnet.nodereal.io/v1/4760050f989e48f798b5c084d3eaae8f[0m
Request 158: [94mhttps://polygon-mainnet.nodereal.io/v1/4760050f989e48f798b5c084d3eaae8f[0m
Request 159: [94mhttps://polygon-mainnet.nodereal.io/v1/4760050f989e48f798b5c084d3eaae8f[0m
No sign or approve button found!
Request 160: [94mhttps://www.xdao.app/137[0m
Request 161: [94mhttps://www.xdao.app/js/script.js[0m
Request 162: [94mhttps://www.xdao.app/_next/static/css/0cc2bd9d6cb68d2f.css[0m
Request 163: [94mhttps://www.xdao.app/_next/static/chunks/webpack-b5208999627d11b8.js[0m
Request 164: [94mhttps://www.xdao.app/_next/static/chunks/framework-568b840ecff66744.js[0m
Request 165: [94mhttps://www.xdao.app/_next/static/chunks/main-1b65b4d780a38c27.js[0m
Request 166: [94mhttps://www.xdao.app/_next/static/chunks/pages/_app-c85ff319c2100377.js[0m
Request 167: [94mhttps://www.xdao.app/_next/static/chunks/2911-8406af512786a1fc.js[0m
Request 168: [94mhttps://www.xdao.app/_next/static/chunks/3029-a3ec91f63c3fdc2c.js[0m
Request 169: [94mhttps://www.xdao.app/_next/static/chunks/4904-448f07daf4a4371d.js[0m
Request 170: [94mhttps://www.xdao.app/_next/static/chunks/4628-f0e39388e080b5fe.js[0m
Request 171: [94mhttps://www.xdao.app/_next/static/chunks/pages/%5BchainId%5D-d756708707372ec4.js[0m
Request 172: [94mhttps://www.xdao.app/_next/static/lpSa0eEPwFeTE8wiQlT7b/_buildManifest.js[0m
Request 173: [94mhttps://www.xdao.app/_next/static/lpSa0eEPwFeTE8wiQlT7b/_ssgManifest.js[0m
Request 174: [94mhttps://www.xdao.app/_next/static/lpSa0eEPwFeTE8wiQlT7b/_middlewareManifest.js[0m
Request 175: [94mhttps://www.xdao.app/_next/static/media/manrope-latin-variable-wghtOnly-normal.f34385da.woff2[0m
Request 176: [94mhttps://www.xdao.app/api/event[0m
Request 177: [94mhttps://www.xdao.app/favicon.svg[0m
Waiting for 30000ms
Request 178: [94mhttps://www.xdao.app/images/networks/matic.svg[0m
Request 179: [94mhttps://www.xdao.app/images/home-conect-your-wallet.svg[0m
Request 180: [94mhttps://www.xdao.app/_next/static/chunks/pages/%5BchainId%5D/ecosystem-90785832ccad4d1e.js[0m
Request 181: [94mhttps://www.xdao.app/_next/static/chunks/175-848ec8673f9eef33.js[0m
Request 182: [94mhttps://www.xdao.app/_next/static/chunks/7960-49a6ef778cc2501d.js[0m
Request 183: [94mhttps://www.xdao.app/_next/static/chunks/pages/%5BchainId%5D/modules-940cd2ee5c4fc597.js[0m
Request 184: [94mhttps://www.xdao.app/_next/static/chunks/1477-ac3807d446b94878.js[0m
Request 185: [94mhttps://www.xdao.app/_next/static/chunks/pages/%5BchainId%5D/dao/create-88aa405acb53aac8.js[0m
Request 186: [94mhttps://www.xdao.app/_next/static/chunks/29107295-6897908d5a7c7dbe.js[0m
Request 187: [94mhttps://www.xdao.app/_next/static/chunks/7623-bfb56610bf54f8d5.js[0m
Request 188: [94mhttps://www.xdao.app/_next/static/chunks/5167-b34d9fe4a019b586.js[0m
Request 189: [94mhttps://www.xdao.app/_next/static/chunks/pages/%5BchainId%5D/swap-cf029b7bbc6389ae.js[0m
Request 190: [94mhttps://www.xdao.app/_next/static/chunks/pages/%5BchainId%5D/bridge-c3834e5b40800ab9.js[0m
Request 191: [94mhttps://www.xdao.app/_next/static/chunks/1762-0aa6d12e7e3fe361.js[0m
Request 192: [94mhttps://www.xdao.app/_next/static/chunks/3978-21e5b53bdff2188a.js[0m
Request 193: [94mhttps://www.xdao.app/_next/static/chunks/8764-593a836a579a1569.js[0m
Request 194: [94mhttps://www.xdao.app/_next/static/chunks/1516-627d4aaac60a6bb0.js[0m
Request 195: [94mhttps://www.xdao.app/_next/static/chunks/pages/%5BchainId%5D/connect-228b625e2340cd2c.js[0m
Request 196: [94mhttps://www.xdao.app/_next/static/chunks/pages/%5BchainId%5D/quest-42fd8510de7c6548.js[0m
Request 197: [94mhttps://www.xdao.app/favicon.svg[0m
Request 198: [94mhttps://www.xdao.app/_next/static/chunks/pages/%5BchainId%5D/ecosystem-90785832ccad4d1e.js[0m
Request 199: [94mhttps://www.xdao.app/images/metamask-fox.svg[0m
Request 200: [94mhttps://www.xdao.app/api/getFirebaseFile[0m
Request 201: [94mhttps://www.xdao.app/api/getFirebaseFile[0m
Request 202: [94mhttps://www.xdao.app/api/getFirebaseFile[0m
Request 203: [94mhttps://www.xdao.app/api/getFirebaseFile[0m
Request 204: [94mhttps://www.xdao.app/images/token/home-banner.webp[0m
Request 205: [94mhttps://www.xdao.app/_next/static/chunks/pages/%5BchainId%5D/claim-2c97c94e7d67498e.js[0m
Request 206: [94mhttps://polygon-mainnet.nodereal.io/v1/4760050f989e48f798b5c084d3eaae8f[0m
Request 207: [94mhttps://polygon-mainnet.nodereal.io/v1/4760050f989e48f798b5c084d3eaae8f[0m
Request 208: [94mhttps://polygon-mainnet.nodereal.io/v1/4760050f989e48f798b5c084d3eaae8f[0m
Request 209: [94mhttps://polygon-mainnet.nodereal.io/v1/4760050f989e48f798b5c084d3eaae8f[0m
Request 210: [94mhttps://polygon-mainnet.nodereal.io/v1/4760050f989e48f798b5c084d3eaae8f[0m
Request 211: [94mhttps://polygon-mainnet.nodereal.io/v1/4760050f989e48f798b5c084d3eaae8f[0m
Request 212: [94mhttps://polygon-mainnet.nodereal.io/v1/4760050f989e48f798b5c084d3eaae8f[0m
Request 213: [94mhttps://polygon-mainnet.nodereal.io/v1/4760050f989e48f798b5c084d3eaae8f[0m
Request 214: [94mhttps://www.xdao.app/_next/static/chunks/175-848ec8673f9eef33.js[0m
Request 215: [94mhttps://www.xdao.app/_next/static/chunks/7960-49a6ef778cc2501d.js[0m
Request 216: [94mhttps://www.xdao.app/_next/static/chunks/pages/%5BchainId%5D/modules-940cd2ee5c4fc597.js[0m
Request 217: [94mhttps://www.xdao.app/_next/static/chunks/1477-ac3807d446b94878.js[0m
Request 218: [94mhttps://www.xdao.app/_next/static/chunks/pages/%5BchainId%5D/dao/create-88aa405acb53aac8.js[0m
Request 219: [94mhttps://www.xdao.app/_next/static/chunks/29107295-6897908d5a7c7dbe.js[0m
Request 220: [94mhttps://www.xdao.app/_next/static/chunks/7623-bfb56610bf54f8d5.js[0m
Request 221: [94mhttps://www.xdao.app/_next/static/chunks/5167-b34d9fe4a019b586.js[0m
Request 222: [94mhttps://www.xdao.app/_next/static/chunks/pages/%5BchainId%5D/swap-cf029b7bbc6389ae.js[0m
Request 223: [94mhttps://polygon-mainnet.nodereal.io/v1/4760050f989e48f798b5c084d3eaae8f[0m
Request 224: [94mhttps://polygon-mainnet.nodereal.io/v1/4760050f989e48f798b5c084d3eaae8f[0m
Request 225: [94mhttps://polygon-mainnet.nodereal.io/v1/4760050f989e48f798b5c084d3eaae8f[0m
Request 226: [94mhttps://polygon-mainnet.nodereal.io/v1/4760050f989e48f798b5c084d3eaae8f[0m
Request 227: [94mhttps://polygon-mainnet.nodereal.io/v1/4760050f989e48f798b5c084d3eaae8f[0m
Request 228: [94mhttps://polygon-mainnet.nodereal.io/v1/4760050f989e48f798b5c084d3eaae8f[0m
Request 229: [94mhttps://polygon-mainnet.nodereal.io/v1/4760050f989e48f798b5c084d3eaae8f[0m
Request 230: [94mhttps://polygon-mainnet.nodereal.io/v1/4760050f989e48f798b5c084d3eaae8f[0m
Request 231: [94mhttps://polygon-mainnet.nodereal.io/v1/4760050f989e48f798b5c084d3eaae8f[0m
Request 232: [94mhttps://polygon-mainnet.nodereal.io/v1/4760050f989e48f798b5c084d3eaae8f[0m
Request 233: [94mhttps://polygon-mainnet.nodereal.io/v1/4760050f989e48f798b5c084d3eaae8f[0m
Request 234: [94mhttps://polygon-mainnet.nodereal.io/v1/4760050f989e48f798b5c084d3eaae8f[0m
Request 235: [94mhttps://polygon-mainnet.nodereal.io/v1/4760050f989e48f798b5c084d3eaae8f[0m
Request 236: [94mhttps://polygon-mainnet.nodereal.io/v1/4760050f989e48f798b5c084d3eaae8f[0m
Request 237: [94mhttps://polygon-mainnet.nodereal.io/v1/4760050f989e48f798b5c084d3eaae8f[0m
Request 238: [94mhttps://polygon-mainnet.nodereal.io/v1/4760050f989e48f798b5c084d3eaae8f[0m
Request 239: [94mhttps://polygon-mainnet.nodereal.io/v1/4760050f989e48f798b5c084d3eaae8f[0m
Request 240: [94mhttps://polygon-mainnet.nodereal.io/v1/4760050f989e48f798b5c084d3eaae8f[0m
Request 241: [94mhttps://polygon-mainnet.nodereal.io/v1/4760050f989e48f798b5c084d3eaae8f[0m
Request 242: [94mhttps://polygon-mainnet.nodereal.io/v1/4760050f989e48f798b5c084d3eaae8f[0m
Request 243: [94mhttps://polygon-mainnet.nodereal.io/v1/4760050f989e48f798b5c084d3eaae8f[0m
Request 244: [94mhttps://polygon-mainnet.nodereal.io/v1/4760050f989e48f798b5c084d3eaae8f[0m
Request 245: [94mhttps://polygon-mainnet.nodereal.io/v1/4760050f989e48f798b5c084d3eaae8f[0m
Request 246: [94mhttps://polygon-mainnet.nodereal.io/v1/4760050f989e48f798b5c084d3eaae8f[0m
Request 247: [94mhttps://www.xdao.app/_next/static/chunks/pages/%5BchainId%5D/bridge-c3834e5b40800ab9.js[0m
Request 248: [94mhttps://www.xdao.app/_next/static/chunks/1762-0aa6d12e7e3fe361.js[0m
Request 249: [94mhttps://www.xdao.app/_next/static/chunks/3978-21e5b53bdff2188a.js[0m
Request 250: [94mhttps://www.xdao.app/_next/static/chunks/8764-593a836a579a1569.js[0m
Request 251: [94mhttps://www.xdao.app/_next/static/chunks/1516-627d4aaac60a6bb0.js[0m
Request 252: [94mhttps://www.xdao.app/_next/static/chunks/pages/%5BchainId%5D/connect-228b625e2340cd2c.js[0m
Request 253: [94mhttps://www.xdao.app/_next/static/chunks/pages/%5BchainId%5D/quest-42fd8510de7c6548.js[0m
Request 254: [94mhttps://www.xdao.app/_next/static/chunks/pages/%5BchainId%5D/claim-2c97c94e7d67498e.js[0m
Request 255: [94mhttps://polygon-mainnet.nodereal.io/v1/4760050f989e48f798b5c084d3eaae8f[0m
Request 256: [94mhttps://polygon-mainnet.nodereal.io/v1/4760050f989e48f798b5c084d3eaae8f[0m
Request 257: [94mhttps://polygon-mainnet.nodereal.io/v1/4760050f989e48f798b5c084d3eaae8f[0m
Request 258: [94mhttps://polygon-mainnet.nodereal.io/v1/4760050f989e48f798b5c084d3eaae8f[0m
Request 259: [94mhttps://polygon-mainnet.nodereal.io/v1/4760050f989e48f798b5c084d3eaae8f[0m
Request 260: [94mhttps://polygon-mainnet.nodereal.io/v1/4760050f989e48f798b5c084d3eaae8f[0m
Request 261: [94mhttps://polygon-mainnet.nodereal.io/v1/4760050f989e48f798b5c084d3eaae8f[0m
Request 262: [94mhttps://polygon-mainnet.nodereal.io/v1/4760050f989e48f798b5c084d3eaae8f[0m
Request 263: [94mhttps://polygon-mainnet.nodereal.io/v1/4760050f989e48f798b5c084d3eaae8f[0m
Request 264: [94mhttps://polygon-mainnet.nodereal.io/v1/4760050f989e48f798b5c084d3eaae8f[0m
Request 265: [94mhttps://polygon-mainnet.nodereal.io/v1/4760050f989e48f798b5c084d3eaae8f[0m
Request 266: [94mhttps://polygon-mainnet.nodereal.io/v1/4760050f989e48f798b5c084d3eaae8f[0m
Request 267: [94mhttps://polygon-mainnet.nodereal.io/v1/4760050f989e48f798b5c084d3eaae8f[0m
Request 268: [94mhttps://polygon-mainnet.nodereal.io/v1/4760050f989e48f798b5c084d3eaae8f[0m
Request 269: [94mhttps://polygon-mainnet.nodereal.io/v1/4760050f989e48f798b5c084d3eaae8f[0m
Request 270: [94mhttps://polygon-mainnet.nodereal.io/v1/4760050f989e48f798b5c084d3eaae8f[0m
Request 271: [94mhttps://polygon-mainnet.nodereal.io/v1/4760050f989e48f798b5c084d3eaae8f[0m
Request 272: [94mhttps://polygon-mainnet.nodereal.io/v1/4760050f989e48f798b5c084d3eaae8f[0m
Request 273: [94mhttps://polygon-mainnet.nodereal.io/v1/4760050f989e48f798b5c084d3eaae8f[0m
Request 274: [94mhttps://polygon-mainnet.nodereal.io/v1/4760050f989e48f798b5c084d3eaae8f[0m
Request 275: [94mhttps://polygon-mainnet.nodereal.io/v1/4760050f989e48f798b5c084d3eaae8f[0m
Request 276: [94mhttps://polygon-mainnet.nodereal.io/v1/4760050f989e48f798b5c084d3eaae8f[0m
Request 277: [94mhttps://polygon-mainnet.nodereal.io/v1/4760050f989e48f798b5c084d3eaae8f[0m
Request 278: [94mhttps://polygon-mainnet.nodereal.io/v1/4760050f989e48f798b5c084d3eaae8f[0m
Page closed: [94mhttps://www.xdao.app/137[0m
Trying to shutdown
Page closed: [94mchrome-extension://glepecflakcnfpeedbnclfdcabngidkh/home.html#[0m
