Executing with arguments:  {
  printFrameHierarchy: true,
  debugLevel: 'verbose',
  headless: false,
  profilePath: undefined,
  secs: 30,
  links: undefined,
  url: 'https://yieldwars.com/',
  walletPath: 'metamask-chrome-10.22.2',
  destination: '../results/dapps/crawl',
  force: false,
  executablePath: '/Users/christof/.cache/puppeteer/chrome/mac-1056772/chrome-mac/Chromium.app/Contents/MacOS/Chromium'
}
Completed configuring new page. (about:blank)
Completed configuring new page. (chrome-extension://glepecflakcnfpeedbnclfdcabngidkh/home.html)
Request 1: [94mchrome-extension://glepecflakcnfpeedbnclfdcabngidkh/react-gallery/carousel.min.css[0m
Request 2: [94mhttps://sentry.io/api/273505/envelope/[0m
[94mTrying to import MetaMask connect...[0m
Request 3: [94mchrome-extension://glepecflakcnfpeedbnclfdcabngidkh/_locales/en/messages.json[0m
Request 4: [94mchrome-extension://glepecflakcnfpeedbnclfdcabngidkh/_locales/en/messages.json[0m
Request 5: [94mhttps://sentry.io/api/273505/envelope/[0m
Request 6: [94mhttps://sentry.io/api/273505/envelope/[0m
Request 7: [94mchrome-extension://glepecflakcnfpeedbnclfdcabngidkh/fonts/Euclid/EuclidCircularB-Regular-WebXL.ttf[0m
Request 8: [94mchrome-extension://glepecflakcnfpeedbnclfdcabngidkh/fonts/Euclid/EuclidCircularB-Medium.ttf[0m
Request 9: [94mchrome-extension://glepecflakcnfpeedbnclfdcabngidkh/images/logo/metamask-fox.svg[0m
Request 10: [94mhttps://sentry.io/api/273505/envelope/[0m
Request 11: [94mhttps://sentry.io/api/273505/envelope/[0m
Request 12: [94mchrome-extension://glepecflakcnfpeedbnclfdcabngidkh/images/metrics-chart.svg[0m
Request 13: [94mchrome-extension://glepecflakcnfpeedbnclfdcabngidkh/fonts/fontawesome/fa-solid-900.woff2[0m
Request 14: [94mchrome-extension://glepecflakcnfpeedbnclfdcabngidkh/fonts/Euclid/EuclidCircularB-Bold-WebXL.ttf[0m
Request 15: [94mhttps://sentry.io/api/273505/envelope/[0m
Request 16: [94mhttps://sentry.io/api/273505/envelope/[0m
Request 17: [94mhttps://sentry.io/api/273505/envelope/[0m
Request 18: [94mhttps://sentry.io/api/273505/envelope/[0m
Request 19: [94mchrome-extension://glepecflakcnfpeedbnclfdcabngidkh/fonts/Roboto/Roboto-Regular.ttf[0m
Request 20: [94mchrome-extension://glepecflakcnfpeedbnclfdcabngidkh/fonts/fontawesome/fa-regular-400.woff2[0m
Request 21: [94mhttps://sentry.io/api/273505/envelope/[0m
Request 22: [94mhttps://sentry.io/api/273505/envelope/[0m
[92mImporting MetaMask wallet was successful![0m
Visiting https://yieldwars.com/
Request 23: [94mhttps://yieldwars.com/[0m
Request 24: [94mhttps://sentry.io/api/273505/envelope/[0m
Request 25: [94mhttps://sentry.io/api/273505/envelope/[0m
Request 26: [94mchrome-extension://glepecflakcnfpeedbnclfdcabngidkh/images/eth_logo.svg[0m
[91mCaught error when crawling: for Error: net::ERR_CERT_DATE_INVALID at https://yieldwars.com/[0m
Trying to shutdown
Page closed: [94mabout:blank[0m
Page closed: [94mchrome-extension://glepecflakcnfpeedbnclfdcabngidkh/home.html#[0m
