Executing with arguments:  {
  printFrameHierarchy: true,
  debugLevel: 'verbose',
  headless: false,
  profilePath: undefined,
  secs: 30,
  links: undefined,
  url: 'https://yobit.net/en/trade/',
  walletPath: 'metamask-chrome-10.22.2',
  destination: '../results/dapps/crawl',
  force: false,
  executablePath: '/Users/christof/.cache/puppeteer/chrome/mac-1056772/chrome-mac/Chromium.app/Contents/MacOS/Chromium'
}
Completed configuring new page. (about:blank)
Completed configuring new page. (chrome-extension://glepecflakcnfpeedbnclfdcabngidkh/home.html)
Request 1: [94mchrome-extension://glepecflakcnfpeedbnclfdcabngidkh/react-gallery/carousel.min.css[0m
Request 2: [94mhttps://sentry.io/api/273505/envelope/[0m
[94mTrying to import MetaMask connect...[0m
Request 3: [94mchrome-extension://glepecflakcnfpeedbnclfdcabngidkh/_locales/en/messages.json[0m
Request 4: [94mchrome-extension://glepecflakcnfpeedbnclfdcabngidkh/_locales/en/messages.json[0m
Request 5: [94mhttps://sentry.io/api/273505/envelope/[0m
Request 6: [94mhttps://sentry.io/api/273505/envelope/[0m
Request 7: [94mchrome-extension://glepecflakcnfpeedbnclfdcabngidkh/fonts/Euclid/EuclidCircularB-Regular-WebXL.ttf[0m
Request 8: [94mchrome-extension://glepecflakcnfpeedbnclfdcabngidkh/fonts/Euclid/EuclidCircularB-Medium.ttf[0m
Request 9: [94mchrome-extension://glepecflakcnfpeedbnclfdcabngidkh/images/logo/metamask-fox.svg[0m
Request 10: [94mhttps://sentry.io/api/273505/envelope/[0m
Request 11: [94mhttps://sentry.io/api/273505/envelope/[0m
Request 12: [94mchrome-extension://glepecflakcnfpeedbnclfdcabngidkh/images/metrics-chart.svg[0m
Request 13: [94mchrome-extension://glepecflakcnfpeedbnclfdcabngidkh/fonts/fontawesome/fa-solid-900.woff2[0m
Request 14: [94mchrome-extension://glepecflakcnfpeedbnclfdcabngidkh/fonts/Euclid/EuclidCircularB-Bold-WebXL.ttf[0m
Request 15: [94mhttps://sentry.io/api/273505/envelope/[0m
Request 16: [94mhttps://sentry.io/api/273505/envelope/[0m
Request 17: [94mhttps://sentry.io/api/273505/envelope/[0m
Request 18: [94mhttps://sentry.io/api/273505/envelope/[0m
Request 19: [94mchrome-extension://glepecflakcnfpeedbnclfdcabngidkh/fonts/Roboto/Roboto-Regular.ttf[0m
Request 20: [94mchrome-extension://glepecflakcnfpeedbnclfdcabngidkh/fonts/fontawesome/fa-regular-400.woff2[0m
Request 21: [94mhttps://sentry.io/api/273505/envelope/[0m
Request 22: [94mhttps://sentry.io/api/273505/envelope/[0m
[92mImporting MetaMask wallet was successful![0m
Visiting https://yobit.net/en/trade/
Request 23: [94mhttps://yobit.net/en/trade/[0m
Request 24: [94mhttps://sentry.io/api/273505/envelope/[0m
Request 25: [94mhttps://sentry.io/api/273505/envelope/[0m
Request 26: [94mchrome-extension://glepecflakcnfpeedbnclfdcabngidkh/images/eth_logo.svg[0m
Request 27: [94mhttps://yobit.net/style.css[0m
Request 28: [94mhttps://yobit.net/js/jquery.js[0m
Request 29: [94mhttps://yobit.net/js/chosen.jquery.min.js[0m
Request 30: [94mhttps://yobit.net/js/script.js[0m
Request 31: [94mhttps://yobit.net/js/jquery.tinyscrollbar.js[0m
Request 32: [94mhttps://yobit.net/js/jquery.uniform.standalone.js[0m
Request 33: [94mhttps://yobit.net/js/jstz.min.js[0m
Request 34: [94mhttps://yobit.net/js/jswasort.min.js[0m
Request 35: [94mhttps://yobit.net/js/bcmath-min.js[0m
Request 36: [94mhttps://yobit.net/js/corex.js[0m
Request 37: [94mhttps://yobit.net/js/autobahn.min.js[0m
Request 38: [94mhttps://yobit.net/js/corews.js[0m
Request 39: [94mhttps://yobit.net/js/messi.min.js[0m
Request 40: [94mhttps://yobit.net/css/messi.min.css[0m
Request 41: [94mhttps://yobit.net/js/jquery.jas.min.js[0m
Request 42: [94mhttps://yobit.net/js/jquery.toast.js[0m
Request 43: [94mhttps://yobit.net/css/jquery.toast.css[0m
Request 44: [94mhttps://yobit.net/js/charts.js[0m
Request 45: [94mhttps://yobit.net/js/soundmanager2-nodebug-jsmin.js[0m
Request 46: [94mhttps://yobit.net/js/jquery.pjax.js[0m
Request 47: [94mhttps://yobit.net/fonts/422c86621ddde715d30945c060134319.js[0m
Request 48: [94mhttps://www.google.com/recaptcha/api.js[0m
Request 49: [94mhttps://yobit.net/css/jquery.dataTables.css[0m
Request 50: [94mhttps://yobit.net/js/jquery.dataTables.min.js[0m
Request 51: [94mhttps://yobit.net/css/jquery.jscrollpane.css[0m
Request 52: [94mhttps://yobit.net/js/jquery.jscrollpane.min.js[0m
Request 53: [94mhttps://yobit.net/js/jquery.mousewheel.js[0m
Request 54: [94mhttps://yobit.net/js/metamask.js[0m
Request 55: [94mhttps://yobit.net/js/jquery.countdown.js[0m
Request 56: [94mhttps://yobit.net/en/jsh/ALL.js[0m
Request 57: [94mhttps://yobit.net/en/jsh/dyn_servers.js[0m
Request 58: [94mhttps://yobit.net/js/highstock.js[0m
Request 59: [94mhttps://yobit.net/js/no-data-to-display.js[0m
Request 60: [94mhttps://yobit.net/js/chart.js[0m
Request 61: [94mhttps://yobit.net/js/chartd.js[0m
Request 62: [94mhttps://yobit.net/en/jsh/trade.js[0m
Request 63: [94mhttps://yobit.net/images/logo.png[0m
Request 64: [94mhttps://yobit.net/images/pm.png[0m
Request 65: [94mhttps://yobit.net/Iang_detect/[0m
Request 66: [94mhttps://mc.yandex.ru/metrika/tag.js[0m
Request 67: [94mhttps://www.gstatic.com/recaptcha/releases/Gg72x2_SHmxi8X0BLo33HMpr/recaptcha__en.js[0m
Request 68: [94mhttps://yobit.net/twits/[0m
Request 69: [94mhttps://yobit.net/favicon.ico[0m
Request 70: [94mhttps://yobit.net/images/login_ico.png[0m
Request 71: [94mhttps://yobit.net/images/content_ico.png[0m
Request 72: [94mhttps://yobit.net/images/search_bc.png[0m
Request 73: [94mhttps://yobit.net/images/rom.png[0m
Request 74: [94mhttps://yobit.net/images/favd.png[0m
Request 75: [94mhttps://yobit.net/fonts/PTS55F-webfont.woff[0m
Request 76: [94mhttps://yobit.net/lang/index.php[0m
Request 77: [94mhttps://yobit.net/captcha/422c86621ddde715d30945c060134319.png[0m
Request 78: [94mhttps://yobit.net/images/close.png[0m
Request 79: [94mhttps://yobit.net/images/book-open.png[0m
Request 80: [94mhttps://yobit.net/images/opacity.png[0m
Request 81: [94mhttps://yobit.net/images/checkbox.png[0m
Request 82: [94mhttps://yobit.net/ajax/system_status_data.php[0m
Request 83: [94mhttps://yobit.net/ajax/system_chart.php[0m
Request 84: [94mwss://cloud-pusher.com/[0m
Request 85: [94mhttps://mc.yandex.ru/watch/56349745[0m
Request 86: [94mhttps://mc.yandex.ru/metrika/advert.gif[0m
Request 87: [94mhttps://www.google.com/recaptcha/api2/anchor[0m
Request 88: [94mhttps://www.google.com/recaptcha/api2/anchor[0m
Request 89: [94mwss://cloud-pusher.com/[0m
Request 90: [94mwss://cloud-pusher.com/[0m
Request 91: [94mwss://cloud-pusher.com/[0m
Request 92: [94mwss://cloud-pusher.com/[0m
Request 93: [94mwss://cloud-pusher.com/[0m
Request 94: [94mwss://cloud-pusher.com/[0m
Request 95: [94mwss://cloud-pusher.com/[0m
Request 96: [94mwss://cloud-pusher.com/[0m
Request 97: [94mwss://cloud-pusher.com/[0m
Request 98: [94mwss://cloud-pusher.com/[0m
Request 99: [94mwss://cloud-pusher.com/[0m
Request 100: [94mwss://cloud-pusher.com/[0m
Request 101: [94mwss://cloud-pusher.com/[0m
Request 102: [94mwss://cloud-pusher.com/[0m
Request 103: [94mhttps://www.google.com/recaptcha/api2/anchor[0m
Request 104: [94mhttps://www.google.com/recaptcha/api2/anchor[0m
Request 105: [94mhttps://mc.yandex.ru/watch/56349745/1[0m
Request 106: [94mhttps://yobit.net/style.css[0m
Request 107: [94mhttps://yobit.net/js/jquery.js[0m
Request 108: [94mhttps://yobit.net/js/jquery.jscrollpane.min.js[0m
Request 109: [94mhttps://yobit.net/js/jquery.mousewheel.js[0m
Request 110: [94mhttps://www.gstatic.com/recaptcha/releases/Gg72x2_SHmxi8X0BLo33HMpr/styles__ltr.css[0m
Request 111: [94mhttps://www.gstatic.com/recaptcha/releases/Gg72x2_SHmxi8X0BLo33HMpr/recaptcha__en.js[0m
Request 112: [94mhttps://www.gstatic.com/recaptcha/releases/Gg72x2_SHmxi8X0BLo33HMpr/styles__ltr.css[0m
Request 113: [94mhttps://www.gstatic.com/recaptcha/releases/Gg72x2_SHmxi8X0BLo33HMpr/recaptcha__en.js[0m
Request 114: [94mhttps://www.gstatic.com/recaptcha/releases/Gg72x2_SHmxi8X0BLo33HMpr/styles__ltr.css[0m
Request 115: [94mhttps://www.gstatic.com/recaptcha/releases/Gg72x2_SHmxi8X0BLo33HMpr/recaptcha__en.js[0m
Request 116: [94mhttps://www.gstatic.com/recaptcha/releases/Gg72x2_SHmxi8X0BLo33HMpr/styles__ltr.css[0m
Request 117: [94mhttps://www.gstatic.com/recaptcha/releases/Gg72x2_SHmxi8X0BLo33HMpr/recaptcha__en.js[0m
Request 118: [94mhttps://platform.twitter.com/widgets.js[0m
Request 119: [94mhttps://yobit.net/fonts/PTS55F-webfont.woff[0m
Request 120: [94mhttps://www.google.com/recaptcha/api2/webworker.js[0m
Request 121: [94mhttps://www.google.com/recaptcha/api2/webworker.js[0m
Request 122: [94mhttps://www.google.com/recaptcha/api2/webworker.js[0m
Request 123: [94mhttps://www.google.com/recaptcha/api2/webworker.js[0m
Request 124: [94mhttps://platform.twitter.com/widgets/widget_iframe.3da3731af9a8a2b242ed5500485bb22f.html[0m
Request 125: [94mhttps://www.google.com/recaptcha/api2/bframe[0m
Request 126: [94mhttps://www.google.com/recaptcha/api2/bframe[0m
Request 127: [94mhttps://www.google.com/recaptcha/api2/bframe[0m
Request 128: [94mhttps://www.google.com/recaptcha/api2/bframe[0m
Request 129: [94mhttps://www.gstatic.com/recaptcha/releases/Gg72x2_SHmxi8X0BLo33HMpr/styles__ltr.css[0m
Request 130: [94mhttps://www.gstatic.com/recaptcha/releases/Gg72x2_SHmxi8X0BLo33HMpr/recaptcha__en.js[0m
Request 131: [94mhttps://www.gstatic.com/recaptcha/releases/Gg72x2_SHmxi8X0BLo33HMpr/styles__ltr.css[0m
Request 132: [94mhttps://www.gstatic.com/recaptcha/releases/Gg72x2_SHmxi8X0BLo33HMpr/recaptcha__en.js[0m
Request 133: [94mhttps://syndication.twitter.com/settings[0m
Request 134: [94mhttps://www.gstatic.com/recaptcha/releases/Gg72x2_SHmxi8X0BLo33HMpr/styles__ltr.css[0m
Request 135: [94mhttps://www.gstatic.com/recaptcha/releases/Gg72x2_SHmxi8X0BLo33HMpr/recaptcha__en.js[0m
Request 136: [94mhttps://www.gstatic.com/recaptcha/releases/Gg72x2_SHmxi8X0BLo33HMpr/styles__ltr.css[0m
Request 137: [94mhttps://www.gstatic.com/recaptcha/releases/Gg72x2_SHmxi8X0BLo33HMpr/recaptcha__en.js[0m
Request 138: [94mhttps://platform.twitter.com/js/horizon_timeline.9d5b85fd7c7c444c478e0efc3fe78f5c.js[0m
Request 139: [94mhttps://syndication.twitter.com/i/jot/embeds[0m
Request 140: [94mhttps://syndication.twitter.com/srv/timeline-profile/screen-name/YobitExchange[0m
Request 141: [94mhttps://platform.twitter.com/_next/static/chunks/runtime-ac1661ccdb8e576aa50f.js[0m
Request 142: [94mhttps://platform.twitter.com/_next/static/chunks/modules.20f98d7498a59035a762.js[0m
Request 143: [94mhttps://platform.twitter.com/_next/static/chunks/main-fd9ef5eb169057cda26d.js[0m
Request 144: [94mhttps://platform.twitter.com/_next/static/chunks/pages/_app-1de42c5b58d3c0c73bcc.js[0m
Request 145: [94mhttps://platform.twitter.com/_next/static/chunks/pages/timeline-profile/screen-name/%5BscreenName%5D-c33f0b02841cffc3e9b4.js[0m
Request 146: [94mhttps://platform.twitter.com/_next/static/jE_6kxAGuWvLcn3zWM6YS/_buildManifest.js[0m
Request 147: [94mhttps://platform.twitter.com/_next/static/jE_6kxAGuWvLcn3zWM6YS/_ssgManifest.js[0m
Request 148: [94mhttps://platform.twitter.com/_next/static/chunks/2.691622e4391d1973cb65.js[0m
Request 149: [94mhttps://platform.twitter.com/_next/static/chunks/16.f51e817554e9acde75c7.js[0m
Request 150: [94mhttps://platform.twitter.com/_next/static/chunks/0.12059cc9aae4f779ab68.js[0m
Request 151: [94mhttps://platform.twitter.com/_next/static/chunks/4.c99a76747fd916e95958.js[0m
Request 152: [94mhttps://platform.twitter.com/_next/static/chunks/1.e0f4c7b66a328a10c5e6.js[0m
Request 153: [94mhttps://platform.twitter.com/_next/static/chunks/3.e7066329b25c21220454.js[0m
Request 154: [94mhttps://platform.twitter.com/_next/static/chunks/6.aba35a239a4780e40713.js[0m
Request 155: [94mhttps://platform.twitter.com/_next/static/chunks/ondemand.Dropdown.4cd773fb670117e677f6.js[0m
Request 156: [94mhttps://platform.twitter.com/_next/static/chunks/vendors~ondemand.LottieWeb.d0dde7eb339d57b45e0d.js[0m
Request 157: [94mhttps://abs.twimg.com/sticky/animations/like.4.json[0m
Request 158: [94mhttps://syndication.twitter.com/i/jot[0m
Request 159: [94mhttps://pbs.twimg.com/profile_images/560934683785981952/silVxE5i_x96.png[0m
Request 160: [94mhttps://syndication.twitter.com/i/jot[0m
Request 161: [94mhttps://yobit.net/favicon.ico[0m
Request 162: [94mhttps://yobit.net/favicon.ico[0m
Request 163: [94mhttps://yobit.net/ajax/system_status_data.php[0m
Request 164: [94mhttps://yobit.net/ajax/system_status_data.php[0m
Request 165: [94mhttps://yobit.net/ajax/system_status_data.php[0m
Identified connect buttons: 
[ 'Wallet', 'wallet', 'account' ]
Request 166: [94mhttps://yobit.net/ajax/system_chart.php[0m
Request 167: [94mhttps://yobit.net/ajax/system_status_data.php[0m
Identified MetaMask buttons:
[ 'metamask', 'Metamask' ]
Request 168: [94mhttps://mc.yandex.ru/watch/56349745[0m
Request 169: [94mhttps://yobit.net/ajax/system_status_data.php[0m
Found checkbox!
Checkbox clicked! Trying option 1...
Request 170: [94mhttps://mc.yandex.ru/clmap/56349745[0m
Request 171: [94mhttps://yobit.net/ajax/system_status_data.php[0m
Request 172: [94mhttps://yobit.net/ajax/system_chart.php[0m
Identified MetaMask buttons:
[ 'metamask', 'Metamask' ]
Request 173: [94mhttps://yobit.net/ajax/system_status_data.php[0m
Found checkbox!
Request 174: [94mhttps://mc.yandex.ru/clmap/56349745[0m
Checkbox clicked! Trying option 2...
Request 175: [94mhttps://yobit.net/ajax/system_status_data.php[0m
Request 176: [94mhttps://yobit.net/ajax/system_status_data.php[0m
Identified MetaMask buttons:
[ 'metamask', 'Metamask' ]
Request 177: [94mhttps://yobit.net/ajax/system_chart.php[0m
Request 178: [94mhttps://yobit.net/ajax/system_status_data.php[0m
Found checkbox!
Request 179: [94mhttps://mc.yandex.ru/clmap/56349745[0m
Checkbox clicked! Trying option 2...
Request 180: [94mhttps://yobit.net/ajax/system_status_data.php[0m
Identified MetaMask buttons:
[ 'metamask', 'Metamask' ]
Request 181: [94mhttps://yobit.net/ajax/system_status_data.php[0m
Found checkbox!
Request 182: [94mhttps://mc.yandex.ru/clmap/56349745[0m
Checkbox clicked! Trying option 2...
Request 183: [94mhttps://yobit.net/ajax/system_status_data.php[0m
Request 184: [94mhttps://yobit.net/ajax/system_chart.php[0m
Request 185: [94mhttps://yobit.net/ajax/system_status_data.php[0m
Identified MetaMask buttons:
[ 'metamask', 'Metamask' ]
Request 186: [94mhttps://yobit.net/ajax/system_status_data.php[0m
Found checkbox!
Request 187: [94mhttps://mc.yandex.ru/clmap/56349745[0m
Checkbox clicked! Trying option 2...
Exiting while loop: Timeout!
End of while loop: timeout
Trying random clicks...
Screen dimensions:
{ width: 1512, height: 747 }
Random click at: 756 373.5
Request 188: [94mhttps://mc.yandex.ru/clmap/56349745[0m
Random click at: 756 323.5
Random click at: 756 273.5
Random click at: 756 223.5
Random click at: 906 448.5
Request 189: [94mhttps://mc.yandex.ru/clmap/56349745[0m
Random click at: 656 273.5
Random click at: 756 473.5
Request 190: [94mhttps://yobit.net/ajax/system_status_data.php[0m
Request 191: [94mhttps://yobit.net/ajax/system_chart.php[0m
Request 192: [94mhttps://yobit.net/ajax/system_status_data.php[0m
Request 193: [94mhttps://yobit.net/ajax/system_status_data.php[0m
Request 194: [94mchrome-extension://glepecflakcnfpeedbnclfdcabngidkh/notification.html[0m
Request 195: [94mchrome-extension://glepecflakcnfpeedbnclfdcabngidkh/index.css[0m
Request 196: [94mchrome-extension://glepecflakcnfpeedbnclfdcabngidkh/index-rtl.css[0m
Request 197: [94mchrome-extension://glepecflakcnfpeedbnclfdcabngidkh/images/logo/metamask-fox.svg[0m
Request 198: [94mchrome-extension://glepecflakcnfpeedbnclfdcabngidkh/images/spinner.gif[0m
Request 199: [94mchrome-extension://glepecflakcnfpeedbnclfdcabngidkh/globalthis.js[0m
Request 200: [94mchrome-extension://glepecflakcnfpeedbnclfdcabngidkh/sentry-install.js[0m
Request 201: [94mchrome-extension://glepecflakcnfpeedbnclfdcabngidkh/runtime-lavamoat.js[0m
Request 202: [94mchrome-extension://glepecflakcnfpeedbnclfdcabngidkh/lockdown-more.js[0m
Request 203: [94mchrome-extension://glepecflakcnfpeedbnclfdcabngidkh/policy-load.js[0m
Request 204: [94mchrome-extension://glepecflakcnfpeedbnclfdcabngidkh/common-0.js[0m
Request 205: [94mchrome-extension://glepecflakcnfpeedbnclfdcabngidkh/common-1.js[0m
Request 206: [94mchrome-extension://glepecflakcnfpeedbnclfdcabngidkh/common-2.js[0m
Request 207: [94mchrome-extension://glepecflakcnfpeedbnclfdcabngidkh/common-3.js[0m
Request 208: [94mchrome-extension://glepecflakcnfpeedbnclfdcabngidkh/common-4.js[0m
Request 209: [94mchrome-extension://glepecflakcnfpeedbnclfdcabngidkh/common-5.js[0m
Request 210: [94mchrome-extension://glepecflakcnfpeedbnclfdcabngidkh/common-6.js[0m
Request 211: [94mchrome-extension://glepecflakcnfpeedbnclfdcabngidkh/common-7.js[0m
Request 212: [94mchrome-extension://glepecflakcnfpeedbnclfdcabngidkh/common-8.js[0m
Request 213: [94mchrome-extension://glepecflakcnfpeedbnclfdcabngidkh/common-9.js[0m
Request 214: [94mchrome-extension://glepecflakcnfpeedbnclfdcabngidkh/ui-0.js[0m
Request 215: [94mchrome-extension://glepecflakcnfpeedbnclfdcabngidkh/ui-1.js[0m
Request 216: [94mchrome-extension://glepecflakcnfpeedbnclfdcabngidkh/ui-2.js[0m
Request 217: [94mchrome-extension://glepecflakcnfpeedbnclfdcabngidkh/ui-3.js[0m
Request 218: [94mchrome-extension://glepecflakcnfpeedbnclfdcabngidkh/ui-4.js[0m
Request 219: [94mchrome-extension://glepecflakcnfpeedbnclfdcabngidkh/ui-5.js[0m
Request 220: [94mchrome-extension://glepecflakcnfpeedbnclfdcabngidkh/ui-6.js[0m
Request 221: [94mchrome-extension://glepecflakcnfpeedbnclfdcabngidkh/ui-7.js[0m
Request 222: [94mchrome-extension://glepecflakcnfpeedbnclfdcabngidkh/ui-8.js[0m
Request 223: [94mchrome-extension://glepecflakcnfpeedbnclfdcabngidkh/ui-9.js[0m
Request 224: [94mchrome-extension://glepecflakcnfpeedbnclfdcabngidkh/react-gallery/carousel.min.css[0m
Request 225: [94mhttps://sentry.io/api/273505/envelope/[0m
Request 226: [94mhttps://yobit.net/ajax/system_status_data.php[0m
Request 227: [94mchrome-extension://glepecflakcnfpeedbnclfdcabngidkh/_locales/en/messages.json[0m
Request 228: [94mchrome-extension://glepecflakcnfpeedbnclfdcabngidkh/_locales/en/messages.json[0m
Page closed: [94mchrome-extension://glepecflakcnfpeedbnclfdcabngidkh/notification.html[0m
No metamask popup found!
Page closed: [94mhttps://yobit.net/en/trade/[0m
No sign or approve button found!
Waiting for 30000ms
Trying to shutdown
