Executing with arguments:  {
  printFrameHierarchy: true,
  debugLevel: 'verbose',
  headless: false,
  profilePath: undefined,
  secs: 30,
  links: undefined,
  url: 'https://zapper.fi/',
  walletPath: 'metamask-chrome-10.22.2',
  destination: '../results/dapps/crawl',
  force: false,
  executablePath: '/Users/christof/.cache/puppeteer/chrome/mac-1056772/chrome-mac/Chromium.app/Contents/MacOS/Chromium'
}
Completed configuring new page. (about:blank)
Completed configuring new page. (chrome-extension://glepecflakcnfpeedbnclfdcabngidkh/home.html)
Request 1: [94mchrome-extension://glepecflakcnfpeedbnclfdcabngidkh/react-gallery/carousel.min.css[0m
Request 2: [94mhttps://sentry.io/api/273505/envelope/[0m
[94mTrying to import MetaMask connect...[0m
Request 3: [94mchrome-extension://glepecflakcnfpeedbnclfdcabngidkh/_locales/en/messages.json[0m
Request 4: [94mchrome-extension://glepecflakcnfpeedbnclfdcabngidkh/_locales/en/messages.json[0m
Request 5: [94mhttps://sentry.io/api/273505/envelope/[0m
Request 6: [94mhttps://sentry.io/api/273505/envelope/[0m
Request 7: [94mchrome-extension://glepecflakcnfpeedbnclfdcabngidkh/fonts/Euclid/EuclidCircularB-Regular-WebXL.ttf[0m
Request 8: [94mchrome-extension://glepecflakcnfpeedbnclfdcabngidkh/fonts/Euclid/EuclidCircularB-Medium.ttf[0m
Request 9: [94mchrome-extension://glepecflakcnfpeedbnclfdcabngidkh/images/logo/metamask-fox.svg[0m
Request 10: [94mhttps://sentry.io/api/273505/envelope/[0m
Request 11: [94mhttps://sentry.io/api/273505/envelope/[0m
Request 12: [94mchrome-extension://glepecflakcnfpeedbnclfdcabngidkh/images/metrics-chart.svg[0m
Request 13: [94mchrome-extension://glepecflakcnfpeedbnclfdcabngidkh/fonts/fontawesome/fa-solid-900.woff2[0m
Request 14: [94mchrome-extension://glepecflakcnfpeedbnclfdcabngidkh/fonts/Euclid/EuclidCircularB-Bold-WebXL.ttf[0m
Request 15: [94mhttps://sentry.io/api/273505/envelope/[0m
Request 16: [94mhttps://sentry.io/api/273505/envelope/[0m
Request 17: [94mhttps://sentry.io/api/273505/envelope/[0m
Request 18: [94mhttps://sentry.io/api/273505/envelope/[0m
Request 19: [94mchrome-extension://glepecflakcnfpeedbnclfdcabngidkh/fonts/Roboto/Roboto-Regular.ttf[0m
Request 20: [94mchrome-extension://glepecflakcnfpeedbnclfdcabngidkh/fonts/fontawesome/fa-regular-400.woff2[0m
Request 21: [94mhttps://sentry.io/api/273505/envelope/[0m
Request 22: [94mhttps://sentry.io/api/273505/envelope/[0m
[92mImporting MetaMask wallet was successful![0m
Visiting https://zapper.fi/
Request 23: [94mhttps://zapper.fi/[0m
Request 24: [94mhttps://sentry.io/api/273505/envelope/[0m
Request 25: [94mhttps://sentry.io/api/273505/envelope/[0m
Request 26: [94mchrome-extension://glepecflakcnfpeedbnclfdcabngidkh/images/eth_logo.svg[0m
Request 27: [94mhttps://zapper.fi/scripts/theme.js[0m
Request 28: [94mhttps://zapper.fi/_next/static/css/ecb9e56dfc66a86f.css[0m
Request 29: [94mhttps://zapper.fi/_next/static/css/5f4c9f75f175acef.css[0m
Request 30: [94mhttps://zapper.fi/_next/static/chunks/webpack-38b8f8120b4e51ca.js[0m
Request 31: [94mhttps://zapper.fi/_next/static/chunks/framework-cb2346359d1fb235.js[0m
Request 32: [94mhttps://zapper.fi/_next/static/chunks/main-cde42a3f263a992e.js[0m
Request 33: [94mhttps://zapper.fi/_next/static/chunks/pages/_app-f9ff782beb204156.js[0m
Request 34: [94mhttps://zapper.fi/_next/static/chunks/7a7c95a0-21e8e8c481a85198.js[0m
Request 35: [94mhttps://zapper.fi/_next/static/chunks/6595-16cb5176bb9d433d.js[0m
Request 36: [94mhttps://zapper.fi/_next/static/chunks/7868-0ac049e9b1daef3a.js[0m
Request 37: [94mhttps://zapper.fi/_next/static/chunks/7979-0f61144fdda2b0df.js[0m
Request 38: [94mhttps://zapper.fi/_next/static/chunks/8138-4479a011c3c98a59.js[0m
Request 39: [94mhttps://zapper.fi/_next/static/chunks/9904-a09fd8255c05e56c.js[0m
Request 40: [94mhttps://zapper.fi/_next/static/chunks/8788-d7aeb370ed5d851e.js[0m
Request 41: [94mhttps://zapper.fi/_next/static/chunks/730-0a2344933590d9cc.js[0m
Request 42: [94mhttps://zapper.fi/_next/static/chunks/9393-f194637eec9d3318.js[0m
Request 43: [94mhttps://zapper.fi/_next/static/chunks/pages/index-c477fe914218aefa.js[0m
Request 44: [94mhttps://zapper.fi/_next/static/xJ1Hu8DjdVhq4qCe86Jca/_buildManifest.js[0m
Request 45: [94mhttps://zapper.fi/_next/static/xJ1Hu8DjdVhq4qCe86Jca/_ssgManifest.js[0m
Request 46: [94mhttps://lh3.googleusercontent.com/dZKaJ2YdGQZiIEyhngr1RpB0k6yTzTJVVXmtyR-5gXPsvddgs9YbAVjNRbzLOv_zhnSlT9H-reoSkVknpMQY7Tg6ZGoHm9CidMD2TPw[0m
Request 47: [94mhttps://lh3.googleusercontent.com/Ra4OPR25gZ-_c7yasr7-vwUHxJp9SSn_w3angBICNK7qlUX63g0YlcFqQc5dVC47atikih_JkjMsfX4xE4KJURsbFcP-9y1cZWx4[0m
Request 48: [94mhttps://storage.googleapis.com/zapper-fi-assets/nfts/medias/4cb0a42fe241017f1dbf7694ac3752e8500f02ef19384d09aa593ae30d44ba58.gif[0m
Request 49: [94mhttps://i.seadn.io/gae/VG4tdWNe6BGsEIEGjkTUtnU3MgLabaRPiibLHVbdFk2DJdpYIpeq97gTqUrRhT1fnSapF_VEgTae9QG3bTJ-77acvANHmfO7KWAmGA[0m
Request 50: [94mhttps://storage.googleapis.com/zapper-fi-assets/nft/0x5180db8f5c931aae63c74266b211f580155ecac8/243.png[0m
Request 51: [94mhttps://openseauserdata.com/files/4aeb007e7689df34b6ddeb198c497475.svg[0m
Request 52: [94mhttps://lh3.googleusercontent.com/oLZJiRxf6j3VoeH4kmolBOltlL7isR8p_5RfdIavzJbAtdiHpTDza0ENjWDYtWXm_pTVeAwdEx6k1TFHGWwa2qcUM9FX4qFR-OPCWjE[0m
Request 53: [94mhttps://i.seadn.io/gae/8kF2XVeKg-EW09bdDYemD5QG6mm9PPCvORBCu_wIV74b7q4ybqWPUIElSV9M1Qo8MJQ32n4Idh27jbfy6AicxCUFhxZ3W3FspOzfLnM[0m
Request 54: [94mhttps://i.seadn.io/gae/MC9bB7_ahXCjdFAAsTpG2x_itZmYEqno0kYiIe0eGhXgrfz8pjMzW2guLOnjXEBEw4yx7VMMhnUFn33FNtjOFuQY7wtnyLRW3g7A[0m
Request 55: [94mhttps://storage.googleapis.com/zapper-fi-assets/nfts/medias/4c7216792992be283dd9c65376998b1265b6a1ea1ee127ed55338ef0c0e119dd.png[0m
Request 56: [94mhttps://lh3.googleusercontent.com/u9PpGpWF9k0AlKjokBJnThly5ghh1MhSdfsxIEbK8nPNJODROVxTZaKTmFs3BewC6A7egcoqt4cufWm-XVwADBWE[0m
Request 57: [94mhttps://i.seadn.io/gae/dWHBbPx1sE4ue-toClxE-meTjz-YGw1pbxMs7cuDxi3NbPvOhLRWmWQCxo43QRV4n9bAatT2ndrCZe40mqmGCud49UztDpZgWPanpA4[0m
Request 58: [94mhttps://lh3.googleusercontent.com/XmT1qhr184bAKLhjrz7hFB-JniVYWHmcqaFdt0VuZwiB0vYlZwctixR_YcqXue39GwRh1BeSJ7hDQFHLJjVmo2fsdHvO4RvafE87-AM[0m
Request 59: [94mhttps://i.seadn.io/gae/LKkwlw8pobJRu9rpOs_8ObDKEb4hu_Mbi8fn3AJ_zt6Gxf5KL8Jr_d04dsw7KqrPC5MAI2l67mE1Y2tRPeD6vUnQQVsuDVtqI2lVUQ[0m
Request 60: [94mhttps://openseauserdata.com/files/df8def47644de9b3b0958161ac688bab.svg[0m
Request 61: [94mhttps://lh3.googleusercontent.com/DKdpHXiZ6VO2-mfzsuEeZOdMSqe_k106ZZM1Tc4_l6D1Qeq2CKwj_0xs_ytT8BCYdDFFzObHtdqv3p0jyQBdzS6036Ai1UVc-Ah1A88[0m
Request 62: [94mhttps://storage.googleapis.com/zapper-fi-assets/nfts/medias/03fd1c830b9cbfb77ab9fa610e90ebac3a391688cb114304f0c7a08d32cacb68.png[0m
Request 63: [94mhttps://lh3.googleusercontent.com/cOQ8Gg2peYn71CpNcOCip-VhM1JMdjktxeOGoivLsnRNL2rNaVTZWT9zdaWn8Nfakcv8oSaokTtf3NIpfH5T_yw[0m
Request 64: [94mhttps://storage.googleapis.com/zapper-fi-assets/nft/0xed5af388653567af2f388e6224dc7c4b3241c544/9914.png[0m
Request 65: [94mhttps://lh3.googleusercontent.com/bh7NU_gKJ7ARYpntCW226ObOU6iJq0fEauFkAEvOvMsslsZH5I9RPQ-LxpzyI3CLAq0d28XT4_8IzfmHUKoegPtlqXZvG6qTF57Z[0m
Request 66: [94mhttps://storage.googleapis.com/zapper-fi-assets/nft/0x862a7bbee9c9ec010069571c73ba8e6cd0769251/77.jpg[0m
Request 67: [94mhttps://lh3.googleusercontent.com/AC6zz5nlHPMc02rbvF5V09opBErltk9KdEStS9F7GvppUq5tI_lTSq0SqbXGU7L7vXcfRSG6bT16U5zXQDxIePmfY0Htdrx5fRZB2A[0m
Request 68: [94mhttps://lh3.googleusercontent.com/0enBKI821xjzrTTrueet6mag7xJDgjrZNS6yI7qlsXLPpbknbV8s7_7DWsKGvXm0ikvv8oa54QpNHu7XXQyktDrN79v3Cdv6kUvp[0m
Request 69: [94mhttps://lh3.googleusercontent.com/ULxdv5RWcee0I07Wpkd-yoeY7HK_79ng6aYv1RhD7bGHyWvs9aDVTAdITkFahf2KUt5mXo3RqIx3tGI_I2ZNJZD2KL9jj6yz2ZO4KA[0m
Request 70: [94mhttps://i.seadn.io/gae/MChozf32RHcZk4qFj37PxO2KyiYJnwRd1vSXZ8H43TxLwLc4rsRHKsOuudjKh0FBQvWVgSxs5QK9j8z_IW5oKaYY7pawqZtca_LEUh0[0m
Request 71: [94mhttps://i.seadn.io/gae/-HdNQE4JbFQQdw20El3XoHzxBLqmDsd8U3aZab7onKbwBjyGPATCcb3KPvKgrOIcIcaRFt2h-Lr6siCzlLycO4e6uAtS8Ie0lY2j9g[0m
Request 72: [94mhttps://storage.googleapis.com/zapper-fi-assets/nft/0x57a204aa1042f6e66dd7730813f4024114d74f37/157.png[0m
Request 73: [94mhttps://i.seadn.io/gae/qtT0ibwIAvJgi_qSBZMywsSc6L-iZ0pjCQdt6iR7AId4yq0fOFhYRWen-OLqW6jIsqAwyWi8FBfZOOr5VnIkSAqsvYWusUWU0Oyr[0m
Request 74: [94mhttps://lh3.googleusercontent.com/gBGhHGxfUaYSUVCYP3yk14xrReAVJmP-3EA2GqHoCO9YKnww5KBu2E8z9GUBbYk8HRZyq6xPls5Z4beNxSb0U8gBTYkRwEGHDK2j[0m
Request 75: [94mhttps://lh3.googleusercontent.com/WapC1G-WcK9032xPj76f9ixxzlusMxn3leGrDK3X0KcLWEUNV8AaTWzq_WG7RF-80ZF6S8radcywSNV2nHaF7G7MU_doA2LUaoi5UQ[0m
Request 76: [94mhttps://lh3.googleusercontent.com/IldQRYAVIwFjCEX6UR8dQ9TwsGZkYXoRhVlqq1FXskvPxdFKFbVDg9PI7PnGCYRCYM4TW_Ta8T2dN199SHp1tolU8v4Rg-804DVLOQ[0m
Request 77: [94mhttps://i.seadn.io/gae/vPdmPAfZ1HMRhuEnsmrZcBy3q-gaoXh3eG-nW1vE_Ok9lJMXqbSMKwUSzPdQkNbWwD9obMhnds8HvYyJ0ugQS3mZ2n5YDRPFtvepWw[0m
Request 78: [94mhttps://lh3.googleusercontent.com/9iwhRBWwyp65DGorb-9sq7lqZFiU1wxFxvpFBp3eDDklf8Nz3WdaomaMvEPJATs1U8hrft7jHJrVCIhrQFX54-Oc[0m
Request 79: [94mhttps://lh3.googleusercontent.com/rn-Vbkm24kb3itwPh_QnNk20mOlbmjpF-MwzLE2VrAGs3vs39qXwA-mTZ75CxsN-N1UJmcii9N37pjnUuU5Ck8W3jPuRq4DBOhe9[0m
Request 80: [94mhttps://lh3.googleusercontent.com/QsfSti-PftxlMOdxDhz1D7FcTROf6brNswiFqztC6d2gRY13AKsikfN5MGEHtfnmro-TgAXGb5pFKVB8ArXiFc9xilXSe_VY5ss2KXA[0m
Request 81: [94mhttps://lh3.googleusercontent.com/W5FHw0iRdwsYK3oEhjmdGuMMXoEWhHVTjAO5tMNITu0xZfir0mN-FEL-miBQDikLnoOfaKnhkf8U358P3Z6VdBYIWL6AZGVj2W6llfw[0m
Request 82: [94mhttps://lh3.googleusercontent.com/_9DjZVP2UOpT8uG22D5Ke4brV0pEYY_rEbuoLMem9KPVbqcX3OVhj2SUMkd3e5ZwUE-MZJAeRyiZZNktkq4VJZ_9rtSS3AasH3wOFQ[0m
Request 83: [94mhttps://i.seadn.io/gae/8lwCySxcj5ivv0CvlChnMlEBF7Lln9CsxB-mIwnkmc5mJqmJL-gKS_YH2X1ItL69nYinw7Gt7uaALmf4sU2oW8lI[0m
Request 84: [94mhttps://storage.googleapis.com/zapper-fi-assets/nfts/medias/e9f8758d31f431a32e4d3fd13bb2b798ffb3309dc3f0605a37ff963c8d317634.png[0m
Request 85: [94mhttps://lh3.googleusercontent.com/XFxFVw-cPa6xQuyI1RQqyq_yp9Dt-SMp1rr4OVuytWPilM1AnJIi-h3LvOGN3Ef3zeJsvc4EvI_P1XYDWbXexnlhzqICStf8iznUrA[0m
Request 86: [94mhttps://i.seadn.io/gae/zEQd-6Nwf4WvJRiqDyOIpGR_XLbv0N1QB6QOgUHgsgz0YnxqMrsgDknzzTeMtUiF2iyeC8zQpqxBQkga768otO0Xs8bhXRsnTyqXc78[0m
Request 87: [94mhttps://i.seadn.io/gcs/files/c82070d4dc69fff438bec146a0e6c9aa.png[0m
Request 88: [94mhttps://lh3.googleusercontent.com/M1tZ7AFt5EEEh4W1IVpw9YcqosOR-GRVT1ccaAs5WlGJ4_71ZdJ3wfS1KLFNav1XRH4IoJdd_p0wcfdzL0Hd6UcUSwQY2hVXloxOlg[0m
Request 89: [94mhttps://storage.googleapis.com/zapper-fi-assets/daos/10/cover.png[0m
Request 90: [94mhttps://storage.googleapis.com/zapper-fi-assets/daos/10/profile.png[0m
Request 91: [94mhttps://storage.googleapis.com/zapper-fi-assets/daos/56/cover.png[0m
Request 92: [94mhttps://storage.googleapis.com/zapper-fi-assets/daos/56/profile.png[0m
Request 93: [94mhttps://storage.googleapis.com/zapper-fi-assets/daos/66/cover.png[0m
Request 94: [94mhttps://storage.googleapis.com/zapper-fi-assets/daos/66/profile.png[0m
Request 95: [94mhttps://storage.googleapis.com/zapper-fi-assets/daos/55/cover.png[0m
Request 96: [94mhttps://storage.googleapis.com/zapper-fi-assets/daos/55/profile.png[0m
Request 97: [94mhttps://storage.googleapis.com/zapper-fi-assets/daos/59/cover.png[0m
Request 98: [94mhttps://storage.googleapis.com/zapper-fi-assets/daos/59/profile.png[0m
Request 99: [94mhttps://storage.googleapis.com/zapper-fi-assets/daos/111/cover.png[0m
Request 100: [94mhttps://storage.googleapis.com/zapper-fi-assets/daos/111/profile.png[0m
Request 101: [94mhttps://storage.googleapis.com/zapper-fi-assets/daos/12/cover.png[0m
Request 102: [94mhttps://storage.googleapis.com/zapper-fi-assets/daos/12/profile.png[0m
Request 103: [94mhttps://storage.googleapis.com/zapper-fi-assets/daos/9/cover.png[0m
Request 104: [94mhttps://storage.googleapis.com/zapper-fi-assets/daos/9/profile.png[0m
Request 105: [94mhttps://storage.googleapis.com/zapper-fi-assets/daos/178/cover.png[0m
Request 106: [94mhttps://storage.googleapis.com/zapper-fi-assets/daos/178/profile.png[0m
Request 107: [94mhttps://storage.googleapis.com/zapper-fi-assets/apps/kyberswap-elastic.png[0m
Request 108: [94mhttps://zapper.fi/images/networks/ethereum-icon.png[0m
Request 109: [94mhttps://storage.googleapis.com/zapper-fi-assets/apps/convex-frax.png[0m
Request 110: [94mhttps://storage.googleapis.com/zapper-fi-assets/apps/aave-v3.png[0m
Request 111: [94mhttps://zapper.fi/images/networks/optimism-icon.png[0m
Request 112: [94mhttps://storage.googleapis.com/zapper-fi-assets/apps/curve.png[0m
Request 113: [94mhttps://zapper.fi/images/networks/polygon-icon.png[0m
Request 114: [94mhttps://storage.googleapis.com/zapper-fi-assets/apps/barnbridge-v2.png[0m
Request 115: [94mhttps://storage.googleapis.com/zapper-fi-assets/apps/maple.png[0m
Request 116: [94mhttps://storage.googleapis.com/zapper-fi-assets/apps/liquity.png[0m
Request 117: [94mhttps://storage.googleapis.com/zapper-fi-assets/apps/venus.png[0m
Request 118: [94mhttps://zapper.fi/images/networks/binance-smart-chain-icon.png[0m
Request 119: [94mhttps://sessions.bugsnag.com/[0m
Request 120: [94mhttps://sessions.bugsnag.com/[0m
Request 121: [94mhttps://sessions.bugsnag.com/[0m
Request 122: [94mhttps://sessions.bugsnag.com/[0m
Request 123: [94mhttps://web.zapper.fi/graphql[0m
Request 124: [94mhttps://web.zapper.fi/graphql[0m
Request 125: [94mhttps://web.zapper.fi/graphql[0m
Request 126: [94mhttps://web.zapper.fi/graphql[0m
Request 127: [94mhttps://www.googletagmanager.com/gtag/js[0m
Request 128: [94mhttps://web.zapper.fi/graphql[0m
Request 129: [94mhttps://web.zapper.fi/graphql[0m
Request 130: [94mhttps://web.zapper.fi/graphql[0m
Request 131: [94mhttps://web.zapper.fi/graphql[0m
Request 132: [94mhttps://web.zapper.fi/v1/fiat-rates[0m
Request 133: [94mhttps://web.zapper.fi/v1/gas-prices[0m
Request 134: [94mhttps://web.zapper.fi/v1/deployment/web[0m
Request 135: [94mhttps://sessions.bugsnag.com/[0m
Request 136: [94mhttps://zapper.fi/favicon.ico[0m
Request 137: [94mhttps://zapper.fi/fonts/Inter/Inter-Regular.ttf[0m
Request 138: [94mhttps://zapper.fi/fonts/Inter/Inter-SemiBold.ttf[0m
Request 139: [94mhttps://zapper.fi/fonts/Inter/Inter-Medium.ttf[0m
Request 140: [94mhttps://zapper.fi/fonts/Inter/Inter-Bold.ttf[0m
Request 141: [94mhttps://sse.zapper.fi/v1/sse[0m
Request 142: [94mhttps://storage.googleapis.com/opensea-prod.appspot.com/files/primary-drop-files/nineties-fvckrender/90skids_collection_page_logo.png[0m
Request 143: [94mhttps://i.seadn.io/gcs/files/c5a6c52a22b822a57719591babae576a.jpg[0m
Request 144: [94mhttps://i.seadn.io/gcs/files/a8a2c681f0241bc7128b9ee204a501f2.jpg[0m
Request 145: [94mhttps://lh3.googleusercontent.com/BdxvLseXcfl57BiuQcQYdJ64v-aI8din7WPk0Pgo3qQFhAUH-B6i-dCqqc_mCkRIzULmwzwecnohLhrcH8A9mpWIZqA7ygc52Sr81hE=s120[0m
Request 146: [94mhttps://lh3.googleusercontent.com/yIm-M5-BpSDdTEIJRt5D6xphizhIdozXjqSITgK4phWq7MmAU3qE7Nw7POGCiPGyhtJ3ZFP8iJ29TFl-RLcGBWX5qI4-ZcnCPcsY4zI=s120[0m
Request 147: [94mhttps://i.seadn.io/gcs/files/c49d2493f2ef4a40a5306fdf1f5c6b43.png[0m
Request 148: [94mhttps://storage.googleapis.com/zapper-fi-assets/nft/0xed5af388653567af2f388e6224dc7c4b3241c544/ScreenShot20221024at12.06.49PM.png[0m
Request 149: [94mhttps://openseauserdata.com/files/8573c42207ea4d7dc1bb6ed5c0b01243.jpg[0m
Request 150: [94mhttps://lh3.googleusercontent.com/lHexKRMpw-aoSyB1WdFBff5yfANLReFxHzt1DOj_sg7mS14yARpuvYcUtsyyx-Nkpk6WTcUPFoG53VnLJezYi8hAs0OxNZwlw6Y-dmI=s120[0m
Request 151: [94mhttps://i.seadn.io/gcs/files/671a36596083c489e770ffc6ea732353.gif[0m
Request 152: [94mhttps://lh3.googleusercontent.com/P6E401quk1vxYSEWZ9N4BXbVMSQX5Hg6k05lw_th2IjFA9CjxUpCVJ7c-Jp4_eIsD4e6cHrB6cEf4Vwu0M7QzggNZa8IAYdTpsuU=s120[0m
Request 153: [94mhttps://i.seadn.io/gcs/files/4d380d0af2ff093e81eef6d8edd78591.gif[0m
Request 154: [94mhttps://i.seadn.io/gae/Ju9CkWtV-1Okvf45wo8UctR-M9He2PjILP0oOvxE89AyiPPGtrR3gysu1Zgy0hjd2xKIgjJJtWIc0ybj4Vd7wv8t3pxDGHoJBzDB[0m
Request 155: [94mhttps://zapper-frontend-next-gvwu8tn2y-zapper-fi.vercel.app/api/event[0m
Request 156: [94mhttps://zapper-frontend-next-gvwu8tn2y-zapper-fi.vercel.app/api/event[0m
Request 157: [94mhttps://zapper.fi/_next/data/xJ1Hu8DjdVhq4qCe86Jca/en.json[0m
Request 158: [94mhttps://zapper.fi/_next/data/xJ1Hu8DjdVhq4qCe86Jca/en/dashboard.json[0m
Request 159: [94mhttps://zapper.fi/_next/static/chunks/7600-54124ac9bb484f32.js[0m
Request 160: [94mhttps://zapper.fi/_next/static/chunks/3708-7ff6b6cae6c62f3b.js[0m
Request 161: [94mhttps://zapper.fi/_next/static/chunks/2323-914b5ebfcddcbd2c.js[0m
Request 162: [94mhttps://zapper.fi/_next/static/chunks/9821-a2e20dbdbe670077.js[0m
Request 163: [94mhttps://zapper.fi/_next/static/chunks/pages/dashboard-cbf3262f771da76a.js[0m
Request 164: [94mhttps://zapper.fi/_next/data/xJ1Hu8DjdVhq4qCe86Jca/en/nft.json[0m
Request 165: [94mhttps://zapper.fi/_next/static/chunks/pages/nft-5d8a2bb598f8c6d7.js[0m
Request 166: [94mhttps://zapper.fi/_next/data/xJ1Hu8DjdVhq4qCe86Jca/en/apps.json[0m
Request 167: [94mhttps://zapper.fi/_next/static/chunks/750-1a549c9508181e70.js[0m
Request 168: [94mhttps://zapper.fi/_next/static/chunks/1997-82fa3550f80bede8.js[0m
Request 169: [94mhttps://zapper.fi/_next/static/chunks/pages/apps-9f434763cc63a455.js[0m
Request 170: [94mhttps://zapper.fi/_next/data/xJ1Hu8DjdVhq4qCe86Jca/en/daos.json[0m
Request 171: [94mhttps://zapper.fi/_next/static/chunks/pages/daos-14c29288481af3ad.js[0m
Request 172: [94mhttps://zapper.fi/_next/data/xJ1Hu8DjdVhq4qCe86Jca/en/exchange.json[0m
Request 173: [94mhttps://zapper.fi/_next/static/chunks/9046-c77f5b141b88e027.js[0m
Request 174: [94mhttps://zapper.fi/_next/static/chunks/43-aa6ab20c6113959e.js[0m
Request 175: [94mhttps://zapper.fi/_next/static/chunks/5026-7c295f9bfc6956c2.js[0m
Request 176: [94mhttps://zapper.fi/_next/static/chunks/40-e117b1bdd6d77ae5.js[0m
Request 177: [94mhttps://zapper.fi/_next/static/chunks/pages/exchange-745b7accfd5e4c1c.js[0m
Request 178: [94mhttps://zapper.fi/_next/data/xJ1Hu8DjdVhq4qCe86Jca/en/bridge.json[0m
Request 179: [94mhttps://zapper.fi/_next/static/chunks/pages/bridge-38d38962b14fa4e3.js[0m
Request 180: [94mhttps://zapper.fi/_next/data/xJ1Hu8DjdVhq4qCe86Jca/en/account/eric.eth.json[0m
Request 181: [94mhttps://zapper.fi/_next/static/chunks/pages/account/%5Baddress%5D-42b7512544a42206.js[0m
Request 182: [94mhttps://zapper.fi/_next/data/xJ1Hu8DjdVhq4qCe86Jca/en/nft/ethereum/0xac5aeb3b4ac8797c2307320ed00a84b869ab9333.json[0m
Request 183: [94mhttps://zapper.fi/_next/static/chunks/6616-17953fa08979b07d.js[0m
Request 184: [94mhttps://zapper.fi/_next/static/chunks/5772-7b5410584c314586.js[0m
Request 185: [94mhttps://zapper.fi/_next/static/chunks/7874-d5d545b68e2b5c55.js[0m
Request 186: [94mhttps://zapper.fi/_next/static/chunks/4271-96351e7957140da1.js[0m
Request 187: [94mhttps://zapper.fi/_next/static/chunks/2355-37a6d1ed938a3bad.js[0m
Request 188: [94mhttps://zapper.fi/_next/static/chunks/369-70d14c2dcbe60290.js[0m
Request 189: [94mhttps://zapper.fi/_next/static/chunks/pages/nft/%5Bnetwork%5D/%5BcollectionAddress%5D-b368888dd793f44e.js[0m
Request 190: [94mhttps://zapper.fi/_next/data/xJ1Hu8DjdVhq4qCe86Jca/en/daos/friends-with-benefits.json[0m
Request 191: [94mhttps://zapper.fi/_next/static/chunks/8912-af7bfdff5b3e9aa8.js[0m
Request 192: [94mhttps://zapper.fi/_next/static/chunks/4318-48bcccca67925034.js[0m
Request 193: [94mhttps://zapper.fi/_next/static/chunks/pages/daos/%5BdaoId%5D-1121cc113824f5fd.js[0m
Request 194: [94mhttps://zapper.fi/_next/static/chunks/683-fe4cb9070a7ff6c9.js[0m
Request 195: [94mhttps://zapper.fi/_next/static/chunks/7503-2684f300de3af2df.js[0m
Request 196: [94mhttps://zapper.fi/_next/static/chunks/pages/apps/%5Bid%5D-cc7080ffbc7a6849.js[0m
Request 197: [94mhttps://zapper.fi/_next/data/xJ1Hu8DjdVhq4qCe86Jca/en/nft/ethereum/0x764aeebcf425d56800ef2c84f2578689415a2daa.json[0m
Request 198: [94mhttps://zapper.fi/_next/data/xJ1Hu8DjdVhq4qCe86Jca/en/nft/ethereum/0x33fd426905f149f8376e227d0c9d3340aad17af1.json[0m
Request 199: [94mhttps://zapper.fi/_next/data/xJ1Hu8DjdVhq4qCe86Jca/en/nft/ethereum/0x60e4d786628fea6478f785a6d7e704777c86a7c6.json[0m
Request 200: [94mhttps://zapper.fi/_next/static/css/5f4c9f75f175acef.css[0m
Request 201: [94mhttps://zapper.fi/_next/static/chunks/6616-17953fa08979b07d.js[0m
Request 202: [94mhttps://zapper.fi/_next/static/chunks/5772-7b5410584c314586.js[0m
Request 203: [94mhttps://zapper.fi/_next/static/chunks/7874-d5d545b68e2b5c55.js[0m
Request 204: [94mhttps://zapper.fi/_next/static/chunks/4271-96351e7957140da1.js[0m
Request 205: [94mhttps://zapper.fi/_next/static/chunks/2355-37a6d1ed938a3bad.js[0m
Request 206: [94mhttps://zapper.fi/_next/static/chunks/369-70d14c2dcbe60290.js[0m
Request 207: [94mhttps://zapper.fi/_next/static/chunks/pages/nft/%5Bnetwork%5D/%5BcollectionAddress%5D-b368888dd793f44e.js[0m
Request 208: [94mhttps://zapper.fi/_next/static/css/eece17e5f779643b.css[0m
Request 209: [94mhttps://zapper.fi/_next/static/chunks/pages/daos-14c29288481af3ad.js[0m
Request 210: [94mhttps://zapper.fi/_next/static/css/e6becbf1fc2a9f40.css[0m
Request 211: [94mhttps://zapper.fi/_next/static/chunks/pages/nft-5d8a2bb598f8c6d7.js[0m
Request 212: [94mhttps://zapper.fi/_next/static/css/5ccfbba9461056bd.css[0m
Request 213: [94mhttps://zapper.fi/_next/static/chunks/750-1a549c9508181e70.js[0m
Request 214: [94mhttps://zapper.fi/_next/static/chunks/3708-7ff6b6cae6c62f3b.js[0m
Request 215: [94mhttps://zapper.fi/_next/static/chunks/2323-914b5ebfcddcbd2c.js[0m
Request 216: [94mhttps://zapper.fi/_next/static/chunks/1997-82fa3550f80bede8.js[0m
Request 217: [94mhttps://zapper.fi/_next/static/chunks/pages/apps-9f434763cc63a455.js[0m
Request 218: [94mhttps://zapper.fi/_next/static/css/064e5600d137e7d7.css[0m
Request 219: [94mhttps://zapper.fi/_next/static/chunks/7600-54124ac9bb484f32.js[0m
Request 220: [94mhttps://zapper.fi/_next/static/chunks/9821-a2e20dbdbe670077.js[0m
Request 221: [94mhttps://zapper.fi/_next/static/chunks/pages/account/%5Baddress%5D-42b7512544a42206.js[0m
Request 222: [94mhttps://zapper.fi/_next/static/css/18846399dedf06f8.css[0m
Request 223: [94mhttps://zapper.fi/_next/static/chunks/9046-c77f5b141b88e027.js[0m
Request 224: [94mhttps://zapper.fi/_next/static/chunks/43-aa6ab20c6113959e.js[0m
Request 225: [94mhttps://zapper.fi/_next/static/chunks/5026-7c295f9bfc6956c2.js[0m
Request 226: [94mhttps://zapper.fi/_next/static/chunks/pages/bridge-38d38962b14fa4e3.js[0m
Request 227: [94mhttps://zapper.fi/_next/static/css/5f6cac2d908143d3.css[0m
Request 228: [94mhttps://zapper.fi/_next/static/chunks/683-fe4cb9070a7ff6c9.js[0m
Request 229: [94mhttps://zapper.fi/_next/static/chunks/7503-2684f300de3af2df.js[0m
Request 230: [94mhttps://zapper.fi/_next/static/chunks/pages/apps/%5Bid%5D-cc7080ffbc7a6849.js[0m
Request 231: [94mhttps://zapper.fi/_next/static/css/5187701ea9452441.css[0m
Request 232: [94mhttps://www.googletagmanager.com/gtag/js[0m
Request 233: [94mhttps://www.google-analytics.com/analytics.js[0m
Request 234: [94mhttps://zapper.fi/_next/static/chunks/8912-af7bfdff5b3e9aa8.js[0m
Request 235: [94mhttps://zapper.fi/_next/static/chunks/4318-48bcccca67925034.js[0m
Request 236: [94mhttps://zapper.fi/_next/static/chunks/pages/daos/%5BdaoId%5D-1121cc113824f5fd.js[0m
Request 237: [94mhttps://zapper.fi/_next/static/css/bcc18175a821895f.css[0m
Request 238: [94mhttps://zapper.fi/_next/static/chunks/pages/dashboard-cbf3262f771da76a.js[0m
Request 239: [94mhttps://zapper.fi/_next/static/css/dd2c17122dc5d3a2.css[0m
Request 240: [94mhttps://zapper.fi/_next/static/chunks/40-e117b1bdd6d77ae5.js[0m
Request 241: [94mhttps://zapper.fi/_next/static/chunks/pages/exchange-745b7accfd5e4c1c.js[0m
Request 242: [94mhttps://zapper.fi/_next/static/css/f17d81c24356ffc4.css[0m
Request 243: [94mhttps://region1.google-analytics.com/g/collect[0m
Request 244: [94mhttps://www.google-analytics.com/j/collect[0m
Request 245: [94mhttps://zapper.fi/manifest.json[0m
Request 246: [94mhttps://zapper.fi/favicon.ico[0m
Request 247: [94mhttps://stats.g.doubleclick.net/j/collect[0m
Request 248: [94mhttps://zapper.fi/logo192.png[0m
Identified connect buttons: 
[
  'Connect Wallet',
  'Connect your wallet',
  'Connect',
  'sign',
  'Wallet',
  'Sign in',
  'connect',
  'wallet',
  'account',
  'Account'
]
Request 249: [94mhttps://zapper.fi/_next/static/chunks/984.a6b8ce9f2a940be6.js[0m
Request 250: [94mhttps://zapper.fi/_next/static/chunks/7922.a169a34b4492987e.js[0m
Request 251: [94mhttps://zapper.fi/_next/static/chunks/3837.97c2688c380c3ea9.js[0m
Request 252: [94mhttps://zapper.fi/_next/static/chunks/3484.84ddbb2eed8431d6.js[0m
Request 253: [94mhttps://zapper.fi/_next/static/chunks/2217.5d6a167f992d25e1.js[0m
Request 254: [94mhttps://zapper.fi/_next/static/chunks/3970.f1d3a23b2d9f1dfc.js[0m
Request 255: [94mhttps://zapper.fi/_next/static/chunks/1415.aba39617aac07e84.js[0m
Request 256: [94mhttps://zapper.fi/_next/static/chunks/4718.5cd28b841bc546b0.js[0m
Request 257: [94mhttps://zapper.fi/_next/static/chunks/5894.784ea6c414374360.js[0m
Request 258: [94mhttps://zapper.fi/_next/static/chunks/5117.58f89849269b6958.js[0m
Request 259: [94mhttps://zapper.fi/_next/static/chunks/2454.41c6fc2a65cfdf79.js[0m
Found connect button: Connect Wallet
Request 260: [94mhttps://zapper-frontend-next-gvwu8tn2y-zapper-fi.vercel.app/api/event[0m
Request 261: [94mhttps://zapper-frontend-next-gvwu8tn2y-zapper-fi.vercel.app/api/event[0m
Identified MetaMask buttons:
[]
No checkbox found!
Identified MetaMask buttons:
[]
Request 262: [94mhttps://zapper-frontend-next-gvwu8tn2y-zapper-fi.vercel.app/api/event[0m
Request 263: [94mhttps://zapper-frontend-next-gvwu8tn2y-zapper-fi.vercel.app/api/event[0m
No checkbox found!
Identified MetaMask buttons:
[]
Request 264: [94mhttps://zapper-frontend-next-gvwu8tn2y-zapper-fi.vercel.app/api/event[0m
Request 265: [94mhttps://zapper-frontend-next-gvwu8tn2y-zapper-fi.vercel.app/api/event[0m
No checkbox found!
Identified MetaMask buttons:
[]
Request 266: [94mhttps://zapper-frontend-next-gvwu8tn2y-zapper-fi.vercel.app/api/event[0m
Request 267: [94mhttps://zapper-frontend-next-gvwu8tn2y-zapper-fi.vercel.app/api/event[0m
No checkbox found!
Identified MetaMask buttons:
[]
Request 268: [94mhttps://zapper-frontend-next-gvwu8tn2y-zapper-fi.vercel.app/api/event[0m
Request 269: [94mhttps://zapper-frontend-next-gvwu8tn2y-zapper-fi.vercel.app/api/event[0m
No checkbox found!
Exiting while loop: Timeout!
End of while loop: timeout
Trying random clicks...
Screen dimensions:
{ width: 1512, height: 747 }
Random click at: 756 373.5
Random click at: 756 323.5
Random click at: 756 273.5
Random click at: 756 223.5
Random click at: 906 448.5
Random click at: 656 273.5
Random click at: 756 473.5
Request 270: [94mchrome-extension://glepecflakcnfpeedbnclfdcabngidkh/notification.html[0m
Request 271: [94mchrome-extension://glepecflakcnfpeedbnclfdcabngidkh/index.css[0m
Request 272: [94mchrome-extension://glepecflakcnfpeedbnclfdcabngidkh/index-rtl.css[0m
Request 273: [94mchrome-extension://glepecflakcnfpeedbnclfdcabngidkh/images/logo/metamask-fox.svg[0m
Request 274: [94mchrome-extension://glepecflakcnfpeedbnclfdcabngidkh/images/spinner.gif[0m
Request 275: [94mchrome-extension://glepecflakcnfpeedbnclfdcabngidkh/globalthis.js[0m
Request 276: [94mchrome-extension://glepecflakcnfpeedbnclfdcabngidkh/sentry-install.js[0m
Request 277: [94mchrome-extension://glepecflakcnfpeedbnclfdcabngidkh/runtime-lavamoat.js[0m
Request 278: [94mchrome-extension://glepecflakcnfpeedbnclfdcabngidkh/lockdown-more.js[0m
Request 279: [94mchrome-extension://glepecflakcnfpeedbnclfdcabngidkh/policy-load.js[0m
Request 280: [94mchrome-extension://glepecflakcnfpeedbnclfdcabngidkh/common-0.js[0m
Request 281: [94mchrome-extension://glepecflakcnfpeedbnclfdcabngidkh/common-1.js[0m
Request 282: [94mchrome-extension://glepecflakcnfpeedbnclfdcabngidkh/common-2.js[0m
Request 283: [94mchrome-extension://glepecflakcnfpeedbnclfdcabngidkh/common-3.js[0m
Request 284: [94mchrome-extension://glepecflakcnfpeedbnclfdcabngidkh/common-4.js[0m
Request 285: [94mchrome-extension://glepecflakcnfpeedbnclfdcabngidkh/common-5.js[0m
Request 286: [94mchrome-extension://glepecflakcnfpeedbnclfdcabngidkh/common-6.js[0m
Request 287: [94mchrome-extension://glepecflakcnfpeedbnclfdcabngidkh/common-7.js[0m
Request 288: [94mchrome-extension://glepecflakcnfpeedbnclfdcabngidkh/common-8.js[0m
Request 289: [94mchrome-extension://glepecflakcnfpeedbnclfdcabngidkh/common-9.js[0m
Request 290: [94mchrome-extension://glepecflakcnfpeedbnclfdcabngidkh/ui-0.js[0m
Request 291: [94mchrome-extension://glepecflakcnfpeedbnclfdcabngidkh/ui-1.js[0m
Request 292: [94mchrome-extension://glepecflakcnfpeedbnclfdcabngidkh/ui-2.js[0m
Request 293: [94mchrome-extension://glepecflakcnfpeedbnclfdcabngidkh/ui-3.js[0m
Request 294: [94mchrome-extension://glepecflakcnfpeedbnclfdcabngidkh/ui-4.js[0m
Request 295: [94mchrome-extension://glepecflakcnfpeedbnclfdcabngidkh/ui-5.js[0m
Request 296: [94mchrome-extension://glepecflakcnfpeedbnclfdcabngidkh/ui-6.js[0m
Request 297: [94mchrome-extension://glepecflakcnfpeedbnclfdcabngidkh/ui-7.js[0m
Request 298: [94mchrome-extension://glepecflakcnfpeedbnclfdcabngidkh/ui-8.js[0m
Request 299: [94mchrome-extension://glepecflakcnfpeedbnclfdcabngidkh/ui-9.js[0m
Request 300: [94mchrome-extension://glepecflakcnfpeedbnclfdcabngidkh/react-gallery/carousel.min.css[0m
Request 301: [94mhttps://sentry.io/api/273505/envelope/[0m
Request 302: [94mchrome-extension://glepecflakcnfpeedbnclfdcabngidkh/_locales/en/messages.json[0m
Request 303: [94mchrome-extension://glepecflakcnfpeedbnclfdcabngidkh/_locales/en/messages.json[0m
Page closed: [94mchrome-extension://glepecflakcnfpeedbnclfdcabngidkh/notification.html[0m
No metamask popup found!
Page closed: [94mhttps://zapper.fi/[0m
No sign or approve button found!
Waiting for 30000ms
Trying to shutdown
