Executing with arguments:  {
  printFrameHierarchy: true,
  debugLevel: 'verbose',
  headless: false,
  profilePath: undefined,
  secs: 30,
  links: undefined,
  url: 'https://zks.app/trade/swap',
  walletPath: 'metamask-chrome-10.22.2',
  destination: '../results/dapps/crawl',
  force: false,
  executablePath: '/Users/christof/.cache/puppeteer/chrome/mac-1056772/chrome-mac/Chromium.app/Contents/MacOS/Chromium'
}
Completed configuring new page. (about:blank)
Completed configuring new page. (chrome-extension://glepecflakcnfpeedbnclfdcabngidkh/home.html)
Request 1: [94mchrome-extension://glepecflakcnfpeedbnclfdcabngidkh/react-gallery/carousel.min.css[0m
Request 2: [94mhttps://sentry.io/api/273505/envelope/[0m
[94mTrying to import MetaMask connect...[0m
Request 3: [94mchrome-extension://glepecflakcnfpeedbnclfdcabngidkh/_locales/en/messages.json[0m
Request 4: [94mchrome-extension://glepecflakcnfpeedbnclfdcabngidkh/_locales/en/messages.json[0m
Request 5: [94mhttps://sentry.io/api/273505/envelope/[0m
Request 6: [94mhttps://sentry.io/api/273505/envelope/[0m
Request 7: [94mchrome-extension://glepecflakcnfpeedbnclfdcabngidkh/fonts/Euclid/EuclidCircularB-Regular-WebXL.ttf[0m
Request 8: [94mchrome-extension://glepecflakcnfpeedbnclfdcabngidkh/fonts/Euclid/EuclidCircularB-Medium.ttf[0m
Request 9: [94mchrome-extension://glepecflakcnfpeedbnclfdcabngidkh/images/logo/metamask-fox.svg[0m
Request 10: [94mhttps://sentry.io/api/273505/envelope/[0m
Request 11: [94mhttps://sentry.io/api/273505/envelope/[0m
Request 12: [94mchrome-extension://glepecflakcnfpeedbnclfdcabngidkh/images/metrics-chart.svg[0m
Request 13: [94mchrome-extension://glepecflakcnfpeedbnclfdcabngidkh/fonts/fontawesome/fa-solid-900.woff2[0m
Request 14: [94mchrome-extension://glepecflakcnfpeedbnclfdcabngidkh/fonts/Euclid/EuclidCircularB-Bold-WebXL.ttf[0m
Request 15: [94mhttps://sentry.io/api/273505/envelope/[0m
Request 16: [94mhttps://sentry.io/api/273505/envelope/[0m
Request 17: [94mhttps://sentry.io/api/273505/envelope/[0m
Request 18: [94mhttps://sentry.io/api/273505/envelope/[0m
Request 19: [94mchrome-extension://glepecflakcnfpeedbnclfdcabngidkh/fonts/Roboto/Roboto-Regular.ttf[0m
Request 20: [94mchrome-extension://glepecflakcnfpeedbnclfdcabngidkh/fonts/fontawesome/fa-regular-400.woff2[0m
Request 21: [94mhttps://sentry.io/api/273505/envelope/[0m
Request 22: [94mhttps://sentry.io/api/273505/envelope/[0m
[92mImporting MetaMask wallet was successful![0m
Visiting https://zks.app/trade/swap
Request 23: [94mhttps://zks.app/trade/swap[0m
Request 24: [94mhttps://sentry.io/api/273505/envelope/[0m
Request 25: [94mhttps://sentry.io/api/273505/envelope/[0m
Request 26: [94mchrome-extension://glepecflakcnfpeedbnclfdcabngidkh/images/eth_logo.svg[0m
Request 27: [94mhttps://zks.app/js/wc.js[0m
Request 28: [94mhttps://zks.app/js/coinbase.js[0m
Request 29: [94mhttps://zks.app/_nuxt/entry.cda6f79c.js[0m
Request 30: [94mhttps://zks.app/_nuxt/entry.ba1a737b.css[0m
Request 31: [94mhttps://zks.app/_nuxt/swap.355cf11c.js[0m
Request 32: [94mhttps://zks.app/_nuxt/video-background.5e37a089.js[0m
Request 33: [94mhttps://zks.app/_nuxt/swap.vue_vue_type_script_setup_true_lang.ed792f56.js[0m
Request 34: [94mhttps://zks.app/_nuxt/icon.298391ab.js[0m
Request 35: [94mhttps://zks.app/_nuxt/icon.eb30e647.css[0m
Request 36: [94mhttps://zks.app/_nuxt/cursor.vue_vue_type_script_setup_true_lang.f27bab85.js[0m
Request 37: [94mhttps://zks.app/_nuxt/utils.aedebdf2.js[0m
Request 38: [94mhttps://zks.app/_nuxt/page.a47a6e81.js[0m
Request 39: [94mhttps://zks.app/_nuxt/detail.vue_vue_type_script_setup_true_lang.3900a6b2.js[0m
Request 40: [94mhttps://zks.app/_nuxt/transaction.b4f7a916.js[0m
Request 41: [94mhttps://zks.app/_nuxt/copy.2f5a087e.js[0m
Request 42: [94mhttps://zks.app/_nuxt/chevron-down.13269b87.js[0m
Request 43: [94mhttps://zks.app/_nuxt/community.vue_vue_type_script_setup_true_lang.d198c4e5.js[0m
Request 44: [94mhttps://zks.app/_nuxt/trade.c9f71653.js[0m
Request 45: [94mhttps://zks.app/_nuxt/tab.vue_vue_type_script_setup_true_lang.77ec1eef.js[0m
Request 46: [94mhttps://zks.app/_nuxt/swap.c8cce614.js[0m
Request 47: [94mhttps://zks.app/_nuxt/records.396a098d.js[0m
Request 48: [94mhttps://zks.app/_nuxt/token-amount.vue_vue_type_script_setup_true_lang.cbf26b7c.js[0m
Request 49: [94mhttps://zks.app/_nuxt/icon.vue_vue_type_script_setup_true_lang.595ac640.js[0m
Request 50: [94mhttps://zks.app/_nuxt/use-default.46aa7d13.js[0m
Request 51: [94mhttps://zks.app/_nuxt/select.vue_vue_type_script_setup_true_lang.7b66cc8f.js[0m
Request 52: [94mhttps://zks.app/_nuxt/operate-fee.vue_vue_type_script_setup_true_lang.9a958237.js[0m
Request 53: [94mhttps://zks.app/_nuxt/button.vue_vue_type_script_setup_true_lang.2d8d5455.js[0m
Request 54: [94mhttps://zks.app/_nuxt/modal.vue_vue_type_script_setup_true_lang.f12b08bb.js[0m
Request 55: [94mhttps://zks.app/_nuxt/loading.a75e9a32.js[0m
Request 56: [94mhttps://zks.app/_nuxt/loading.dc0acbb0.css[0m
Request 57: [94mhttps://zks.app/_nuxt/use-page.767d376a.js[0m
Request 58: [94mhttps://zks.app/_nuxt/use-account.e7c4d291.js[0m
Request 59: [94mhttps://zks.app/_nuxt/airship-left.8d43bab5.png[0m
Request 60: [94mhttps://zks.app/_nuxt/airship-right.540eada5.png[0m
Request 61: [94mhttps://zks.app/_nuxt/colorful-logo.04f15571.svg[0m
Request 62: [94mhttps://zks.app/_nuxt/white-logo.9f40ff9c.svg[0m
Request 63: [94mhttps://zks.app/icons/default.png[0m
Request 64: [94mhttps://zks.app/_nuxt/fail.5d11f51e.svg[0m
Request 65: [94mhttps://zks.app/_nuxt/wallet-panel-bg.9e8f70d5.png[0m
Request 66: [94mhttps://zks.app/_nuxt/bg.f146641e.png[0m
Request 67: [94mhttps://zks.app/_nuxt/paper.c8c81a4e.png[0m
Request 68: [94mhttps://zks.app/_nuxt/plushenko.bf108af7.png[0m
Request 69: [94mhttps://zks.app/_nuxt/wallet-tab-bg.af30af05.png[0m
Request 70: [94mhttps://zks.app/_nuxt/scene-bg.aa0b2a2f.png[0m
Request 71: [94mhttps://zks.app/_nuxt/background.a7c8127c.svg[0m
Request 72: [94mhttps://zks.app/_nuxt/background.6c9d14a6.png[0m
Request 73: [94mhttps://zks.app/_nuxt/nft-create-bg.334d2ffc.png[0m
Request 74: [94mhttps://zks.app/_nuxt/slogan.8bbd7296.png[0m
Request 75: [94mhttps://zks.app/_nuxt/card-0.089ff2e2.png[0m
Request 76: [94mhttps://zks.app/_nuxt/card-1.a1d56aa7.png[0m
Request 77: [94mhttps://zks.app/_nuxt/card-2.1306e89b.png[0m
Request 78: [94mhttps://zks.app/_nuxt/home-bg-2.35755377.png[0m
Request 79: [94mhttps://zks.app/_nuxt/home-bg-1.47809069.png[0m
Request 80: [94mhttps://zks.app/_nuxt/cmty.33475a08.svg[0m
Request 81: [94mhttps://zks.app/_nuxt/ZKSpaceIcon.c5ae1cc2.svg[0m
Request 82: [94mhttps://zks.app/_nuxt/auction-james.60ee6e5f.js[0m
Request 83: [94mhttps://zks.app/_nuxt/nft.vue_vue_type_script_setup_true_lang.1d3d47e0.js[0m
Request 84: [94mhttps://zks.app/_nuxt/avatar.vue_vue_type_script_setup_true_lang.7d015e36.js[0m
Request 85: [94mhttps://zks.app/_nuxt/meta.vue_vue_type_script_setup_true_lang.aa35c1c5.js[0m
Request 86: [94mhttps://zks.app/_nuxt/nft.fba347d9.js[0m
Request 87: [94mhttps://zks.app/_nuxt/default.2781318e.js[0m
Request 88: [94mhttps://zks.app/_nuxt/mining.0107afd4.js[0m
Request 89: [94mhttps://zks.app/_nuxt/nft.bc6bbb2b.js[0m
Request 90: [94mhttps://zks.app/_nuxt/send.b505227c.js[0m
Request 91: [94mhttps://zks.app/_nuxt/zns.5e9ec422.js[0m
Request 92: [94mhttps://zks.app/_nuxt/zns.2688def3.css[0m
Request 93: [94mhttps://zks.app/_nuxt/search.0c3bd352.js[0m
Request 94: [94mhttps://zks.app/_nuxt/avatar.b823d860.js[0m
Request 95: [94mhttps://zks.app/_nuxt/error-component.35aa870e.js[0m
Request 96: [94mhttps://zks.app/_nuxt/background.9c97c3f5.mp4[0m
Request 97: [94mhttps://zks.app/_nuxt/airship-left.8d43bab5.png[0m
Request 98: [94mhttps://zks.app/_nuxt/airship-right.540eada5.png[0m
Request 99: [94mhttps://zks.app/_nuxt/colorful-logo.04f15571.svg[0m
Request 100: [94mhttps://zks.app/_nuxt/white-logo.9f40ff9c.svg[0m
Request 101: [94mhttps://zks.app/_nuxt/tick.923711e9.svg[0m
Request 102: [94mhttps://zks.app/_nuxt/X.6cc19057.svg[0m
Request 103: [94mhttps://zks.app/_nuxt/rocket.90adb45b.png[0m
Request 104: [94mhttps://zks.app/_nuxt/flame.21cea0af.png[0m
Request 105: [94mhttps://zks.app/_nuxt/cloud.72aa95cd.gif[0m
Request 106: [94mhttps://zks.app/_nuxt/wallet-tab-bg.af30af05.png[0m
Request 107: [94mhttps://zks.app/_nuxt/Poppins-Regular.707fdc5c.ttf[0m
Request 108: [94mhttps://zks.app/_nuxt/Poppins-Medium.8d909883.ttf[0m
Request 109: [94mhttps://zks.app/_nuxt/cmty.7aa8c8d2.ttf[0m
Request 110: [94mhttps://www.googletagmanager.com/gtag/js[0m
Request 111: [94mhttps://api.zks.app/v3/1/tokens[0m
Request 112: [94mhttps://api.zks.app/v3/1/fee-tokens[0m
Request 113: [94mhttps://api.zks.app/v3/1/pairs[0m
Request 114: [94mhttps://api.zks.app/v3/1/contract-address[0m
Request 115: [94mhttps://api.zks.app/v3/1/tokens[0m
Request 116: [94mhttps://api.zks.app/v3/1/fee-tokens[0m
Request 117: [94mhttps://api.zks.app/v3/1/pairs[0m
Request 118: [94mhttps://api.zks.app/v3/1/contract-address[0m
Request 119: [94mhttps://api.zks.app/v3-contracts.json[0m
Request 120: [94mhttps://zks.app/_nuxt/background.9c97c3f5.mp4[0m
Request 121: [94mhttps://zks.app/_nuxt/index.830760b4.js[0m
Request 122: [94mhttps://zks.app/_nuxt/component.fa3541dc.js[0m
Request 123: [94mhttps://zks.app/_nuxt/composables.3a1bdc34.js[0m
Request 124: [94mhttps://zks.app/_nuxt/wallet.6e66fac1.js[0m
Request 125: [94mhttps://zks.app/_nuxt/index.1f9c9d80.js[0m
Request 126: [94mhttps://zks.app/_nuxt/nft.7d9754c5.js[0m
Request 127: [94mhttps://zks.app/_nuxt/index.10014c87.js[0m
Request 128: [94mhttps://zks.app/_nuxt/media.vue_vue_type_script_setup_true_lang.33d058a1.js[0m
Request 129: [94mhttps://zks.app/_nuxt/loading.cbfda8bc.js[0m
Request 130: [94mhttps://zks.app/_nuxt/swiper-slide.51719151.js[0m
Request 131: [94mhttps://zks.app/_nuxt/card.vue_vue_type_script_setup_true_lang.c8694184.js[0m
Request 132: [94mhttps://zks.app/_nuxt/pause.4d13cd0d.js[0m
Request 133: [94mhttps://zks.app/_nuxt/heart.vue_vue_type_script_setup_true_lang.f9450ebc.js[0m
Request 134: [94mhttps://zks.app/_nuxt/heart.8070700b.js[0m
Request 135: [94mhttps://zks.app/_nuxt/buy-nft.vue_vue_type_script_setup_true_lang.e6127caf.js[0m
Request 136: [94mhttps://zks.app/_nuxt/index.556fd8c2.css[0m
Request 137: [94mhttps://region1.analytics.google.com/g/collect[0m
Request 138: [94mhttps://stats.g.doubleclick.net/g/collect[0m
Request 139: [94mhttps://www.google.ch/ads/ga-audiences[0m
Request 140: [94mhttps://zks.app/favicon.ico[0m
Request 141: [94mhttps://zks.app/_nuxt/avatar.vue_vue_type_script_setup_true_lang.7d015e36.js[0m
Request 142: [94mhttps://zks.app/_nuxt/meta.vue_vue_type_script_setup_true_lang.aa35c1c5.js[0m
Request 143: [94mhttps://zks.app/_nuxt/nft.fba347d9.js[0m
Request 144: [94mhttps://api.zks.app/v3/1/tokens/price[0m
Request 145: [94mhttps://api.zks.app/v3/1/tokens/price[0m
Request 146: [94mhttps://api.zks.app/v3/1/pairs/price[0m
Request 147: [94mhttps://api.zks.app/v3/1/pairs/price[0m
Request 148: [94mhttps://api.zks.app/v3/1/tokens/price[0m
Request 149: [94mhttps://api.zks.app/v3/1/tokens/price[0m
Request 150: [94mhttps://api.zks.app/v3/1/pairs/price[0m
Request 151: [94mhttps://api.zks.app/v3/1/pairs/price[0m
Identified connect buttons: 
[
  'Connect Wallet',
  'Connect',
  'Wallet',
  'connect',
  'wallet',
  'account'
]
Request 152: [94mhttps://zks.app/images/wallet/MetaMask.svg[0m
Request 153: [94mhttps://zks.app/images/wallet/Coinbase.svg[0m
Request 154: [94mhttps://zks.app/images/wallet/WalletConnect.svg[0m
Found connect button: Connect Wallet
Request 155: [94mhttps://zks.app/_nuxt/Poppins-SemiBold.248c0244.ttf[0m
Identified MetaMask buttons:
[ 'MetaMask', 'MetaMask ' ]
Found MetaMask button: MetaMask 
Completed configuring new page. (chrome-extension://glepecflakcnfpeedbnclfdcabngidkh/notification.html)
Request 156: [94mchrome-extension://glepecflakcnfpeedbnclfdcabngidkh/react-gallery/carousel.min.css[0m
Request 157: [94mhttps://sentry.io/api/273505/envelope/[0m
Request 158: [94mhttps://api.zks.app/v3/1/tokens/price[0m
Request 159: [94mhttps://api.zks.app/v3/1/tokens/price[0m
Request 160: [94mhttps://api.zks.app/v3/1/pairs/price[0m
Request 161: [94mhttps://api.zks.app/v3/1/pairs/price[0m
Request 162: [94mchrome-extension://glepecflakcnfpeedbnclfdcabngidkh/_locales/en/messages.json[0m
Request 163: [94mchrome-extension://glepecflakcnfpeedbnclfdcabngidkh/_locales/en/messages.json[0m
Request 164: [94mchrome-extension://glepecflakcnfpeedbnclfdcabngidkh/fonts/Euclid/EuclidCircularB-Bold-WebXL.ttf[0m
Request 165: [94mchrome-extension://glepecflakcnfpeedbnclfdcabngidkh/fonts/Euclid/EuclidCircularB-Regular-WebXL.ttf[0m
Request 166: [94mchrome-extension://glepecflakcnfpeedbnclfdcabngidkh/fonts/fontawesome/fa-solid-900.woff2[0m
Request 167: [94mchrome-extension://glepecflakcnfpeedbnclfdcabngidkh/fonts/Euclid/EuclidCircularB-Medium.ttf[0m
No checkbox found!
Exiting while loop: MetaMask popup open!
End of while loop: popup
Request 168: [94mhttps://api.zks.app/v3/1/tokens/price[0m
Request 169: [94mhttps://api.zks.app/v3/1/tokens/price[0m
Request 170: [94mhttps://api.zks.app/v3/1/pairs/price[0m
Request 171: [94mhttps://api.zks.app/v3/1/pairs/price[0m
Request 172: [94mhttps://sentry.io/api/273505/envelope/[0m
Request 173: [94mhttps://sentry.io/api/273505/envelope/[0m
Clicked next button!
Clicked continue button!
[92mSuccessfully connected MetaMask wallet![0m
Request 174: [94mhttps://api.zks.app/v3/1/account/0x7e4abd63a7c8314cc28d388303472353d884f292/balances[0m
Request 175: [94mhttps://api.zks.app/v3/1/nft/account-info/0x7e4abd63a7c8314cc28d388303472353d884f292[0m
Request 176: [94mhttps://api.zks.app/v3/1/txs[0m
Request 177: [94mhttps://api.zks.app/v3/1/account/0x7e4abd63a7c8314cc28d388303472353d884f292/balances[0m
Request 178: [94mhttps://api.zks.app/v3/1/nft/account-info/0x7e4abd63a7c8314cc28d388303472353d884f292[0m
Request 179: [94mhttps://api.zks.app/v3/1/txs[0m
Request 180: [94mhttps://api.zks.app/v3/1/nft/account-info/0x7e4abd63a7c8314cc28d388303472353d884f292[0m
Request 181: [94mhttps://api.zks.app/v3/1/tokens/price[0m
Request 182: [94mhttps://api.zks.app/v3/1/pairs/price[0m
Request 183: [94mhttps://api.zks.app/v3/1/nft/account-info/0x7e4abd63a7c8314cc28d388303472353d884f292[0m
Request 184: [94mhttps://api.zks.app/v3/1/tokens/price[0m
Request 185: [94mhttps://api.zks.app/v3/1/pairs/price[0m
Request 186: [94mhttps://s.zks.app/icons/1/0x0000000000000000000000000000000000000000.png[0m
Request 187: [94mhttps://api.zks.app/v3/1/zns/domain/name/0x7e4abd63a7c8314cc28d388303472353d884f292[0m
Request 188: [94mhttps://api.zks.app/v3/1/zns/domain/name/0x7e4abd63a7c8314cc28d388303472353d884f292[0m
Request 189: [94mhttps://sentry.io/api/273505/envelope/[0m
Request 190: [94mhttps://sentry.io/api/273505/envelope/[0m
Page closed: [94mchrome-extension://glepecflakcnfpeedbnclfdcabngidkh/notification.html#[0m
Request 191: [94mhttps://api.zks.app/v3/1/account/0x7e4abd63a7c8314cc28d388303472353d884f292/balances[0m
Request 192: [94mhttps://api.zks.app/v3/1/tokens/price[0m
Request 193: [94mhttps://api.zks.app/v3/1/pairs/price[0m
Request 194: [94mhttps://api.zks.app/v3/1/account/0x7e4abd63a7c8314cc28d388303472353d884f292/fee[0m
Request 195: [94mhttps://api.zks.app/v3/1/account/0x7e4abd63a7c8314cc28d388303472353d884f292/balances[0m
Request 196: [94mhttps://api.zks.app/v3/1/tokens/price[0m
Request 197: [94mhttps://api.zks.app/v3/1/pairs/price[0m
Request 198: [94mhttps://api.zks.app/v3/1/account/0x7e4abd63a7c8314cc28d388303472353d884f292/fee[0m
Request 199: [94mhttps://api.zks.app/v3/1/zns/domain/name/0x7e4abd63a7c8314cc28d388303472353d884f292[0m
Request 200: [94mhttps://api.zks.app/v3/1/zns/domain/name/0x7e4abd63a7c8314cc28d388303472353d884f292[0m
Request 201: [94mhttps://api.zks.app/v3/1/zns/domain/name/0x7e4abd63a7c8314cc28d388303472353d884f292[0m
Request 202: [94mhttps://api.zks.app/v3/1/zns/domain/name/0x7e4abd63a7c8314cc28d388303472353d884f292[0m
Request 203: [94mhttps://api.zks.app/v3/1/zns/domain/name/0x7e4abd63a7c8314cc28d388303472353d884f292[0m
Request 204: [94mhttps://api.zks.app/v3/1/zns/domain/name/0x7e4abd63a7c8314cc28d388303472353d884f292[0m
Request 205: [94mhttps://api.zks.app/v3/1/zns/domain/name/0x7e4abd63a7c8314cc28d388303472353d884f292[0m
Request 206: [94mhttps://api.zks.app/v3/1/zns/domain/name/0x7e4abd63a7c8314cc28d388303472353d884f292[0m
Request 207: [94mhttps://api.zks.app/v3/1/account/0x7e4abd63a7c8314cc28d388303472353d884f292/balances[0m
Request 208: [94mhttps://api.zks.app/v3/1/tokens/price[0m
Request 209: [94mhttps://api.zks.app/v3/1/pairs/price[0m
Request 210: [94mhttps://api.zks.app/v3/1/account/0x7e4abd63a7c8314cc28d388303472353d884f292/fee[0m
Request 211: [94mhttps://api.zks.app/v3/1/account/0x7e4abd63a7c8314cc28d388303472353d884f292/balances[0m
Request 212: [94mhttps://api.zks.app/v3/1/tokens/price[0m
Request 213: [94mhttps://api.zks.app/v3/1/pairs/price[0m
Request 214: [94mhttps://api.zks.app/v3/1/account/0x7e4abd63a7c8314cc28d388303472353d884f292/fee[0m
Request 215: [94mhttps://api.zks.app/v3/1/zns/domain/name/0x7e4abd63a7c8314cc28d388303472353d884f292[0m
Request 216: [94mhttps://api.zks.app/v3/1/zns/domain/name/0x7e4abd63a7c8314cc28d388303472353d884f292[0m
Request 217: [94mhttps://api.zks.app/v3/1/zns/domain/name/0x7e4abd63a7c8314cc28d388303472353d884f292[0m
Request 218: [94mhttps://api.zks.app/v3/1/zns/domain/name/0x7e4abd63a7c8314cc28d388303472353d884f292[0m
Request 219: [94mhttps://api.zks.app/v3/1/zns/domain/name/0x7e4abd63a7c8314cc28d388303472353d884f292[0m
Request 220: [94mhttps://api.zks.app/v3/1/zns/domain/name/0x7e4abd63a7c8314cc28d388303472353d884f292[0m
Request 221: [94mhttps://api.zks.app/v3/1/account/0x7e4abd63a7c8314cc28d388303472353d884f292/balances[0m
Request 222: [94mhttps://api.zks.app/v3/1/tokens/price[0m
Request 223: [94mhttps://api.zks.app/v3/1/pairs/price[0m
Request 224: [94mhttps://api.zks.app/v3/1/account/0x7e4abd63a7c8314cc28d388303472353d884f292/fee[0m
Request 225: [94mhttps://api.zks.app/v3/1/account/0x7e4abd63a7c8314cc28d388303472353d884f292/balances[0m
Request 226: [94mhttps://api.zks.app/v3/1/tokens/price[0m
Request 227: [94mhttps://api.zks.app/v3/1/pairs/price[0m
Request 228: [94mhttps://api.zks.app/v3/1/account/0x7e4abd63a7c8314cc28d388303472353d884f292/fee[0m
Request 229: [94mhttps://api.zks.app/v3/1/zns/domain/name/0x7e4abd63a7c8314cc28d388303472353d884f292[0m
Request 230: [94mhttps://api.zks.app/v3/1/zns/domain/name/0x7e4abd63a7c8314cc28d388303472353d884f292[0m
Request 231: [94mhttps://api.zks.app/v3/1/zns/domain/name/0x7e4abd63a7c8314cc28d388303472353d884f292[0m
Request 232: [94mhttps://api.zks.app/v3/1/zns/domain/name/0x7e4abd63a7c8314cc28d388303472353d884f292[0m
Request 233: [94mhttps://api.zks.app/v3/1/zns/domain/name/0x7e4abd63a7c8314cc28d388303472353d884f292[0m
Request 234: [94mhttps://api.zks.app/v3/1/zns/domain/name/0x7e4abd63a7c8314cc28d388303472353d884f292[0m
Request 235: [94mhttps://api.zks.app/v3/1/zns/domain/name/0x7e4abd63a7c8314cc28d388303472353d884f292[0m
Request 236: [94mhttps://api.zks.app/v3/1/zns/domain/name/0x7e4abd63a7c8314cc28d388303472353d884f292[0m
Request 237: [94mhttps://api.zks.app/v3/1/account/0x7e4abd63a7c8314cc28d388303472353d884f292/balances[0m
Request 238: [94mhttps://api.zks.app/v3/1/tokens/price[0m
Request 239: [94mhttps://api.zks.app/v3/1/pairs/price[0m
Request 240: [94mhttps://api.zks.app/v3/1/account/0x7e4abd63a7c8314cc28d388303472353d884f292/fee[0m
Request 241: [94mhttps://api.zks.app/v3/1/account/0x7e4abd63a7c8314cc28d388303472353d884f292/balances[0m
Request 242: [94mhttps://api.zks.app/v3/1/tokens/price[0m
Request 243: [94mhttps://api.zks.app/v3/1/pairs/price[0m
Request 244: [94mhttps://api.zks.app/v3/1/account/0x7e4abd63a7c8314cc28d388303472353d884f292/fee[0m
Request 245: [94mhttps://api.zks.app/v3/1/zns/domain/name/0x7e4abd63a7c8314cc28d388303472353d884f292[0m
Request 246: [94mhttps://api.zks.app/v3/1/zns/domain/name/0x7e4abd63a7c8314cc28d388303472353d884f292[0m
Request 247: [94mhttps://api.zks.app/v3/1/zns/domain/name/0x7e4abd63a7c8314cc28d388303472353d884f292[0m
Request 248: [94mhttps://api.zks.app/v3/1/zns/domain/name/0x7e4abd63a7c8314cc28d388303472353d884f292[0m
Request 249: [94mhttps://api.zks.app/v3/1/zns/domain/name/0x7e4abd63a7c8314cc28d388303472353d884f292[0m
Request 250: [94mhttps://api.zks.app/v3/1/zns/domain/name/0x7e4abd63a7c8314cc28d388303472353d884f292[0m
Request 251: [94mhttps://api.zks.app/v3/1/account/0x7e4abd63a7c8314cc28d388303472353d884f292/balances[0m
Request 252: [94mhttps://api.zks.app/v3/1/tokens/price[0m
Request 253: [94mhttps://api.zks.app/v3/1/pairs/price[0m
Request 254: [94mhttps://api.zks.app/v3/1/account/0x7e4abd63a7c8314cc28d388303472353d884f292/fee[0m
Request 255: [94mhttps://api.zks.app/v3/1/account/0x7e4abd63a7c8314cc28d388303472353d884f292/balances[0m
Request 256: [94mhttps://api.zks.app/v3/1/tokens/price[0m
Request 257: [94mhttps://api.zks.app/v3/1/pairs/price[0m
Request 258: [94mhttps://api.zks.app/v3/1/account/0x7e4abd63a7c8314cc28d388303472353d884f292/fee[0m
Request 259: [94mhttps://api.zks.app/v3/1/zns/domain/name/0x7e4abd63a7c8314cc28d388303472353d884f292[0m
Request 260: [94mhttps://api.zks.app/v3/1/zns/domain/name/0x7e4abd63a7c8314cc28d388303472353d884f292[0m
Request 261: [94mhttps://api.zks.app/v3/1/zns/domain/name/0x7e4abd63a7c8314cc28d388303472353d884f292[0m
Request 262: [94mhttps://api.zks.app/v3/1/zns/domain/name/0x7e4abd63a7c8314cc28d388303472353d884f292[0m
Request 263: [94mhttps://api.zks.app/v3/1/zns/domain/name/0x7e4abd63a7c8314cc28d388303472353d884f292[0m
Request 264: [94mhttps://api.zks.app/v3/1/zns/domain/name/0x7e4abd63a7c8314cc28d388303472353d884f292[0m
Request 265: [94mhttps://api.zks.app/v3/1/zns/domain/name/0x7e4abd63a7c8314cc28d388303472353d884f292[0m
Request 266: [94mhttps://api.zks.app/v3/1/zns/domain/name/0x7e4abd63a7c8314cc28d388303472353d884f292[0m
Request 267: [94mhttps://api.zks.app/v3/1/account/0x7e4abd63a7c8314cc28d388303472353d884f292/balances[0m
Request 268: [94mhttps://api.zks.app/v3/1/tokens/price[0m
Request 269: [94mhttps://api.zks.app/v3/1/pairs/price[0m
Request 270: [94mhttps://api.zks.app/v3/1/account/0x7e4abd63a7c8314cc28d388303472353d884f292/fee[0m
Request 271: [94mhttps://api.zks.app/v3/1/account/0x7e4abd63a7c8314cc28d388303472353d884f292/balances[0m
Request 272: [94mhttps://api.zks.app/v3/1/tokens/price[0m
Request 273: [94mhttps://api.zks.app/v3/1/pairs/price[0m
Request 274: [94mhttps://api.zks.app/v3/1/account/0x7e4abd63a7c8314cc28d388303472353d884f292/fee[0m
Request 275: [94mhttps://api.zks.app/v3/1/zns/domain/name/0x7e4abd63a7c8314cc28d388303472353d884f292[0m
Request 276: [94mhttps://api.zks.app/v3/1/zns/domain/name/0x7e4abd63a7c8314cc28d388303472353d884f292[0m
Request 277: [94mhttps://api.zks.app/v3/1/zns/domain/name/0x7e4abd63a7c8314cc28d388303472353d884f292[0m
Request 278: [94mhttps://api.zks.app/v3/1/zns/domain/name/0x7e4abd63a7c8314cc28d388303472353d884f292[0m
No sign or approve button found!
Waiting for 30000ms
Request 279: [94mhttps://zks.app/trade/swap[0m
Request 280: [94mhttps://api.zks.app/v3/1/zns/domain/name/0x7e4abd63a7c8314cc28d388303472353d884f292[0m
Request 281: [94mhttps://api.zks.app/v3/1/zns/domain/name/0x7e4abd63a7c8314cc28d388303472353d884f292[0m
Request 282: [94mhttps://region1.analytics.google.com/g/collect[0m
Request 283: [94mhttps://zks.app/js/wc.js[0m
Request 284: [94mhttps://zks.app/js/coinbase.js[0m
Request 285: [94mhttps://zks.app/_nuxt/entry.cda6f79c.js[0m
Request 286: [94mhttps://zks.app/_nuxt/entry.ba1a737b.css[0m
Request 287: [94mhttps://zks.app/_nuxt/swap.355cf11c.js[0m
Request 288: [94mhttps://zks.app/_nuxt/video-background.5e37a089.js[0m
Request 289: [94mhttps://zks.app/_nuxt/swap.vue_vue_type_script_setup_true_lang.ed792f56.js[0m
Request 290: [94mhttps://zks.app/_nuxt/icon.298391ab.js[0m
Request 291: [94mhttps://zks.app/_nuxt/icon.eb30e647.css[0m
Request 292: [94mhttps://zks.app/_nuxt/cursor.vue_vue_type_script_setup_true_lang.f27bab85.js[0m
Request 293: [94mhttps://zks.app/_nuxt/utils.aedebdf2.js[0m
Request 294: [94mhttps://zks.app/_nuxt/page.a47a6e81.js[0m
Request 295: [94mhttps://zks.app/_nuxt/detail.vue_vue_type_script_setup_true_lang.3900a6b2.js[0m
Request 296: [94mhttps://zks.app/_nuxt/transaction.b4f7a916.js[0m
Request 297: [94mhttps://zks.app/_nuxt/copy.2f5a087e.js[0m
Request 298: [94mhttps://zks.app/_nuxt/chevron-down.13269b87.js[0m
Request 299: [94mhttps://zks.app/_nuxt/community.vue_vue_type_script_setup_true_lang.d198c4e5.js[0m
Request 300: [94mhttps://zks.app/_nuxt/trade.c9f71653.js[0m
Request 301: [94mhttps://zks.app/_nuxt/tab.vue_vue_type_script_setup_true_lang.77ec1eef.js[0m
Request 302: [94mhttps://zks.app/_nuxt/swap.c8cce614.js[0m
Request 303: [94mhttps://zks.app/_nuxt/records.396a098d.js[0m
Request 304: [94mhttps://zks.app/_nuxt/token-amount.vue_vue_type_script_setup_true_lang.cbf26b7c.js[0m
Request 305: [94mhttps://zks.app/_nuxt/icon.vue_vue_type_script_setup_true_lang.595ac640.js[0m
Request 306: [94mhttps://zks.app/_nuxt/use-default.46aa7d13.js[0m
Request 307: [94mhttps://zks.app/_nuxt/select.vue_vue_type_script_setup_true_lang.7b66cc8f.js[0m
Request 308: [94mhttps://zks.app/_nuxt/operate-fee.vue_vue_type_script_setup_true_lang.9a958237.js[0m
Request 309: [94mhttps://zks.app/_nuxt/button.vue_vue_type_script_setup_true_lang.2d8d5455.js[0m
Request 310: [94mhttps://zks.app/_nuxt/modal.vue_vue_type_script_setup_true_lang.f12b08bb.js[0m
Request 311: [94mhttps://zks.app/_nuxt/loading.a75e9a32.js[0m
Request 312: [94mhttps://zks.app/_nuxt/loading.dc0acbb0.css[0m
Request 313: [94mhttps://zks.app/_nuxt/use-page.767d376a.js[0m
Request 314: [94mhttps://zks.app/_nuxt/use-account.e7c4d291.js[0m
Request 315: [94mhttps://zks.app/_nuxt/airship-left.8d43bab5.png[0m
Request 316: [94mhttps://zks.app/_nuxt/airship-right.540eada5.png[0m
Request 317: [94mhttps://zks.app/_nuxt/colorful-logo.04f15571.svg[0m
Request 318: [94mhttps://zks.app/_nuxt/white-logo.9f40ff9c.svg[0m
Request 319: [94mhttps://zks.app/icons/default.png[0m
Request 320: [94mhttps://zks.app/_nuxt/fail.5d11f51e.svg[0m
Request 321: [94mhttps://zks.app/_nuxt/wallet-panel-bg.9e8f70d5.png[0m
Request 322: [94mhttps://zks.app/_nuxt/bg.f146641e.png[0m
Request 323: [94mhttps://zks.app/_nuxt/paper.c8c81a4e.png[0m
Request 324: [94mhttps://zks.app/_nuxt/plushenko.bf108af7.png[0m
Request 325: [94mhttps://zks.app/_nuxt/wallet-tab-bg.af30af05.png[0m
Request 326: [94mhttps://zks.app/_nuxt/scene-bg.aa0b2a2f.png[0m
Request 327: [94mhttps://zks.app/_nuxt/background.a7c8127c.svg[0m
Request 328: [94mhttps://zks.app/_nuxt/background.6c9d14a6.png[0m
Request 329: [94mhttps://zks.app/_nuxt/nft-create-bg.334d2ffc.png[0m
Request 330: [94mhttps://zks.app/_nuxt/slogan.8bbd7296.png[0m
Request 331: [94mhttps://zks.app/_nuxt/card-0.089ff2e2.png[0m
Request 332: [94mhttps://zks.app/_nuxt/card-1.a1d56aa7.png[0m
Request 333: [94mhttps://zks.app/_nuxt/card-2.1306e89b.png[0m
Request 334: [94mhttps://zks.app/_nuxt/home-bg-2.35755377.png[0m
Request 335: [94mhttps://zks.app/_nuxt/home-bg-1.47809069.png[0m
Request 336: [94mhttps://zks.app/_nuxt/cmty.33475a08.svg[0m
Request 337: [94mhttps://zks.app/_nuxt/ZKSpaceIcon.c5ae1cc2.svg[0m
Request 338: [94mhttps://zks.app/_nuxt/auction-james.60ee6e5f.js[0m
Request 339: [94mhttps://zks.app/_nuxt/nft.vue_vue_type_script_setup_true_lang.1d3d47e0.js[0m
Request 340: [94mhttps://zks.app/_nuxt/avatar.vue_vue_type_script_setup_true_lang.7d015e36.js[0m
Request 341: [94mhttps://zks.app/_nuxt/meta.vue_vue_type_script_setup_true_lang.aa35c1c5.js[0m
Request 342: [94mhttps://zks.app/_nuxt/nft.fba347d9.js[0m
Request 343: [94mhttps://zks.app/_nuxt/default.2781318e.js[0m
Request 344: [94mhttps://zks.app/_nuxt/mining.0107afd4.js[0m
Request 345: [94mhttps://zks.app/_nuxt/nft.bc6bbb2b.js[0m
Request 346: [94mhttps://zks.app/_nuxt/send.b505227c.js[0m
Request 347: [94mhttps://zks.app/_nuxt/zns.5e9ec422.js[0m
Request 348: [94mhttps://zks.app/_nuxt/zns.2688def3.css[0m
Request 349: [94mhttps://zks.app/_nuxt/search.0c3bd352.js[0m
Request 350: [94mhttps://zks.app/_nuxt/avatar.b823d860.js[0m
Request 351: [94mhttps://zks.app/_nuxt/error-component.35aa870e.js[0m
Request 352: [94mhttps://zks.app/_nuxt/background.9c97c3f5.mp4[0m
Request 353: [94mhttps://zks.app/_nuxt/airship-left.8d43bab5.png[0m
Request 354: [94mhttps://zks.app/_nuxt/airship-right.540eada5.png[0m
Request 355: [94mhttps://zks.app/_nuxt/colorful-logo.04f15571.svg[0m
Request 356: [94mhttps://zks.app/_nuxt/white-logo.9f40ff9c.svg[0m
Request 357: [94mhttps://zks.app/_nuxt/tick.923711e9.svg[0m
Request 358: [94mhttps://zks.app/_nuxt/X.6cc19057.svg[0m
Request 359: [94mhttps://zks.app/_nuxt/rocket.90adb45b.png[0m
Request 360: [94mhttps://zks.app/_nuxt/flame.21cea0af.png[0m
Request 361: [94mhttps://zks.app/_nuxt/cloud.72aa95cd.gif[0m
Request 362: [94mhttps://zks.app/_nuxt/cmty.7aa8c8d2.ttf[0m
Request 363: [94mhttps://zks.app/_nuxt/Poppins-Medium.8d909883.ttf[0m
Request 364: [94mhttps://zks.app/_nuxt/Poppins-SemiBold.248c0244.ttf[0m
Request 365: [94mhttps://zks.app/_nuxt/Poppins-Regular.707fdc5c.ttf[0m
Request 366: [94mhttps://zks.app/_nuxt/wallet-tab-bg.af30af05.png[0m
Request 367: [94mhttps://zks.app/_nuxt/background.9c97c3f5.mp4[0m
Request 368: [94mhttps://www.googletagmanager.com/gtag/js[0m
Request 369: [94mhttps://api.zks.app/v3/1/tokens[0m
Request 370: [94mhttps://api.zks.app/v3/1/fee-tokens[0m
Request 371: [94mhttps://api.zks.app/v3/1/pairs[0m
Request 372: [94mhttps://api.zks.app/v3/1/contract-address[0m
Request 373: [94mhttps://api.zks.app/v3/1/tokens[0m
Request 374: [94mhttps://api.zks.app/v3/1/fee-tokens[0m
Request 375: [94mhttps://api.zks.app/v3/1/pairs[0m
Request 376: [94mhttps://api.zks.app/v3/1/contract-address[0m
Request 377: [94mhttps://api.zks.app/v3-contracts.json[0m
Request 378: [94mhttps://zks.app/_nuxt/index.830760b4.js[0m
Request 379: [94mhttps://zks.app/_nuxt/component.fa3541dc.js[0m
Request 380: [94mhttps://zks.app/_nuxt/composables.3a1bdc34.js[0m
Request 381: [94mhttps://zks.app/_nuxt/wallet.6e66fac1.js[0m
Request 382: [94mhttps://zks.app/_nuxt/index.1f9c9d80.js[0m
Request 383: [94mhttps://zks.app/_nuxt/nft.7d9754c5.js[0m
Request 384: [94mhttps://zks.app/_nuxt/index.10014c87.js[0m
Request 385: [94mhttps://zks.app/_nuxt/media.vue_vue_type_script_setup_true_lang.33d058a1.js[0m
Request 386: [94mhttps://zks.app/_nuxt/loading.cbfda8bc.js[0m
Request 387: [94mhttps://zks.app/_nuxt/swiper-slide.51719151.js[0m
Request 388: [94mhttps://zks.app/_nuxt/card.vue_vue_type_script_setup_true_lang.c8694184.js[0m
Request 389: [94mhttps://zks.app/_nuxt/pause.4d13cd0d.js[0m
Request 390: [94mhttps://zks.app/_nuxt/heart.vue_vue_type_script_setup_true_lang.f9450ebc.js[0m
Request 391: [94mhttps://zks.app/_nuxt/heart.8070700b.js[0m
Request 392: [94mhttps://zks.app/_nuxt/buy-nft.vue_vue_type_script_setup_true_lang.e6127caf.js[0m
Request 393: [94mhttps://zks.app/_nuxt/index.556fd8c2.css[0m
Request 394: [94mhttps://zks.app/_nuxt/avatar.vue_vue_type_script_setup_true_lang.7d015e36.js[0m
Request 395: [94mhttps://zks.app/_nuxt/meta.vue_vue_type_script_setup_true_lang.aa35c1c5.js[0m
Request 396: [94mhttps://zks.app/_nuxt/nft.fba347d9.js[0m
Request 397: [94mhttps://zks.app/favicon.ico[0m
Request 398: [94mhttps://api.zks.app/v3/1/account/0x7e4abd63a7c8314cc28d388303472353d884f292/balances[0m
Request 399: [94mhttps://api.zks.app/v3/1/nft/account-info/0x7e4abd63a7c8314cc28d388303472353d884f292[0m
Request 400: [94mhttps://api.zks.app/v3/1/txs[0m
Request 401: [94mhttps://api.zks.app/v3/1/account/0x7e4abd63a7c8314cc28d388303472353d884f292/balances[0m
Request 402: [94mhttps://api.zks.app/v3/1/nft/account-info/0x7e4abd63a7c8314cc28d388303472353d884f292[0m
Request 403: [94mhttps://api.zks.app/v3/1/txs[0m
Request 404: [94mhttps://api.zks.app/v3/1/nft/account-info/0x7e4abd63a7c8314cc28d388303472353d884f292[0m
Request 405: [94mhttps://api.zks.app/v3/1/tokens/price[0m
Request 406: [94mhttps://api.zks.app/v3/1/pairs/price[0m
Request 407: [94mhttps://api.zks.app/v3/1/nft/account-info/0x7e4abd63a7c8314cc28d388303472353d884f292[0m
Request 408: [94mhttps://api.zks.app/v3/1/tokens/price[0m
Request 409: [94mhttps://api.zks.app/v3/1/pairs/price[0m
Request 410: [94mhttps://s.zks.app/icons/1/0x0000000000000000000000000000000000000000.png[0m
Request 411: [94mhttps://api.zks.app/v3/1/zns/domain/name/0x7e4abd63a7c8314cc28d388303472353d884f292[0m
Request 412: [94mhttps://api.zks.app/v3/1/zns/domain/name/0x7e4abd63a7c8314cc28d388303472353d884f292[0m
Request 413: [94mhttps://api.zks.app/v3/1/zns/domain/name/0x7e4abd63a7c8314cc28d388303472353d884f292[0m
Request 414: [94mhttps://api.zks.app/v3/1/zns/domain/name/0x7e4abd63a7c8314cc28d388303472353d884f292[0m
Request 415: [94mhttps://api.zks.app/v3/1/zns/domain/name/0x7e4abd63a7c8314cc28d388303472353d884f292[0m
Request 416: [94mhttps://api.zks.app/v3/1/zns/domain/name/0x7e4abd63a7c8314cc28d388303472353d884f292[0m
Request 417: [94mhttps://api.zks.app/v3/1/account/0x7e4abd63a7c8314cc28d388303472353d884f292/balances[0m
Request 418: [94mhttps://api.zks.app/v3/1/tokens/price[0m
Request 419: [94mhttps://api.zks.app/v3/1/pairs/price[0m
Request 420: [94mhttps://api.zks.app/v3/1/account/0x7e4abd63a7c8314cc28d388303472353d884f292/fee[0m
Request 421: [94mhttps://api.zks.app/v3/1/account/0x7e4abd63a7c8314cc28d388303472353d884f292/balances[0m
Request 422: [94mhttps://api.zks.app/v3/1/tokens/price[0m
Request 423: [94mhttps://api.zks.app/v3/1/pairs/price[0m
Request 424: [94mhttps://api.zks.app/v3/1/account/0x7e4abd63a7c8314cc28d388303472353d884f292/fee[0m
Request 425: [94mhttps://region1.analytics.google.com/g/collect[0m
Request 426: [94mhttps://api.zks.app/v3/1/zns/domain/name/0x7e4abd63a7c8314cc28d388303472353d884f292[0m
Request 427: [94mhttps://api.zks.app/v3/1/zns/domain/name/0x7e4abd63a7c8314cc28d388303472353d884f292[0m
Request 428: [94mhttps://api.zks.app/v3/1/zns/domain/name/0x7e4abd63a7c8314cc28d388303472353d884f292[0m
Request 429: [94mhttps://api.zks.app/v3/1/zns/domain/name/0x7e4abd63a7c8314cc28d388303472353d884f292[0m
Request 430: [94mhttps://api.zks.app/v3/1/zns/domain/name/0x7e4abd63a7c8314cc28d388303472353d884f292[0m
Request 431: [94mhttps://api.zks.app/v3/1/zns/domain/name/0x7e4abd63a7c8314cc28d388303472353d884f292[0m
Request 432: [94mhttps://api.zks.app/v3/1/account/0x7e4abd63a7c8314cc28d388303472353d884f292/balances[0m
Request 433: [94mhttps://api.zks.app/v3/1/tokens/price[0m
Request 434: [94mhttps://api.zks.app/v3/1/pairs/price[0m
Request 435: [94mhttps://api.zks.app/v3/1/account/0x7e4abd63a7c8314cc28d388303472353d884f292/fee[0m
Request 436: [94mhttps://api.zks.app/v3/1/account/0x7e4abd63a7c8314cc28d388303472353d884f292/balances[0m
Request 437: [94mhttps://api.zks.app/v3/1/tokens/price[0m
Request 438: [94mhttps://api.zks.app/v3/1/pairs/price[0m
Request 439: [94mhttps://api.zks.app/v3/1/account/0x7e4abd63a7c8314cc28d388303472353d884f292/fee[0m
Request 440: [94mhttps://api.zks.app/v3/1/zns/domain/name/0x7e4abd63a7c8314cc28d388303472353d884f292[0m
Request 441: [94mhttps://api.zks.app/v3/1/zns/domain/name/0x7e4abd63a7c8314cc28d388303472353d884f292[0m
Request 442: [94mhttps://api.zks.app/v3/1/zns/domain/name/0x7e4abd63a7c8314cc28d388303472353d884f292[0m
Request 443: [94mhttps://api.zks.app/v3/1/zns/domain/name/0x7e4abd63a7c8314cc28d388303472353d884f292[0m
Request 444: [94mhttps://api.zks.app/v3/1/zns/domain/name/0x7e4abd63a7c8314cc28d388303472353d884f292[0m
Request 445: [94mhttps://api.zks.app/v3/1/zns/domain/name/0x7e4abd63a7c8314cc28d388303472353d884f292[0m
Request 446: [94mhttps://api.zks.app/v3/1/zns/domain/name/0x7e4abd63a7c8314cc28d388303472353d884f292[0m
Request 447: [94mhttps://api.zks.app/v3/1/zns/domain/name/0x7e4abd63a7c8314cc28d388303472353d884f292[0m
Request 448: [94mhttps://api.zks.app/v3/1/account/0x7e4abd63a7c8314cc28d388303472353d884f292/balances[0m
Request 449: [94mhttps://api.zks.app/v3/1/tokens/price[0m
Request 450: [94mhttps://api.zks.app/v3/1/pairs/price[0m
Request 451: [94mhttps://api.zks.app/v3/1/account/0x7e4abd63a7c8314cc28d388303472353d884f292/fee[0m
Request 452: [94mhttps://api.zks.app/v3/1/account/0x7e4abd63a7c8314cc28d388303472353d884f292/balances[0m
Request 453: [94mhttps://api.zks.app/v3/1/tokens/price[0m
Request 454: [94mhttps://api.zks.app/v3/1/pairs/price[0m
Request 455: [94mhttps://api.zks.app/v3/1/account/0x7e4abd63a7c8314cc28d388303472353d884f292/fee[0m
Request 456: [94mhttps://api.zks.app/v3/1/zns/domain/name/0x7e4abd63a7c8314cc28d388303472353d884f292[0m
Request 457: [94mhttps://api.zks.app/v3/1/zns/domain/name/0x7e4abd63a7c8314cc28d388303472353d884f292[0m
Request 458: [94mhttps://api.zks.app/v3/1/zns/domain/name/0x7e4abd63a7c8314cc28d388303472353d884f292[0m
Request 459: [94mhttps://api.zks.app/v3/1/zns/domain/name/0x7e4abd63a7c8314cc28d388303472353d884f292[0m
Request 460: [94mhttps://api.zks.app/v3/1/zns/domain/name/0x7e4abd63a7c8314cc28d388303472353d884f292[0m
Request 461: [94mhttps://api.zks.app/v3/1/zns/domain/name/0x7e4abd63a7c8314cc28d388303472353d884f292[0m
Request 462: [94mhttps://api.zks.app/v3/1/account/0x7e4abd63a7c8314cc28d388303472353d884f292/balances[0m
Request 463: [94mhttps://api.zks.app/v3/1/tokens/price[0m
Request 464: [94mhttps://api.zks.app/v3/1/pairs/price[0m
Request 465: [94mhttps://api.zks.app/v3/1/account/0x7e4abd63a7c8314cc28d388303472353d884f292/fee[0m
Request 466: [94mhttps://api.zks.app/v3/1/account/0x7e4abd63a7c8314cc28d388303472353d884f292/balances[0m
Request 467: [94mhttps://api.zks.app/v3/1/tokens/price[0m
Request 468: [94mhttps://api.zks.app/v3/1/pairs/price[0m
Request 469: [94mhttps://api.zks.app/v3/1/account/0x7e4abd63a7c8314cc28d388303472353d884f292/fee[0m
Request 470: [94mhttps://api.zks.app/v3/1/zns/domain/name/0x7e4abd63a7c8314cc28d388303472353d884f292[0m
Request 471: [94mhttps://api.zks.app/v3/1/zns/domain/name/0x7e4abd63a7c8314cc28d388303472353d884f292[0m
Request 472: [94mhttps://api.zks.app/v3/1/zns/domain/name/0x7e4abd63a7c8314cc28d388303472353d884f292[0m
Request 473: [94mhttps://api.zks.app/v3/1/zns/domain/name/0x7e4abd63a7c8314cc28d388303472353d884f292[0m
Request 474: [94mhttps://api.zks.app/v3/1/zns/domain/name/0x7e4abd63a7c8314cc28d388303472353d884f292[0m
Request 475: [94mhttps://api.zks.app/v3/1/zns/domain/name/0x7e4abd63a7c8314cc28d388303472353d884f292[0m
Request 476: [94mhttps://api.zks.app/v3/1/zns/domain/name/0x7e4abd63a7c8314cc28d388303472353d884f292[0m
Request 477: [94mhttps://api.zks.app/v3/1/zns/domain/name/0x7e4abd63a7c8314cc28d388303472353d884f292[0m
Request 478: [94mhttps://api.zks.app/v3/1/account/0x7e4abd63a7c8314cc28d388303472353d884f292/balances[0m
Request 479: [94mhttps://api.zks.app/v3/1/tokens/price[0m
Request 480: [94mhttps://api.zks.app/v3/1/pairs/price[0m
Request 481: [94mhttps://api.zks.app/v3/1/account/0x7e4abd63a7c8314cc28d388303472353d884f292/fee[0m
Request 482: [94mhttps://api.zks.app/v3/1/account/0x7e4abd63a7c8314cc28d388303472353d884f292/balances[0m
Request 483: [94mhttps://api.zks.app/v3/1/tokens/price[0m
Request 484: [94mhttps://api.zks.app/v3/1/pairs/price[0m
Request 485: [94mhttps://api.zks.app/v3/1/account/0x7e4abd63a7c8314cc28d388303472353d884f292/fee[0m
Request 486: [94mhttps://api.zks.app/v3/1/zns/domain/name/0x7e4abd63a7c8314cc28d388303472353d884f292[0m
Request 487: [94mhttps://api.zks.app/v3/1/zns/domain/name/0x7e4abd63a7c8314cc28d388303472353d884f292[0m
Page closed: [94mhttps://zks.app/trade/swap[0m
Trying to shutdown
Page closed: [94mchrome-extension://glepecflakcnfpeedbnclfdcabngidkh/home.html#[0m
