Executing with arguments:  {
  printFrameHierarchy: true,
  debugLevel: 'verbose',
  headless: false,
  profilePath: undefined,
  secs: undefined,
  links: 10,
  url: undefined,
  walletPath: '../data/wallets/dmkamcknogkgcdfhhbddcghachkejeap',
  destination: '../results/extensions/crawl',
  force: false,
  executablePath: '/home/fefe/.cache/puppeteer/chrome/linux-1056772/chrome-linux/chrome'
}
Please enter extension ID: Please enter password: Completed configuring new page. (chrome-extension://dmkamcknogkgcdfhhbddcghachkejeap/popup.html#/register)
Request 1: [94mhttps://fonts.googleapis.com/css[0m
Request 2: [94mhttps://fonts.googleapis.com/css[0m
Request 3: [94mchrome-extension://dmkamcknogkgcdfhhbddcghachkejeap/assets/logo-256.png[0m
Request 4: [94mchrome-extension://dmkamcknogkgcdfhhbddcghachkejeap/assets/brand-text-fit-logo-height.png[0m
Request 5: [94mchrome-extension://dmkamcknogkgcdfhhbddcghachkejeap/assets/brand-sub-text.png[0m
Request 6: [94mhttps://app.icns.xyz/api/allowlist[0m
Request 7: [94mhttps://fonts.gstatic.com/s/nunitosans/v12/pe03MImSLYBIv1o4X1M8cc9iB85tU1E.woff2[0m
Request 8: [94mhttps://fonts.gstatic.com/s/nunitosans/v12/pe03MImSLYBIv1o4X1M8cc8WAc5tU1E.woff2[0m
Request 9: [94mhttps://api.amplitude.com/[0m
Request 10: [94mhttps://fonts.gstatic.com/s/nunitosans/v12/pe0qMImSLYBIv1o4X1M8cce9I9s.woff2[0m
Request 11: [94mhttps://fonts.gstatic.com/s/courierprime/v7/u-450q2lgwslOqpF_6gQ8kELawFpWg.woff2[0m
Request 12: [94mchrome-extension://dmkamcknogkgcdfhhbddcghachkejeap/assets/fa-solid-900.woff2[0m
Request 13: [94mhttps://api.amplitude.com/[0m
Page closed: [94mchrome-extension://dmkamcknogkgcdfhhbddcghachkejeap/popup.html#/register[0m
